#! /c/Source/iverilog-install/bin/vvp
:ivl_version "12.0 (devel)" "(s20150603-1110-g18392a46)";
:ivl_delay_selection "TYPICAL";
:vpi_time_precision + 0;
:vpi_module "D:\Program_Files\iverilog\lib\ivl\system.vpi";
:vpi_module "D:\Program_Files\iverilog\lib\ivl\vhdl_sys.vpi";
:vpi_module "D:\Program_Files\iverilog\lib\ivl\vhdl_textio.vpi";
:vpi_module "D:\Program_Files\iverilog\lib\ivl\v2005_math.vpi";
:vpi_module "D:\Program_Files\iverilog\lib\ivl\va_math.vpi";
S_0000021bc4a41f50 .scope module, "Data_Memory" "Data_Memory" 2 1;
 .timescale 0 0;
    .port_info 0 /INPUT 1 "clk";
    .port_info 1 /INPUT 64 "Mem_Addr";
    .port_info 2 /INPUT 64 "Write_Data";
    .port_info 3 /INPUT 1 "MemWrite";
    .port_info 4 /INPUT 1 "MemRead";
    .port_info 5 /OUTPUT 64 "Read_Data";
    .port_info 6 /INPUT 3 "funct3";
v0000021bc4897330 .array "DMem", 0 63, 7 0;
o0000021bc4a5bbe8 .functor BUFZ 1, C4<z>; HiZ drive
v0000021bc489bc40_0 .net "MemRead", 0 0, o0000021bc4a5bbe8;  0 drivers
o0000021bc4a5bc18 .functor BUFZ 1, C4<z>; HiZ drive
v0000021bc4a43390_0 .net "MemWrite", 0 0, o0000021bc4a5bc18;  0 drivers
o0000021bc4a5bc48 .functor BUFZ 64, C4<zzzzzzzzzzzzzzzzzzzzzzzzzzzzzzzzzzzzzzzzzzzzzzzzzzzzzzzzzzzzzzzz>; HiZ drive
v0000021bc4a43430_0 .net "Mem_Addr", 63 0, o0000021bc4a5bc48;  0 drivers
v0000021bc4a434d0_0 .var "Read_Data", 63 0;
o0000021bc4a5bca8 .functor BUFZ 64, C4<zzzzzzzzzzzzzzzzzzzzzzzzzzzzzzzzzzzzzzzzzzzzzzzzzzzzzzzzzzzzzzzz>; HiZ drive
v0000021bc4a58560_0 .net "Write_Data", 63 0, o0000021bc4a5bca8;  0 drivers
o0000021bc4a5bcd8 .functor BUFZ 1, C4<z>; HiZ drive
v0000021bc4a58600_0 .net "clk", 0 0, o0000021bc4a5bcd8;  0 drivers
o0000021bc4a5bd08 .functor BUFZ 3, C4<zzz>; HiZ drive
v0000021bc4a586a0_0 .net "funct3", 2 0, o0000021bc4a5bd08;  0 drivers
v0000021bc4897330_0 .array/port v0000021bc4897330, 0;
E_0000021bc4a3ba70/0 .event anyedge, v0000021bc489bc40_0, v0000021bc4a586a0_0, v0000021bc4a43430_0, v0000021bc4897330_0;
v0000021bc4897330_1 .array/port v0000021bc4897330, 1;
v0000021bc4897330_2 .array/port v0000021bc4897330, 2;
v0000021bc4897330_3 .array/port v0000021bc4897330, 3;
v0000021bc4897330_4 .array/port v0000021bc4897330, 4;
E_0000021bc4a3ba70/1 .event anyedge, v0000021bc4897330_1, v0000021bc4897330_2, v0000021bc4897330_3, v0000021bc4897330_4;
v0000021bc4897330_5 .array/port v0000021bc4897330, 5;
v0000021bc4897330_6 .array/port v0000021bc4897330, 6;
v0000021bc4897330_7 .array/port v0000021bc4897330, 7;
v0000021bc4897330_8 .array/port v0000021bc4897330, 8;
E_0000021bc4a3ba70/2 .event anyedge, v0000021bc4897330_5, v0000021bc4897330_6, v0000021bc4897330_7, v0000021bc4897330_8;
v0000021bc4897330_9 .array/port v0000021bc4897330, 9;
v0000021bc4897330_10 .array/port v0000021bc4897330, 10;
v0000021bc4897330_11 .array/port v0000021bc4897330, 11;
v0000021bc4897330_12 .array/port v0000021bc4897330, 12;
E_0000021bc4a3ba70/3 .event anyedge, v0000021bc4897330_9, v0000021bc4897330_10, v0000021bc4897330_11, v0000021bc4897330_12;
v0000021bc4897330_13 .array/port v0000021bc4897330, 13;
v0000021bc4897330_14 .array/port v0000021bc4897330, 14;
v0000021bc4897330_15 .array/port v0000021bc4897330, 15;
v0000021bc4897330_16 .array/port v0000021bc4897330, 16;
E_0000021bc4a3ba70/4 .event anyedge, v0000021bc4897330_13, v0000021bc4897330_14, v0000021bc4897330_15, v0000021bc4897330_16;
v0000021bc4897330_17 .array/port v0000021bc4897330, 17;
v0000021bc4897330_18 .array/port v0000021bc4897330, 18;
v0000021bc4897330_19 .array/port v0000021bc4897330, 19;
v0000021bc4897330_20 .array/port v0000021bc4897330, 20;
E_0000021bc4a3ba70/5 .event anyedge, v0000021bc4897330_17, v0000021bc4897330_18, v0000021bc4897330_19, v0000021bc4897330_20;
v0000021bc4897330_21 .array/port v0000021bc4897330, 21;
v0000021bc4897330_22 .array/port v0000021bc4897330, 22;
v0000021bc4897330_23 .array/port v0000021bc4897330, 23;
v0000021bc4897330_24 .array/port v0000021bc4897330, 24;
E_0000021bc4a3ba70/6 .event anyedge, v0000021bc4897330_21, v0000021bc4897330_22, v0000021bc4897330_23, v0000021bc4897330_24;
v0000021bc4897330_25 .array/port v0000021bc4897330, 25;
v0000021bc4897330_26 .array/port v0000021bc4897330, 26;
v0000021bc4897330_27 .array/port v0000021bc4897330, 27;
v0000021bc4897330_28 .array/port v0000021bc4897330, 28;
E_0000021bc4a3ba70/7 .event anyedge, v0000021bc4897330_25, v0000021bc4897330_26, v0000021bc4897330_27, v0000021bc4897330_28;
v0000021bc4897330_29 .array/port v0000021bc4897330, 29;
v0000021bc4897330_30 .array/port v0000021bc4897330, 30;
v0000021bc4897330_31 .array/port v0000021bc4897330, 31;
v0000021bc4897330_32 .array/port v0000021bc4897330, 32;
E_0000021bc4a3ba70/8 .event anyedge, v0000021bc4897330_29, v0000021bc4897330_30, v0000021bc4897330_31, v0000021bc4897330_32;
v0000021bc4897330_33 .array/port v0000021bc4897330, 33;
v0000021bc4897330_34 .array/port v0000021bc4897330, 34;
v0000021bc4897330_35 .array/port v0000021bc4897330, 35;
v0000021bc4897330_36 .array/port v0000021bc4897330, 36;
E_0000021bc4a3ba70/9 .event anyedge, v0000021bc4897330_33, v0000021bc4897330_34, v0000021bc4897330_35, v0000021bc4897330_36;
v0000021bc4897330_37 .array/port v0000021bc4897330, 37;
v0000021bc4897330_38 .array/port v0000021bc4897330, 38;
v0000021bc4897330_39 .array/port v0000021bc4897330, 39;
v0000021bc4897330_40 .array/port v0000021bc4897330, 40;
E_0000021bc4a3ba70/10 .event anyedge, v0000021bc4897330_37, v0000021bc4897330_38, v0000021bc4897330_39, v0000021bc4897330_40;
v0000021bc4897330_41 .array/port v0000021bc4897330, 41;
v0000021bc4897330_42 .array/port v0000021bc4897330, 42;
v0000021bc4897330_43 .array/port v0000021bc4897330, 43;
v0000021bc4897330_44 .array/port v0000021bc4897330, 44;
E_0000021bc4a3ba70/11 .event anyedge, v0000021bc4897330_41, v0000021bc4897330_42, v0000021bc4897330_43, v0000021bc4897330_44;
v0000021bc4897330_45 .array/port v0000021bc4897330, 45;
v0000021bc4897330_46 .array/port v0000021bc4897330, 46;
v0000021bc4897330_47 .array/port v0000021bc4897330, 47;
v0000021bc4897330_48 .array/port v0000021bc4897330, 48;
E_0000021bc4a3ba70/12 .event anyedge, v0000021bc4897330_45, v0000021bc4897330_46, v0000021bc4897330_47, v0000021bc4897330_48;
v0000021bc4897330_49 .array/port v0000021bc4897330, 49;
v0000021bc4897330_50 .array/port v0000021bc4897330, 50;
v0000021bc4897330_51 .array/port v0000021bc4897330, 51;
v0000021bc4897330_52 .array/port v0000021bc4897330, 52;
E_0000021bc4a3ba70/13 .event anyedge, v0000021bc4897330_49, v0000021bc4897330_50, v0000021bc4897330_51, v0000021bc4897330_52;
v0000021bc4897330_53 .array/port v0000021bc4897330, 53;
v0000021bc4897330_54 .array/port v0000021bc4897330, 54;
v0000021bc4897330_55 .array/port v0000021bc4897330, 55;
v0000021bc4897330_56 .array/port v0000021bc4897330, 56;
E_0000021bc4a3ba70/14 .event anyedge, v0000021bc4897330_53, v0000021bc4897330_54, v0000021bc4897330_55, v0000021bc4897330_56;
v0000021bc4897330_57 .array/port v0000021bc4897330, 57;
v0000021bc4897330_58 .array/port v0000021bc4897330, 58;
v0000021bc4897330_59 .array/port v0000021bc4897330, 59;
v0000021bc4897330_60 .array/port v0000021bc4897330, 60;
E_0000021bc4a3ba70/15 .event anyedge, v0000021bc4897330_57, v0000021bc4897330_58, v0000021bc4897330_59, v0000021bc4897330_60;
v0000021bc4897330_61 .array/port v0000021bc4897330, 61;
v0000021bc4897330_62 .array/port v0000021bc4897330, 62;
v0000021bc4897330_63 .array/port v0000021bc4897330, 63;
E_0000021bc4a3ba70/16 .event anyedge, v0000021bc4897330_61, v0000021bc4897330_62, v0000021bc4897330_63;
E_0000021bc4a3ba70 .event/or E_0000021bc4a3ba70/0, E_0000021bc4a3ba70/1, E_0000021bc4a3ba70/2, E_0000021bc4a3ba70/3, E_0000021bc4a3ba70/4, E_0000021bc4a3ba70/5, E_0000021bc4a3ba70/6, E_0000021bc4a3ba70/7, E_0000021bc4a3ba70/8, E_0000021bc4a3ba70/9, E_0000021bc4a3ba70/10, E_0000021bc4a3ba70/11, E_0000021bc4a3ba70/12, E_0000021bc4a3ba70/13, E_0000021bc4a3ba70/14, E_0000021bc4a3ba70/15, E_0000021bc4a3ba70/16;
E_0000021bc4a3c130 .event posedge, v0000021bc4a58600_0;
    .scope S_0000021bc4a41f50;
T_0 ;
    %pushi/vec4 235, 0, 8;
    %ix/load 4, 0, 0;
    %flag_set/imm 4, 0;
    %store/vec4a v0000021bc4897330, 4, 0;
    %pushi/vec4 18, 0, 8;
    %ix/load 4, 1, 0;
    %flag_set/imm 4, 0;
    %store/vec4a v0000021bc4897330, 4, 0;
    %pushi/vec4 120, 0, 8;
    %ix/load 4, 2, 0;
    %flag_set/imm 4, 0;
    %store/vec4a v0000021bc4897330, 4, 0;
    %pushi/vec4 79, 0, 8;
    %ix/load 4, 3, 0;
    %flag_set/imm 4, 0;
    %store/vec4a v0000021bc4897330, 4, 0;
    %pushi/vec4 72, 0, 8;
    %ix/load 4, 4, 0;
    %flag_set/imm 4, 0;
    %store/vec4a v0000021bc4897330, 4, 0;
    %pushi/vec4 182, 0, 8;
    %ix/load 4, 5, 0;
    %flag_set/imm 4, 0;
    %store/vec4a v0000021bc4897330, 4, 0;
    %pushi/vec4 69, 0, 8;
    %ix/load 4, 6, 0;
    %flag_set/imm 4, 0;
    %store/vec4a v0000021bc4897330, 4, 0;
    %pushi/vec4 254, 0, 8;
    %ix/load 4, 7, 0;
    %flag_set/imm 4, 0;
    %store/vec4a v0000021bc4897330, 4, 0;
    %pushi/vec4 48, 0, 8;
    %ix/load 4, 8, 0;
    %flag_set/imm 4, 0;
    %store/vec4a v0000021bc4897330, 4, 0;
    %pushi/vec4 16, 0, 8;
    %ix/load 4, 9, 0;
    %flag_set/imm 4, 0;
    %store/vec4a v0000021bc4897330, 4, 0;
    %pushi/vec4 17, 0, 8;
    %ix/load 4, 10, 0;
    %flag_set/imm 4, 0;
    %store/vec4a v0000021bc4897330, 4, 0;
    %pushi/vec4 5, 0, 8;
    %ix/load 4, 11, 0;
    %flag_set/imm 4, 0;
    %store/vec4a v0000021bc4897330, 4, 0;
    %pushi/vec4 194, 0, 8;
    %ix/load 4, 12, 0;
    %flag_set/imm 4, 0;
    %store/vec4a v0000021bc4897330, 4, 0;
    %pushi/vec4 223, 0, 8;
    %ix/load 4, 13, 0;
    %flag_set/imm 4, 0;
    %store/vec4a v0000021bc4897330, 4, 0;
    %pushi/vec4 98, 0, 8;
    %ix/load 4, 14, 0;
    %flag_set/imm 4, 0;
    %store/vec4a v0000021bc4897330, 4, 0;
    %pushi/vec4 135, 0, 8;
    %ix/load 4, 15, 0;
    %flag_set/imm 4, 0;
    %store/vec4a v0000021bc4897330, 4, 0;
    %pushi/vec4 53, 0, 8;
    %ix/load 4, 16, 0;
    %flag_set/imm 4, 0;
    %store/vec4a v0000021bc4897330, 4, 0;
    %pushi/vec4 59, 0, 8;
    %ix/load 4, 17, 0;
    %flag_set/imm 4, 0;
    %store/vec4a v0000021bc4897330, 4, 0;
    %pushi/vec4 81, 0, 8;
    %ix/load 4, 18, 0;
    %flag_set/imm 4, 0;
    %store/vec4a v0000021bc4897330, 4, 0;
    %pushi/vec4 95, 0, 8;
    %ix/load 4, 19, 0;
    %flag_set/imm 4, 0;
    %store/vec4a v0000021bc4897330, 4, 0;
    %pushi/vec4 57, 0, 8;
    %ix/load 4, 20, 0;
    %flag_set/imm 4, 0;
    %store/vec4a v0000021bc4897330, 4, 0;
    %pushi/vec4 125, 0, 8;
    %ix/load 4, 21, 0;
    %flag_set/imm 4, 0;
    %store/vec4a v0000021bc4897330, 4, 0;
    %pushi/vec4 166, 0, 8;
    %ix/load 4, 22, 0;
    %flag_set/imm 4, 0;
    %store/vec4a v0000021bc4897330, 4, 0;
    %pushi/vec4 5, 0, 8;
    %ix/load 4, 23, 0;
    %flag_set/imm 4, 0;
    %store/vec4a v0000021bc4897330, 4, 0;
    %pushi/vec4 35, 0, 8;
    %ix/load 4, 24, 0;
    %flag_set/imm 4, 0;
    %store/vec4a v0000021bc4897330, 4, 0;
    %pushi/vec4 16, 0, 8;
    %ix/load 4, 25, 0;
    %flag_set/imm 4, 0;
    %store/vec4a v0000021bc4897330, 4, 0;
    %pushi/vec4 119, 0, 8;
    %ix/load 4, 26, 0;
    %flag_set/imm 4, 0;
    %store/vec4a v0000021bc4897330, 4, 0;
    %pushi/vec4 185, 0, 8;
    %ix/load 4, 27, 0;
    %flag_set/imm 4, 0;
    %store/vec4a v0000021bc4897330, 4, 0;
    %pushi/vec4 31, 0, 8;
    %ix/load 4, 28, 0;
    %flag_set/imm 4, 0;
    %store/vec4a v0000021bc4897330, 4, 0;
    %pushi/vec4 32, 0, 8;
    %ix/load 4, 29, 0;
    %flag_set/imm 4, 0;
    %store/vec4a v0000021bc4897330, 4, 0;
    %pushi/vec4 194, 0, 8;
    %ix/load 4, 30, 0;
    %flag_set/imm 4, 0;
    %store/vec4a v0000021bc4897330, 4, 0;
    %pushi/vec4 43, 0, 8;
    %ix/load 4, 31, 0;
    %flag_set/imm 4, 0;
    %store/vec4a v0000021bc4897330, 4, 0;
    %pushi/vec4 36, 0, 8;
    %ix/load 4, 32, 0;
    %flag_set/imm 4, 0;
    %store/vec4a v0000021bc4897330, 4, 0;
    %pushi/vec4 10, 0, 8;
    %ix/load 4, 33, 0;
    %flag_set/imm 4, 0;
    %store/vec4a v0000021bc4897330, 4, 0;
    %pushi/vec4 107, 0, 8;
    %ix/load 4, 34, 0;
    %flag_set/imm 4, 0;
    %store/vec4a v0000021bc4897330, 4, 0;
    %pushi/vec4 195, 0, 8;
    %ix/load 4, 35, 0;
    %flag_set/imm 4, 0;
    %store/vec4a v0000021bc4897330, 4, 0;
    %pushi/vec4 194, 0, 8;
    %ix/load 4, 36, 0;
    %flag_set/imm 4, 0;
    %store/vec4a v0000021bc4897330, 4, 0;
    %pushi/vec4 76, 0, 8;
    %ix/load 4, 37, 0;
    %flag_set/imm 4, 0;
    %store/vec4a v0000021bc4897330, 4, 0;
    %pushi/vec4 106, 0, 8;
    %ix/load 4, 38, 0;
    %flag_set/imm 4, 0;
    %store/vec4a v0000021bc4897330, 4, 0;
    %pushi/vec4 69, 0, 8;
    %ix/load 4, 39, 0;
    %flag_set/imm 4, 0;
    %store/vec4a v0000021bc4897330, 4, 0;
    %pushi/vec4 9, 0, 8;
    %ix/load 4, 40, 0;
    %flag_set/imm 4, 0;
    %store/vec4a v0000021bc4897330, 4, 0;
    %pushi/vec4 0, 0, 8;
    %ix/load 4, 41, 0;
    %flag_set/imm 4, 0;
    %store/vec4a v0000021bc4897330, 4, 0;
    %pushi/vec4 0, 0, 8;
    %ix/load 4, 42, 0;
    %flag_set/imm 4, 0;
    %store/vec4a v0000021bc4897330, 4, 0;
    %pushi/vec4 0, 0, 8;
    %ix/load 4, 43, 0;
    %flag_set/imm 4, 0;
    %store/vec4a v0000021bc4897330, 4, 0;
    %pushi/vec4 0, 0, 8;
    %ix/load 4, 44, 0;
    %flag_set/imm 4, 0;
    %store/vec4a v0000021bc4897330, 4, 0;
    %pushi/vec4 0, 0, 8;
    %ix/load 4, 45, 0;
    %flag_set/imm 4, 0;
    %store/vec4a v0000021bc4897330, 4, 0;
    %pushi/vec4 0, 0, 8;
    %ix/load 4, 46, 0;
    %flag_set/imm 4, 0;
    %store/vec4a v0000021bc4897330, 4, 0;
    %pushi/vec4 0, 0, 8;
    %ix/load 4, 47, 0;
    %flag_set/imm 4, 0;
    %store/vec4a v0000021bc4897330, 4, 0;
    %pushi/vec4 248, 0, 8;
    %ix/load 4, 48, 0;
    %flag_set/imm 4, 0;
    %store/vec4a v0000021bc4897330, 4, 0;
    %pushi/vec4 170, 0, 8;
    %ix/load 4, 49, 0;
    %flag_set/imm 4, 0;
    %store/vec4a v0000021bc4897330, 4, 0;
    %pushi/vec4 233, 0, 8;
    %ix/load 4, 50, 0;
    %flag_set/imm 4, 0;
    %store/vec4a v0000021bc4897330, 4, 0;
    %pushi/vec4 147, 0, 8;
    %ix/load 4, 51, 0;
    %flag_set/imm 4, 0;
    %store/vec4a v0000021bc4897330, 4, 0;
    %pushi/vec4 150, 0, 8;
    %ix/load 4, 52, 0;
    %flag_set/imm 4, 0;
    %store/vec4a v0000021bc4897330, 4, 0;
    %pushi/vec4 214, 0, 8;
    %ix/load 4, 53, 0;
    %flag_set/imm 4, 0;
    %store/vec4a v0000021bc4897330, 4, 0;
    %pushi/vec4 249, 0, 8;
    %ix/load 4, 54, 0;
    %flag_set/imm 4, 0;
    %store/vec4a v0000021bc4897330, 4, 0;
    %pushi/vec4 128, 0, 8;
    %ix/load 4, 55, 0;
    %flag_set/imm 4, 0;
    %store/vec4a v0000021bc4897330, 4, 0;
    %pushi/vec4 107, 0, 8;
    %ix/load 4, 56, 0;
    %flag_set/imm 4, 0;
    %store/vec4a v0000021bc4897330, 4, 0;
    %pushi/vec4 13, 0, 8;
    %ix/load 4, 57, 0;
    %flag_set/imm 4, 0;
    %store/vec4a v0000021bc4897330, 4, 0;
    %pushi/vec4 104, 0, 8;
    %ix/load 4, 58, 0;
    %flag_set/imm 4, 0;
    %store/vec4a v0000021bc4897330, 4, 0;
    %pushi/vec4 31, 0, 8;
    %ix/load 4, 59, 0;
    %flag_set/imm 4, 0;
    %store/vec4a v0000021bc4897330, 4, 0;
    %pushi/vec4 252, 0, 8;
    %ix/load 4, 60, 0;
    %flag_set/imm 4, 0;
    %store/vec4a v0000021bc4897330, 4, 0;
    %pushi/vec4 67, 0, 8;
    %ix/load 4, 61, 0;
    %flag_set/imm 4, 0;
    %store/vec4a v0000021bc4897330, 4, 0;
    %pushi/vec4 45, 0, 8;
    %ix/load 4, 62, 0;
    %flag_set/imm 4, 0;
    %store/vec4a v0000021bc4897330, 4, 0;
    %pushi/vec4 28, 0, 8;
    %ix/load 4, 63, 0;
    %flag_set/imm 4, 0;
    %store/vec4a v0000021bc4897330, 4, 0;
    %end;
    .thread T_0;
    .scope S_0000021bc4a41f50;
T_1 ;
    %wait E_0000021bc4a3c130;
    %load/vec4 v0000021bc4a43390_0;
    %flag_set/vec4 8;
    %jmp/0xz  T_1.0, 8;
    %load/vec4 v0000021bc4a586a0_0;
    %cmpi/e 2, 0, 3;
    %jmp/0xz  T_1.2, 4;
    %load/vec4 v0000021bc4a58560_0;
    %parti/s 8, 0, 2;
    %ix/getv 4, v0000021bc4a43430_0;
    %store/vec4a v0000021bc4897330, 4, 0;
    %load/vec4 v0000021bc4a58560_0;
    %parti/s 8, 8, 5;
    %load/vec4 v0000021bc4a43430_0;
    %pad/u 65;
    %addi 1, 0, 65;
    %ix/vec4 4;
    %store/vec4a v0000021bc4897330, 4, 0;
    %load/vec4 v0000021bc4a58560_0;
    %parti/s 8, 16, 6;
    %load/vec4 v0000021bc4a43430_0;
    %pad/u 65;
    %addi 2, 0, 65;
    %ix/vec4 4;
    %store/vec4a v0000021bc4897330, 4, 0;
    %load/vec4 v0000021bc4a58560_0;
    %parti/s 8, 24, 6;
    %load/vec4 v0000021bc4a43430_0;
    %pad/u 65;
    %addi 3, 0, 65;
    %ix/vec4 4;
    %store/vec4a v0000021bc4897330, 4, 0;
    %jmp T_1.3;
T_1.2 ;
    %load/vec4 v0000021bc4a586a0_0;
    %cmpi/e 3, 0, 3;
    %jmp/0xz  T_1.4, 4;
    %load/vec4 v0000021bc4a58560_0;
    %parti/s 8, 0, 2;
    %ix/getv 4, v0000021bc4a43430_0;
    %store/vec4a v0000021bc4897330, 4, 0;
    %load/vec4 v0000021bc4a58560_0;
    %parti/s 8, 8, 5;
    %load/vec4 v0000021bc4a43430_0;
    %pad/u 65;
    %addi 1, 0, 65;
    %ix/vec4 4;
    %store/vec4a v0000021bc4897330, 4, 0;
    %load/vec4 v0000021bc4a58560_0;
    %parti/s 8, 16, 6;
    %load/vec4 v0000021bc4a43430_0;
    %pad/u 65;
    %addi 2, 0, 65;
    %ix/vec4 4;
    %store/vec4a v0000021bc4897330, 4, 0;
    %load/vec4 v0000021bc4a58560_0;
    %parti/s 8, 24, 6;
    %load/vec4 v0000021bc4a43430_0;
    %pad/u 65;
    %addi 3, 0, 65;
    %ix/vec4 4;
    %store/vec4a v0000021bc4897330, 4, 0;
    %load/vec4 v0000021bc4a58560_0;
    %parti/s 8, 32, 7;
    %load/vec4 v0000021bc4a43430_0;
    %pad/u 65;
    %addi 4, 0, 65;
    %ix/vec4 4;
    %store/vec4a v0000021bc4897330, 4, 0;
    %load/vec4 v0000021bc4a58560_0;
    %parti/s 8, 40, 7;
    %load/vec4 v0000021bc4a43430_0;
    %pad/u 65;
    %addi 5, 0, 65;
    %ix/vec4 4;
    %store/vec4a v0000021bc4897330, 4, 0;
    %load/vec4 v0000021bc4a58560_0;
    %parti/s 8, 48, 7;
    %load/vec4 v0000021bc4a43430_0;
    %pad/u 65;
    %addi 6, 0, 65;
    %ix/vec4 4;
    %store/vec4a v0000021bc4897330, 4, 0;
    %load/vec4 v0000021bc4a58560_0;
    %parti/s 8, 56, 7;
    %load/vec4 v0000021bc4a43430_0;
    %pad/u 65;
    %addi 7, 0, 65;
    %ix/vec4 4;
    %store/vec4a v0000021bc4897330, 4, 0;
T_1.4 ;
T_1.3 ;
T_1.0 ;
    %jmp T_1;
    .thread T_1;
    .scope S_0000021bc4a41f50;
T_2 ;
    %wait E_0000021bc4a3ba70;
    %load/vec4 v0000021bc489bc40_0;
    %flag_set/vec4 8;
    %jmp/0xz  T_2.0, 8;
    %load/vec4 v0000021bc4a586a0_0;
    %cmpi/e 2, 0, 3;
    %jmp/0xz  T_2.2, 4;
    %pushi/vec4 0, 0, 32;
    %load/vec4 v0000021bc4a43430_0;
    %pad/u 65;
    %addi 3, 0, 65;
    %ix/vec4 4;
    %load/vec4a v0000021bc4897330, 4;
    %concat/vec4; draw_concat_vec4
    %load/vec4 v0000021bc4a43430_0;
    %pad/u 65;
    %addi 2, 0, 65;
    %ix/vec4 4;
    %load/vec4a v0000021bc4897330, 4;
    %concat/vec4; draw_concat_vec4
    %load/vec4 v0000021bc4a43430_0;
    %pad/u 65;
    %addi 1, 0, 65;
    %ix/vec4 4;
    %load/vec4a v0000021bc4897330, 4;
    %concat/vec4; draw_concat_vec4
    %ix/getv 4, v0000021bc4a43430_0;
    %load/vec4a v0000021bc4897330, 4;
    %concat/vec4; draw_concat_vec4
    %store/vec4 v0000021bc4a434d0_0, 0, 64;
    %jmp T_2.3;
T_2.2 ;
    %load/vec4 v0000021bc4a586a0_0;
    %cmpi/e 3, 0, 3;
    %jmp/0xz  T_2.4, 4;
    %load/vec4 v0000021bc4a43430_0;
    %pad/u 65;
    %addi 7, 0, 65;
    %ix/vec4 4;
    %load/vec4a v0000021bc4897330, 4;
    %load/vec4 v0000021bc4a43430_0;
    %pad/u 65;
    %addi 6, 0, 65;
    %ix/vec4 4;
    %load/vec4a v0000021bc4897330, 4;
    %concat/vec4; draw_concat_vec4
    %load/vec4 v0000021bc4a43430_0;
    %pad/u 65;
    %addi 5, 0, 65;
    %ix/vec4 4;
    %load/vec4a v0000021bc4897330, 4;
    %concat/vec4; draw_concat_vec4
    %load/vec4 v0000021bc4a43430_0;
    %pad/u 65;
    %addi 4, 0, 65;
    %ix/vec4 4;
    %load/vec4a v0000021bc4897330, 4;
    %concat/vec4; draw_concat_vec4
    %load/vec4 v0000021bc4a43430_0;
    %pad/u 65;
    %addi 3, 0, 65;
    %ix/vec4 4;
    %load/vec4a v0000021bc4897330, 4;
    %concat/vec4; draw_concat_vec4
    %load/vec4 v0000021bc4a43430_0;
    %pad/u 65;
    %addi 2, 0, 65;
    %ix/vec4 4;
    %load/vec4a v0000021bc4897330, 4;
    %concat/vec4; draw_concat_vec4
    %load/vec4 v0000021bc4a43430_0;
    %pad/u 65;
    %addi 1, 0, 65;
    %ix/vec4 4;
    %load/vec4a v0000021bc4897330, 4;
    %concat/vec4; draw_concat_vec4
    %ix/getv 4, v0000021bc4a43430_0;
    %load/vec4a v0000021bc4897330, 4;
    %concat/vec4; draw_concat_vec4
    %store/vec4 v0000021bc4a434d0_0, 0, 64;
T_2.4 ;
T_2.3 ;
T_2.0 ;
    %jmp T_2;
    .thread T_2, $push;
# The file index is used to find the file name in the following table.
:file_names 3;
    "N/A";
    "<interactive>";
    "Data_Memory.v";
