#! /c/Source/iverilog-install/bin/vvp
:ivl_version "12.0 (devel)" "(s20150603-1110-g18392a46)";
:ivl_delay_selection "TYPICAL";
:vpi_time_precision + 0;
:vpi_module "D:\Program_Files\iverilog\lib\ivl\system.vpi";
:vpi_module "D:\Program_Files\iverilog\lib\ivl\vhdl_sys.vpi";
:vpi_module "D:\Program_Files\iverilog\lib\ivl\vhdl_textio.vpi";
:vpi_module "D:\Program_Files\iverilog\lib\ivl\v2005_math.vpi";
:vpi_module "D:\Program_Files\iverilog\lib\ivl\va_math.vpi";
S_00000265e8fb2880 .scope module, "EX_MEM" "EX_MEM" 2 2;
 .timescale 0 0;
    .port_info 0 /INPUT 1 "clk";
    .port_info 1 /INPUT 1 "reset";
    .port_info 2 /INPUT 5 "rd_inp";
    .port_info 3 /INPUT 1 "Branch_inp";
    .port_info 4 /INPUT 1 "MemWrite_inp";
    .port_info 5 /INPUT 1 "MemRead_inp";
    .port_info 6 /INPUT 1 "MemtoReg_inp";
    .port_info 7 /INPUT 1 "RegWrite_inp";
    .port_info 8 /INPUT 64 "Adder_B_1";
    .port_info 9 /INPUT 64 "Result_inp";
    .port_info 10 /INPUT 1 "ZERO_inp";
    .port_info 11 /INPUT 64 "data_inp";
    .port_info 12 /OUTPUT 64 "data_out";
    .port_info 13 /OUTPUT 64 "Adder_B_2";
    .port_info 14 /OUTPUT 5 "rd_out";
    .port_info 15 /OUTPUT 1 "Branch_out";
    .port_info 16 /OUTPUT 1 "MemWrite_out";
    .port_info 17 /OUTPUT 1 "MemRead_out";
    .port_info 18 /OUTPUT 1 "MemtoReg_out";
    .port_info 19 /OUTPUT 1 "RegWrite_out";
    .port_info 20 /OUTPUT 64 "Result_out";
    .port_info 21 /OUTPUT 1 "ZERO_out";
o00000265e8fecfb8 .functor BUFZ 64, C4<zzzzzzzzzzzzzzzzzzzzzzzzzzzzzzzzzzzzzzzzzzzzzzzzzzzzzzzzzzzzzzzz>; HiZ drive
v00000265e8fb2e20_0 .net "Adder_B_1", 63 0, o00000265e8fecfb8;  0 drivers
v00000265e8fb2b80_0 .var "Adder_B_2", 63 0;
o00000265e8fed018 .functor BUFZ 1, C4<z>; HiZ drive
v00000265e919bd40_0 .net "Branch_inp", 0 0, o00000265e8fed018;  0 drivers
v00000265e919bde0_0 .var "Branch_out", 0 0;
o00000265e8fed078 .functor BUFZ 1, C4<z>; HiZ drive
v00000265e919be80_0 .net "MemRead_inp", 0 0, o00000265e8fed078;  0 drivers
v00000265e902fc20_0 .var "MemRead_out", 0 0;
o00000265e8fed0d8 .functor BUFZ 1, C4<z>; HiZ drive
v00000265e902fcc0_0 .net "MemWrite_inp", 0 0, o00000265e8fed0d8;  0 drivers
v00000265e902fd60_0 .var "MemWrite_out", 0 0;
o00000265e8fed138 .functor BUFZ 1, C4<z>; HiZ drive
v00000265e902fe00_0 .net "MemtoReg_inp", 0 0, o00000265e8fed138;  0 drivers
v00000265e902fea0_0 .var "MemtoReg_out", 0 0;
o00000265e8fed198 .functor BUFZ 1, C4<z>; HiZ drive
v00000265e8fe40b0_0 .net "RegWrite_inp", 0 0, o00000265e8fed198;  0 drivers
v00000265e8fe4150_0 .var "RegWrite_out", 0 0;
o00000265e8fed1f8 .functor BUFZ 64, C4<zzzzzzzzzzzzzzzzzzzzzzzzzzzzzzzzzzzzzzzzzzzzzzzzzzzzzzzzzzzzzzzz>; HiZ drive
v00000265e8fe41f0_0 .net "Result_inp", 63 0, o00000265e8fed1f8;  0 drivers
v00000265e8fe4290_0 .var "Result_out", 63 0;
o00000265e8fed258 .functor BUFZ 1, C4<z>; HiZ drive
v00000265e9030e90_0 .net "ZERO_inp", 0 0, o00000265e8fed258;  0 drivers
v00000265e9030b70_0 .var "ZERO_out", 0 0;
o00000265e8fed2b8 .functor BUFZ 1, C4<z>; HiZ drive
v00000265e90302b0_0 .net "clk", 0 0, o00000265e8fed2b8;  0 drivers
o00000265e8fed2e8 .functor BUFZ 64, C4<zzzzzzzzzzzzzzzzzzzzzzzzzzzzzzzzzzzzzzzzzzzzzzzzzzzzzzzzzzzzzzzz>; HiZ drive
v00000265e9030170_0 .net "data_inp", 63 0, o00000265e8fed2e8;  0 drivers
v00000265e9030710_0 .var "data_out", 63 0;
o00000265e8fed348 .functor BUFZ 5, C4<zzzzz>; HiZ drive
v00000265e9030ad0_0 .net "rd_inp", 4 0, o00000265e8fed348;  0 drivers
v00000265e9030990_0 .var "rd_out", 4 0;
o00000265e8fed3a8 .functor BUFZ 1, C4<z>; HiZ drive
v00000265e9030c10_0 .net "reset", 0 0, o00000265e8fed3a8;  0 drivers
E_00000265e919c100 .event posedge, v00000265e9030c10_0, v00000265e90302b0_0;
    .scope S_00000265e8fb2880;
T_0 ;
    %wait E_00000265e919c100;
    %load/vec4 v00000265e9030c10_0;
    %cmpi/e 1, 0, 1;
    %jmp/0xz  T_0.0, 4;
    %pushi/vec4 0, 0, 64;
    %assign/vec4 v00000265e8fb2b80_0, 0;
    %pushi/vec4 0, 0, 64;
    %assign/vec4 v00000265e8fe4290_0, 0;
    %pushi/vec4 0, 0, 1;
    %assign/vec4 v00000265e9030b70_0, 0;
    %pushi/vec4 0, 0, 1;
    %assign/vec4 v00000265e902fea0_0, 0;
    %pushi/vec4 0, 0, 1;
    %assign/vec4 v00000265e8fe4150_0, 0;
    %pushi/vec4 0, 0, 1;
    %assign/vec4 v00000265e919bde0_0, 0;
    %pushi/vec4 0, 0, 1;
    %assign/vec4 v00000265e902fd60_0, 0;
    %pushi/vec4 0, 0, 1;
    %assign/vec4 v00000265e902fc20_0, 0;
    %pushi/vec4 0, 0, 5;
    %assign/vec4 v00000265e9030990_0, 0;
    %pushi/vec4 0, 0, 64;
    %assign/vec4 v00000265e9030710_0, 0;
    %jmp T_0.1;
T_0.0 ;
    %load/vec4 v00000265e8fb2e20_0;
    %assign/vec4 v00000265e8fb2b80_0, 0;
    %load/vec4 v00000265e8fe41f0_0;
    %assign/vec4 v00000265e8fe4290_0, 0;
    %load/vec4 v00000265e9030e90_0;
    %assign/vec4 v00000265e9030b70_0, 0;
    %load/vec4 v00000265e902fe00_0;
    %assign/vec4 v00000265e902fea0_0, 0;
    %load/vec4 v00000265e8fe40b0_0;
    %assign/vec4 v00000265e8fe4150_0, 0;
    %load/vec4 v00000265e919bd40_0;
    %assign/vec4 v00000265e919bde0_0, 0;
    %load/vec4 v00000265e902fcc0_0;
    %assign/vec4 v00000265e902fd60_0, 0;
    %load/vec4 v00000265e919be80_0;
    %assign/vec4 v00000265e902fc20_0, 0;
    %load/vec4 v00000265e9030ad0_0;
    %assign/vec4 v00000265e9030990_0, 0;
    %load/vec4 v00000265e9030170_0;
    %assign/vec4 v00000265e9030710_0, 0;
T_0.1 ;
    %jmp T_0;
    .thread T_0;
# The file index is used to find the file name in the following table.
:file_names 3;
    "N/A";
    "<interactive>";
    "EX_MEM.v";
