#! /c/Source/iverilog-install/bin/vvp
:ivl_version "12.0 (devel)" "(s20150603-1110-g18392a46)";
:ivl_delay_selection "TYPICAL";
:vpi_time_precision + 0;
:vpi_module "D:\Program_Files\iverilog\lib\ivl\system.vpi";
:vpi_module "D:\Program_Files\iverilog\lib\ivl\vhdl_sys.vpi";
:vpi_module "D:\Program_Files\iverilog\lib\ivl\vhdl_textio.vpi";
:vpi_module "D:\Program_Files\iverilog\lib\ivl\v2005_math.vpi";
:vpi_module "D:\Program_Files\iverilog\lib\ivl\va_math.vpi";
S_000001889eab2830 .scope module, "forwarding_unit" "forwarding_unit" 2 1;
 .timescale 0 0;
    .port_info 0 /INPUT 5 "rd_WB";
    .port_info 1 /INPUT 5 "rd_MEM";
    .port_info 2 /INPUT 5 "rs1";
    .port_info 3 /INPUT 5 "rs2";
    .port_info 4 /INPUT 1 "RegWrite_WB";
    .port_info 5 /INPUT 1 "RegWrite_MEM";
    .port_info 6 /OUTPUT 2 "Forward_A";
    .port_info 7 /OUTPUT 2 "Forward_B";
v000001889eab2f60_0 .var "Forward_A", 1 0;
v000001889e96cb00_0 .var "Forward_B", 1 0;
o000001889eae8018 .functor BUFZ 1, C4<z>; HiZ drive
v000001889e96cba0_0 .net "RegWrite_MEM", 0 0, o000001889eae8018;  0 drivers
o000001889eae8048 .functor BUFZ 1, C4<z>; HiZ drive
v000001889eab29c0_0 .net "RegWrite_WB", 0 0, o000001889eae8048;  0 drivers
o000001889eae8078 .functor BUFZ 5, C4<zzzzz>; HiZ drive
v000001889eab2a60_0 .net "rd_MEM", 4 0, o000001889eae8078;  0 drivers
o000001889eae80a8 .functor BUFZ 5, C4<zzzzz>; HiZ drive
v000001889eab2b00_0 .net "rd_WB", 4 0, o000001889eae80a8;  0 drivers
o000001889eae80d8 .functor BUFZ 5, C4<zzzzz>; HiZ drive
v000001889eae2890_0 .net "rs1", 4 0, o000001889eae80d8;  0 drivers
o000001889eae8108 .functor BUFZ 5, C4<zzzzz>; HiZ drive
v000001889eae2930_0 .net "rs2", 4 0, o000001889eae8108;  0 drivers
E_000001889eae4f40/0 .event anyedge, v000001889eae2890_0, v000001889eab2b00_0, v000001889eab29c0_0, v000001889eab2a60_0;
E_000001889eae4f40/1 .event anyedge, v000001889e96cba0_0, v000001889eae2930_0;
E_000001889eae4f40 .event/or E_000001889eae4f40/0, E_000001889eae4f40/1;
    .scope S_000001889eab2830;
T_0 ;
    %wait E_000001889eae4f40;
    %load/vec4 v000001889eae2890_0;
    %load/vec4 v000001889eab2b00_0;
    %cmp/e;
    %flag_get/vec4 4;
    %load/vec4 v000001889eab29c0_0;
    %and;
    %flag_set/vec4 8;
    %jmp/0xz  T_0.0, 8;
    %pushi/vec4 1, 0, 2;
    %assign/vec4 v000001889eab2f60_0, 0;
    %jmp T_0.1;
T_0.0 ;
    %load/vec4 v000001889eae2890_0;
    %load/vec4 v000001889eab2a60_0;
    %cmp/e;
    %flag_get/vec4 4;
    %load/vec4 v000001889e96cba0_0;
    %and;
    %flag_set/vec4 8;
    %jmp/0xz  T_0.2, 8;
    %pushi/vec4 2, 0, 2;
    %assign/vec4 v000001889eab2f60_0, 0;
    %jmp T_0.3;
T_0.2 ;
    %pushi/vec4 0, 0, 2;
    %assign/vec4 v000001889eab2f60_0, 0;
T_0.3 ;
T_0.1 ;
    %load/vec4 v000001889eae2930_0;
    %load/vec4 v000001889eab2b00_0;
    %cmp/e;
    %flag_get/vec4 4;
    %load/vec4 v000001889eab29c0_0;
    %and;
    %flag_set/vec4 8;
    %jmp/0xz  T_0.4, 8;
    %pushi/vec4 1, 0, 2;
    %assign/vec4 v000001889e96cb00_0, 0;
    %jmp T_0.5;
T_0.4 ;
    %load/vec4 v000001889eae2930_0;
    %load/vec4 v000001889eab2a60_0;
    %cmp/e;
    %flag_get/vec4 4;
    %load/vec4 v000001889e96cba0_0;
    %and;
    %flag_set/vec4 8;
    %jmp/0xz  T_0.6, 8;
    %pushi/vec4 2, 0, 2;
    %assign/vec4 v000001889e96cb00_0, 0;
    %jmp T_0.7;
T_0.6 ;
    %pushi/vec4 0, 0, 2;
    %assign/vec4 v000001889e96cb00_0, 0;
T_0.7 ;
T_0.5 ;
    %jmp T_0;
    .thread T_0, $push;
# The file index is used to find the file name in the following table.
:file_names 3;
    "N/A";
    "<interactive>";
    "forwarding_unit.v";
