#! /c/Source/iverilog-install/bin/vvp
:ivl_version "12.0 (devel)" "(s20150603-1110-g18392a46)";
:ivl_delay_selection "TYPICAL";
:vpi_time_precision + 0;
:vpi_module "D:\Program_Files\iverilog\lib\ivl\system.vpi";
:vpi_module "D:\Program_Files\iverilog\lib\ivl\vhdl_sys.vpi";
:vpi_module "D:\Program_Files\iverilog\lib\ivl\vhdl_textio.vpi";
:vpi_module "D:\Program_Files\iverilog\lib\ivl\v2005_math.vpi";
:vpi_module "D:\Program_Files\iverilog\lib\ivl\va_math.vpi";
S_00000209406b2830 .scope module, "IF_ID" "IF_ID" 2 1;
 .timescale 0 0;
    .port_info 0 /INPUT 1 "clk";
    .port_info 1 /INPUT 1 "reset";
    .port_info 2 /INPUT 64 "PC_In";
    .port_info 3 /INPUT 32 "Inst_input";
    .port_info 4 /INPUT 1 "stall";
    .port_info 5 /OUTPUT 32 "Inst_output";
    .port_info 6 /OUTPUT 64 "PC_Out";
o00000209406e6f98 .functor BUFZ 32, C4<zzzzzzzzzzzzzzzzzzzzzzzzzzzzzzzz>; HiZ drive
v000002094050b000_0 .net "Inst_input", 31 0, o00000209406e6f98;  0 drivers
v000002094050ba00_0 .var "Inst_output", 31 0;
o00000209406e6ff8 .functor BUFZ 64, C4<zzzzzzzzzzzzzzzzzzzzzzzzzzzzzzzzzzzzzzzzzzzzzzzzzzzzzzzzzzzzzzzz>; HiZ drive
v000002094050b6e0_0 .net "PC_In", 63 0, o00000209406e6ff8;  0 drivers
v000002094050b280_0 .var "PC_Out", 63 0;
o00000209406e7058 .functor BUFZ 1, C4<z>; HiZ drive
v000002094050b1e0_0 .net "clk", 0 0, o00000209406e7058;  0 drivers
o00000209406e7088 .functor BUFZ 1, C4<z>; HiZ drive
v000002094050ad80_0 .net "reset", 0 0, o00000209406e7088;  0 drivers
o00000209406e70b8 .functor BUFZ 1, C4<z>; HiZ drive
v000002094050b5a0_0 .net "stall", 0 0, o00000209406e70b8;  0 drivers
E_00000209406e4f00 .event posedge, v000002094050ad80_0, v000002094050b1e0_0;
    .scope S_00000209406b2830;
T_0 ;
    %wait E_00000209406e4f00;
    %load/vec4 v000002094050ad80_0;
    %cmpi/e 1, 0, 1;
    %jmp/0xz  T_0.0, 4;
    %pushi/vec4 0, 0, 64;
    %assign/vec4 v000002094050b280_0, 0;
    %pushi/vec4 0, 0, 32;
    %assign/vec4 v000002094050ba00_0, 0;
    %jmp T_0.1;
T_0.0 ;
    %load/vec4 v000002094050b5a0_0;
    %cmpi/ne 1, 0, 1;
    %jmp/0xz  T_0.2, 4;
    %load/vec4 v000002094050b6e0_0;
    %store/vec4 v000002094050b280_0, 0, 64;
    %load/vec4 v000002094050b000_0;
    %assign/vec4 v000002094050ba00_0, 0;
T_0.2 ;
T_0.1 ;
    %jmp T_0;
    .thread T_0;
# The file index is used to find the file name in the following table.
:file_names 3;
    "N/A";
    "<interactive>";
    "IF_ID.v";
