#! /c/Source/iverilog-install/bin/vvp
:ivl_version "12.0 (devel)" "(s20150603-1110-g18392a46)";
:ivl_delay_selection "TYPICAL";
:vpi_time_precision + 0;
:vpi_module "D:\Program_Files\iverilog\lib\ivl\system.vpi";
:vpi_module "D:\Program_Files\iverilog\lib\ivl\vhdl_sys.vpi";
:vpi_module "D:\Program_Files\iverilog\lib\ivl\vhdl_textio.vpi";
:vpi_module "D:\Program_Files\iverilog\lib\ivl\v2005_math.vpi";
:vpi_module "D:\Program_Files\iverilog\lib\ivl\va_math.vpi";
S_00000239f3cf2830 .scope module, "imm_data_gen" "imm_data_gen" 2 1;
 .timescale 0 0;
    .port_info 0 /INPUT 32 "instruction";
    .port_info 1 /OUTPUT 64 "imm_data";
v00000239f3cf29c0_0 .var "imm_data", 63 0;
o00000239f3d26fe8 .functor BUFZ 32, C4<zzzzzzzzzzzzzzzzzzzzzzzzzzzzzzzz>; HiZ drive
v00000239f3cf2a60_0 .net "instruction", 31 0, o00000239f3d26fe8;  0 drivers
E_00000239f3d24c50 .event anyedge, v00000239f3cf2a60_0;
    .scope S_00000239f3cf2830;
T_0 ;
    %wait E_00000239f3d24c50;
    %load/vec4 v00000239f3cf2a60_0;
    %parti/s 2, 5, 4;
    %cmpi/e 0, 0, 2;
    %jmp/0xz  T_0.0, 4;
    %load/vec4 v00000239f3cf2a60_0;
    %parti/s 12, 20, 6;
    %ix/load 4, 0, 0;
    %flag_set/imm 4, 0;
    %store/vec4 v00000239f3cf29c0_0, 4, 12;
    %jmp T_0.1;
T_0.0 ;
    %load/vec4 v00000239f3cf2a60_0;
    %parti/s 2, 5, 4;
    %cmpi/e 1, 0, 2;
    %jmp/0xz  T_0.2, 4;
    %load/vec4 v00000239f3cf2a60_0;
    %parti/s 7, 25, 6;
    %ix/load 4, 5, 0;
    %flag_set/imm 4, 0;
    %store/vec4 v00000239f3cf29c0_0, 4, 7;
    %load/vec4 v00000239f3cf2a60_0;
    %parti/s 5, 7, 4;
    %ix/load 4, 0, 0;
    %flag_set/imm 4, 0;
    %store/vec4 v00000239f3cf29c0_0, 4, 5;
    %jmp T_0.3;
T_0.2 ;
    %load/vec4 v00000239f3cf2a60_0;
    %parti/s 1, 31, 6;
    %ix/load 4, 11, 0;
    %flag_set/imm 4, 0;
    %store/vec4 v00000239f3cf29c0_0, 4, 1;
    %load/vec4 v00000239f3cf2a60_0;
    %parti/s 6, 25, 6;
    %ix/load 4, 4, 0;
    %flag_set/imm 4, 0;
    %store/vec4 v00000239f3cf29c0_0, 4, 6;
    %load/vec4 v00000239f3cf2a60_0;
    %parti/s 3, 8, 5;
    %pad/u 4;
    %ix/load 4, 0, 0;
    %flag_set/imm 4, 0;
    %store/vec4 v00000239f3cf29c0_0, 4, 4;
    %load/vec4 v00000239f3cf2a60_0;
    %parti/s 1, 7, 4;
    %ix/load 4, 10, 0;
    %flag_set/imm 4, 0;
    %store/vec4 v00000239f3cf29c0_0, 4, 1;
T_0.3 ;
T_0.1 ;
    %load/vec4 v00000239f3cf29c0_0;
    %parti/s 1, 11, 5;
    %replicate 52;
    %ix/load 4, 12, 0;
    %flag_set/imm 4, 0;
    %store/vec4 v00000239f3cf29c0_0, 4, 52;
    %jmp T_0;
    .thread T_0, $push;
# The file index is used to find the file name in the following table.
:file_names 3;
    "N/A";
    "<interactive>";
    "imm_data_gen.v";
