#! /c/Source/iverilog-install/bin/vvp
:ivl_version "12.0 (devel)" "(s20150603-1110-g18392a46)";
:ivl_delay_selection "TYPICAL";
:vpi_time_precision + 0;
:vpi_module "D:\Program_Files\iverilog\lib\ivl\system.vpi";
:vpi_module "D:\Program_Files\iverilog\lib\ivl\vhdl_sys.vpi";
:vpi_module "D:\Program_Files\iverilog\lib\ivl\vhdl_textio.vpi";
:vpi_module "D:\Program_Files\iverilog\lib\ivl\v2005_math.vpi";
:vpi_module "D:\Program_Files\iverilog\lib\ivl\va_math.vpi";
S_000001f68c8d2720 .scope module, "Instruction_Memory" "Instruction_Memory" 2 1;
 .timescale 0 0;
    .port_info 0 /INPUT 64 "Inst_Address";
    .port_info 1 /OUTPUT 32 "Instruction";
v000001f68c8d32f0 .array "IMem", 0 15, 7 0;
o000001f68c906fd8 .functor BUFZ 64, C4<zzzzzzzzzzzzzzzzzzzzzzzzzzzzzzzzzzzzzzzzzzzzzzzzzzzzzzzzzzzzzzzz>; HiZ drive
v000001f68c8d28b0_0 .net "Inst_Address", 63 0, o000001f68c906fd8;  0 drivers
v000001f68c8d2950_0 .net "Instruction", 31 0, L_000001f68c9014c0;  1 drivers
v000001f68c8d29f0_0 .net *"_ivl_0", 7 0, L_000001f68c901240;  1 drivers
v000001f68c8d2a90_0 .net *"_ivl_10", 7 0, L_000001f68c9012e0;  1 drivers
v000001f68c901920_0 .net *"_ivl_12", 64 0, L_000001f68c901060;  1 drivers
L_000001f68c94fdf8 .functor BUFT 1, C4<0>, C4<0>, C4<0>, C4<0>;
v000001f68c9016a0_0 .net *"_ivl_15", 0 0, L_000001f68c94fdf8;  1 drivers
L_000001f68c94fe40 .functor BUFT 1, C4<00000000000000000000000000000000000000000000000000000000000000010>, C4<0>, C4<0>, C4<0>;
v000001f68c900d40_0 .net/2u *"_ivl_16", 64 0, L_000001f68c94fe40;  1 drivers
v000001f68c901420_0 .net *"_ivl_18", 64 0, L_000001f68c9019c0;  1 drivers
v000001f68c900de0_0 .net *"_ivl_2", 64 0, L_000001f68c9011a0;  1 drivers
v000001f68c900e80_0 .net *"_ivl_20", 7 0, L_000001f68c901a60;  1 drivers
v000001f68c901560_0 .net *"_ivl_22", 64 0, L_000001f68c901380;  1 drivers
L_000001f68c94fe88 .functor BUFT 1, C4<0>, C4<0>, C4<0>, C4<0>;
v000001f68c901740_0 .net *"_ivl_25", 0 0, L_000001f68c94fe88;  1 drivers
L_000001f68c94fed0 .functor BUFT 1, C4<00000000000000000000000000000000000000000000000000000000000000001>, C4<0>, C4<0>, C4<0>;
v000001f68c900f20_0 .net/2u *"_ivl_26", 64 0, L_000001f68c94fed0;  1 drivers
v000001f68c9017e0_0 .net *"_ivl_28", 64 0, L_000001f68c901100;  1 drivers
v000001f68c901600_0 .net *"_ivl_30", 7 0, L_000001f68c901b00;  1 drivers
L_000001f68c94fd68 .functor BUFT 1, C4<0>, C4<0>, C4<0>, C4<0>;
v000001f68c900fc0_0 .net *"_ivl_5", 0 0, L_000001f68c94fd68;  1 drivers
L_000001f68c94fdb0 .functor BUFT 1, C4<00000000000000000000000000000000000000000000000000000000000000011>, C4<0>, C4<0>, C4<0>;
v000001f68c901c40_0 .net/2u *"_ivl_6", 64 0, L_000001f68c94fdb0;  1 drivers
v000001f68c901880_0 .net *"_ivl_8", 64 0, L_000001f68c901ba0;  1 drivers
L_000001f68c901240 .array/port v000001f68c8d32f0, L_000001f68c901ba0;
L_000001f68c9011a0 .concat [ 64 1 0 0], o000001f68c906fd8, L_000001f68c94fd68;
L_000001f68c901ba0 .arith/sum 65, L_000001f68c9011a0, L_000001f68c94fdb0;
L_000001f68c9012e0 .array/port v000001f68c8d32f0, L_000001f68c9019c0;
L_000001f68c901060 .concat [ 64 1 0 0], o000001f68c906fd8, L_000001f68c94fdf8;
L_000001f68c9019c0 .arith/sum 65, L_000001f68c901060, L_000001f68c94fe40;
L_000001f68c901a60 .array/port v000001f68c8d32f0, L_000001f68c901100;
L_000001f68c901380 .concat [ 64 1 0 0], o000001f68c906fd8, L_000001f68c94fe88;
L_000001f68c901100 .arith/sum 65, L_000001f68c901380, L_000001f68c94fed0;
L_000001f68c901b00 .array/port v000001f68c8d32f0, o000001f68c906fd8;
L_000001f68c9014c0 .concat [ 8 8 8 8], L_000001f68c901b00, L_000001f68c901a60, L_000001f68c9012e0, L_000001f68c901240;
    .scope S_000001f68c8d2720;
T_0 ;
    %pushi/vec4 131, 0, 8;
    %ix/load 4, 0, 0;
    %flag_set/imm 4, 0;
    %store/vec4a v000001f68c8d32f0, 4, 0;
    %pushi/vec4 33, 0, 8;
    %ix/load 4, 1, 0;
    %flag_set/imm 4, 0;
    %store/vec4a v000001f68c8d32f0, 4, 0;
    %pushi/vec4 0, 0, 8;
    %ix/load 4, 2, 0;
    %flag_set/imm 4, 0;
    %store/vec4a v000001f68c8d32f0, 4, 0;
    %pushi/vec4 0, 0, 8;
    %ix/load 4, 3, 0;
    %flag_set/imm 4, 0;
    %store/vec4a v000001f68c8d32f0, 4, 0;
    %pushi/vec4 179, 0, 8;
    %ix/load 4, 4, 0;
    %flag_set/imm 4, 0;
    %store/vec4a v000001f68c8d32f0, 4, 0;
    %pushi/vec4 128, 0, 8;
    %ix/load 4, 5, 0;
    %flag_set/imm 4, 0;
    %store/vec4a v000001f68c8d32f0, 4, 0;
    %pushi/vec4 1, 0, 8;
    %ix/load 4, 6, 0;
    %flag_set/imm 4, 0;
    %store/vec4a v000001f68c8d32f0, 4, 0;
    %pushi/vec4 0, 0, 8;
    %ix/load 4, 7, 0;
    %flag_set/imm 4, 0;
    %store/vec4a v000001f68c8d32f0, 4, 0;
    %end;
    .thread T_0;
# The file index is used to find the file name in the following table.
:file_names 3;
    "N/A";
    "<interactive>";
    "Instruction_Memory.v";
