#! /c/Source/iverilog-install/bin/vvp
:ivl_version "12.0 (devel)" "(s20150603-1110-g18392a46)";
:ivl_delay_selection "TYPICAL";
:vpi_time_precision + 0;
:vpi_module "D:\Program_Files\iverilog\lib\ivl\system.vpi";
:vpi_module "D:\Program_Files\iverilog\lib\ivl\vhdl_sys.vpi";
:vpi_module "D:\Program_Files\iverilog\lib\ivl\vhdl_textio.vpi";
:vpi_module "D:\Program_Files\iverilog\lib\ivl\v2005_math.vpi";
:vpi_module "D:\Program_Files\iverilog\lib\ivl\va_math.vpi";
S_0000022b32b225e0 .scope module, "MEM_WB" "MEM_WB" 2 2;
 .timescale 0 0;
    .port_info 0 /INPUT 1 "clk";
    .port_info 1 /INPUT 1 "reset";
    .port_info 2 /INPUT 64 "Result_inp";
    .port_info 3 /INPUT 64 "Read_Data_inp";
    .port_info 4 /INPUT 5 "rd_inp";
    .port_info 5 /INPUT 1 "MemtoReg_inp";
    .port_info 6 /INPUT 1 "RegWrite_inp";
    .port_info 7 /OUTPUT 1 "MemtoReg_out";
    .port_info 8 /OUTPUT 1 "RegWrite_out";
    .port_info 9 /OUTPUT 64 "Result_out";
    .port_info 10 /OUTPUT 64 "Read_Data_out";
    .port_info 11 /OUTPUT 5 "rd_out";
o0000022b32b56fd8 .functor BUFZ 1, C4<z>; HiZ drive
v0000022b32b22b80_0 .net "MemtoReg_inp", 0 0, o0000022b32b56fd8;  0 drivers
v0000022b32c8be90_0 .var "MemtoReg_out", 0 0;
o0000022b32b57038 .functor BUFZ 64, C4<zzzzzzzzzzzzzzzzzzzzzzzzzzzzzzzzzzzzzzzzzzzzzzzzzzzzzzzzzzzzzzzz>; HiZ drive
v0000022b32c8bf30_0 .net "Read_Data_inp", 63 0, o0000022b32b57038;  0 drivers
v0000022b32b22840_0 .var "Read_Data_out", 63 0;
o0000022b32b57098 .functor BUFZ 1, C4<z>; HiZ drive
v0000022b32b228e0_0 .net "RegWrite_inp", 0 0, o0000022b32b57098;  0 drivers
v0000022b32b546a0_0 .var "RegWrite_out", 0 0;
o0000022b32b570f8 .functor BUFZ 64, C4<zzzzzzzzzzzzzzzzzzzzzzzzzzzzzzzzzzzzzzzzzzzzzzzzzzzzzzzzzzzzzzzz>; HiZ drive
v0000022b32b54740_0 .net "Result_inp", 63 0, o0000022b32b570f8;  0 drivers
v0000022b32b547e0_0 .var "Result_out", 63 0;
o0000022b32b57158 .functor BUFZ 1, C4<z>; HiZ drive
v0000022b32b54880_0 .net "clk", 0 0, o0000022b32b57158;  0 drivers
o0000022b32b57188 .functor BUFZ 5, C4<zzzzz>; HiZ drive
v0000022b32b549b0_0 .net "rd_inp", 4 0, o0000022b32b57188;  0 drivers
v0000022b32b54a50_0 .var "rd_out", 4 0;
o0000022b32b571e8 .functor BUFZ 1, C4<z>; HiZ drive
v0000022b32b54af0_0 .net "reset", 0 0, o0000022b32b571e8;  0 drivers
E_0000022b32c8c630 .event posedge, v0000022b32b54af0_0, v0000022b32b54880_0;
    .scope S_0000022b32b225e0;
T_0 ;
    %wait E_0000022b32c8c630;
    %load/vec4 v0000022b32b54af0_0;
    %cmpi/e 1, 0, 1;
    %jmp/0xz  T_0.0, 4;
    %pushi/vec4 0, 0, 64;
    %assign/vec4 v0000022b32b547e0_0, 0;
    %pushi/vec4 0, 0, 64;
    %assign/vec4 v0000022b32b22840_0, 0;
    %pushi/vec4 0, 0, 5;
    %assign/vec4 v0000022b32b54a50_0, 0;
    %pushi/vec4 0, 0, 1;
    %assign/vec4 v0000022b32c8be90_0, 0;
    %pushi/vec4 0, 0, 1;
    %assign/vec4 v0000022b32b546a0_0, 0;
    %jmp T_0.1;
T_0.0 ;
    %load/vec4 v0000022b32b54740_0;
    %assign/vec4 v0000022b32b547e0_0, 0;
    %load/vec4 v0000022b32c8bf30_0;
    %assign/vec4 v0000022b32b22840_0, 0;
    %load/vec4 v0000022b32b549b0_0;
    %assign/vec4 v0000022b32b54a50_0, 0;
    %load/vec4 v0000022b32b22b80_0;
    %assign/vec4 v0000022b32c8be90_0, 0;
    %load/vec4 v0000022b32b228e0_0;
    %assign/vec4 v0000022b32b546a0_0, 0;
T_0.1 ;
    %jmp T_0;
    .thread T_0;
# The file index is used to find the file name in the following table.
:file_names 3;
    "N/A";
    "<interactive>";
    "MEM_WB.v";
