#! /c/Source/iverilog-install/bin/vvp
:ivl_version "12.0 (devel)" "(s20150603-1110-g18392a46)";
:ivl_delay_selection "TYPICAL";
:vpi_time_precision + 0;
:vpi_module "D:\Program_Files\iverilog\lib\ivl\system.vpi";
:vpi_module "D:\Program_Files\iverilog\lib\ivl\vhdl_sys.vpi";
:vpi_module "D:\Program_Files\iverilog\lib\ivl\vhdl_textio.vpi";
:vpi_module "D:\Program_Files\iverilog\lib\ivl\v2005_math.vpi";
:vpi_module "D:\Program_Files\iverilog\lib\ivl\va_math.vpi";
S_000001d36c892720 .scope module, "MUX" "MUX" 2 1;
 .timescale 0 0;
    .port_info 0 /INPUT 64 "X";
    .port_info 1 /INPUT 64 "Y";
    .port_info 2 /INPUT 1 "S";
    .port_info 3 /OUTPUT 64 "O";
v000001d36c892f20_0 .net "O", 63 0, L_000001d36c8928b0;  1 drivers
o000001d36c8b4868 .functor BUFZ 1, C4<z>; HiZ drive
v000001d36c9fede0_0 .net "S", 0 0, o000001d36c8b4868;  0 drivers
o000001d36c8b4898 .functor BUFZ 64, C4<zzzzzzzzzzzzzzzzzzzzzzzzzzzzzzzzzzzzzzzzzzzzzzzzzzzzzzzzzzzzzzzz>; HiZ drive
v000001d36c9fee80_0 .net "X", 63 0, o000001d36c8b4898;  0 drivers
o000001d36c8b48c8 .functor BUFZ 64, C4<zzzzzzzzzzzzzzzzzzzzzzzzzzzzzzzzzzzzzzzzzzzzzzzzzzzzzzzzzzzzzzzz>; HiZ drive
v000001d36c9fef20_0 .net "Y", 63 0, o000001d36c8b48c8;  0 drivers
L_000001d36c8928b0 .functor MUXZ 64, o000001d36c8b4898, o000001d36c8b48c8, o000001d36c8b4868, C4<>;
# The file index is used to find the file name in the following table.
:file_names 3;
    "N/A";
    "<interactive>";
    "MUX.v";
