#! /c/Source/iverilog-install/bin/vvp
:ivl_version "12.0 (devel)" "(s20150603-1110-g18392a46)";
:ivl_delay_selection "TYPICAL";
:vpi_time_precision + 0;
:vpi_module "D:\Program_Files\iverilog\lib\ivl\system.vpi";
:vpi_module "D:\Program_Files\iverilog\lib\ivl\vhdl_sys.vpi";
:vpi_module "D:\Program_Files\iverilog\lib\ivl\vhdl_textio.vpi";
:vpi_module "D:\Program_Files\iverilog\lib\ivl\v2005_math.vpi";
:vpi_module "D:\Program_Files\iverilog\lib\ivl\va_math.vpi";
S_000002aa4def2720 .scope module, "MUX_3" "MUX_3" 2 1;
 .timescale 0 0;
    .port_info 0 /INPUT 64 "a";
    .port_info 1 /INPUT 64 "b";
    .port_info 2 /INPUT 64 "c";
    .port_info 3 /INPUT 2 "s";
    .port_info 4 /OUTPUT 64 "out";
v000002aa4def2f20_0 .net *"_ivl_1", 0 0, L_000002aa4df6c6b0;  1 drivers
v000002aa4def3290_0 .net *"_ivl_10", 63 0, L_000002aa4df6ce30;  1 drivers
v000002aa4def28b0_0 .net *"_ivl_3", 0 0, L_000002aa4df6d3d0;  1 drivers
L_000002aa4df6d538 .functor BUFT 1, C4<xxxxxxxxxxxxxxxxxxxxxxxxxxxxxxxxxxxxxxxxxxxxxxxxxxxxxxxxxxxxxxxx>, C4<0>, C4<0>, C4<0>;
v000002aa4def2950_0 .net *"_ivl_4", 63 0, L_000002aa4df6d538;  1 drivers
v000002aa4def29f0_0 .net *"_ivl_6", 63 0, L_000002aa4df6c890;  1 drivers
v000002aa4def2a90_0 .net *"_ivl_9", 0 0, L_000002aa4df6d1f0;  1 drivers
o000002aa4df14948 .functor BUFZ 64, C4<zzzzzzzzzzzzzzzzzzzzzzzzzzzzzzzzzzzzzzzzzzzzzzzzzzzzzzzzzzzzzzzz>; HiZ drive
v000002aa4def2b30_0 .net "a", 63 0, o000002aa4df14948;  0 drivers
o000002aa4df14978 .functor BUFZ 64, C4<zzzzzzzzzzzzzzzzzzzzzzzzzzzzzzzzzzzzzzzzzzzzzzzzzzzzzzzzzzzzzzzz>; HiZ drive
v000002aa4e08c8e0_0 .net "b", 63 0, o000002aa4df14978;  0 drivers
o000002aa4df149a8 .functor BUFZ 64, C4<zzzzzzzzzzzzzzzzzzzzzzzzzzzzzzzzzzzzzzzzzzzzzzzzzzzzzzzzzzzzzzzz>; HiZ drive
v000002aa4df6c750_0 .net "c", 63 0, o000002aa4df149a8;  0 drivers
v000002aa4df6ccf0_0 .net "out", 63 0, L_000002aa4df6c930;  1 drivers
o000002aa4df14a08 .functor BUFZ 2, C4<zz>; HiZ drive
v000002aa4df6d010_0 .net "s", 1 0, o000002aa4df14a08;  0 drivers
L_000002aa4df6c6b0 .part o000002aa4df14a08, 1, 1;
L_000002aa4df6d3d0 .part o000002aa4df14a08, 0, 1;
L_000002aa4df6c890 .functor MUXZ 64, o000002aa4df149a8, L_000002aa4df6d538, L_000002aa4df6d3d0, C4<>;
L_000002aa4df6d1f0 .part o000002aa4df14a08, 0, 1;
L_000002aa4df6ce30 .functor MUXZ 64, o000002aa4df14948, o000002aa4df14978, L_000002aa4df6d1f0, C4<>;
L_000002aa4df6c930 .functor MUXZ 64, L_000002aa4df6ce30, L_000002aa4df6c890, L_000002aa4df6c6b0, C4<>;
# The file index is used to find the file name in the following table.
:file_names 3;
    "N/A";
    "<interactive>";
    "MUX_3.v";
