#! /c/Source/iverilog-install/bin/vvp
:ivl_version "12.0 (devel)" "(s20150603-1110-g18392a46)";
:ivl_delay_selection "TYPICAL";
:vpi_time_precision + 0;
:vpi_module "D:\Program_Files\iverilog\lib\ivl\system.vpi";
:vpi_module "D:\Program_Files\iverilog\lib\ivl\vhdl_sys.vpi";
:vpi_module "D:\Program_Files\iverilog\lib\ivl\vhdl_textio.vpi";
:vpi_module "D:\Program_Files\iverilog\lib\ivl\v2005_math.vpi";
:vpi_module "D:\Program_Files\iverilog\lib\ivl\va_math.vpi";
S_0000017e967b2830 .scope module, "Program_Counter" "Program_Counter" 2 1;
 .timescale 0 0;
    .port_info 0 /INPUT 1 "clk";
    .port_info 1 /INPUT 1 "reset";
    .port_info 2 /INPUT 64 "PC_In";
    .port_info 3 /INPUT 1 "PC_Write";
    .port_info 4 /OUTPUT 64 "PC_Out";
o0000017e967e6fb8 .functor BUFZ 64, C4<zzzzzzzzzzzzzzzzzzzzzzzzzzzzzzzzzzzzzzzzzzzzzzzzzzzzzzzzzzzzzzzz>; HiZ drive
v0000017e967b2df0_0 .net "PC_In", 63 0, o0000017e967e6fb8;  0 drivers
v0000017e967b29c0_0 .var "PC_Out", 63 0;
o0000017e967e7018 .functor BUFZ 1, C4<z>; HiZ drive
v0000017e967b2a60_0 .net "PC_Write", 0 0, o0000017e967e7018;  0 drivers
o0000017e967e7048 .functor BUFZ 1, C4<z>; HiZ drive
v0000017e967b2b00_0 .net "clk", 0 0, o0000017e967e7048;  0 drivers
o0000017e967e7078 .functor BUFZ 1, C4<z>; HiZ drive
v0000017e968dc900_0 .net "reset", 0 0, o0000017e967e7078;  0 drivers
E_0000017e967e5bc0 .event posedge, v0000017e968dc900_0, v0000017e967b2b00_0;
    .scope S_0000017e967b2830;
T_0 ;
    %wait E_0000017e967e5bc0;
    %load/vec4 v0000017e968dc900_0;
    %flag_set/vec4 8;
    %jmp/0xz  T_0.0, 8;
    %pushi/vec4 0, 0, 64;
    %assign/vec4 v0000017e967b29c0_0, 0;
    %jmp T_0.1;
T_0.0 ;
    %load/vec4 v0000017e967b2a60_0;
    %cmpi/ne 0, 0, 1;
    %jmp/0xz  T_0.2, 4;
    %load/vec4 v0000017e967b2df0_0;
    %assign/vec4 v0000017e967b29c0_0, 0;
    %jmp T_0.3;
T_0.2 ;
    %load/vec4 v0000017e967b29c0_0;
    %assign/vec4 v0000017e967b29c0_0, 0;
T_0.3 ;
T_0.1 ;
    %jmp T_0;
    .thread T_0;
# The file index is used to find the file name in the following table.
:file_names 3;
    "N/A";
    "<interactive>";
    "Program_Counter.v";
