#! /c/Source/iverilog-install/bin/vvp
:ivl_version "12.0 (devel)" "(s20150603-1110-g18392a46)";
:ivl_delay_selection "TYPICAL";
:vpi_time_precision + 0;
:vpi_module "D:\Program_Files\iverilog\lib\ivl\system.vpi";
:vpi_module "D:\Program_Files\iverilog\lib\ivl\vhdl_sys.vpi";
:vpi_module "D:\Program_Files\iverilog\lib\ivl\vhdl_textio.vpi";
:vpi_module "D:\Program_Files\iverilog\lib\ivl\v2005_math.vpi";
:vpi_module "D:\Program_Files\iverilog\lib\ivl\va_math.vpi";
S_00000259a3202720 .scope module, "registerFile" "registerFile" 2 1;
 .timescale 0 0;
    .port_info 0 /INPUT 1 "clk";
    .port_info 1 /INPUT 1 "reset";
    .port_info 2 /INPUT 5 "rs1";
    .port_info 3 /INPUT 5 "rs2";
    .port_info 4 /INPUT 5 "rd";
    .port_info 5 /INPUT 64 "write_data";
    .port_info 6 /INPUT 1 "reg_write";
    .port_info 7 /OUTPUT 64 "readdata1";
    .port_info 8 /OUTPUT 64 "readdata2";
v00000259a3203010 .array "Registers", 0 31, 63 0;
o00000259a32415b8 .functor BUFZ 1, C4<z>; HiZ drive
v00000259a32029d0_0 .net "clk", 0 0, o00000259a32415b8;  0 drivers
o00000259a32415e8 .functor BUFZ 5, C4<zzzzz>; HiZ drive
v00000259a3202a70_0 .net "rd", 4 0, o00000259a32415e8;  0 drivers
v00000259a3202b10_0 .var "readdata1", 63 0;
v00000259a322c550_0 .var "readdata2", 63 0;
o00000259a3241678 .functor BUFZ 1, C4<z>; HiZ drive
v00000259a322c5f0_0 .net "reg_write", 0 0, o00000259a3241678;  0 drivers
o00000259a32416a8 .functor BUFZ 1, C4<z>; HiZ drive
v00000259a322c690_0 .net "reset", 0 0, o00000259a32416a8;  0 drivers
o00000259a32416d8 .functor BUFZ 5, C4<zzzzz>; HiZ drive
v00000259a322c730_0 .net "rs1", 4 0, o00000259a32416d8;  0 drivers
o00000259a3241708 .functor BUFZ 5, C4<zzzzz>; HiZ drive
v00000259a322c7d0_0 .net "rs2", 4 0, o00000259a3241708;  0 drivers
o00000259a3241738 .functor BUFZ 64, C4<zzzzzzzzzzzzzzzzzzzzzzzzzzzzzzzzzzzzzzzzzzzzzzzzzzzzzzzzzzzzzzzz>; HiZ drive
v00000259a3291c30_0 .net "write_data", 63 0, o00000259a3241738;  0 drivers
v00000259a3203010_0 .array/port v00000259a3203010, 0;
v00000259a3203010_1 .array/port v00000259a3203010, 1;
E_00000259a3227090/0 .event anyedge, v00000259a322c690_0, v00000259a322c730_0, v00000259a3203010_0, v00000259a3203010_1;
v00000259a3203010_2 .array/port v00000259a3203010, 2;
v00000259a3203010_3 .array/port v00000259a3203010, 3;
v00000259a3203010_4 .array/port v00000259a3203010, 4;
v00000259a3203010_5 .array/port v00000259a3203010, 5;
E_00000259a3227090/1 .event anyedge, v00000259a3203010_2, v00000259a3203010_3, v00000259a3203010_4, v00000259a3203010_5;
v00000259a3203010_6 .array/port v00000259a3203010, 6;
v00000259a3203010_7 .array/port v00000259a3203010, 7;
v00000259a3203010_8 .array/port v00000259a3203010, 8;
v00000259a3203010_9 .array/port v00000259a3203010, 9;
E_00000259a3227090/2 .event anyedge, v00000259a3203010_6, v00000259a3203010_7, v00000259a3203010_8, v00000259a3203010_9;
v00000259a3203010_10 .array/port v00000259a3203010, 10;
v00000259a3203010_11 .array/port v00000259a3203010, 11;
v00000259a3203010_12 .array/port v00000259a3203010, 12;
v00000259a3203010_13 .array/port v00000259a3203010, 13;
E_00000259a3227090/3 .event anyedge, v00000259a3203010_10, v00000259a3203010_11, v00000259a3203010_12, v00000259a3203010_13;
v00000259a3203010_14 .array/port v00000259a3203010, 14;
v00000259a3203010_15 .array/port v00000259a3203010, 15;
v00000259a3203010_16 .array/port v00000259a3203010, 16;
v00000259a3203010_17 .array/port v00000259a3203010, 17;
E_00000259a3227090/4 .event anyedge, v00000259a3203010_14, v00000259a3203010_15, v00000259a3203010_16, v00000259a3203010_17;
v00000259a3203010_18 .array/port v00000259a3203010, 18;
v00000259a3203010_19 .array/port v00000259a3203010, 19;
v00000259a3203010_20 .array/port v00000259a3203010, 20;
v00000259a3203010_21 .array/port v00000259a3203010, 21;
E_00000259a3227090/5 .event anyedge, v00000259a3203010_18, v00000259a3203010_19, v00000259a3203010_20, v00000259a3203010_21;
v00000259a3203010_22 .array/port v00000259a3203010, 22;
v00000259a3203010_23 .array/port v00000259a3203010, 23;
v00000259a3203010_24 .array/port v00000259a3203010, 24;
v00000259a3203010_25 .array/port v00000259a3203010, 25;
E_00000259a3227090/6 .event anyedge, v00000259a3203010_22, v00000259a3203010_23, v00000259a3203010_24, v00000259a3203010_25;
v00000259a3203010_26 .array/port v00000259a3203010, 26;
v00000259a3203010_27 .array/port v00000259a3203010, 27;
v00000259a3203010_28 .array/port v00000259a3203010, 28;
v00000259a3203010_29 .array/port v00000259a3203010, 29;
E_00000259a3227090/7 .event anyedge, v00000259a3203010_26, v00000259a3203010_27, v00000259a3203010_28, v00000259a3203010_29;
v00000259a3203010_30 .array/port v00000259a3203010, 30;
v00000259a3203010_31 .array/port v00000259a3203010, 31;
E_00000259a3227090/8 .event anyedge, v00000259a3203010_30, v00000259a3203010_31, v00000259a322c7d0_0;
E_00000259a3227090 .event/or E_00000259a3227090/0, E_00000259a3227090/1, E_00000259a3227090/2, E_00000259a3227090/3, E_00000259a3227090/4, E_00000259a3227090/5, E_00000259a3227090/6, E_00000259a3227090/7, E_00000259a3227090/8;
E_00000259a3227250 .event posedge, v00000259a32029d0_0;
    .scope S_00000259a3202720;
T_0 ;
    %pushi/vec4 0, 0, 64;
    %ix/load 4, 0, 0;
    %flag_set/imm 4, 0;
    %store/vec4a v00000259a3203010, 4, 0;
    %pushi/vec4 1209, 0, 64;
    %ix/load 4, 1, 0;
    %flag_set/imm 4, 0;
    %store/vec4a v00000259a3203010, 4, 0;
    %pushi/vec4 751, 0, 64;
    %ix/load 4, 2, 0;
    %flag_set/imm 4, 0;
    %store/vec4a v00000259a3203010, 4, 0;
    %pushi/vec4 3522, 0, 64;
    %ix/load 4, 3, 0;
    %flag_set/imm 4, 0;
    %store/vec4a v00000259a3203010, 4, 0;
    %pushi/vec4 2971, 0, 64;
    %ix/load 4, 4, 0;
    %flag_set/imm 4, 0;
    %store/vec4a v00000259a3203010, 4, 0;
    %pushi/vec4 72, 0, 64;
    %ix/load 4, 5, 0;
    %flag_set/imm 4, 0;
    %store/vec4a v00000259a3203010, 4, 0;
    %pushi/vec4 1135, 0, 64;
    %ix/load 4, 6, 0;
    %flag_set/imm 4, 0;
    %store/vec4a v00000259a3203010, 4, 0;
    %pushi/vec4 1141, 0, 64;
    %ix/load 4, 7, 0;
    %flag_set/imm 4, 0;
    %store/vec4a v00000259a3203010, 4, 0;
    %pushi/vec4 2919, 0, 64;
    %ix/load 4, 8, 0;
    %flag_set/imm 4, 0;
    %store/vec4a v00000259a3203010, 4, 0;
    %pushi/vec4 2467, 0, 64;
    %ix/load 4, 9, 0;
    %flag_set/imm 4, 0;
    %store/vec4a v00000259a3203010, 4, 0;
    %pushi/vec4 0, 0, 64;
    %ix/load 4, 10, 0;
    %flag_set/imm 4, 0;
    %store/vec4a v00000259a3203010, 4, 0;
    %pushi/vec4 3033, 0, 64;
    %ix/load 4, 11, 0;
    %flag_set/imm 4, 0;
    %store/vec4a v00000259a3203010, 4, 0;
    %pushi/vec4 3278, 0, 64;
    %ix/load 4, 12, 0;
    %flag_set/imm 4, 0;
    %store/vec4a v00000259a3203010, 4, 0;
    %pushi/vec4 3214, 0, 64;
    %ix/load 4, 13, 0;
    %flag_set/imm 4, 0;
    %store/vec4a v00000259a3203010, 4, 0;
    %pushi/vec4 3656, 0, 64;
    %ix/load 4, 14, 0;
    %flag_set/imm 4, 0;
    %store/vec4a v00000259a3203010, 4, 0;
    %pushi/vec4 1765, 0, 64;
    %ix/load 4, 15, 0;
    %flag_set/imm 4, 0;
    %store/vec4a v00000259a3203010, 4, 0;
    %pushi/vec4 736, 0, 64;
    %ix/load 4, 16, 0;
    %flag_set/imm 4, 0;
    %store/vec4a v00000259a3203010, 4, 0;
    %pushi/vec4 2985, 0, 64;
    %ix/load 4, 17, 0;
    %flag_set/imm 4, 0;
    %store/vec4a v00000259a3203010, 4, 0;
    %pushi/vec4 2717, 0, 64;
    %ix/load 4, 18, 0;
    %flag_set/imm 4, 0;
    %store/vec4a v00000259a3203010, 4, 0;
    %pushi/vec4 863, 0, 64;
    %ix/load 4, 19, 0;
    %flag_set/imm 4, 0;
    %store/vec4a v00000259a3203010, 4, 0;
    %pushi/vec4 1916, 0, 64;
    %ix/load 4, 20, 0;
    %flag_set/imm 4, 0;
    %store/vec4a v00000259a3203010, 4, 0;
    %pushi/vec4 13, 0, 64;
    %ix/load 4, 21, 0;
    %flag_set/imm 4, 0;
    %store/vec4a v00000259a3203010, 4, 0;
    %pushi/vec4 701, 0, 64;
    %ix/load 4, 22, 0;
    %flag_set/imm 4, 0;
    %store/vec4a v00000259a3203010, 4, 0;
    %pushi/vec4 3479, 0, 64;
    %ix/load 4, 23, 0;
    %flag_set/imm 4, 0;
    %store/vec4a v00000259a3203010, 4, 0;
    %pushi/vec4 2489, 0, 64;
    %ix/load 4, 24, 0;
    %flag_set/imm 4, 0;
    %store/vec4a v00000259a3203010, 4, 0;
    %pushi/vec4 1937, 0, 64;
    %ix/load 4, 25, 0;
    %flag_set/imm 4, 0;
    %store/vec4a v00000259a3203010, 4, 0;
    %pushi/vec4 523, 0, 64;
    %ix/load 4, 26, 0;
    %flag_set/imm 4, 0;
    %store/vec4a v00000259a3203010, 4, 0;
    %pushi/vec4 210, 0, 64;
    %ix/load 4, 27, 0;
    %flag_set/imm 4, 0;
    %store/vec4a v00000259a3203010, 4, 0;
    %pushi/vec4 1043, 0, 64;
    %ix/load 4, 28, 0;
    %flag_set/imm 4, 0;
    %store/vec4a v00000259a3203010, 4, 0;
    %pushi/vec4 425, 0, 64;
    %ix/load 4, 29, 0;
    %flag_set/imm 4, 0;
    %store/vec4a v00000259a3203010, 4, 0;
    %pushi/vec4 2434, 0, 64;
    %ix/load 4, 30, 0;
    %flag_set/imm 4, 0;
    %store/vec4a v00000259a3203010, 4, 0;
    %pushi/vec4 988, 0, 64;
    %ix/load 4, 31, 0;
    %flag_set/imm 4, 0;
    %store/vec4a v00000259a3203010, 4, 0;
    %end;
    .thread T_0;
    .scope S_00000259a3202720;
T_1 ;
    %wait E_00000259a3227250;
    %load/vec4 v00000259a322c5f0_0;
    %load/vec4 v00000259a3202a70_0;
    %pushi/vec4 0, 0, 5;
    %cmp/ne;
    %flag_get/vec4 4;
    %and;
    %flag_set/vec4 8;
    %jmp/0xz  T_1.0, 8;
    %load/vec4 v00000259a3291c30_0;
    %load/vec4 v00000259a3202a70_0;
    %pad/u 7;
    %ix/vec4 3;
    %ix/load 4, 0, 0; Constant delay
    %assign/vec4/a/d v00000259a3203010, 0, 4;
T_1.0 ;
    %jmp T_1;
    .thread T_1;
    .scope S_00000259a3202720;
T_2 ;
    %wait E_00000259a3227090;
    %load/vec4 v00000259a322c690_0;
    %flag_set/vec4 8;
    %jmp/0xz  T_2.0, 8;
    %pushi/vec4 0, 0, 64;
    %assign/vec4 v00000259a3202b10_0, 0;
    %pushi/vec4 0, 0, 64;
    %assign/vec4 v00000259a322c550_0, 0;
    %jmp T_2.1;
T_2.0 ;
    %load/vec4 v00000259a322c730_0;
    %pad/u 7;
    %ix/vec4 4;
    %load/vec4a v00000259a3203010, 4;
    %assign/vec4 v00000259a3202b10_0, 0;
    %load/vec4 v00000259a322c7d0_0;
    %pad/u 7;
    %ix/vec4 4;
    %load/vec4a v00000259a3203010, 4;
    %assign/vec4 v00000259a322c550_0, 0;
T_2.1 ;
    %jmp T_2;
    .thread T_2, $push;
# The file index is used to find the file name in the following table.
:file_names 3;
    "N/A";
    "<interactive>";
    "registerFile.v";
