#! /c/Source/iverilog-install/bin/vvp
:ivl_version "12.0 (devel)" "(s20150603-1110-g18392a46)";
:ivl_delay_selection "TYPICAL";
:vpi_time_precision + 0;
:vpi_module "D:\Program_Files\iverilog\lib\ivl\system.vpi";
:vpi_module "D:\Program_Files\iverilog\lib\ivl\vhdl_sys.vpi";
:vpi_module "D:\Program_Files\iverilog\lib\ivl\vhdl_textio.vpi";
:vpi_module "D:\Program_Files\iverilog\lib\ivl\v2005_math.vpi";
:vpi_module "D:\Program_Files\iverilog\lib\ivl\va_math.vpi";
S_000001a628823ea0 .scope module, "MEM_WB" "MEM_WB" 2 2;
 .timescale 0 0;
    .port_info 0 /INPUT 1 "clk";
    .port_info 1 /INPUT 1 "reset";
    .port_info 2 /INPUT 64 "Result_inp";
    .port_info 3 /INPUT 64 "Read_Data_inp";
    .port_info 4 /INPUT 5 "rd_inp";
    .port_info 5 /INPUT 1 "MemtoReg_inp";
    .port_info 6 /INPUT 1 "RegWrite_inp";
    .port_info 7 /OUTPUT 1 "MemtoReg_out";
    .port_info 8 /OUTPUT 1 "RegWrite_out";
    .port_info 9 /OUTPUT 64 "Result_out";
    .port_info 10 /OUTPUT 64 "Read_Data_out";
    .port_info 11 /OUTPUT 5 "rd_out";
o000001a628883f98 .functor BUFZ 1, C4<z>; HiZ drive
v000001a62887c040_0 .net "MemtoReg_inp", 0 0, o000001a628883f98;  0 drivers
v000001a62887c9a0_0 .var "MemtoReg_out", 0 0;
o000001a628883ff8 .functor BUFZ 64, C4<zzzzzzzzzzzzzzzzzzzzzzzzzzzzzzzzzzzzzzzzzzzzzzzzzzzzzzzzzzzzzzzz>; HiZ drive
v000001a62887c0e0_0 .net "Read_Data_inp", 63 0, o000001a628883ff8;  0 drivers
v000001a62887c4a0_0 .var "Read_Data_out", 63 0;
o000001a628884058 .functor BUFZ 1, C4<z>; HiZ drive
v000001a62887ca40_0 .net "RegWrite_inp", 0 0, o000001a628884058;  0 drivers
v000001a62887ace0_0 .var "RegWrite_out", 0 0;
o000001a6288840b8 .functor BUFZ 64, C4<zzzzzzzzzzzzzzzzzzzzzzzzzzzzzzzzzzzzzzzzzzzzzzzzzzzzzzzzzzzzzzzz>; HiZ drive
v000001a62887c7c0_0 .net "Result_inp", 63 0, o000001a6288840b8;  0 drivers
v000001a62887ad80_0 .var "Result_out", 63 0;
o000001a628884118 .functor BUFZ 1, C4<z>; HiZ drive
v000001a62887c860_0 .net "clk", 0 0, o000001a628884118;  0 drivers
o000001a628884148 .functor BUFZ 5, C4<zzzzz>; HiZ drive
v000001a62887aba0_0 .net "rd_inp", 4 0, o000001a628884148;  0 drivers
v000001a62887c2c0_0 .var "rd_out", 4 0;
o000001a6288841a8 .functor BUFZ 1, C4<z>; HiZ drive
v000001a62887b1e0_0 .net "reset", 0 0, o000001a6288841a8;  0 drivers
E_000001a628861940 .event posedge, v000001a62887b1e0_0, v000001a62887c860_0;
S_000001a628824030 .scope module, "RISC_V_Pipeline" "RISC_V_Pipeline" 3 16;
 .timescale 0 0;
    .port_info 0 /INPUT 1 "clk";
    .port_info 1 /INPUT 1 "reset";
v000001a6288d9040_0 .net "ALUOp_EX", 1 0, v000001a6288d55c0_0;  1 drivers
v000001a6288d8c80_0 .net "ALUOp_ID", 1 0, v000001a62887b320_0;  1 drivers
v000001a6288d86e0_0 .net "ALUSrc_EX", 0 0, v000001a6288d5a20_0;  1 drivers
v000001a6288d83c0_0 .net "ALUSrc_ID", 0 0, v000001a62887b500_0;  1 drivers
v000001a6288d95e0_0 .net "Branch_Adder_Out_EX", 63 0, L_000001a6288dc1a0;  1 drivers
v000001a6288d8280_0 .net "Branch_Adder_Out_MEM", 63 0, v000001a62887c360_0;  1 drivers
v000001a6288d9220_0 .net "Branch_EX", 0 0, v000001a6288d6950_0;  1 drivers
v000001a6288d9d60_0 .net "Branch_ID", 0 0, v000001a62887b780_0;  1 drivers
v000001a6288d8b40_0 .net "Branch_MEM", 0 0, v000001a62887c540_0;  1 drivers
v000001a6288d94a0_0 .net "Funct_EX", 3 0, v000001a6288d7e90_0;  1 drivers
v000001a6288d8d20_0 .net "Init_PC_In", 63 0, L_000001a6288dc4c0;  1 drivers
v000001a6288d8460_0 .net "Init_PC_Out", 63 0, v000001a6288d7710_0;  1 drivers
v000001a6288d9c20_0 .net "Instruction_ID", 31 0, v000001a6288d49e0_0;  1 drivers
v000001a6288d8e60_0 .net "Instruction_IF", 31 0, L_000001a6288db0c0;  1 drivers
v000001a6288d8aa0_0 .net "MUX1_Input1", 63 0, L_000001a6288db660;  1 drivers
o000001a6288863c8 .functor BUFZ 64, C4<zzzzzzzzzzzzzzzzzzzzzzzzzzzzzzzzzzzzzzzzzzzzzzzzzzzzzzzzzzzzzzzz>; HiZ drive
v000001a6288d80a0_0 .net "MUX1_Input2", 63 0, o000001a6288863c8;  0 drivers
o000001a628886c98 .functor BUFZ 64, C4<zzzzzzzzzzzzzzzzzzzzzzzzzzzzzzzzzzzzzzzzzzzzzzzzzzzzzzzzzzzzzzzz>; HiZ drive
v000001a6288d8500_0 .net "MUX5_Out", 63 0, o000001a628886c98;  0 drivers
v000001a6288d9e00_0 .net "MUX_out_EX", 63 0, L_000001a6288db840;  1 drivers
v000001a6288d9540_0 .net "MemRead_EX", 0 0, v000001a6288d7490_0;  1 drivers
v000001a6288d9ea0_0 .net "MemRead_ID", 0 0, v000001a62887b820_0;  1 drivers
v000001a6288d9720_0 .net "MemRead_MEM", 0 0, v000001a62887c720_0;  1 drivers
v000001a6288d8fa0_0 .net "MemWrite_EX", 0 0, v000001a6288d64f0_0;  1 drivers
v000001a6288d8640_0 .net "MemWrite_ID", 0 0, v000001a62887baa0_0;  1 drivers
v000001a6288d9f40_0 .net "MemWrite_MEM", 0 0, v000001a6287b42e0_0;  1 drivers
v000001a6288d9180_0 .net "MemtoReg_EX", 0 0, v000001a6288d61d0_0;  1 drivers
v000001a6288d99a0_0 .net "MemtoReg_ID", 0 0, v000001a62887bd20_0;  1 drivers
v000001a6288d90e0_0 .net "MemtoReg_MEM", 0 0, v000001a6287b3b60_0;  1 drivers
v000001a6288d97c0_0 .net "Operation_EX", 3 0, v000001a62887b0a0_0;  1 drivers
v000001a6288d92c0_0 .net "PC_Out_EX", 63 0, v000001a6288d6270_0;  1 drivers
v000001a6288d8780_0 .net "PC_Out_ID", 63 0, v000001a6288d5f20_0;  1 drivers
v000001a6288d9900_0 .net "Read_Data_1_EX", 63 0, v000001a6288d6630_0;  1 drivers
v000001a6288d8820_0 .net "Read_Data_1_ID", 63 0, v000001a6288d72b0_0;  1 drivers
v000001a6288d85a0_0 .net "Read_Data_2_EX", 63 0, v000001a6288d6b30_0;  1 drivers
v000001a6288d9a40_0 .net "Read_Data_2_ID", 63 0, v000001a6288d7350_0;  1 drivers
v000001a6288d8140_0 .net "Read_Data_2_MEM", 63 0, v000001a6288d4b20_0;  1 drivers
v000001a6288d88c0_0 .net "RegWrite_EX", 0 0, v000001a6288d7a30_0;  1 drivers
v000001a6288d8960_0 .net "RegWrite_ID", 0 0, v000001a62887bdc0_0;  1 drivers
v000001a6288d8a00_0 .net "RegWrite_MEM", 0 0, v000001a6288d4620_0;  1 drivers
o000001a628886c68 .functor BUFZ 1, C4<z>; HiZ drive
v000001a6288d8be0_0 .net "RegWrite_WB", 0 0, o000001a628886c68;  0 drivers
v000001a6288d8dc0_0 .net "Result_EX", 63 0, v000001a62887aec0_0;  1 drivers
v000001a6288d8f00_0 .net "Result_MEM", 63 0, v000001a6288d4d00_0;  1 drivers
v000001a6288d81e0_0 .net "Zero_EX", 0 0, v000001a62887b6e0_0;  1 drivers
v000001a6288d9360_0 .net "Zero_MEM", 0 0, v000001a6288d4f80_0;  1 drivers
v000001a6288d9400_0 .net *"_ivl_3", 0 0, L_000001a6288db520;  1 drivers
v000001a6288d9ae0_0 .net *"_ivl_5", 2 0, L_000001a6288db700;  1 drivers
o000001a628884ef8 .functor BUFZ 1, C4<z>; HiZ drive
v000001a6288db980_0 .net "clk", 0 0, o000001a628884ef8;  0 drivers
v000001a6288dc740_0 .net "f3_ID", 2 0, L_000001a6288dbfc0;  1 drivers
v000001a6288dcd80_0 .net "f7_ID", 6 0, L_000001a6288dc100;  1 drivers
v000001a6288dbb60_0 .net "imm_data_EX", 63 0, v000001a6288d7f30_0;  1 drivers
v000001a6288db8e0_0 .net "imm_data_ID", 63 0, v000001a6288d53e0_0;  1 drivers
v000001a6288dc7e0_0 .net "opcode_ID", 6 0, L_000001a6288db480;  1 drivers
v000001a6288db3e0_0 .net "pos_EX", 0 0, v000001a62887b140_0;  1 drivers
v000001a6288dba20_0 .net "rd_EX", 4 0, v000001a6288d63b0_0;  1 drivers
v000001a6288dc880_0 .net "rd_ID", 4 0, L_000001a6288db160;  1 drivers
v000001a6288dcec0_0 .net "rd_MEM", 4 0, v000001a6288d4120_0;  1 drivers
o000001a628886c38 .functor BUFZ 5, C4<zzzzz>; HiZ drive
v000001a6288dc560_0 .net "rd_WB", 4 0, o000001a628886c38;  0 drivers
o000001a628884fe8 .functor BUFZ 1, C4<z>; HiZ drive
v000001a6288dcc40_0 .net "reset", 0 0, o000001a628884fe8;  0 drivers
v000001a6288dc9c0_0 .net "rs1_EX", 4 0, v000001a6288d7df0_0;  1 drivers
v000001a6288dcf60_0 .net "rs1_ID", 4 0, L_000001a6288dbca0;  1 drivers
v000001a6288dc240_0 .net "rs2_EX", 4 0, v000001a6288d6810_0;  1 drivers
v000001a6288dcce0_0 .net "rs2_ID", 4 0, L_000001a6288db200;  1 drivers
v000001a6288dcba0_0 .net "shift_Left_out", 63 0, L_000001a6288db7a0;  1 drivers
o000001a628886398 .functor BUFZ 1, C4<z>; HiZ drive
v000001a6288dce20_0 .net "to_branch", 0 0, o000001a628886398;  0 drivers
L_000001a6288db520 .part v000001a6288d49e0_0, 30, 1;
L_000001a6288db700 .part v000001a6288d49e0_0, 12, 3;
L_000001a6288dbd40 .concat [ 3 1 0 0], L_000001a6288db700, L_000001a6288db520;
S_000001a6288241c0 .scope module, "a1" "Adder" 3 81, 4 1 0, S_000001a628824030;
 .timescale 0 0;
    .port_info 0 /INPUT 64 "a";
    .port_info 1 /INPUT 64 "b";
    .port_info 2 /OUTPUT 64 "out";
v000001a62887b640_0 .net "a", 63 0, v000001a6288d7710_0;  alias, 1 drivers
L_000001a6288dd088 .functor BUFT 1, C4<0000000000000000000000000000000000000000000000000000000000000100>, C4<0>, C4<0>, C4<0>;
v000001a62887c180_0 .net "b", 63 0, L_000001a6288dd088;  1 drivers
v000001a62887c900_0 .net "out", 63 0, L_000001a6288db660;  alias, 1 drivers
L_000001a6288db660 .arith/sum 64, v000001a6288d7710_0, L_000001a6288dd088;
S_000001a6287fef10 .scope module, "a2" "ALU_Control" 3 91, 5 1 0, S_000001a628824030;
 .timescale 0 0;
    .port_info 0 /INPUT 2 "ALUOp";
    .port_info 1 /INPUT 4 "Funct";
    .port_info 2 /OUTPUT 4 "Operation";
v000001a62887ac40_0 .net "ALUOp", 1 0, v000001a6288d55c0_0;  alias, 1 drivers
v000001a62887ae20_0 .net "Funct", 3 0, v000001a6288d7e90_0;  alias, 1 drivers
v000001a62887b0a0_0 .var "Operation", 3 0;
E_000001a628862a00 .event anyedge, v000001a62887ac40_0, v000001a62887ae20_0;
S_000001a6287ff0a0 .scope module, "a3" "Adder" 3 93, 4 1 0, S_000001a628824030;
 .timescale 0 0;
    .port_info 0 /INPUT 64 "a";
    .port_info 1 /INPUT 64 "b";
    .port_info 2 /OUTPUT 64 "out";
v000001a62887b460_0 .net "a", 63 0, v000001a6288d6270_0;  alias, 1 drivers
v000001a62887bf00_0 .net "b", 63 0, L_000001a6288db7a0;  alias, 1 drivers
v000001a62887bb40_0 .net "out", 63 0, L_000001a6288dc1a0;  alias, 1 drivers
L_000001a6288dc1a0 .arith/sum 64, v000001a6288d6270_0, L_000001a6288db7a0;
S_000001a6287ff230 .scope module, "a4" "ALU_64_bit" 3 95, 6 1 0, S_000001a628824030;
 .timescale 0 0;
    .port_info 0 /INPUT 64 "a";
    .port_info 1 /INPUT 64 "b";
    .port_info 2 /INPUT 4 "ALUOp";
    .port_info 3 /OUTPUT 1 "Zero";
    .port_info 4 /OUTPUT 64 "Result";
    .port_info 5 /OUTPUT 1 "Pos";
v000001a62887bc80_0 .net "ALUOp", 3 0, v000001a62887b0a0_0;  alias, 1 drivers
v000001a62887b140_0 .var "Pos", 0 0;
v000001a62887aec0_0 .var "Result", 63 0;
v000001a62887b6e0_0 .var "Zero", 0 0;
v000001a62887b280_0 .net "a", 63 0, v000001a6288d6630_0;  alias, 1 drivers
v000001a62887af60_0 .net "b", 63 0, L_000001a6288db840;  alias, 1 drivers
E_000001a628861ec0 .event anyedge, v000001a62887b0a0_0, v000001a62887b280_0, v000001a62887af60_0, v000001a62887aec0_0;
S_000001a6287f9cf0 .scope module, "c1" "Control_Unit" 3 88, 7 1 0, S_000001a628824030;
 .timescale 0 0;
    .port_info 0 /INPUT 7 "opcode";
    .port_info 1 /OUTPUT 2 "ALUOp";
    .port_info 2 /OUTPUT 1 "Branch";
    .port_info 3 /OUTPUT 1 "MemRead";
    .port_info 4 /OUTPUT 1 "MemtoReg";
    .port_info 5 /OUTPUT 1 "MemWrite";
    .port_info 6 /OUTPUT 1 "ALUSrc";
    .port_info 7 /OUTPUT 1 "RegWrite";
v000001a62887b320_0 .var "ALUOp", 1 0;
v000001a62887b500_0 .var "ALUSrc", 0 0;
v000001a62887b780_0 .var "Branch", 0 0;
v000001a62887b820_0 .var "MemRead", 0 0;
v000001a62887baa0_0 .var "MemWrite", 0 0;
v000001a62887bd20_0 .var "MemtoReg", 0 0;
v000001a62887bdc0_0 .var "RegWrite", 0 0;
v000001a62887c220_0 .net "opcode", 6 0, L_000001a6288db480;  alias, 1 drivers
E_000001a628862380 .event anyedge, v000001a62887c220_0;
S_000001a6287f9e80 .scope module, "e1" "EX_MEM" 3 96, 8 2 0, S_000001a628824030;
 .timescale 0 0;
    .port_info 0 /INPUT 1 "clk";
    .port_info 1 /INPUT 1 "reset";
    .port_info 2 /INPUT 5 "rd_inp";
    .port_info 3 /INPUT 1 "Branch_inp";
    .port_info 4 /INPUT 1 "MemWrite_inp";
    .port_info 5 /INPUT 1 "MemRead_inp";
    .port_info 6 /INPUT 1 "MemtoReg_inp";
    .port_info 7 /INPUT 1 "RegWrite_inp";
    .port_info 8 /INPUT 64 "Adder_B_1";
    .port_info 9 /INPUT 64 "Result_inp";
    .port_info 10 /INPUT 1 "ZERO_inp";
    .port_info 11 /INPUT 64 "data_inp";
    .port_info 12 /OUTPUT 64 "data_out";
    .port_info 13 /OUTPUT 64 "Adder_B_2";
    .port_info 14 /OUTPUT 5 "rd_out";
    .port_info 15 /OUTPUT 1 "Branch_out";
    .port_info 16 /OUTPUT 1 "MemWrite_out";
    .port_info 17 /OUTPUT 1 "MemRead_out";
    .port_info 18 /OUTPUT 1 "MemtoReg_out";
    .port_info 19 /OUTPUT 1 "RegWrite_out";
    .port_info 20 /OUTPUT 64 "Result_out";
    .port_info 21 /OUTPUT 1 "ZERO_out";
v000001a62887c5e0_0 .net "Adder_B_1", 63 0, L_000001a6288dc1a0;  alias, 1 drivers
v000001a62887c360_0 .var "Adder_B_2", 63 0;
v000001a62887c400_0 .net "Branch_inp", 0 0, v000001a6288d6950_0;  alias, 1 drivers
v000001a62887c540_0 .var "Branch_out", 0 0;
v000001a62887c680_0 .net "MemRead_inp", 0 0, v000001a6288d7490_0;  alias, 1 drivers
v000001a62887c720_0 .var "MemRead_out", 0 0;
v000001a6287b4600_0 .net "MemWrite_inp", 0 0, v000001a6288d64f0_0;  alias, 1 drivers
v000001a6287b42e0_0 .var "MemWrite_out", 0 0;
v000001a6287b37a0_0 .net "MemtoReg_inp", 0 0, v000001a6288d61d0_0;  alias, 1 drivers
v000001a6287b3b60_0 .var "MemtoReg_out", 0 0;
v000001a6288d4580_0 .net "RegWrite_inp", 0 0, v000001a6288d7a30_0;  alias, 1 drivers
v000001a6288d4620_0 .var "RegWrite_out", 0 0;
v000001a6288d50c0_0 .net "Result_inp", 63 0, v000001a62887aec0_0;  alias, 1 drivers
v000001a6288d4d00_0 .var "Result_out", 63 0;
v000001a6288d41c0_0 .net "ZERO_inp", 0 0, v000001a62887b6e0_0;  alias, 1 drivers
v000001a6288d4f80_0 .var "ZERO_out", 0 0;
v000001a6288d5c00_0 .net "clk", 0 0, o000001a628884ef8;  alias, 0 drivers
v000001a6288d44e0_0 .net "data_inp", 63 0, v000001a6288d6b30_0;  alias, 1 drivers
v000001a6288d4b20_0 .var "data_out", 63 0;
v000001a6288d46c0_0 .net "rd_inp", 4 0, v000001a6288d63b0_0;  alias, 1 drivers
v000001a6288d4120_0 .var "rd_out", 4 0;
v000001a6288d4ee0_0 .net "reset", 0 0, o000001a628884fe8;  alias, 0 drivers
E_000001a628861f00 .event posedge, v000001a6288d4ee0_0, v000001a6288d5c00_0;
S_000001a6287fc5a0 .scope module, "i1" "Instruction_Memory" 3 83, 9 1 0, S_000001a628824030;
 .timescale 0 0;
    .port_info 0 /INPUT 64 "Inst_Address";
    .port_info 1 /OUTPUT 32 "Instruction";
v000001a6288d4760 .array "IMem", 0 159, 7 0;
v000001a6288d5200_0 .net "Inst_Address", 63 0, v000001a6288d7710_0;  alias, 1 drivers
v000001a6288d4260_0 .net "Instruction", 31 0, L_000001a6288db0c0;  alias, 1 drivers
v000001a6288d4bc0_0 .net *"_ivl_0", 7 0, L_000001a6288dc920;  1 drivers
v000001a6288d4c60_0 .net *"_ivl_10", 7 0, L_000001a6288dbc00;  1 drivers
v000001a6288d5ca0_0 .net *"_ivl_12", 64 0, L_000001a6288dbe80;  1 drivers
L_000001a6288dd160 .functor BUFT 1, C4<0>, C4<0>, C4<0>, C4<0>;
v000001a6288d4da0_0 .net *"_ivl_15", 0 0, L_000001a6288dd160;  1 drivers
L_000001a6288dd1a8 .functor BUFT 1, C4<00000000000000000000000000000000000000000000000000000000000000010>, C4<0>, C4<0>, C4<0>;
v000001a6288d4800_0 .net/2u *"_ivl_16", 64 0, L_000001a6288dd1a8;  1 drivers
v000001a6288d48a0_0 .net *"_ivl_18", 64 0, L_000001a6288db5c0;  1 drivers
v000001a6288d5160_0 .net *"_ivl_2", 64 0, L_000001a6288dca60;  1 drivers
v000001a6288d5ac0_0 .net *"_ivl_20", 7 0, L_000001a6288dc600;  1 drivers
v000001a6288d5e80_0 .net *"_ivl_22", 64 0, L_000001a6288dcb00;  1 drivers
L_000001a6288dd1f0 .functor BUFT 1, C4<0>, C4<0>, C4<0>, C4<0>;
v000001a6288d5b60_0 .net *"_ivl_25", 0 0, L_000001a6288dd1f0;  1 drivers
L_000001a6288dd238 .functor BUFT 1, C4<00000000000000000000000000000000000000000000000000000000000000001>, C4<0>, C4<0>, C4<0>;
v000001a6288d4300_0 .net/2u *"_ivl_26", 64 0, L_000001a6288dd238;  1 drivers
v000001a6288d5660_0 .net *"_ivl_28", 64 0, L_000001a6288db2a0;  1 drivers
v000001a6288d5d40_0 .net *"_ivl_30", 7 0, L_000001a6288db340;  1 drivers
L_000001a6288dd0d0 .functor BUFT 1, C4<0>, C4<0>, C4<0>, C4<0>;
v000001a6288d5de0_0 .net *"_ivl_5", 0 0, L_000001a6288dd0d0;  1 drivers
L_000001a6288dd118 .functor BUFT 1, C4<00000000000000000000000000000000000000000000000000000000000000011>, C4<0>, C4<0>, C4<0>;
v000001a6288d58e0_0 .net/2u *"_ivl_6", 64 0, L_000001a6288dd118;  1 drivers
v000001a6288d52a0_0 .net *"_ivl_8", 64 0, L_000001a6288dc6a0;  1 drivers
L_000001a6288dc920 .array/port v000001a6288d4760, L_000001a6288dc6a0;
L_000001a6288dca60 .concat [ 64 1 0 0], v000001a6288d7710_0, L_000001a6288dd0d0;
L_000001a6288dc6a0 .arith/sum 65, L_000001a6288dca60, L_000001a6288dd118;
L_000001a6288dbc00 .array/port v000001a6288d4760, L_000001a6288db5c0;
L_000001a6288dbe80 .concat [ 64 1 0 0], v000001a6288d7710_0, L_000001a6288dd160;
L_000001a6288db5c0 .arith/sum 65, L_000001a6288dbe80, L_000001a6288dd1a8;
L_000001a6288dc600 .array/port v000001a6288d4760, L_000001a6288db2a0;
L_000001a6288dcb00 .concat [ 64 1 0 0], v000001a6288d7710_0, L_000001a6288dd1f0;
L_000001a6288db2a0 .arith/sum 65, L_000001a6288dcb00, L_000001a6288dd238;
L_000001a6288db340 .array/port v000001a6288d4760, v000001a6288d7710_0;
L_000001a6288db0c0 .concat [ 8 8 8 8], L_000001a6288db340, L_000001a6288dc600, L_000001a6288dbc00, L_000001a6288dc920;
S_000001a6287fc730 .scope module, "i2" "IF_ID" 3 84, 10 1 0, S_000001a628824030;
 .timescale 0 0;
    .port_info 0 /INPUT 1 "clk";
    .port_info 1 /INPUT 1 "reset";
    .port_info 2 /INPUT 64 "PC_In";
    .port_info 3 /INPUT 32 "Inst_input";
    .port_info 4 /OUTPUT 32 "Inst_output";
    .port_info 5 /OUTPUT 64 "PC_Out";
v000001a6288d4940_0 .net "Inst_input", 31 0, L_000001a6288db0c0;  alias, 1 drivers
v000001a6288d49e0_0 .var "Inst_output", 31 0;
v000001a6288d43a0_0 .net "PC_In", 63 0, v000001a6288d7710_0;  alias, 1 drivers
v000001a6288d5f20_0 .var "PC_Out", 63 0;
v000001a6288d4a80_0 .net "clk", 0 0, o000001a628884ef8;  alias, 0 drivers
v000001a6288d4e40_0 .net "reset", 0 0, o000001a628884fe8;  alias, 0 drivers
S_000001a6287fc8c0 .scope module, "i3" "instruction" 3 85, 11 1 0, S_000001a628824030;
 .timescale 0 0;
    .port_info 0 /INPUT 32 "ins";
    .port_info 1 /OUTPUT 7 "op";
    .port_info 2 /OUTPUT 5 "rd";
    .port_info 3 /OUTPUT 3 "f3";
    .port_info 4 /OUTPUT 5 "rs1";
    .port_info 5 /OUTPUT 5 "rs2";
    .port_info 6 /OUTPUT 7 "f7";
v000001a6288d57a0_0 .net "f3", 2 0, L_000001a6288dbfc0;  alias, 1 drivers
v000001a6288d5020_0 .net "f7", 6 0, L_000001a6288dc100;  alias, 1 drivers
v000001a6288d4440_0 .net "ins", 31 0, v000001a6288d49e0_0;  alias, 1 drivers
v000001a6288d4080_0 .net "op", 6 0, L_000001a6288db480;  alias, 1 drivers
v000001a6288d5340_0 .net "rd", 4 0, L_000001a6288db160;  alias, 1 drivers
v000001a6288d5700_0 .net "rs1", 4 0, L_000001a6288dbca0;  alias, 1 drivers
v000001a6288d5840_0 .net "rs2", 4 0, L_000001a6288db200;  alias, 1 drivers
L_000001a6288db480 .part v000001a6288d49e0_0, 0, 7;
L_000001a6288db160 .part v000001a6288d49e0_0, 7, 5;
L_000001a6288dbfc0 .part v000001a6288d49e0_0, 12, 3;
L_000001a6288dbca0 .part v000001a6288d49e0_0, 15, 5;
L_000001a6288db200 .part v000001a6288d49e0_0, 20, 5;
L_000001a6288dc100 .part v000001a6288d49e0_0, 25, 7;
S_000001a628824410 .scope module, "i4" "imm_data_gen" 3 86, 12 1 0, S_000001a628824030;
 .timescale 0 0;
    .port_info 0 /INPUT 32 "instruction";
    .port_info 1 /OUTPUT 64 "imm_data";
v000001a6288d53e0_0 .var "imm_data", 63 0;
v000001a6288d5480_0 .net "instruction", 31 0, v000001a6288d49e0_0;  alias, 1 drivers
E_000001a6288626c0 .event anyedge, v000001a6288d49e0_0;
S_000001a6288245a0 .scope module, "i5" "ID_EX" 3 89, 13 1 0, S_000001a628824030;
 .timescale 0 0;
    .port_info 0 /INPUT 1 "clk";
    .port_info 1 /INPUT 1 "reset";
    .port_info 2 /INPUT 4 "Funct_inp";
    .port_info 3 /INPUT 2 "ALUOp_inp";
    .port_info 4 /INPUT 1 "MemtoReg_inp";
    .port_info 5 /INPUT 1 "RegWrite_inp";
    .port_info 6 /INPUT 1 "Branch_inp";
    .port_info 7 /INPUT 1 "MemWrite_inp";
    .port_info 8 /INPUT 1 "MemRead_inp";
    .port_info 9 /INPUT 1 "ALUSrc_inp";
    .port_info 10 /INPUT 64 "ReadData1_inp";
    .port_info 11 /INPUT 64 "ReadData2_inp";
    .port_info 12 /INPUT 5 "rd_inp";
    .port_info 13 /INPUT 5 "rs1_in";
    .port_info 14 /INPUT 5 "rs2_in";
    .port_info 15 /INPUT 64 "imm_data_inp";
    .port_info 16 /INPUT 64 "PC_In";
    .port_info 17 /OUTPUT 64 "PC_Out";
    .port_info 18 /OUTPUT 4 "Funct_out";
    .port_info 19 /OUTPUT 2 "ALUOp_out";
    .port_info 20 /OUTPUT 1 "MemtoReg_out";
    .port_info 21 /OUTPUT 1 "RegWrite_out";
    .port_info 22 /OUTPUT 1 "Branch_out";
    .port_info 23 /OUTPUT 1 "MemWrite_out";
    .port_info 24 /OUTPUT 1 "MemRead_out";
    .port_info 25 /OUTPUT 1 "ALUSrc_out";
    .port_info 26 /OUTPUT 64 "ReadData1_out";
    .port_info 27 /OUTPUT 64 "ReadData2_out";
    .port_info 28 /OUTPUT 5 "rs1_out";
    .port_info 29 /OUTPUT 5 "rs2_out";
    .port_info 30 /OUTPUT 5 "rd_out";
    .port_info 31 /OUTPUT 64 "imm_data_out";
v000001a6288d5520_0 .net "ALUOp_inp", 1 0, v000001a62887b320_0;  alias, 1 drivers
v000001a6288d55c0_0 .var "ALUOp_out", 1 0;
v000001a6288d5980_0 .net "ALUSrc_inp", 0 0, v000001a62887b500_0;  alias, 1 drivers
v000001a6288d5a20_0 .var "ALUSrc_out", 0 0;
v000001a6288d68b0_0 .net "Branch_inp", 0 0, v000001a62887b780_0;  alias, 1 drivers
v000001a6288d6950_0 .var "Branch_out", 0 0;
v000001a6288d6a90_0 .net "Funct_inp", 3 0, L_000001a6288dbd40;  1 drivers
v000001a6288d7e90_0 .var "Funct_out", 3 0;
v000001a6288d7c10_0 .net "MemRead_inp", 0 0, v000001a62887b820_0;  alias, 1 drivers
v000001a6288d7490_0 .var "MemRead_out", 0 0;
v000001a6288d7990_0 .net "MemWrite_inp", 0 0, v000001a62887baa0_0;  alias, 1 drivers
v000001a6288d64f0_0 .var "MemWrite_out", 0 0;
v000001a6288d7030_0 .net "MemtoReg_inp", 0 0, v000001a62887bd20_0;  alias, 1 drivers
v000001a6288d61d0_0 .var "MemtoReg_out", 0 0;
v000001a6288d7cb0_0 .net "PC_In", 63 0, v000001a6288d5f20_0;  alias, 1 drivers
v000001a6288d6270_0 .var "PC_Out", 63 0;
v000001a6288d7d50_0 .net "ReadData1_inp", 63 0, v000001a6288d72b0_0;  alias, 1 drivers
v000001a6288d6630_0 .var "ReadData1_out", 63 0;
v000001a6288d6bd0_0 .net "ReadData2_inp", 63 0, v000001a6288d7350_0;  alias, 1 drivers
v000001a6288d6b30_0 .var "ReadData2_out", 63 0;
v000001a6288d70d0_0 .net "RegWrite_inp", 0 0, v000001a62887bdc0_0;  alias, 1 drivers
v000001a6288d7a30_0 .var "RegWrite_out", 0 0;
v000001a6288d6d10_0 .net "clk", 0 0, o000001a628884ef8;  alias, 0 drivers
v000001a6288d6310_0 .net "imm_data_inp", 63 0, v000001a6288d53e0_0;  alias, 1 drivers
v000001a6288d7f30_0 .var "imm_data_out", 63 0;
v000001a6288d6770_0 .net "rd_inp", 4 0, L_000001a6288db160;  alias, 1 drivers
v000001a6288d63b0_0 .var "rd_out", 4 0;
v000001a6288d6e50_0 .net "reset", 0 0, o000001a628884fe8;  alias, 0 drivers
v000001a6288d6ef0_0 .net "rs1_in", 4 0, L_000001a6288dbca0;  alias, 1 drivers
v000001a6288d7df0_0 .var "rs1_out", 4 0;
v000001a6288d6590_0 .net "rs2_in", 4 0, L_000001a6288db200;  alias, 1 drivers
v000001a6288d6810_0 .var "rs2_out", 4 0;
S_000001a628824730 .scope module, "m1" "MUX" 3 82, 14 1 0, S_000001a628824030;
 .timescale 0 0;
    .port_info 0 /INPUT 64 "X";
    .port_info 1 /INPUT 64 "Y";
    .port_info 2 /INPUT 1 "S";
    .port_info 3 /OUTPUT 64 "O";
v000001a6288d7670_0 .net "O", 63 0, L_000001a6288dc4c0;  alias, 1 drivers
v000001a6288d7530_0 .net "S", 0 0, o000001a628886398;  alias, 0 drivers
v000001a6288d6f90_0 .net "X", 63 0, L_000001a6288db660;  alias, 1 drivers
v000001a6288d6c70_0 .net "Y", 63 0, o000001a6288863c8;  alias, 0 drivers
L_000001a6288dc4c0 .functor MUXZ 64, L_000001a6288db660, o000001a6288863c8, o000001a628886398, C4<>;
S_000001a6287b5f80 .scope module, "m2" "MUX" 3 94, 14 1 0, S_000001a628824030;
 .timescale 0 0;
    .port_info 0 /INPUT 64 "X";
    .port_info 1 /INPUT 64 "Y";
    .port_info 2 /INPUT 1 "S";
    .port_info 3 /OUTPUT 64 "O";
v000001a6288d75d0_0 .net "O", 63 0, L_000001a6288db840;  alias, 1 drivers
v000001a6288d6450_0 .net "S", 0 0, v000001a6288d5a20_0;  alias, 1 drivers
v000001a6288d6090_0 .net "X", 63 0, v000001a6288d6b30_0;  alias, 1 drivers
v000001a6288d6130_0 .net "Y", 63 0, v000001a6288d7f30_0;  alias, 1 drivers
L_000001a6288db840 .functor MUXZ 64, v000001a6288d6b30_0, v000001a6288d7f30_0, v000001a6288d5a20_0, C4<>;
S_000001a6287f2240 .scope module, "p1" "Program_Counter" 3 80, 15 1 0, S_000001a628824030;
 .timescale 0 0;
    .port_info 0 /INPUT 1 "clk";
    .port_info 1 /INPUT 1 "reset";
    .port_info 2 /INPUT 64 "PC_In";
    .port_info 3 /OUTPUT 64 "PC_Out";
v000001a6288d6db0_0 .net "PC_In", 63 0, L_000001a6288dc4c0;  alias, 1 drivers
v000001a6288d7710_0 .var "PC_Out", 63 0;
v000001a6288d69f0_0 .net "clk", 0 0, o000001a628884ef8;  alias, 0 drivers
v000001a6288d66d0_0 .net "reset", 0 0, o000001a628884fe8;  alias, 0 drivers
S_000001a6287f23d0 .scope module, "r1" "registerFile" 3 87, 16 1 0, S_000001a628824030;
 .timescale 0 0;
    .port_info 0 /INPUT 1 "clk";
    .port_info 1 /INPUT 1 "reset";
    .port_info 2 /INPUT 5 "rs1";
    .port_info 3 /INPUT 5 "rs2";
    .port_info 4 /INPUT 5 "rd";
    .port_info 5 /INPUT 64 "write_data";
    .port_info 6 /INPUT 1 "reg_write";
    .port_info 7 /OUTPUT 64 "readdata1";
    .port_info 8 /OUTPUT 64 "readdata2";
v000001a6288d7ad0 .array "Registers", 0 31, 63 0;
v000001a6288d77b0_0 .net "clk", 0 0, o000001a628884ef8;  alias, 0 drivers
v000001a6288d7210_0 .net "rd", 4 0, o000001a628886c38;  alias, 0 drivers
v000001a6288d72b0_0 .var "readdata1", 63 0;
v000001a6288d7350_0 .var "readdata2", 63 0;
v000001a6288d7850_0 .net "reg_write", 0 0, o000001a628886c68;  alias, 0 drivers
v000001a6288d7b70_0 .net "reset", 0 0, o000001a628884fe8;  alias, 0 drivers
v000001a6288d73f0_0 .net "rs1", 4 0, L_000001a6288dbca0;  alias, 1 drivers
v000001a6288d78f0_0 .net "rs2", 4 0, L_000001a6288db200;  alias, 1 drivers
v000001a6288d9860_0 .net "write_data", 63 0, o000001a628886c98;  alias, 0 drivers
v000001a6288d7ad0_0 .array/port v000001a6288d7ad0, 0;
v000001a6288d7ad0_1 .array/port v000001a6288d7ad0, 1;
E_000001a628861d40/0 .event anyedge, v000001a6288d4ee0_0, v000001a6288d5700_0, v000001a6288d7ad0_0, v000001a6288d7ad0_1;
v000001a6288d7ad0_2 .array/port v000001a6288d7ad0, 2;
v000001a6288d7ad0_3 .array/port v000001a6288d7ad0, 3;
v000001a6288d7ad0_4 .array/port v000001a6288d7ad0, 4;
v000001a6288d7ad0_5 .array/port v000001a6288d7ad0, 5;
E_000001a628861d40/1 .event anyedge, v000001a6288d7ad0_2, v000001a6288d7ad0_3, v000001a6288d7ad0_4, v000001a6288d7ad0_5;
v000001a6288d7ad0_6 .array/port v000001a6288d7ad0, 6;
v000001a6288d7ad0_7 .array/port v000001a6288d7ad0, 7;
v000001a6288d7ad0_8 .array/port v000001a6288d7ad0, 8;
v000001a6288d7ad0_9 .array/port v000001a6288d7ad0, 9;
E_000001a628861d40/2 .event anyedge, v000001a6288d7ad0_6, v000001a6288d7ad0_7, v000001a6288d7ad0_8, v000001a6288d7ad0_9;
v000001a6288d7ad0_10 .array/port v000001a6288d7ad0, 10;
v000001a6288d7ad0_11 .array/port v000001a6288d7ad0, 11;
v000001a6288d7ad0_12 .array/port v000001a6288d7ad0, 12;
v000001a6288d7ad0_13 .array/port v000001a6288d7ad0, 13;
E_000001a628861d40/3 .event anyedge, v000001a6288d7ad0_10, v000001a6288d7ad0_11, v000001a6288d7ad0_12, v000001a6288d7ad0_13;
v000001a6288d7ad0_14 .array/port v000001a6288d7ad0, 14;
v000001a6288d7ad0_15 .array/port v000001a6288d7ad0, 15;
v000001a6288d7ad0_16 .array/port v000001a6288d7ad0, 16;
v000001a6288d7ad0_17 .array/port v000001a6288d7ad0, 17;
E_000001a628861d40/4 .event anyedge, v000001a6288d7ad0_14, v000001a6288d7ad0_15, v000001a6288d7ad0_16, v000001a6288d7ad0_17;
v000001a6288d7ad0_18 .array/port v000001a6288d7ad0, 18;
v000001a6288d7ad0_19 .array/port v000001a6288d7ad0, 19;
v000001a6288d7ad0_20 .array/port v000001a6288d7ad0, 20;
v000001a6288d7ad0_21 .array/port v000001a6288d7ad0, 21;
E_000001a628861d40/5 .event anyedge, v000001a6288d7ad0_18, v000001a6288d7ad0_19, v000001a6288d7ad0_20, v000001a6288d7ad0_21;
v000001a6288d7ad0_22 .array/port v000001a6288d7ad0, 22;
v000001a6288d7ad0_23 .array/port v000001a6288d7ad0, 23;
v000001a6288d7ad0_24 .array/port v000001a6288d7ad0, 24;
v000001a6288d7ad0_25 .array/port v000001a6288d7ad0, 25;
E_000001a628861d40/6 .event anyedge, v000001a6288d7ad0_22, v000001a6288d7ad0_23, v000001a6288d7ad0_24, v000001a6288d7ad0_25;
v000001a6288d7ad0_26 .array/port v000001a6288d7ad0, 26;
v000001a6288d7ad0_27 .array/port v000001a6288d7ad0, 27;
v000001a6288d7ad0_28 .array/port v000001a6288d7ad0, 28;
v000001a6288d7ad0_29 .array/port v000001a6288d7ad0, 29;
E_000001a628861d40/7 .event anyedge, v000001a6288d7ad0_26, v000001a6288d7ad0_27, v000001a6288d7ad0_28, v000001a6288d7ad0_29;
v000001a6288d7ad0_30 .array/port v000001a6288d7ad0, 30;
v000001a6288d7ad0_31 .array/port v000001a6288d7ad0, 31;
E_000001a628861d40/8 .event anyedge, v000001a6288d7ad0_30, v000001a6288d7ad0_31, v000001a6288d5840_0;
E_000001a628861d40 .event/or E_000001a628861d40/0, E_000001a628861d40/1, E_000001a628861d40/2, E_000001a628861d40/3, E_000001a628861d40/4, E_000001a628861d40/5, E_000001a628861d40/6, E_000001a628861d40/7, E_000001a628861d40/8;
E_000001a628862780 .event posedge, v000001a6288d5c00_0;
S_000001a6288daec0 .scope module, "s1" "shift_left" 3 92, 17 1 0, S_000001a628824030;
 .timescale 0 0;
    .port_info 0 /INPUT 64 "a";
    .port_info 1 /OUTPUT 64 "b";
v000001a6288d9680_0 .net *"_ivl_1", 62 0, L_000001a6288dbf20;  1 drivers
L_000001a6288dd280 .functor BUFT 1, C4<0>, C4<0>, C4<0>, C4<0>;
v000001a6288d9cc0_0 .net/2u *"_ivl_2", 0 0, L_000001a6288dd280;  1 drivers
v000001a6288d9b80_0 .net "a", 63 0, v000001a6288d7f30_0;  alias, 1 drivers
v000001a6288d8320_0 .net "b", 63 0, L_000001a6288db7a0;  alias, 1 drivers
L_000001a6288dbf20 .part v000001a6288d7f30_0, 0, 63;
L_000001a6288db7a0 .concat [ 1 63 0 0], L_000001a6288dd280, L_000001a6288dbf20;
    .scope S_000001a628823ea0;
T_0 ;
    %wait E_000001a628861940;
    %load/vec4 v000001a62887b1e0_0;
    %cmpi/e 1, 0, 1;
    %jmp/0xz  T_0.0, 4;
    %pushi/vec4 0, 0, 64;
    %assign/vec4 v000001a62887ad80_0, 0;
    %pushi/vec4 0, 0, 64;
    %assign/vec4 v000001a62887c4a0_0, 0;
    %pushi/vec4 0, 0, 5;
    %assign/vec4 v000001a62887c2c0_0, 0;
    %pushi/vec4 0, 0, 1;
    %assign/vec4 v000001a62887c9a0_0, 0;
    %pushi/vec4 0, 0, 1;
    %assign/vec4 v000001a62887ace0_0, 0;
    %jmp T_0.1;
T_0.0 ;
    %load/vec4 v000001a62887c7c0_0;
    %assign/vec4 v000001a62887ad80_0, 0;
    %load/vec4 v000001a62887c0e0_0;
    %assign/vec4 v000001a62887c4a0_0, 0;
    %load/vec4 v000001a62887aba0_0;
    %assign/vec4 v000001a62887c2c0_0, 0;
    %load/vec4 v000001a62887c040_0;
    %assign/vec4 v000001a62887c9a0_0, 0;
    %load/vec4 v000001a62887ca40_0;
    %assign/vec4 v000001a62887ace0_0, 0;
T_0.1 ;
    %jmp T_0;
    .thread T_0;
    .scope S_000001a6287f2240;
T_1 ;
    %wait E_000001a628861f00;
    %load/vec4 v000001a6288d66d0_0;
    %flag_set/vec4 8;
    %jmp/0xz  T_1.0, 8;
    %pushi/vec4 0, 0, 64;
    %assign/vec4 v000001a6288d7710_0, 0;
    %jmp T_1.1;
T_1.0 ;
    %load/vec4 v000001a6288d6db0_0;
    %assign/vec4 v000001a6288d7710_0, 0;
T_1.1 ;
    %jmp T_1;
    .thread T_1;
    .scope S_000001a6287fc5a0;
T_2 ;
    %pushi/vec4 252, 0, 8;
    %ix/load 4, 159, 0;
    %flag_set/imm 4, 0;
    %store/vec4a v000001a6288d4760, 4, 0;
    %pushi/vec4 176, 0, 8;
    %ix/load 4, 158, 0;
    %flag_set/imm 4, 0;
    %store/vec4a v000001a6288d4760, 4, 0;
    %pushi/vec4 194, 0, 8;
    %ix/load 4, 157, 0;
    %flag_set/imm 4, 0;
    %store/vec4a v000001a6288d4760, 4, 0;
    %pushi/vec4 227, 0, 8;
    %ix/load 4, 156, 0;
    %flag_set/imm 4, 0;
    %store/vec4a v000001a6288d4760, 4, 0;
    %pushi/vec4 0, 0, 8;
    %ix/load 4, 155, 0;
    %flag_set/imm 4, 0;
    %store/vec4a v000001a6288d4760, 4, 0;
    %pushi/vec4 64, 0, 8;
    %ix/load 4, 154, 0;
    %flag_set/imm 4, 0;
    %store/vec4a v000001a6288d4760, 4, 0;
    %pushi/vec4 128, 0, 8;
    %ix/load 4, 153, 0;
    %flag_set/imm 4, 0;
    %store/vec4a v000001a6288d4760, 4, 0;
    %pushi/vec4 147, 0, 8;
    %ix/load 4, 152, 0;
    %flag_set/imm 4, 0;
    %store/vec4a v000001a6288d4760, 4, 0;
    %pushi/vec4 0, 0, 8;
    %ix/load 4, 151, 0;
    %flag_set/imm 4, 0;
    %store/vec4a v000001a6288d4760, 4, 0;
    %pushi/vec4 67, 0, 8;
    %ix/load 4, 150, 0;
    %flag_set/imm 4, 0;
    %store/vec4a v000001a6288d4760, 4, 0;
    %pushi/vec4 34, 0, 8;
    %ix/load 4, 149, 0;
    %flag_set/imm 4, 0;
    %store/vec4a v000001a6288d4760, 4, 0;
    %pushi/vec4 35, 0, 8;
    %ix/load 4, 148, 0;
    %flag_set/imm 4, 0;
    %store/vec4a v000001a6288d4760, 4, 0;
    %pushi/vec4 254, 0, 8;
    %ix/load 4, 147, 0;
    %flag_set/imm 4, 0;
    %store/vec4a v000001a6288d4760, 4, 0;
    %pushi/vec4 114, 0, 8;
    %ix/load 4, 146, 0;
    %flag_set/imm 4, 0;
    %store/vec4a v000001a6288d4760, 4, 0;
    %pushi/vec4 70, 0, 8;
    %ix/load 4, 145, 0;
    %flag_set/imm 4, 0;
    %store/vec4a v000001a6288d4760, 4, 0;
    %pushi/vec4 227, 0, 8;
    %ix/load 4, 144, 0;
    %flag_set/imm 4, 0;
    %store/vec4a v000001a6288d4760, 4, 0;
    %pushi/vec4 0, 0, 8;
    %ix/load 4, 143, 0;
    %flag_set/imm 4, 0;
    %store/vec4a v000001a6288d4760, 4, 0;
    %pushi/vec4 80, 0, 8;
    %ix/load 4, 142, 0;
    %flag_set/imm 4, 0;
    %store/vec4a v000001a6288d4760, 4, 0;
    %pushi/vec4 84, 0, 8;
    %ix/load 4, 141, 0;
    %flag_set/imm 4, 0;
    %store/vec4a v000001a6288d4760, 4, 0;
    %pushi/vec4 99, 0, 8;
    %ix/load 4, 140, 0;
    %flag_set/imm 4, 0;
    %store/vec4a v000001a6288d4760, 4, 0;
    %pushi/vec4 0, 0, 8;
    %ix/load 4, 139, 0;
    %flag_set/imm 4, 0;
    %store/vec4a v000001a6288d4760, 4, 0;
    %pushi/vec4 3, 0, 8;
    %ix/load 4, 138, 0;
    %flag_set/imm 4, 0;
    %store/vec4a v000001a6288d4760, 4, 0;
    %pushi/vec4 35, 0, 8;
    %ix/load 4, 137, 0;
    %flag_set/imm 4, 0;
    %store/vec4a v000001a6288d4760, 4, 0;
    %pushi/vec4 131, 0, 8;
    %ix/load 4, 136, 0;
    %flag_set/imm 4, 0;
    %store/vec4a v000001a6288d4760, 4, 0;
    %pushi/vec4 0, 0, 8;
    %ix/load 4, 135, 0;
    %flag_set/imm 4, 0;
    %store/vec4a v000001a6288d4760, 4, 0;
    %pushi/vec4 162, 0, 8;
    %ix/load 4, 134, 0;
    %flag_set/imm 4, 0;
    %store/vec4a v000001a6288d4760, 4, 0;
    %pushi/vec4 131, 0, 8;
    %ix/load 4, 133, 0;
    %flag_set/imm 4, 0;
    %store/vec4a v000001a6288d4760, 4, 0;
    %pushi/vec4 51, 0, 8;
    %ix/load 4, 132, 0;
    %flag_set/imm 4, 0;
    %store/vec4a v000001a6288d4760, 4, 0;
    %pushi/vec4 255, 0, 8;
    %ix/load 4, 131, 0;
    %flag_set/imm 4, 0;
    %store/vec4a v000001a6288d4760, 4, 0;
    %pushi/vec4 194, 0, 8;
    %ix/load 4, 130, 0;
    %flag_set/imm 4, 0;
    %store/vec4a v000001a6288d4760, 4, 0;
    %pushi/vec4 130, 0, 8;
    %ix/load 4, 129, 0;
    %flag_set/imm 4, 0;
    %store/vec4a v000001a6288d4760, 4, 0;
    %pushi/vec4 147, 0, 8;
    %ix/load 4, 128, 0;
    %flag_set/imm 4, 0;
    %store/vec4a v000001a6288d4760, 4, 0;
    %pushi/vec4 0, 0, 8;
    %ix/load 4, 127, 0;
    %flag_set/imm 4, 0;
    %store/vec4a v000001a6288d4760, 4, 0;
    %pushi/vec4 115, 0, 8;
    %ix/load 4, 126, 0;
    %flag_set/imm 4, 0;
    %store/vec4a v000001a6288d4760, 4, 0;
    %pushi/vec4 34, 0, 8;
    %ix/load 4, 125, 0;
    %flag_set/imm 4, 0;
    %store/vec4a v000001a6288d4760, 4, 0;
    %pushi/vec4 35, 0, 8;
    %ix/load 4, 124, 0;
    %flag_set/imm 4, 0;
    %store/vec4a v000001a6288d4760, 4, 0;
    %pushi/vec4 0, 0, 8;
    %ix/load 4, 123, 0;
    %flag_set/imm 4, 0;
    %store/vec4a v000001a6288d4760, 4, 0;
    %pushi/vec4 114, 0, 8;
    %ix/load 4, 122, 0;
    %flag_set/imm 4, 0;
    %store/vec4a v000001a6288d4760, 4, 0;
    %pushi/vec4 94, 0, 8;
    %ix/load 4, 121, 0;
    %flag_set/imm 4, 0;
    %store/vec4a v000001a6288d4760, 4, 0;
    %pushi/vec4 99, 0, 8;
    %ix/load 4, 120, 0;
    %flag_set/imm 4, 0;
    %store/vec4a v000001a6288d4760, 4, 0;
    %pushi/vec4 2, 0, 8;
    %ix/load 4, 119, 0;
    %flag_set/imm 4, 0;
    %store/vec4a v000001a6288d4760, 4, 0;
    %pushi/vec4 80, 0, 8;
    %ix/load 4, 118, 0;
    %flag_set/imm 4, 0;
    %store/vec4a v000001a6288d4760, 4, 0;
    %pushi/vec4 80, 0, 8;
    %ix/load 4, 117, 0;
    %flag_set/imm 4, 0;
    %store/vec4a v000001a6288d4760, 4, 0;
    %pushi/vec4 99, 0, 8;
    %ix/load 4, 116, 0;
    %flag_set/imm 4, 0;
    %store/vec4a v000001a6288d4760, 4, 0;
    %pushi/vec4 0, 0, 8;
    %ix/load 4, 115, 0;
    %flag_set/imm 4, 0;
    %store/vec4a v000001a6288d4760, 4, 0;
    %pushi/vec4 3, 0, 8;
    %ix/load 4, 114, 0;
    %flag_set/imm 4, 0;
    %store/vec4a v000001a6288d4760, 4, 0;
    %pushi/vec4 35, 0, 8;
    %ix/load 4, 113, 0;
    %flag_set/imm 4, 0;
    %store/vec4a v000001a6288d4760, 4, 0;
    %pushi/vec4 131, 0, 8;
    %ix/load 4, 112, 0;
    %flag_set/imm 4, 0;
    %store/vec4a v000001a6288d4760, 4, 0;
    %pushi/vec4 0, 0, 8;
    %ix/load 4, 111, 0;
    %flag_set/imm 4, 0;
    %store/vec4a v000001a6288d4760, 4, 0;
    %pushi/vec4 162, 0, 8;
    %ix/load 4, 110, 0;
    %flag_set/imm 4, 0;
    %store/vec4a v000001a6288d4760, 4, 0;
    %pushi/vec4 131, 0, 8;
    %ix/load 4, 109, 0;
    %flag_set/imm 4, 0;
    %store/vec4a v000001a6288d4760, 4, 0;
    %pushi/vec4 51, 0, 8;
    %ix/load 4, 108, 0;
    %flag_set/imm 4, 0;
    %store/vec4a v000001a6288d4760, 4, 0;
    %pushi/vec4 255, 0, 8;
    %ix/load 4, 107, 0;
    %flag_set/imm 4, 0;
    %store/vec4a v000001a6288d4760, 4, 0;
    %pushi/vec4 192, 0, 8;
    %ix/load 4, 106, 0;
    %flag_set/imm 4, 0;
    %store/vec4a v000001a6288d4760, 4, 0;
    %pushi/vec4 130, 0, 8;
    %ix/load 4, 105, 0;
    %flag_set/imm 4, 0;
    %store/vec4a v000001a6288d4760, 4, 0;
    %pushi/vec4 147, 0, 8;
    %ix/load 4, 104, 0;
    %flag_set/imm 4, 0;
    %store/vec4a v000001a6288d4760, 4, 0;
    %pushi/vec4 0, 0, 8;
    %ix/load 4, 103, 0;
    %flag_set/imm 4, 0;
    %store/vec4a v000001a6288d4760, 4, 0;
    %pushi/vec4 1, 0, 8;
    %ix/load 4, 102, 0;
    %flag_set/imm 4, 0;
    %store/vec4a v000001a6288d4760, 4, 0;
    %pushi/vec4 162, 0, 8;
    %ix/load 4, 101, 0;
    %flag_set/imm 4, 0;
    %store/vec4a v000001a6288d4760, 4, 0;
    %pushi/vec4 3, 0, 8;
    %ix/load 4, 100, 0;
    %flag_set/imm 4, 0;
    %store/vec4a v000001a6288d4760, 4, 0;
    %pushi/vec4 0, 0, 8;
    %ix/load 4, 99, 0;
    %flag_set/imm 4, 0;
    %store/vec4a v000001a6288d4760, 4, 0;
    %pushi/vec4 160, 0, 8;
    %ix/load 4, 98, 0;
    %flag_set/imm 4, 0;
    %store/vec4a v000001a6288d4760, 4, 0;
    %pushi/vec4 129, 0, 8;
    %ix/load 4, 97, 0;
    %flag_set/imm 4, 0;
    %store/vec4a v000001a6288d4760, 4, 0;
    %pushi/vec4 179, 0, 8;
    %ix/load 4, 96, 0;
    %flag_set/imm 4, 0;
    %store/vec4a v000001a6288d4760, 4, 0;
    %pushi/vec4 0, 0, 8;
    %ix/load 4, 95, 0;
    %flag_set/imm 4, 0;
    %store/vec4a v000001a6288d4760, 4, 0;
    %pushi/vec4 160, 0, 8;
    %ix/load 4, 94, 0;
    %flag_set/imm 4, 0;
    %store/vec4a v000001a6288d4760, 4, 0;
    %pushi/vec4 194, 0, 8;
    %ix/load 4, 93, 0;
    %flag_set/imm 4, 0;
    %store/vec4a v000001a6288d4760, 4, 0;
    %pushi/vec4 99, 0, 8;
    %ix/load 4, 92, 0;
    %flag_set/imm 4, 0;
    %store/vec4a v000001a6288d4760, 4, 0;
    %pushi/vec4 0, 0, 8;
    %ix/load 4, 91, 0;
    %flag_set/imm 4, 0;
    %store/vec4a v000001a6288d4760, 4, 0;
    %pushi/vec4 64, 0, 8;
    %ix/load 4, 90, 0;
    %flag_set/imm 4, 0;
    %store/vec4a v000001a6288d4760, 4, 0;
    %pushi/vec4 0, 0, 8;
    %ix/load 4, 89, 0;
    %flag_set/imm 4, 0;
    %store/vec4a v000001a6288d4760, 4, 0;
    %pushi/vec4 147, 0, 8;
    %ix/load 4, 88, 0;
    %flag_set/imm 4, 0;
    %store/vec4a v000001a6288d4760, 4, 0;
    %pushi/vec4 2, 0, 8;
    %ix/load 4, 87, 0;
    %flag_set/imm 4, 0;
    %store/vec4a v000001a6288d4760, 4, 0;
    %pushi/vec4 149, 0, 8;
    %ix/load 4, 86, 0;
    %flag_set/imm 4, 0;
    %store/vec4a v000001a6288d4760, 4, 0;
    %pushi/vec4 34, 0, 8;
    %ix/load 4, 85, 0;
    %flag_set/imm 4, 0;
    %store/vec4a v000001a6288d4760, 4, 0;
    %pushi/vec4 35, 0, 8;
    %ix/load 4, 84, 0;
    %flag_set/imm 4, 0;
    %store/vec4a v000001a6288d4760, 4, 0;
    %pushi/vec4 4, 0, 8;
    %ix/load 4, 83, 0;
    %flag_set/imm 4, 0;
    %store/vec4a v000001a6288d4760, 4, 0;
    %pushi/vec4 176, 0, 8;
    %ix/load 4, 82, 0;
    %flag_set/imm 4, 0;
    %store/vec4a v000001a6288d4760, 4, 0;
    %pushi/vec4 4, 0, 8;
    %ix/load 4, 81, 0;
    %flag_set/imm 4, 0;
    %store/vec4a v000001a6288d4760, 4, 0;
    %pushi/vec4 147, 0, 8;
    %ix/load 4, 80, 0;
    %flag_set/imm 4, 0;
    %store/vec4a v000001a6288d4760, 4, 0;
    %pushi/vec4 2, 0, 8;
    %ix/load 4, 79, 0;
    %flag_set/imm 4, 0;
    %store/vec4a v000001a6288d4760, 4, 0;
    %pushi/vec4 149, 0, 8;
    %ix/load 4, 78, 0;
    %flag_set/imm 4, 0;
    %store/vec4a v000001a6288d4760, 4, 0;
    %pushi/vec4 32, 0, 8;
    %ix/load 4, 77, 0;
    %flag_set/imm 4, 0;
    %store/vec4a v000001a6288d4760, 4, 0;
    %pushi/vec4 35, 0, 8;
    %ix/load 4, 76, 0;
    %flag_set/imm 4, 0;
    %store/vec4a v000001a6288d4760, 4, 0;
    %pushi/vec4 1, 0, 8;
    %ix/load 4, 75, 0;
    %flag_set/imm 4, 0;
    %store/vec4a v000001a6288d4760, 4, 0;
    %pushi/vec4 240, 0, 8;
    %ix/load 4, 74, 0;
    %flag_set/imm 4, 0;
    %store/vec4a v000001a6288d4760, 4, 0;
    %pushi/vec4 4, 0, 8;
    %ix/load 4, 73, 0;
    %flag_set/imm 4, 0;
    %store/vec4a v000001a6288d4760, 4, 0;
    %pushi/vec4 147, 0, 8;
    %ix/load 4, 72, 0;
    %flag_set/imm 4, 0;
    %store/vec4a v000001a6288d4760, 4, 0;
    %pushi/vec4 0, 0, 8;
    %ix/load 4, 71, 0;
    %flag_set/imm 4, 0;
    %store/vec4a v000001a6288d4760, 4, 0;
    %pushi/vec4 149, 0, 8;
    %ix/load 4, 70, 0;
    %flag_set/imm 4, 0;
    %store/vec4a v000001a6288d4760, 4, 0;
    %pushi/vec4 46, 0, 8;
    %ix/load 4, 69, 0;
    %flag_set/imm 4, 0;
    %store/vec4a v000001a6288d4760, 4, 0;
    %pushi/vec4 35, 0, 8;
    %ix/load 4, 68, 0;
    %flag_set/imm 4, 0;
    %store/vec4a v000001a6288d4760, 4, 0;
    %pushi/vec4 4, 0, 8;
    %ix/load 4, 67, 0;
    %flag_set/imm 4, 0;
    %store/vec4a v000001a6288d4760, 4, 0;
    %pushi/vec4 32, 0, 8;
    %ix/load 4, 66, 0;
    %flag_set/imm 4, 0;
    %store/vec4a v000001a6288d4760, 4, 0;
    %pushi/vec4 4, 0, 8;
    %ix/load 4, 65, 0;
    %flag_set/imm 4, 0;
    %store/vec4a v000001a6288d4760, 4, 0;
    %pushi/vec4 147, 0, 8;
    %ix/load 4, 64, 0;
    %flag_set/imm 4, 0;
    %store/vec4a v000001a6288d4760, 4, 0;
    %pushi/vec4 0, 0, 8;
    %ix/load 4, 63, 0;
    %flag_set/imm 4, 0;
    %store/vec4a v000001a6288d4760, 4, 0;
    %pushi/vec4 149, 0, 8;
    %ix/load 4, 62, 0;
    %flag_set/imm 4, 0;
    %store/vec4a v000001a6288d4760, 4, 0;
    %pushi/vec4 44, 0, 8;
    %ix/load 4, 61, 0;
    %flag_set/imm 4, 0;
    %store/vec4a v000001a6288d4760, 4, 0;
    %pushi/vec4 35, 0, 8;
    %ix/load 4, 60, 0;
    %flag_set/imm 4, 0;
    %store/vec4a v000001a6288d4760, 4, 0;
    %pushi/vec4 4, 0, 8;
    %ix/load 4, 59, 0;
    %flag_set/imm 4, 0;
    %store/vec4a v000001a6288d4760, 4, 0;
    %pushi/vec4 112, 0, 8;
    %ix/load 4, 58, 0;
    %flag_set/imm 4, 0;
    %store/vec4a v000001a6288d4760, 4, 0;
    %pushi/vec4 4, 0, 8;
    %ix/load 4, 57, 0;
    %flag_set/imm 4, 0;
    %store/vec4a v000001a6288d4760, 4, 0;
    %pushi/vec4 147, 0, 8;
    %ix/load 4, 56, 0;
    %flag_set/imm 4, 0;
    %store/vec4a v000001a6288d4760, 4, 0;
    %pushi/vec4 0, 0, 8;
    %ix/load 4, 55, 0;
    %flag_set/imm 4, 0;
    %store/vec4a v000001a6288d4760, 4, 0;
    %pushi/vec4 149, 0, 8;
    %ix/load 4, 54, 0;
    %flag_set/imm 4, 0;
    %store/vec4a v000001a6288d4760, 4, 0;
    %pushi/vec4 42, 0, 8;
    %ix/load 4, 53, 0;
    %flag_set/imm 4, 0;
    %store/vec4a v000001a6288d4760, 4, 0;
    %pushi/vec4 35, 0, 8;
    %ix/load 4, 52, 0;
    %flag_set/imm 4, 0;
    %store/vec4a v000001a6288d4760, 4, 0;
    %pushi/vec4 2, 0, 8;
    %ix/load 4, 51, 0;
    %flag_set/imm 4, 0;
    %store/vec4a v000001a6288d4760, 4, 0;
    %pushi/vec4 224, 0, 8;
    %ix/load 4, 50, 0;
    %flag_set/imm 4, 0;
    %store/vec4a v000001a6288d4760, 4, 0;
    %pushi/vec4 4, 0, 8;
    %ix/load 4, 49, 0;
    %flag_set/imm 4, 0;
    %store/vec4a v000001a6288d4760, 4, 0;
    %pushi/vec4 147, 0, 8;
    %ix/load 4, 48, 0;
    %flag_set/imm 4, 0;
    %store/vec4a v000001a6288d4760, 4, 0;
    %pushi/vec4 0, 0, 8;
    %ix/load 4, 47, 0;
    %flag_set/imm 4, 0;
    %store/vec4a v000001a6288d4760, 4, 0;
    %pushi/vec4 149, 0, 8;
    %ix/load 4, 46, 0;
    %flag_set/imm 4, 0;
    %store/vec4a v000001a6288d4760, 4, 0;
    %pushi/vec4 40, 0, 8;
    %ix/load 4, 45, 0;
    %flag_set/imm 4, 0;
    %store/vec4a v000001a6288d4760, 4, 0;
    %pushi/vec4 35, 0, 8;
    %ix/load 4, 44, 0;
    %flag_set/imm 4, 0;
    %store/vec4a v000001a6288d4760, 4, 0;
    %pushi/vec4 6, 0, 8;
    %ix/load 4, 43, 0;
    %flag_set/imm 4, 0;
    %store/vec4a v000001a6288d4760, 4, 0;
    %pushi/vec4 32, 0, 8;
    %ix/load 4, 42, 0;
    %flag_set/imm 4, 0;
    %store/vec4a v000001a6288d4760, 4, 0;
    %pushi/vec4 4, 0, 8;
    %ix/load 4, 41, 0;
    %flag_set/imm 4, 0;
    %store/vec4a v000001a6288d4760, 4, 0;
    %pushi/vec4 147, 0, 8;
    %ix/load 4, 40, 0;
    %flag_set/imm 4, 0;
    %store/vec4a v000001a6288d4760, 4, 0;
    %pushi/vec4 0, 0, 8;
    %ix/load 4, 39, 0;
    %flag_set/imm 4, 0;
    %store/vec4a v000001a6288d4760, 4, 0;
    %pushi/vec4 149, 0, 8;
    %ix/load 4, 38, 0;
    %flag_set/imm 4, 0;
    %store/vec4a v000001a6288d4760, 4, 0;
    %pushi/vec4 38, 0, 8;
    %ix/load 4, 37, 0;
    %flag_set/imm 4, 0;
    %store/vec4a v000001a6288d4760, 4, 0;
    %pushi/vec4 35, 0, 8;
    %ix/load 4, 36, 0;
    %flag_set/imm 4, 0;
    %store/vec4a v000001a6288d4760, 4, 0;
    %pushi/vec4 3, 0, 8;
    %ix/load 4, 35, 0;
    %flag_set/imm 4, 0;
    %store/vec4a v000001a6288d4760, 4, 0;
    %pushi/vec4 240, 0, 8;
    %ix/load 4, 34, 0;
    %flag_set/imm 4, 0;
    %store/vec4a v000001a6288d4760, 4, 0;
    %pushi/vec4 4, 0, 8;
    %ix/load 4, 33, 0;
    %flag_set/imm 4, 0;
    %store/vec4a v000001a6288d4760, 4, 0;
    %pushi/vec4 147, 0, 8;
    %ix/load 4, 32, 0;
    %flag_set/imm 4, 0;
    %store/vec4a v000001a6288d4760, 4, 0;
    %pushi/vec4 0, 0, 8;
    %ix/load 4, 31, 0;
    %flag_set/imm 4, 0;
    %store/vec4a v000001a6288d4760, 4, 0;
    %pushi/vec4 149, 0, 8;
    %ix/load 4, 30, 0;
    %flag_set/imm 4, 0;
    %store/vec4a v000001a6288d4760, 4, 0;
    %pushi/vec4 36, 0, 8;
    %ix/load 4, 29, 0;
    %flag_set/imm 4, 0;
    %store/vec4a v000001a6288d4760, 4, 0;
    %pushi/vec4 35, 0, 8;
    %ix/load 4, 28, 0;
    %flag_set/imm 4, 0;
    %store/vec4a v000001a6288d4760, 4, 0;
    %pushi/vec4 5, 0, 8;
    %ix/load 4, 27, 0;
    %flag_set/imm 4, 0;
    %store/vec4a v000001a6288d4760, 4, 0;
    %pushi/vec4 224, 0, 8;
    %ix/load 4, 26, 0;
    %flag_set/imm 4, 0;
    %store/vec4a v000001a6288d4760, 4, 0;
    %pushi/vec4 4, 0, 8;
    %ix/load 4, 25, 0;
    %flag_set/imm 4, 0;
    %store/vec4a v000001a6288d4760, 4, 0;
    %pushi/vec4 147, 0, 8;
    %ix/load 4, 24, 0;
    %flag_set/imm 4, 0;
    %store/vec4a v000001a6288d4760, 4, 0;
    %pushi/vec4 0, 0, 8;
    %ix/load 4, 23, 0;
    %flag_set/imm 4, 0;
    %store/vec4a v000001a6288d4760, 4, 0;
    %pushi/vec4 149, 0, 8;
    %ix/load 4, 22, 0;
    %flag_set/imm 4, 0;
    %store/vec4a v000001a6288d4760, 4, 0;
    %pushi/vec4 34, 0, 8;
    %ix/load 4, 21, 0;
    %flag_set/imm 4, 0;
    %store/vec4a v000001a6288d4760, 4, 0;
    %pushi/vec4 35, 0, 8;
    %ix/load 4, 20, 0;
    %flag_set/imm 4, 0;
    %store/vec4a v000001a6288d4760, 4, 0;
    %pushi/vec4 3, 0, 8;
    %ix/load 4, 19, 0;
    %flag_set/imm 4, 0;
    %store/vec4a v000001a6288d4760, 4, 0;
    %pushi/vec4 224, 0, 8;
    %ix/load 4, 18, 0;
    %flag_set/imm 4, 0;
    %store/vec4a v000001a6288d4760, 4, 0;
    %pushi/vec4 4, 0, 8;
    %ix/load 4, 17, 0;
    %flag_set/imm 4, 0;
    %store/vec4a v000001a6288d4760, 4, 0;
    %pushi/vec4 147, 0, 8;
    %ix/load 4, 16, 0;
    %flag_set/imm 4, 0;
    %store/vec4a v000001a6288d4760, 4, 0;
    %pushi/vec4 0, 0, 8;
    %ix/load 4, 15, 0;
    %flag_set/imm 4, 0;
    %store/vec4a v000001a6288d4760, 4, 0;
    %pushi/vec4 149, 0, 8;
    %ix/load 4, 14, 0;
    %flag_set/imm 4, 0;
    %store/vec4a v000001a6288d4760, 4, 0;
    %pushi/vec4 32, 0, 8;
    %ix/load 4, 13, 0;
    %flag_set/imm 4, 0;
    %store/vec4a v000001a6288d4760, 4, 0;
    %pushi/vec4 35, 0, 8;
    %ix/load 4, 12, 0;
    %flag_set/imm 4, 0;
    %store/vec4a v000001a6288d4760, 4, 0;
    %pushi/vec4 1, 0, 8;
    %ix/load 4, 11, 0;
    %flag_set/imm 4, 0;
    %store/vec4a v000001a6288d4760, 4, 0;
    %pushi/vec4 32, 0, 8;
    %ix/load 4, 10, 0;
    %flag_set/imm 4, 0;
    %store/vec4a v000001a6288d4760, 4, 0;
    %pushi/vec4 4, 0, 8;
    %ix/load 4, 9, 0;
    %flag_set/imm 4, 0;
    %store/vec4a v000001a6288d4760, 4, 0;
    %pushi/vec4 147, 0, 8;
    %ix/load 4, 8, 0;
    %flag_set/imm 4, 0;
    %store/vec4a v000001a6288d4760, 4, 0;
    %pushi/vec4 2, 0, 8;
    %ix/load 4, 7, 0;
    %flag_set/imm 4, 0;
    %store/vec4a v000001a6288d4760, 4, 0;
    %pushi/vec4 128, 0, 8;
    %ix/load 4, 6, 0;
    %flag_set/imm 4, 0;
    %store/vec4a v000001a6288d4760, 4, 0;
    %pushi/vec4 5, 0, 8;
    %ix/load 4, 5, 0;
    %flag_set/imm 4, 0;
    %store/vec4a v000001a6288d4760, 4, 0;
    %pushi/vec4 147, 0, 8;
    %ix/load 4, 4, 0;
    %flag_set/imm 4, 0;
    %store/vec4a v000001a6288d4760, 4, 0;
    %pushi/vec4 0, 0, 8;
    %ix/load 4, 3, 0;
    %flag_set/imm 4, 0;
    %store/vec4a v000001a6288d4760, 4, 0;
    %pushi/vec4 0, 0, 8;
    %ix/load 4, 2, 0;
    %flag_set/imm 4, 0;
    %store/vec4a v000001a6288d4760, 4, 0;
    %pushi/vec4 5, 0, 8;
    %ix/load 4, 1, 0;
    %flag_set/imm 4, 0;
    %store/vec4a v000001a6288d4760, 4, 0;
    %pushi/vec4 19, 0, 8;
    %ix/load 4, 0, 0;
    %flag_set/imm 4, 0;
    %store/vec4a v000001a6288d4760, 4, 0;
    %end;
    .thread T_2;
    .scope S_000001a6287fc730;
T_3 ;
    %wait E_000001a628861f00;
    %load/vec4 v000001a6288d4e40_0;
    %cmpi/e 1, 0, 1;
    %jmp/0xz  T_3.0, 4;
    %pushi/vec4 0, 0, 64;
    %assign/vec4 v000001a6288d5f20_0, 0;
    %pushi/vec4 0, 0, 32;
    %assign/vec4 v000001a6288d49e0_0, 0;
    %jmp T_3.1;
T_3.0 ;
    %load/vec4 v000001a6288d43a0_0;
    %store/vec4 v000001a6288d5f20_0, 0, 64;
    %load/vec4 v000001a6288d4940_0;
    %assign/vec4 v000001a6288d49e0_0, 0;
T_3.1 ;
    %jmp T_3;
    .thread T_3;
    .scope S_000001a628824410;
T_4 ;
    %wait E_000001a6288626c0;
    %load/vec4 v000001a6288d5480_0;
    %parti/s 2, 5, 4;
    %cmpi/e 0, 0, 2;
    %jmp/0xz  T_4.0, 4;
    %load/vec4 v000001a6288d5480_0;
    %parti/s 12, 20, 6;
    %ix/load 4, 0, 0;
    %flag_set/imm 4, 0;
    %store/vec4 v000001a6288d53e0_0, 4, 12;
    %jmp T_4.1;
T_4.0 ;
    %load/vec4 v000001a6288d5480_0;
    %parti/s 2, 5, 4;
    %cmpi/e 1, 0, 2;
    %jmp/0xz  T_4.2, 4;
    %load/vec4 v000001a6288d5480_0;
    %parti/s 7, 25, 6;
    %ix/load 4, 5, 0;
    %flag_set/imm 4, 0;
    %store/vec4 v000001a6288d53e0_0, 4, 7;
    %load/vec4 v000001a6288d5480_0;
    %parti/s 5, 7, 4;
    %ix/load 4, 0, 0;
    %flag_set/imm 4, 0;
    %store/vec4 v000001a6288d53e0_0, 4, 5;
    %jmp T_4.3;
T_4.2 ;
    %load/vec4 v000001a6288d5480_0;
    %parti/s 1, 31, 6;
    %ix/load 4, 11, 0;
    %flag_set/imm 4, 0;
    %store/vec4 v000001a6288d53e0_0, 4, 1;
    %load/vec4 v000001a6288d5480_0;
    %parti/s 6, 25, 6;
    %ix/load 4, 4, 0;
    %flag_set/imm 4, 0;
    %store/vec4 v000001a6288d53e0_0, 4, 6;
    %load/vec4 v000001a6288d5480_0;
    %parti/s 3, 8, 5;
    %pad/u 4;
    %ix/load 4, 0, 0;
    %flag_set/imm 4, 0;
    %store/vec4 v000001a6288d53e0_0, 4, 4;
    %load/vec4 v000001a6288d5480_0;
    %parti/s 1, 7, 4;
    %ix/load 4, 10, 0;
    %flag_set/imm 4, 0;
    %store/vec4 v000001a6288d53e0_0, 4, 1;
T_4.3 ;
T_4.1 ;
    %load/vec4 v000001a6288d53e0_0;
    %parti/s 1, 11, 5;
    %replicate 52;
    %ix/load 4, 12, 0;
    %flag_set/imm 4, 0;
    %store/vec4 v000001a6288d53e0_0, 4, 52;
    %jmp T_4;
    .thread T_4, $push;
    .scope S_000001a6287f23d0;
T_5 ;
    %pushi/vec4 0, 0, 64;
    %ix/load 4, 0, 0;
    %flag_set/imm 4, 0;
    %store/vec4a v000001a6288d7ad0, 4, 0;
    %pushi/vec4 1209, 0, 64;
    %ix/load 4, 1, 0;
    %flag_set/imm 4, 0;
    %store/vec4a v000001a6288d7ad0, 4, 0;
    %pushi/vec4 751, 0, 64;
    %ix/load 4, 2, 0;
    %flag_set/imm 4, 0;
    %store/vec4a v000001a6288d7ad0, 4, 0;
    %pushi/vec4 3522, 0, 64;
    %ix/load 4, 3, 0;
    %flag_set/imm 4, 0;
    %store/vec4a v000001a6288d7ad0, 4, 0;
    %pushi/vec4 2971, 0, 64;
    %ix/load 4, 4, 0;
    %flag_set/imm 4, 0;
    %store/vec4a v000001a6288d7ad0, 4, 0;
    %pushi/vec4 72, 0, 64;
    %ix/load 4, 5, 0;
    %flag_set/imm 4, 0;
    %store/vec4a v000001a6288d7ad0, 4, 0;
    %pushi/vec4 1135, 0, 64;
    %ix/load 4, 6, 0;
    %flag_set/imm 4, 0;
    %store/vec4a v000001a6288d7ad0, 4, 0;
    %pushi/vec4 1141, 0, 64;
    %ix/load 4, 7, 0;
    %flag_set/imm 4, 0;
    %store/vec4a v000001a6288d7ad0, 4, 0;
    %pushi/vec4 2919, 0, 64;
    %ix/load 4, 8, 0;
    %flag_set/imm 4, 0;
    %store/vec4a v000001a6288d7ad0, 4, 0;
    %pushi/vec4 2467, 0, 64;
    %ix/load 4, 9, 0;
    %flag_set/imm 4, 0;
    %store/vec4a v000001a6288d7ad0, 4, 0;
    %pushi/vec4 0, 0, 64;
    %ix/load 4, 10, 0;
    %flag_set/imm 4, 0;
    %store/vec4a v000001a6288d7ad0, 4, 0;
    %pushi/vec4 3033, 0, 64;
    %ix/load 4, 11, 0;
    %flag_set/imm 4, 0;
    %store/vec4a v000001a6288d7ad0, 4, 0;
    %pushi/vec4 3278, 0, 64;
    %ix/load 4, 12, 0;
    %flag_set/imm 4, 0;
    %store/vec4a v000001a6288d7ad0, 4, 0;
    %pushi/vec4 3214, 0, 64;
    %ix/load 4, 13, 0;
    %flag_set/imm 4, 0;
    %store/vec4a v000001a6288d7ad0, 4, 0;
    %pushi/vec4 3656, 0, 64;
    %ix/load 4, 14, 0;
    %flag_set/imm 4, 0;
    %store/vec4a v000001a6288d7ad0, 4, 0;
    %pushi/vec4 1765, 0, 64;
    %ix/load 4, 15, 0;
    %flag_set/imm 4, 0;
    %store/vec4a v000001a6288d7ad0, 4, 0;
    %pushi/vec4 736, 0, 64;
    %ix/load 4, 16, 0;
    %flag_set/imm 4, 0;
    %store/vec4a v000001a6288d7ad0, 4, 0;
    %pushi/vec4 2985, 0, 64;
    %ix/load 4, 17, 0;
    %flag_set/imm 4, 0;
    %store/vec4a v000001a6288d7ad0, 4, 0;
    %pushi/vec4 2717, 0, 64;
    %ix/load 4, 18, 0;
    %flag_set/imm 4, 0;
    %store/vec4a v000001a6288d7ad0, 4, 0;
    %pushi/vec4 863, 0, 64;
    %ix/load 4, 19, 0;
    %flag_set/imm 4, 0;
    %store/vec4a v000001a6288d7ad0, 4, 0;
    %pushi/vec4 1916, 0, 64;
    %ix/load 4, 20, 0;
    %flag_set/imm 4, 0;
    %store/vec4a v000001a6288d7ad0, 4, 0;
    %pushi/vec4 13, 0, 64;
    %ix/load 4, 21, 0;
    %flag_set/imm 4, 0;
    %store/vec4a v000001a6288d7ad0, 4, 0;
    %pushi/vec4 701, 0, 64;
    %ix/load 4, 22, 0;
    %flag_set/imm 4, 0;
    %store/vec4a v000001a6288d7ad0, 4, 0;
    %pushi/vec4 3479, 0, 64;
    %ix/load 4, 23, 0;
    %flag_set/imm 4, 0;
    %store/vec4a v000001a6288d7ad0, 4, 0;
    %pushi/vec4 2489, 0, 64;
    %ix/load 4, 24, 0;
    %flag_set/imm 4, 0;
    %store/vec4a v000001a6288d7ad0, 4, 0;
    %pushi/vec4 1937, 0, 64;
    %ix/load 4, 25, 0;
    %flag_set/imm 4, 0;
    %store/vec4a v000001a6288d7ad0, 4, 0;
    %pushi/vec4 523, 0, 64;
    %ix/load 4, 26, 0;
    %flag_set/imm 4, 0;
    %store/vec4a v000001a6288d7ad0, 4, 0;
    %pushi/vec4 210, 0, 64;
    %ix/load 4, 27, 0;
    %flag_set/imm 4, 0;
    %store/vec4a v000001a6288d7ad0, 4, 0;
    %pushi/vec4 1043, 0, 64;
    %ix/load 4, 28, 0;
    %flag_set/imm 4, 0;
    %store/vec4a v000001a6288d7ad0, 4, 0;
    %pushi/vec4 425, 0, 64;
    %ix/load 4, 29, 0;
    %flag_set/imm 4, 0;
    %store/vec4a v000001a6288d7ad0, 4, 0;
    %pushi/vec4 2434, 0, 64;
    %ix/load 4, 30, 0;
    %flag_set/imm 4, 0;
    %store/vec4a v000001a6288d7ad0, 4, 0;
    %pushi/vec4 988, 0, 64;
    %ix/load 4, 31, 0;
    %flag_set/imm 4, 0;
    %store/vec4a v000001a6288d7ad0, 4, 0;
    %end;
    .thread T_5;
    .scope S_000001a6287f23d0;
T_6 ;
    %wait E_000001a628862780;
    %load/vec4 v000001a6288d7850_0;
    %load/vec4 v000001a6288d7210_0;
    %pushi/vec4 0, 0, 5;
    %cmp/ne;
    %flag_get/vec4 4;
    %and;
    %flag_set/vec4 8;
    %jmp/0xz  T_6.0, 8;
    %load/vec4 v000001a6288d9860_0;
    %load/vec4 v000001a6288d7210_0;
    %pad/u 7;
    %ix/vec4 3;
    %ix/load 4, 0, 0; Constant delay
    %assign/vec4/a/d v000001a6288d7ad0, 0, 4;
T_6.0 ;
    %jmp T_6;
    .thread T_6;
    .scope S_000001a6287f23d0;
T_7 ;
    %wait E_000001a628861d40;
    %load/vec4 v000001a6288d7b70_0;
    %flag_set/vec4 8;
    %jmp/0xz  T_7.0, 8;
    %pushi/vec4 0, 0, 64;
    %assign/vec4 v000001a6288d72b0_0, 0;
    %pushi/vec4 0, 0, 64;
    %assign/vec4 v000001a6288d7350_0, 0;
    %jmp T_7.1;
T_7.0 ;
    %load/vec4 v000001a6288d73f0_0;
    %pad/u 7;
    %ix/vec4 4;
    %load/vec4a v000001a6288d7ad0, 4;
    %assign/vec4 v000001a6288d72b0_0, 0;
    %load/vec4 v000001a6288d78f0_0;
    %pad/u 7;
    %ix/vec4 4;
    %load/vec4a v000001a6288d7ad0, 4;
    %assign/vec4 v000001a6288d7350_0, 0;
T_7.1 ;
    %jmp T_7;
    .thread T_7, $push;
    .scope S_000001a6287f9cf0;
T_8 ;
    %wait E_000001a628862380;
    %load/vec4 v000001a62887c220_0;
    %dup/vec4;
    %pushi/vec4 51, 0, 7;
    %cmp/u;
    %jmp/1 T_8.0, 6;
    %dup/vec4;
    %pushi/vec4 3, 0, 7;
    %cmp/u;
    %jmp/1 T_8.1, 6;
    %dup/vec4;
    %pushi/vec4 35, 0, 7;
    %cmp/u;
    %jmp/1 T_8.2, 6;
    %dup/vec4;
    %pushi/vec4 99, 0, 7;
    %cmp/u;
    %jmp/1 T_8.3, 6;
    %dup/vec4;
    %pushi/vec4 19, 0, 7;
    %cmp/u;
    %jmp/1 T_8.4, 6;
    %pushi/vec4 0, 0, 2;
    %store/vec4 v000001a62887b320_0, 0, 2;
    %pushi/vec4 0, 0, 1;
    %store/vec4 v000001a62887b780_0, 0, 1;
    %pushi/vec4 0, 0, 1;
    %store/vec4 v000001a62887baa0_0, 0, 1;
    %pushi/vec4 0, 0, 1;
    %store/vec4 v000001a62887b820_0, 0, 1;
    %pushi/vec4 0, 0, 1;
    %store/vec4 v000001a62887bdc0_0, 0, 1;
    %pushi/vec4 0, 0, 1;
    %store/vec4 v000001a62887bd20_0, 0, 1;
    %pushi/vec4 0, 0, 1;
    %store/vec4 v000001a62887b500_0, 0, 1;
    %jmp T_8.6;
T_8.0 ;
    %pushi/vec4 2, 0, 2;
    %store/vec4 v000001a62887b320_0, 0, 2;
    %pushi/vec4 0, 0, 1;
    %store/vec4 v000001a62887b780_0, 0, 1;
    %pushi/vec4 0, 0, 1;
    %store/vec4 v000001a62887baa0_0, 0, 1;
    %pushi/vec4 0, 0, 1;
    %store/vec4 v000001a62887b820_0, 0, 1;
    %pushi/vec4 1, 0, 1;
    %store/vec4 v000001a62887bdc0_0, 0, 1;
    %pushi/vec4 0, 0, 1;
    %store/vec4 v000001a62887bd20_0, 0, 1;
    %pushi/vec4 0, 0, 1;
    %store/vec4 v000001a62887b500_0, 0, 1;
    %jmp T_8.6;
T_8.1 ;
    %pushi/vec4 0, 0, 2;
    %store/vec4 v000001a62887b320_0, 0, 2;
    %pushi/vec4 0, 0, 1;
    %store/vec4 v000001a62887b780_0, 0, 1;
    %pushi/vec4 0, 0, 1;
    %store/vec4 v000001a62887baa0_0, 0, 1;
    %pushi/vec4 1, 0, 1;
    %store/vec4 v000001a62887b820_0, 0, 1;
    %pushi/vec4 1, 0, 1;
    %store/vec4 v000001a62887bdc0_0, 0, 1;
    %pushi/vec4 1, 0, 1;
    %store/vec4 v000001a62887bd20_0, 0, 1;
    %pushi/vec4 1, 0, 1;
    %store/vec4 v000001a62887b500_0, 0, 1;
    %jmp T_8.6;
T_8.2 ;
    %pushi/vec4 0, 0, 2;
    %store/vec4 v000001a62887b320_0, 0, 2;
    %pushi/vec4 0, 0, 1;
    %store/vec4 v000001a62887b780_0, 0, 1;
    %pushi/vec4 1, 0, 1;
    %store/vec4 v000001a62887baa0_0, 0, 1;
    %pushi/vec4 0, 0, 1;
    %store/vec4 v000001a62887b820_0, 0, 1;
    %pushi/vec4 0, 0, 1;
    %store/vec4 v000001a62887bdc0_0, 0, 1;
    %pushi/vec4 1, 1, 1;
    %store/vec4 v000001a62887bd20_0, 0, 1;
    %pushi/vec4 1, 0, 1;
    %store/vec4 v000001a62887b500_0, 0, 1;
    %jmp T_8.6;
T_8.3 ;
    %pushi/vec4 1, 0, 2;
    %store/vec4 v000001a62887b320_0, 0, 2;
    %pushi/vec4 1, 0, 1;
    %store/vec4 v000001a62887b780_0, 0, 1;
    %pushi/vec4 0, 0, 1;
    %store/vec4 v000001a62887baa0_0, 0, 1;
    %pushi/vec4 0, 0, 1;
    %store/vec4 v000001a62887b820_0, 0, 1;
    %pushi/vec4 0, 0, 1;
    %store/vec4 v000001a62887bdc0_0, 0, 1;
    %pushi/vec4 1, 1, 1;
    %store/vec4 v000001a62887bd20_0, 0, 1;
    %pushi/vec4 0, 0, 1;
    %store/vec4 v000001a62887b500_0, 0, 1;
    %jmp T_8.6;
T_8.4 ;
    %pushi/vec4 0, 0, 2;
    %store/vec4 v000001a62887b320_0, 0, 2;
    %pushi/vec4 0, 0, 1;
    %store/vec4 v000001a62887b780_0, 0, 1;
    %pushi/vec4 0, 0, 1;
    %store/vec4 v000001a62887baa0_0, 0, 1;
    %pushi/vec4 0, 0, 1;
    %store/vec4 v000001a62887b820_0, 0, 1;
    %pushi/vec4 1, 0, 1;
    %store/vec4 v000001a62887bdc0_0, 0, 1;
    %pushi/vec4 0, 0, 1;
    %store/vec4 v000001a62887bd20_0, 0, 1;
    %pushi/vec4 1, 0, 1;
    %store/vec4 v000001a62887b500_0, 0, 1;
    %jmp T_8.6;
T_8.6 ;
    %pop/vec4 1;
    %jmp T_8;
    .thread T_8, $push;
    .scope S_000001a6288245a0;
T_9 ;
    %wait E_000001a628861f00;
    %load/vec4 v000001a6288d6e50_0;
    %cmpi/e 1, 0, 1;
    %jmp/0xz  T_9.0, 4;
    %pushi/vec4 0, 0, 64;
    %assign/vec4 v000001a6288d6270_0, 0;
    %pushi/vec4 0, 0, 4;
    %assign/vec4 v000001a6288d7e90_0, 0;
    %pushi/vec4 0, 0, 2;
    %assign/vec4 v000001a6288d55c0_0, 0;
    %pushi/vec4 0, 0, 1;
    %assign/vec4 v000001a6288d61d0_0, 0;
    %pushi/vec4 0, 0, 1;
    %assign/vec4 v000001a6288d7a30_0, 0;
    %pushi/vec4 0, 0, 1;
    %assign/vec4 v000001a6288d6950_0, 0;
    %pushi/vec4 0, 0, 1;
    %assign/vec4 v000001a6288d64f0_0, 0;
    %pushi/vec4 0, 0, 1;
    %assign/vec4 v000001a6288d7490_0, 0;
    %pushi/vec4 0, 0, 1;
    %assign/vec4 v000001a6288d5a20_0, 0;
    %pushi/vec4 0, 0, 64;
    %assign/vec4 v000001a6288d6630_0, 0;
    %pushi/vec4 0, 0, 64;
    %assign/vec4 v000001a6288d6b30_0, 0;
    %pushi/vec4 0, 0, 5;
    %assign/vec4 v000001a6288d7df0_0, 0;
    %pushi/vec4 0, 0, 5;
    %assign/vec4 v000001a6288d6810_0, 0;
    %pushi/vec4 0, 0, 5;
    %assign/vec4 v000001a6288d63b0_0, 0;
    %pushi/vec4 0, 0, 64;
    %assign/vec4 v000001a6288d7f30_0, 0;
    %jmp T_9.1;
T_9.0 ;
    %load/vec4 v000001a6288d7cb0_0;
    %assign/vec4 v000001a6288d6270_0, 0;
    %load/vec4 v000001a6288d6a90_0;
    %assign/vec4 v000001a6288d7e90_0, 0;
    %load/vec4 v000001a6288d5520_0;
    %assign/vec4 v000001a6288d55c0_0, 0;
    %load/vec4 v000001a6288d7030_0;
    %assign/vec4 v000001a6288d61d0_0, 0;
    %load/vec4 v000001a6288d70d0_0;
    %assign/vec4 v000001a6288d7a30_0, 0;
    %load/vec4 v000001a6288d68b0_0;
    %assign/vec4 v000001a6288d6950_0, 0;
    %load/vec4 v000001a6288d7990_0;
    %assign/vec4 v000001a6288d64f0_0, 0;
    %load/vec4 v000001a6288d7c10_0;
    %assign/vec4 v000001a6288d7490_0, 0;
    %load/vec4 v000001a6288d5980_0;
    %assign/vec4 v000001a6288d5a20_0, 0;
    %load/vec4 v000001a6288d7d50_0;
    %assign/vec4 v000001a6288d6630_0, 0;
    %load/vec4 v000001a6288d6bd0_0;
    %assign/vec4 v000001a6288d6b30_0, 0;
    %load/vec4 v000001a6288d6ef0_0;
    %assign/vec4 v000001a6288d7df0_0, 0;
    %load/vec4 v000001a6288d6590_0;
    %assign/vec4 v000001a6288d6810_0, 0;
    %load/vec4 v000001a6288d6770_0;
    %assign/vec4 v000001a6288d63b0_0, 0;
    %load/vec4 v000001a6288d6310_0;
    %assign/vec4 v000001a6288d7f30_0, 0;
T_9.1 ;
    %jmp T_9;
    .thread T_9;
    .scope S_000001a6287fef10;
T_10 ;
    %wait E_000001a628862a00;
    %load/vec4 v000001a62887ac40_0;
    %cmpi/e 0, 0, 2;
    %jmp/0xz  T_10.0, 4;
    %pushi/vec4 2, 0, 4;
    %assign/vec4 v000001a62887b0a0_0, 0;
    %jmp T_10.1;
T_10.0 ;
    %load/vec4 v000001a62887ac40_0;
    %cmpi/e 1, 0, 2;
    %jmp/0xz  T_10.2, 4;
    %pushi/vec4 6, 0, 4;
    %assign/vec4 v000001a62887b0a0_0, 0;
    %jmp T_10.3;
T_10.2 ;
    %load/vec4 v000001a62887ac40_0;
    %cmpi/e 2, 0, 2;
    %jmp/0xz  T_10.4, 4;
    %load/vec4 v000001a62887ae20_0;
    %dup/vec4;
    %pushi/vec4 0, 0, 4;
    %cmp/u;
    %jmp/1 T_10.6, 6;
    %dup/vec4;
    %pushi/vec4 8, 0, 4;
    %cmp/u;
    %jmp/1 T_10.7, 6;
    %dup/vec4;
    %pushi/vec4 7, 0, 4;
    %cmp/u;
    %jmp/1 T_10.8, 6;
    %dup/vec4;
    %pushi/vec4 6, 0, 4;
    %cmp/u;
    %jmp/1 T_10.9, 6;
    %pushi/vec4 0, 0, 4;
    %assign/vec4 v000001a62887b0a0_0, 0;
    %jmp T_10.11;
T_10.6 ;
    %pushi/vec4 2, 0, 4;
    %assign/vec4 v000001a62887b0a0_0, 0;
    %jmp T_10.11;
T_10.7 ;
    %pushi/vec4 6, 0, 4;
    %assign/vec4 v000001a62887b0a0_0, 0;
    %jmp T_10.11;
T_10.8 ;
    %pushi/vec4 0, 0, 4;
    %assign/vec4 v000001a62887b0a0_0, 0;
    %jmp T_10.11;
T_10.9 ;
    %pushi/vec4 1, 0, 4;
    %assign/vec4 v000001a62887b0a0_0, 0;
    %jmp T_10.11;
T_10.11 ;
    %pop/vec4 1;
T_10.4 ;
T_10.3 ;
T_10.1 ;
    %jmp T_10;
    .thread T_10, $push;
    .scope S_000001a6287ff230;
T_11 ;
    %wait E_000001a628861ec0;
    %load/vec4 v000001a62887bc80_0;
    %cmpi/e 0, 0, 4;
    %jmp/0xz  T_11.0, 4;
    %load/vec4 v000001a62887b280_0;
    %load/vec4 v000001a62887af60_0;
    %and;
    %store/vec4 v000001a62887aec0_0, 0, 64;
    %jmp T_11.1;
T_11.0 ;
    %load/vec4 v000001a62887bc80_0;
    %cmpi/e 1, 0, 4;
    %jmp/0xz  T_11.2, 4;
    %load/vec4 v000001a62887b280_0;
    %load/vec4 v000001a62887af60_0;
    %or;
    %store/vec4 v000001a62887aec0_0, 0, 64;
    %jmp T_11.3;
T_11.2 ;
    %load/vec4 v000001a62887bc80_0;
    %cmpi/e 2, 0, 4;
    %jmp/0xz  T_11.4, 4;
    %load/vec4 v000001a62887b280_0;
    %load/vec4 v000001a62887af60_0;
    %add;
    %store/vec4 v000001a62887aec0_0, 0, 64;
    %jmp T_11.5;
T_11.4 ;
    %load/vec4 v000001a62887bc80_0;
    %cmpi/e 6, 0, 4;
    %jmp/0xz  T_11.6, 4;
    %load/vec4 v000001a62887b280_0;
    %load/vec4 v000001a62887af60_0;
    %sub;
    %store/vec4 v000001a62887aec0_0, 0, 64;
    %jmp T_11.7;
T_11.6 ;
    %load/vec4 v000001a62887bc80_0;
    %cmpi/e 12, 0, 4;
    %jmp/0xz  T_11.8, 4;
    %load/vec4 v000001a62887b280_0;
    %load/vec4 v000001a62887af60_0;
    %or;
    %inv;
    %store/vec4 v000001a62887aec0_0, 0, 64;
T_11.8 ;
T_11.7 ;
T_11.5 ;
T_11.3 ;
T_11.1 ;
    %load/vec4 v000001a62887aec0_0;
    %cmpi/e 0, 0, 64;
    %jmp/0xz  T_11.10, 4;
    %pushi/vec4 1, 0, 1;
    %store/vec4 v000001a62887b6e0_0, 0, 1;
    %jmp T_11.11;
T_11.10 ;
    %pushi/vec4 0, 0, 1;
    %store/vec4 v000001a62887b6e0_0, 0, 1;
T_11.11 ;
    %load/vec4 v000001a62887aec0_0;
    %parti/s 1, 63, 7;
    %inv;
    %assign/vec4 v000001a62887b140_0, 0;
    %jmp T_11;
    .thread T_11, $push;
    .scope S_000001a6287f9e80;
T_12 ;
    %wait E_000001a628861f00;
    %load/vec4 v000001a6288d4ee0_0;
    %cmpi/e 1, 0, 1;
    %jmp/0xz  T_12.0, 4;
    %pushi/vec4 0, 0, 64;
    %assign/vec4 v000001a62887c360_0, 0;
    %pushi/vec4 0, 0, 64;
    %assign/vec4 v000001a6288d4d00_0, 0;
    %pushi/vec4 0, 0, 1;
    %assign/vec4 v000001a6288d4f80_0, 0;
    %pushi/vec4 0, 0, 1;
    %assign/vec4 v000001a6287b3b60_0, 0;
    %pushi/vec4 0, 0, 1;
    %assign/vec4 v000001a6288d4620_0, 0;
    %pushi/vec4 0, 0, 1;
    %assign/vec4 v000001a62887c540_0, 0;
    %pushi/vec4 0, 0, 1;
    %assign/vec4 v000001a6287b42e0_0, 0;
    %pushi/vec4 0, 0, 1;
    %assign/vec4 v000001a62887c720_0, 0;
    %pushi/vec4 0, 0, 5;
    %assign/vec4 v000001a6288d4120_0, 0;
    %pushi/vec4 0, 0, 64;
    %assign/vec4 v000001a6288d4b20_0, 0;
    %jmp T_12.1;
T_12.0 ;
    %load/vec4 v000001a62887c5e0_0;
    %assign/vec4 v000001a62887c360_0, 0;
    %load/vec4 v000001a6288d50c0_0;
    %assign/vec4 v000001a6288d4d00_0, 0;
    %load/vec4 v000001a6288d41c0_0;
    %assign/vec4 v000001a6288d4f80_0, 0;
    %load/vec4 v000001a6287b37a0_0;
    %assign/vec4 v000001a6287b3b60_0, 0;
    %load/vec4 v000001a6288d4580_0;
    %assign/vec4 v000001a6288d4620_0, 0;
    %load/vec4 v000001a62887c400_0;
    %assign/vec4 v000001a62887c540_0, 0;
    %load/vec4 v000001a6287b4600_0;
    %assign/vec4 v000001a6287b42e0_0, 0;
    %load/vec4 v000001a62887c680_0;
    %assign/vec4 v000001a62887c720_0, 0;
    %load/vec4 v000001a6288d46c0_0;
    %assign/vec4 v000001a6288d4120_0, 0;
    %load/vec4 v000001a6288d44e0_0;
    %assign/vec4 v000001a6288d4b20_0, 0;
T_12.1 ;
    %jmp T_12;
    .thread T_12;
# The file index is used to find the file name in the following table.
:file_names 18;
    "N/A";
    "<interactive>";
    "./MEM_WB.v";
    "RISC_V_Pipeline.v";
    "./Adder.v";
    "./ALU_Control.v";
    "./ALU_64_bit.v";
    "./Control_Unit.v";
    "./EX_MEM.v";
    "./Instruction_Memory.v";
    "./IF_ID.v";
    "./instruction.v";
    "./imm_data_gen.v";
    "./ID_EX.v";
    "./MUX.v";
    "./Program_Counter.v";
    "./registerFile.v";
    "./shift_left.v";
