#! /c/Source/iverilog-install/bin/vvp
:ivl_version "12.0 (devel)" "(s20150603-1110-g18392a46)";
:ivl_delay_selection "TYPICAL";
:vpi_time_precision + 0;
:vpi_module "D:\Program_Files\iverilog\lib\ivl\system.vpi";
:vpi_module "D:\Program_Files\iverilog\lib\ivl\vhdl_sys.vpi";
:vpi_module "D:\Program_Files\iverilog\lib\ivl\vhdl_textio.vpi";
:vpi_module "D:\Program_Files\iverilog\lib\ivl\v2005_math.vpi";
:vpi_module "D:\Program_Files\iverilog\lib\ivl\va_math.vpi";
S_00000282fd782720 .scope module, "shift_left" "shift_left" 2 1;
 .timescale 0 0;
    .port_info 0 /INPUT 64 "a";
    .port_info 1 /OUTPUT 64 "b";
v00000282fd782f40_0 .net *"_ivl_1", 62 0, L_00000282fd7829f0;  1 drivers
L_00000282fd7f90d8 .functor BUFT 1, C4<0>, C4<0>, C4<0>, C4<0>;
v00000282fd7832b0_0 .net/2u *"_ivl_2", 0 0, L_00000282fd7f90d8;  1 drivers
o00000282fd7a4898 .functor BUFZ 64, C4<zzzzzzzzzzzzzzzzzzzzzzzzzzzzzzzzzzzzzzzzzzzzzzzzzzzzzzzzzzzzzzzz>; HiZ drive
v00000282fd7828b0_0 .net "a", 63 0, o00000282fd7a4898;  0 drivers
v00000282fd782950_0 .net "b", 63 0, L_00000282fd782a90;  1 drivers
L_00000282fd7829f0 .part o00000282fd7a4898, 0, 63;
L_00000282fd782a90 .concat [ 1 63 0 0], L_00000282fd7f90d8, L_00000282fd7829f0;
# The file index is used to find the file name in the following table.
:file_names 3;
    "N/A";
    "<interactive>";
    "shift_left.v";
