#! /c/Source/iverilog-install/bin/vvp
:ivl_version "12.0 (devel)" "(s20150603-1110-g18392a46)";
:ivl_delay_selection "TYPICAL";
:vpi_time_precision + 0;
:vpi_module "D:\Program_Files\iverilog\lib\ivl\system.vpi";
:vpi_module "D:\Program_Files\iverilog\lib\ivl\vhdl_sys.vpi";
:vpi_module "D:\Program_Files\iverilog\lib\ivl\vhdl_textio.vpi";
:vpi_module "D:\Program_Files\iverilog\lib\ivl\v2005_math.vpi";
:vpi_module "D:\Program_Files\iverilog\lib\ivl\va_math.vpi";
S_00000240dd678c30 .scope module, "tb" "tb" 2 2;
 .timescale 0 0;
v00000240dd6d6e60_0 .var "dclk", 0 0;
v00000240dd6d6320_0 .var "dreset", 0 0;
S_00000240dd678dc0 .scope module, "r1" "RISC_V_Pipeline" 2 6, 3 18 0, S_00000240dd678c30;
 .timescale 0 0;
    .port_info 0 /INPUT 1 "clk";
    .port_info 1 /INPUT 1 "reset";
v00000240dd6d1f40_0 .net "ALUOp_EX", 1 0, v00000240dd6c73e0_0;  1 drivers
v00000240dd6d2ee0_0 .net "ALUOp_ID", 1 0, v00000240dd6503f0_0;  1 drivers
v00000240dd6d23a0_0 .net "ALUSrc_EX", 0 0, v00000240dd6c7200_0;  1 drivers
v00000240dd6d28a0_0 .net "ALUSrc_ID", 0 0, v00000240dd6516b0_0;  1 drivers
v00000240dd6d2b20_0 .net "Branch_Adder_Out_EX", 63 0, L_00000240dd6d6960;  1 drivers
v00000240dd6d1b80_0 .net "Branch_Adder_Out_MEM", 63 0, v00000240dd633440_0;  1 drivers
v00000240dd6d1220_0 .net "Branch_EX", 0 0, v00000240dd6c7a20_0;  1 drivers
v00000240dd6d2d00_0 .net "Branch_ID", 0 0, v00000240dd651250_0;  1 drivers
v00000240dd6d1540_0 .net "Branch_MEM", 0 0, v00000240dd6c5470_0;  1 drivers
v00000240dd6d12c0_0 .net "Funct_EX", 3 0, v00000240dd6c8ce0_0;  1 drivers
v00000240dd6d1400_0 .net "Init_PC_In", 63 0, L_00000240dd6d51a0;  1 drivers
v00000240dd6d14a0_0 .net "Init_PC_Out", 63 0, v00000240dd6d17c0_0;  1 drivers
v00000240dd6d2c60_0 .net "Instruction_ID", 31 0, v00000240dd6c6410_0;  1 drivers
v00000240dd6d1900_0 .net "Instruction_IF", 31 0, L_00000240dd6d5f60;  1 drivers
v00000240dd6d19a0_0 .net "MUX1_Input1", 63 0, L_00000240dd6d5e20;  1 drivers
o00000240dd67c288 .functor BUFZ 64, C4<zzzzzzzzzzzzzzzzzzzzzzzzzzzzzzzzzzzzzzzzzzzzzzzzzzzzzzzzzzzzzzzz>; HiZ drive
v00000240dd6d1ae0_0 .net "MUX1_Input2", 63 0, o00000240dd67c288;  0 drivers
v00000240dd6d1cc0_0 .net "MUX5_Out", 63 0, L_00000240dd6d5380;  1 drivers
v00000240dd6d1d60_0 .net "MUX_out_EX", 63 0, L_00000240dd6d6f00;  1 drivers
v00000240dd6d1e00_0 .net "MemRead_EX", 0 0, v00000240dd6c8600_0;  1 drivers
v00000240dd6d1ea0_0 .net "MemRead_ID", 0 0, v00000240dd650490_0;  1 drivers
v00000240dd6d2080_0 .net "MemRead_MEM", 0 0, v00000240dd6c5a10_0;  1 drivers
v00000240dd6d3190_0 .net "MemWrite_EX", 0 0, v00000240dd6c8880_0;  1 drivers
v00000240dd6d3b90_0 .net "MemWrite_ID", 0 0, v00000240dd650530_0;  1 drivers
v00000240dd6d3230_0 .net "MemWrite_MEM", 0 0, v00000240dd6c60f0_0;  1 drivers
v00000240dd6d3ff0_0 .net "MemtoReg_EX", 0 0, v00000240dd6c7f20_0;  1 drivers
v00000240dd6d32d0_0 .net "MemtoReg_ID", 0 0, v00000240dd651390_0;  1 drivers
v00000240dd6d4310_0 .net "MemtoReg_MEM", 0 0, v00000240dd6c67d0_0;  1 drivers
v00000240dd6d3d70_0 .net "MemtoReg_WB", 0 0, v00000240dd6c8c40_0;  1 drivers
v00000240dd6d43b0_0 .net "Operation_EX", 3 0, v00000240dd651d90_0;  1 drivers
v00000240dd6d4bd0_0 .net "PC_Out_EX", 63 0, v00000240dd6c8060_0;  1 drivers
v00000240dd6d3870_0 .net "PC_Out_ID", 63 0, v00000240dd6c64b0_0;  1 drivers
v00000240dd6d3c30_0 .net "Read_Data_1_EX", 63 0, v00000240dd6c8a60_0;  1 drivers
v00000240dd6d3eb0_0 .net "Read_Data_1_ID", 63 0, v00000240dd6d1680_0;  1 drivers
v00000240dd6d4590_0 .net "Read_Data_2_EX", 63 0, v00000240dd6c75c0_0;  1 drivers
v00000240dd6d34b0_0 .net "Read_Data_2_ID", 63 0, v00000240dd6d2260_0;  1 drivers
v00000240dd6d4630_0 .net "Read_Data_2_MEM", 63 0, v00000240dd6c5010_0;  1 drivers
v00000240dd6d3e10_0 .net "Read_Data_MEM", 63 0, v00000240dd651930_0;  1 drivers
v00000240dd6d3af0_0 .net "Read_Data_WB", 63 0, v00000240dd6c7840_0;  1 drivers
v00000240dd6d37d0_0 .net "RegWrite_EX", 0 0, v00000240dd6c87e0_0;  1 drivers
v00000240dd6d3550_0 .net "RegWrite_ID", 0 0, v00000240dd6507b0_0;  1 drivers
v00000240dd6d3cd0_0 .net "RegWrite_MEM", 0 0, v00000240dd6c65f0_0;  1 drivers
v00000240dd6d3370_0 .net "RegWrite_WB", 0 0, v00000240dd6c86a0_0;  1 drivers
v00000240dd6d48b0_0 .net "Result_EX", 63 0, v00000240dd650ad0_0;  1 drivers
v00000240dd6d41d0_0 .net "Result_MEM", 63 0, v00000240dd6c6190_0;  1 drivers
v00000240dd6d4810_0 .net "Result_WB", 63 0, v00000240dd6c7c00_0;  1 drivers
v00000240dd6d3910_0 .net "Zero_EX", 0 0, v00000240dd6500d0_0;  1 drivers
v00000240dd6d3410_0 .net "Zero_MEM", 0 0, v00000240dd6c5f10_0;  1 drivers
v00000240dd6d39b0_0 .net *"_ivl_3", 0 0, L_00000240dd6d5740;  1 drivers
v00000240dd6d35f0_0 .net *"_ivl_5", 2 0, L_00000240dd6d6640;  1 drivers
v00000240dd6d4db0_0 .net "beq_MEM", 0 0, v00000240dd651cf0_0;  1 drivers
v00000240dd6d3a50_0 .net "bge_MEM", 0 0, v00000240dd651570_0;  1 drivers
v00000240dd6d3f50_0 .net "blt_MEM", 0 0, v00000240dd651e30_0;  1 drivers
v00000240dd6d4130_0 .net "bne_MEM", 0 0, v00000240dd650cb0_0;  1 drivers
v00000240dd6d4c70_0 .net "clk", 0 0, v00000240dd6d6e60_0;  1 drivers
v00000240dd6d4d10_0 .net "f3_ID", 2 0, L_00000240dd6d6c80;  1 drivers
v00000240dd6d4450_0 .net "f7_ID", 6 0, L_00000240dd6d6500;  1 drivers
o00000240dd6795b8 .functor BUFZ 3, C4<zzz>; HiZ drive
v00000240dd6d46d0_0 .net "funct3_MEM", 2 0, o00000240dd6795b8;  0 drivers
v00000240dd6d4e50_0 .net "imm_data_EX", 63 0, v00000240dd6c81a0_0;  1 drivers
v00000240dd6d4090_0 .net "imm_data_ID", 63 0, v00000240dd6c7ac0_0;  1 drivers
v00000240dd6d4270_0 .net "opcode_ID", 6 0, L_00000240dd6d68c0;  1 drivers
v00000240dd6d3050_0 .net "pos_EX", 0 0, v00000240dd650a30_0;  1 drivers
o00000240dd6795e8 .functor BUFZ 1, C4<z>; HiZ drive
v00000240dd6d3690_0 .net "pos_MEM", 0 0, o00000240dd6795e8;  0 drivers
v00000240dd6d3730_0 .net "rd_EX", 4 0, v00000240dd6c7160_0;  1 drivers
v00000240dd6d44f0_0 .net "rd_ID", 4 0, L_00000240dd6d5100;  1 drivers
v00000240dd6d4770_0 .net "rd_MEM", 4 0, v00000240dd6c5fb0_0;  1 drivers
v00000240dd6d4950_0 .net "rd_WB", 4 0, v00000240dd6c8240_0;  1 drivers
v00000240dd6d49f0_0 .net "reset", 0 0, v00000240dd6d6320_0;  1 drivers
v00000240dd6d4a90_0 .net "rs1_EX", 4 0, v00000240dd6c7de0_0;  1 drivers
v00000240dd6d4ef0_0 .net "rs1_ID", 4 0, L_00000240dd6d65a0;  1 drivers
v00000240dd6d4b30_0 .net "rs2_EX", 4 0, v00000240dd6c8380_0;  1 drivers
v00000240dd6d30f0_0 .net "rs2_ID", 4 0, L_00000240dd6d6000;  1 drivers
v00000240dd6d5920_0 .net "shift_Left_out", 63 0, L_00000240dd6d57e0;  1 drivers
v00000240dd6d5600_0 .net "to_branch_MEM", 0 0, v00000240dd6502b0_0;  1 drivers
L_00000240dd6d5740 .part v00000240dd6c6410_0, 30, 1;
L_00000240dd6d6640 .part v00000240dd6c6410_0, 12, 3;
L_00000240dd6d66e0 .concat [ 3 1 0 0], L_00000240dd6d6640, L_00000240dd6d5740;
S_00000240dd5e9480 .scope module, "a1" "Adder" 3 93, 4 1 0, S_00000240dd678dc0;
 .timescale 0 0;
    .port_info 0 /INPUT 64 "a";
    .port_info 1 /INPUT 64 "b";
    .port_info 2 /OUTPUT 64 "out";
v00000240dd650210_0 .net "a", 63 0, v00000240dd6d17c0_0;  alias, 1 drivers
L_00000240dd6d7028 .functor BUFT 1, C4<0000000000000000000000000000000000000000000000000000000000000100>, C4<0>, C4<0>, C4<0>;
v00000240dd6508f0_0 .net "b", 63 0, L_00000240dd6d7028;  1 drivers
v00000240dd650990_0 .net "out", 63 0, L_00000240dd6d5e20;  alias, 1 drivers
L_00000240dd6d5e20 .arith/sum 64, v00000240dd6d17c0_0, L_00000240dd6d7028;
S_00000240dd5e9610 .scope module, "a2" "ALU_Control" 3 103, 5 1 0, S_00000240dd678dc0;
 .timescale 0 0;
    .port_info 0 /INPUT 2 "ALUOp";
    .port_info 1 /INPUT 4 "Funct";
    .port_info 2 /OUTPUT 4 "Operation";
v00000240dd651a70_0 .net "ALUOp", 1 0, v00000240dd6c73e0_0;  alias, 1 drivers
v00000240dd650e90_0 .net "Funct", 3 0, v00000240dd6c8ce0_0;  alias, 1 drivers
v00000240dd651d90_0 .var "Operation", 3 0;
E_00000240dd6634c0 .event anyedge, v00000240dd651a70_0, v00000240dd650e90_0;
S_00000240dd5e97a0 .scope module, "a3" "Adder" 3 105, 4 1 0, S_00000240dd678dc0;
 .timescale 0 0;
    .port_info 0 /INPUT 64 "a";
    .port_info 1 /INPUT 64 "b";
    .port_info 2 /OUTPUT 64 "out";
v00000240dd650f30_0 .net "a", 63 0, v00000240dd6c8060_0;  alias, 1 drivers
v00000240dd651c50_0 .net "b", 63 0, L_00000240dd6d57e0;  alias, 1 drivers
v00000240dd650850_0 .net "out", 63 0, L_00000240dd6d6960;  alias, 1 drivers
L_00000240dd6d6960 .arith/sum 64, v00000240dd6c8060_0, L_00000240dd6d57e0;
S_00000240dd5bae50 .scope module, "a4" "ALU_64_bit" 3 107, 6 1 0, S_00000240dd678dc0;
 .timescale 0 0;
    .port_info 0 /INPUT 64 "a";
    .port_info 1 /INPUT 64 "b";
    .port_info 2 /INPUT 4 "ALUOp";
    .port_info 3 /OUTPUT 1 "Zero";
    .port_info 4 /OUTPUT 64 "Result";
    .port_info 5 /OUTPUT 1 "Pos";
v00000240dd651bb0_0 .net "ALUOp", 3 0, v00000240dd651d90_0;  alias, 1 drivers
v00000240dd650a30_0 .var "Pos", 0 0;
v00000240dd650ad0_0 .var "Result", 63 0;
v00000240dd6500d0_0 .var "Zero", 0 0;
v00000240dd650b70_0 .net "a", 63 0, v00000240dd6c8a60_0;  alias, 1 drivers
v00000240dd6512f0_0 .net "b", 63 0, L_00000240dd6d6f00;  alias, 1 drivers
E_00000240dd6635c0 .event anyedge, v00000240dd651d90_0, v00000240dd650b70_0, v00000240dd6512f0_0, v00000240dd650ad0_0;
S_00000240dd5bafe0 .scope module, "b1" "branch_module" 3 110, 7 1 0, S_00000240dd678dc0;
 .timescale 0 0;
    .port_info 0 /INPUT 1 "zero";
    .port_info 1 /INPUT 1 "pos";
    .port_info 2 /INPUT 1 "branch";
    .port_info 3 /INPUT 3 "funct3";
    .port_info 4 /OUTPUT 1 "bne";
    .port_info 5 /OUTPUT 1 "beq";
    .port_info 6 /OUTPUT 1 "bge";
    .port_info 7 /OUTPUT 1 "blt";
    .port_info 8 /OUTPUT 1 "to_branch";
v00000240dd651cf0_0 .var "beq", 0 0;
v00000240dd651570_0 .var "bge", 0 0;
v00000240dd651e30_0 .var "blt", 0 0;
v00000240dd650cb0_0 .var "bne", 0 0;
v00000240dd650d50_0 .net "branch", 0 0, v00000240dd6c5470_0;  alias, 1 drivers
v00000240dd650fd0_0 .net "funct3", 2 0, o00000240dd6795b8;  alias, 0 drivers
v00000240dd651110_0 .net "pos", 0 0, o00000240dd6795e8;  alias, 0 drivers
v00000240dd6502b0_0 .var "to_branch", 0 0;
v00000240dd650350_0 .net "zero", 0 0, v00000240dd6c5f10_0;  alias, 1 drivers
E_00000240dd663580/0 .event anyedge, v00000240dd650d50_0, v00000240dd650350_0, v00000240dd650fd0_0, v00000240dd651110_0;
E_00000240dd663580/1 .event anyedge, v00000240dd650cb0_0, v00000240dd651cf0_0, v00000240dd651e30_0, v00000240dd651570_0;
E_00000240dd663580 .event/or E_00000240dd663580/0, E_00000240dd663580/1;
S_00000240dd5bb170 .scope module, "c1" "Control_Unit" 3 100, 8 1 0, S_00000240dd678dc0;
 .timescale 0 0;
    .port_info 0 /INPUT 7 "opcode";
    .port_info 1 /OUTPUT 2 "ALUOp";
    .port_info 2 /OUTPUT 1 "Branch";
    .port_info 3 /OUTPUT 1 "MemRead";
    .port_info 4 /OUTPUT 1 "MemtoReg";
    .port_info 5 /OUTPUT 1 "MemWrite";
    .port_info 6 /OUTPUT 1 "ALUSrc";
    .port_info 7 /OUTPUT 1 "RegWrite";
v00000240dd6503f0_0 .var "ALUOp", 1 0;
v00000240dd6516b0_0 .var "ALUSrc", 0 0;
v00000240dd651250_0 .var "Branch", 0 0;
v00000240dd650490_0 .var "MemRead", 0 0;
v00000240dd650530_0 .var "MemWrite", 0 0;
v00000240dd651390_0 .var "MemtoReg", 0 0;
v00000240dd6507b0_0 .var "RegWrite", 0 0;
v00000240dd651430_0 .net "opcode", 6 0, L_00000240dd6d68c0;  alias, 1 drivers
E_00000240dd663640 .event anyedge, v00000240dd651430_0;
S_00000240dd5bf320 .scope module, "d1" "Data_Memory" 3 111, 9 1 0, S_00000240dd678dc0;
 .timescale 0 0;
    .port_info 0 /INPUT 1 "clk";
    .port_info 1 /INPUT 64 "Mem_Addr";
    .port_info 2 /INPUT 64 "Write_Data";
    .port_info 3 /INPUT 1 "MemWrite";
    .port_info 4 /INPUT 1 "MemRead";
    .port_info 5 /OUTPUT 64 "Read_Data";
    .port_info 6 /INPUT 3 "funct3";
v00000240dd6514d0 .array "DMem", 0 63, 7 0;
v00000240dd651750_0 .net "MemRead", 0 0, v00000240dd6c5a10_0;  alias, 1 drivers
v00000240dd6505d0_0 .net "MemWrite", 0 0, v00000240dd6c60f0_0;  alias, 1 drivers
v00000240dd651890_0 .net "Mem_Addr", 63 0, v00000240dd6c6190_0;  alias, 1 drivers
v00000240dd651930_0 .var "Read_Data", 63 0;
v00000240dd633e40_0 .net "Write_Data", 63 0, v00000240dd6c5010_0;  alias, 1 drivers
v00000240dd632fe0_0 .net "clk", 0 0, v00000240dd6d6e60_0;  alias, 1 drivers
v00000240dd633080_0 .net "funct3", 2 0, o00000240dd6795b8;  alias, 0 drivers
v00000240dd6514d0_0 .array/port v00000240dd6514d0, 0;
E_00000240dd663700/0 .event anyedge, v00000240dd651750_0, v00000240dd650fd0_0, v00000240dd651890_0, v00000240dd6514d0_0;
v00000240dd6514d0_1 .array/port v00000240dd6514d0, 1;
v00000240dd6514d0_2 .array/port v00000240dd6514d0, 2;
v00000240dd6514d0_3 .array/port v00000240dd6514d0, 3;
v00000240dd6514d0_4 .array/port v00000240dd6514d0, 4;
E_00000240dd663700/1 .event anyedge, v00000240dd6514d0_1, v00000240dd6514d0_2, v00000240dd6514d0_3, v00000240dd6514d0_4;
v00000240dd6514d0_5 .array/port v00000240dd6514d0, 5;
v00000240dd6514d0_6 .array/port v00000240dd6514d0, 6;
v00000240dd6514d0_7 .array/port v00000240dd6514d0, 7;
v00000240dd6514d0_8 .array/port v00000240dd6514d0, 8;
E_00000240dd663700/2 .event anyedge, v00000240dd6514d0_5, v00000240dd6514d0_6, v00000240dd6514d0_7, v00000240dd6514d0_8;
v00000240dd6514d0_9 .array/port v00000240dd6514d0, 9;
v00000240dd6514d0_10 .array/port v00000240dd6514d0, 10;
v00000240dd6514d0_11 .array/port v00000240dd6514d0, 11;
v00000240dd6514d0_12 .array/port v00000240dd6514d0, 12;
E_00000240dd663700/3 .event anyedge, v00000240dd6514d0_9, v00000240dd6514d0_10, v00000240dd6514d0_11, v00000240dd6514d0_12;
v00000240dd6514d0_13 .array/port v00000240dd6514d0, 13;
v00000240dd6514d0_14 .array/port v00000240dd6514d0, 14;
v00000240dd6514d0_15 .array/port v00000240dd6514d0, 15;
v00000240dd6514d0_16 .array/port v00000240dd6514d0, 16;
E_00000240dd663700/4 .event anyedge, v00000240dd6514d0_13, v00000240dd6514d0_14, v00000240dd6514d0_15, v00000240dd6514d0_16;
v00000240dd6514d0_17 .array/port v00000240dd6514d0, 17;
v00000240dd6514d0_18 .array/port v00000240dd6514d0, 18;
v00000240dd6514d0_19 .array/port v00000240dd6514d0, 19;
v00000240dd6514d0_20 .array/port v00000240dd6514d0, 20;
E_00000240dd663700/5 .event anyedge, v00000240dd6514d0_17, v00000240dd6514d0_18, v00000240dd6514d0_19, v00000240dd6514d0_20;
v00000240dd6514d0_21 .array/port v00000240dd6514d0, 21;
v00000240dd6514d0_22 .array/port v00000240dd6514d0, 22;
v00000240dd6514d0_23 .array/port v00000240dd6514d0, 23;
v00000240dd6514d0_24 .array/port v00000240dd6514d0, 24;
E_00000240dd663700/6 .event anyedge, v00000240dd6514d0_21, v00000240dd6514d0_22, v00000240dd6514d0_23, v00000240dd6514d0_24;
v00000240dd6514d0_25 .array/port v00000240dd6514d0, 25;
v00000240dd6514d0_26 .array/port v00000240dd6514d0, 26;
v00000240dd6514d0_27 .array/port v00000240dd6514d0, 27;
v00000240dd6514d0_28 .array/port v00000240dd6514d0, 28;
E_00000240dd663700/7 .event anyedge, v00000240dd6514d0_25, v00000240dd6514d0_26, v00000240dd6514d0_27, v00000240dd6514d0_28;
v00000240dd6514d0_29 .array/port v00000240dd6514d0, 29;
v00000240dd6514d0_30 .array/port v00000240dd6514d0, 30;
v00000240dd6514d0_31 .array/port v00000240dd6514d0, 31;
v00000240dd6514d0_32 .array/port v00000240dd6514d0, 32;
E_00000240dd663700/8 .event anyedge, v00000240dd6514d0_29, v00000240dd6514d0_30, v00000240dd6514d0_31, v00000240dd6514d0_32;
v00000240dd6514d0_33 .array/port v00000240dd6514d0, 33;
v00000240dd6514d0_34 .array/port v00000240dd6514d0, 34;
v00000240dd6514d0_35 .array/port v00000240dd6514d0, 35;
v00000240dd6514d0_36 .array/port v00000240dd6514d0, 36;
E_00000240dd663700/9 .event anyedge, v00000240dd6514d0_33, v00000240dd6514d0_34, v00000240dd6514d0_35, v00000240dd6514d0_36;
v00000240dd6514d0_37 .array/port v00000240dd6514d0, 37;
v00000240dd6514d0_38 .array/port v00000240dd6514d0, 38;
v00000240dd6514d0_39 .array/port v00000240dd6514d0, 39;
v00000240dd6514d0_40 .array/port v00000240dd6514d0, 40;
E_00000240dd663700/10 .event anyedge, v00000240dd6514d0_37, v00000240dd6514d0_38, v00000240dd6514d0_39, v00000240dd6514d0_40;
v00000240dd6514d0_41 .array/port v00000240dd6514d0, 41;
v00000240dd6514d0_42 .array/port v00000240dd6514d0, 42;
v00000240dd6514d0_43 .array/port v00000240dd6514d0, 43;
v00000240dd6514d0_44 .array/port v00000240dd6514d0, 44;
E_00000240dd663700/11 .event anyedge, v00000240dd6514d0_41, v00000240dd6514d0_42, v00000240dd6514d0_43, v00000240dd6514d0_44;
v00000240dd6514d0_45 .array/port v00000240dd6514d0, 45;
v00000240dd6514d0_46 .array/port v00000240dd6514d0, 46;
v00000240dd6514d0_47 .array/port v00000240dd6514d0, 47;
v00000240dd6514d0_48 .array/port v00000240dd6514d0, 48;
E_00000240dd663700/12 .event anyedge, v00000240dd6514d0_45, v00000240dd6514d0_46, v00000240dd6514d0_47, v00000240dd6514d0_48;
v00000240dd6514d0_49 .array/port v00000240dd6514d0, 49;
v00000240dd6514d0_50 .array/port v00000240dd6514d0, 50;
v00000240dd6514d0_51 .array/port v00000240dd6514d0, 51;
v00000240dd6514d0_52 .array/port v00000240dd6514d0, 52;
E_00000240dd663700/13 .event anyedge, v00000240dd6514d0_49, v00000240dd6514d0_50, v00000240dd6514d0_51, v00000240dd6514d0_52;
v00000240dd6514d0_53 .array/port v00000240dd6514d0, 53;
v00000240dd6514d0_54 .array/port v00000240dd6514d0, 54;
v00000240dd6514d0_55 .array/port v00000240dd6514d0, 55;
v00000240dd6514d0_56 .array/port v00000240dd6514d0, 56;
E_00000240dd663700/14 .event anyedge, v00000240dd6514d0_53, v00000240dd6514d0_54, v00000240dd6514d0_55, v00000240dd6514d0_56;
v00000240dd6514d0_57 .array/port v00000240dd6514d0, 57;
v00000240dd6514d0_58 .array/port v00000240dd6514d0, 58;
v00000240dd6514d0_59 .array/port v00000240dd6514d0, 59;
v00000240dd6514d0_60 .array/port v00000240dd6514d0, 60;
E_00000240dd663700/15 .event anyedge, v00000240dd6514d0_57, v00000240dd6514d0_58, v00000240dd6514d0_59, v00000240dd6514d0_60;
v00000240dd6514d0_61 .array/port v00000240dd6514d0, 61;
v00000240dd6514d0_62 .array/port v00000240dd6514d0, 62;
v00000240dd6514d0_63 .array/port v00000240dd6514d0, 63;
E_00000240dd663700/16 .event anyedge, v00000240dd6514d0_61, v00000240dd6514d0_62, v00000240dd6514d0_63;
E_00000240dd663700 .event/or E_00000240dd663700/0, E_00000240dd663700/1, E_00000240dd663700/2, E_00000240dd663700/3, E_00000240dd663700/4, E_00000240dd663700/5, E_00000240dd663700/6, E_00000240dd663700/7, E_00000240dd663700/8, E_00000240dd663700/9, E_00000240dd663700/10, E_00000240dd663700/11, E_00000240dd663700/12, E_00000240dd663700/13, E_00000240dd663700/14, E_00000240dd663700/15, E_00000240dd663700/16;
E_00000240dd6637c0 .event posedge, v00000240dd632fe0_0;
S_00000240dd5eac10 .scope module, "e1" "EX_MEM" 3 108, 10 2 0, S_00000240dd678dc0;
 .timescale 0 0;
    .port_info 0 /INPUT 1 "clk";
    .port_info 1 /INPUT 1 "reset";
    .port_info 2 /INPUT 5 "rd_inp";
    .port_info 3 /INPUT 1 "Branch_inp";
    .port_info 4 /INPUT 1 "MemWrite_inp";
    .port_info 5 /INPUT 1 "MemRead_inp";
    .port_info 6 /INPUT 1 "MemtoReg_inp";
    .port_info 7 /INPUT 1 "RegWrite_inp";
    .port_info 8 /INPUT 64 "Adder_B_1";
    .port_info 9 /INPUT 64 "Result_inp";
    .port_info 10 /INPUT 1 "ZERO_inp";
    .port_info 11 /INPUT 64 "data_inp";
    .port_info 12 /OUTPUT 64 "data_out";
    .port_info 13 /OUTPUT 64 "Adder_B_2";
    .port_info 14 /OUTPUT 5 "rd_out";
    .port_info 15 /OUTPUT 1 "Branch_out";
    .port_info 16 /OUTPUT 1 "MemWrite_out";
    .port_info 17 /OUTPUT 1 "MemRead_out";
    .port_info 18 /OUTPUT 1 "MemtoReg_out";
    .port_info 19 /OUTPUT 1 "RegWrite_out";
    .port_info 20 /OUTPUT 64 "Result_out";
    .port_info 21 /OUTPUT 1 "ZERO_out";
v00000240dd6333a0_0 .net "Adder_B_1", 63 0, L_00000240dd6d6960;  alias, 1 drivers
v00000240dd633440_0 .var "Adder_B_2", 63 0;
v00000240dd6c5830_0 .net "Branch_inp", 0 0, v00000240dd6c7a20_0;  alias, 1 drivers
v00000240dd6c5470_0 .var "Branch_out", 0 0;
v00000240dd6c51f0_0 .net "MemRead_inp", 0 0, v00000240dd6c8600_0;  alias, 1 drivers
v00000240dd6c5a10_0 .var "MemRead_out", 0 0;
v00000240dd6c5ab0_0 .net "MemWrite_inp", 0 0, v00000240dd6c8880_0;  alias, 1 drivers
v00000240dd6c60f0_0 .var "MemWrite_out", 0 0;
v00000240dd6c6b90_0 .net "MemtoReg_inp", 0 0, v00000240dd6c7f20_0;  alias, 1 drivers
v00000240dd6c67d0_0 .var "MemtoReg_out", 0 0;
v00000240dd6c6c30_0 .net "RegWrite_inp", 0 0, v00000240dd6c87e0_0;  alias, 1 drivers
v00000240dd6c65f0_0 .var "RegWrite_out", 0 0;
v00000240dd6c53d0_0 .net "Result_inp", 63 0, v00000240dd650ad0_0;  alias, 1 drivers
v00000240dd6c6190_0 .var "Result_out", 63 0;
v00000240dd6c5e70_0 .net "ZERO_inp", 0 0, v00000240dd6500d0_0;  alias, 1 drivers
v00000240dd6c5f10_0 .var "ZERO_out", 0 0;
v00000240dd6c5d30_0 .net "clk", 0 0, v00000240dd6d6e60_0;  alias, 1 drivers
v00000240dd6c5dd0_0 .net "data_inp", 63 0, v00000240dd6c75c0_0;  alias, 1 drivers
v00000240dd6c5010_0 .var "data_out", 63 0;
v00000240dd6c6870_0 .net "rd_inp", 4 0, v00000240dd6c7160_0;  alias, 1 drivers
v00000240dd6c5fb0_0 .var "rd_out", 4 0;
v00000240dd6c56f0_0 .net "reset", 0 0, v00000240dd6d6320_0;  alias, 1 drivers
E_00000240dd663680 .event posedge, v00000240dd6c56f0_0, v00000240dd632fe0_0;
S_00000240dd595ee0 .scope module, "i1" "Instruction_Memory" 3 95, 11 1 0, S_00000240dd678dc0;
 .timescale 0 0;
    .port_info 0 /INPUT 64 "Inst_Address";
    .port_info 1 /OUTPUT 32 "Instruction";
v00000240dd6c6910 .array "IMem", 0 15, 7 0;
v00000240dd6c5bf0_0 .net "Inst_Address", 63 0, v00000240dd6d17c0_0;  alias, 1 drivers
v00000240dd6c6230_0 .net "Instruction", 31 0, L_00000240dd6d5f60;  alias, 1 drivers
v00000240dd6c69b0_0 .net *"_ivl_0", 7 0, L_00000240dd6d52e0;  1 drivers
v00000240dd6c6eb0_0 .net *"_ivl_10", 7 0, L_00000240dd6d6dc0;  1 drivers
v00000240dd6c5b50_0 .net *"_ivl_12", 64 0, L_00000240dd6d5a60;  1 drivers
L_00000240dd6d7100 .functor BUFT 1, C4<0>, C4<0>, C4<0>, C4<0>;
v00000240dd6c6cd0_0 .net *"_ivl_15", 0 0, L_00000240dd6d7100;  1 drivers
L_00000240dd6d7148 .functor BUFT 1, C4<00000000000000000000000000000000000000000000000000000000000000010>, C4<0>, C4<0>, C4<0>;
v00000240dd6c50b0_0 .net/2u *"_ivl_16", 64 0, L_00000240dd6d7148;  1 drivers
v00000240dd6c5c90_0 .net *"_ivl_18", 64 0, L_00000240dd6d6460;  1 drivers
v00000240dd6c6050_0 .net *"_ivl_2", 64 0, L_00000240dd6d63c0;  1 drivers
v00000240dd6c6d70_0 .net *"_ivl_20", 7 0, L_00000240dd6d56a0;  1 drivers
v00000240dd6c5970_0 .net *"_ivl_22", 64 0, L_00000240dd6d5060;  1 drivers
L_00000240dd6d7190 .functor BUFT 1, C4<0>, C4<0>, C4<0>, C4<0>;
v00000240dd6c5150_0 .net *"_ivl_25", 0 0, L_00000240dd6d7190;  1 drivers
L_00000240dd6d71d8 .functor BUFT 1, C4<00000000000000000000000000000000000000000000000000000000000000001>, C4<0>, C4<0>, C4<0>;
v00000240dd6c6370_0 .net/2u *"_ivl_26", 64 0, L_00000240dd6d71d8;  1 drivers
v00000240dd6c6690_0 .net *"_ivl_28", 64 0, L_00000240dd6d5ec0;  1 drivers
v00000240dd6c6730_0 .net *"_ivl_30", 7 0, L_00000240dd6d6820;  1 drivers
L_00000240dd6d7070 .functor BUFT 1, C4<0>, C4<0>, C4<0>, C4<0>;
v00000240dd6c6e10_0 .net *"_ivl_5", 0 0, L_00000240dd6d7070;  1 drivers
L_00000240dd6d70b8 .functor BUFT 1, C4<00000000000000000000000000000000000000000000000000000000000000011>, C4<0>, C4<0>, C4<0>;
v00000240dd6c62d0_0 .net/2u *"_ivl_6", 64 0, L_00000240dd6d70b8;  1 drivers
v00000240dd6c5290_0 .net *"_ivl_8", 64 0, L_00000240dd6d5880;  1 drivers
L_00000240dd6d52e0 .array/port v00000240dd6c6910, L_00000240dd6d5880;
L_00000240dd6d63c0 .concat [ 64 1 0 0], v00000240dd6d17c0_0, L_00000240dd6d7070;
L_00000240dd6d5880 .arith/sum 65, L_00000240dd6d63c0, L_00000240dd6d70b8;
L_00000240dd6d6dc0 .array/port v00000240dd6c6910, L_00000240dd6d6460;
L_00000240dd6d5a60 .concat [ 64 1 0 0], v00000240dd6d17c0_0, L_00000240dd6d7100;
L_00000240dd6d6460 .arith/sum 65, L_00000240dd6d5a60, L_00000240dd6d7148;
L_00000240dd6d56a0 .array/port v00000240dd6c6910, L_00000240dd6d5ec0;
L_00000240dd6d5060 .concat [ 64 1 0 0], v00000240dd6d17c0_0, L_00000240dd6d7190;
L_00000240dd6d5ec0 .arith/sum 65, L_00000240dd6d5060, L_00000240dd6d71d8;
L_00000240dd6d6820 .array/port v00000240dd6c6910, v00000240dd6d17c0_0;
L_00000240dd6d5f60 .concat [ 8 8 8 8], L_00000240dd6d6820, L_00000240dd6d56a0, L_00000240dd6d6dc0, L_00000240dd6d52e0;
S_00000240dd596070 .scope module, "i2" "IF_ID" 3 96, 12 1 0, S_00000240dd678dc0;
 .timescale 0 0;
    .port_info 0 /INPUT 1 "clk";
    .port_info 1 /INPUT 1 "reset";
    .port_info 2 /INPUT 64 "PC_In";
    .port_info 3 /INPUT 32 "Inst_input";
    .port_info 4 /OUTPUT 32 "Inst_output";
    .port_info 5 /OUTPUT 64 "PC_Out";
v00000240dd6c5330_0 .net "Inst_input", 31 0, L_00000240dd6d5f60;  alias, 1 drivers
v00000240dd6c6410_0 .var "Inst_output", 31 0;
v00000240dd6c5510_0 .net "PC_In", 63 0, v00000240dd6d17c0_0;  alias, 1 drivers
v00000240dd6c64b0_0 .var "PC_Out", 63 0;
v00000240dd6c6a50_0 .net "clk", 0 0, v00000240dd6d6e60_0;  alias, 1 drivers
v00000240dd6c55b0_0 .net "reset", 0 0, v00000240dd6d6320_0;  alias, 1 drivers
S_00000240dd5b67f0 .scope module, "i3" "instruction" 3 97, 13 1 0, S_00000240dd678dc0;
 .timescale 0 0;
    .port_info 0 /INPUT 32 "ins";
    .port_info 1 /OUTPUT 7 "op";
    .port_info 2 /OUTPUT 5 "rd";
    .port_info 3 /OUTPUT 3 "f3";
    .port_info 4 /OUTPUT 5 "rs1";
    .port_info 5 /OUTPUT 5 "rs2";
    .port_info 6 /OUTPUT 7 "f7";
v00000240dd6c6550_0 .net "f3", 2 0, L_00000240dd6d6c80;  alias, 1 drivers
v00000240dd6c5650_0 .net "f7", 6 0, L_00000240dd6d6500;  alias, 1 drivers
v00000240dd6c6af0_0 .net "ins", 31 0, v00000240dd6c6410_0;  alias, 1 drivers
v00000240dd6c5790_0 .net "op", 6 0, L_00000240dd6d68c0;  alias, 1 drivers
v00000240dd6c58d0_0 .net "rd", 4 0, L_00000240dd6d5100;  alias, 1 drivers
v00000240dd6c8740_0 .net "rs1", 4 0, L_00000240dd6d65a0;  alias, 1 drivers
v00000240dd6c77a0_0 .net "rs2", 4 0, L_00000240dd6d6000;  alias, 1 drivers
L_00000240dd6d68c0 .part v00000240dd6c6410_0, 0, 7;
L_00000240dd6d5100 .part v00000240dd6c6410_0, 7, 5;
L_00000240dd6d6c80 .part v00000240dd6c6410_0, 12, 3;
L_00000240dd6d65a0 .part v00000240dd6c6410_0, 15, 5;
L_00000240dd6d6000 .part v00000240dd6c6410_0, 20, 5;
L_00000240dd6d6500 .part v00000240dd6c6410_0, 25, 7;
S_00000240dd5b6980 .scope module, "i4" "imm_data_gen" 3 98, 14 1 0, S_00000240dd678dc0;
 .timescale 0 0;
    .port_info 0 /INPUT 32 "instruction";
    .port_info 1 /OUTPUT 64 "imm_data";
v00000240dd6c7ac0_0 .var "imm_data", 63 0;
v00000240dd6c7e80_0 .net "instruction", 31 0, v00000240dd6c6410_0;  alias, 1 drivers
E_00000240dd663900 .event anyedge, v00000240dd6c6410_0;
S_00000240dd5b6b10 .scope module, "i5" "ID_EX" 3 101, 15 1 0, S_00000240dd678dc0;
 .timescale 0 0;
    .port_info 0 /INPUT 1 "clk";
    .port_info 1 /INPUT 1 "reset";
    .port_info 2 /INPUT 4 "Funct_inp";
    .port_info 3 /INPUT 2 "ALUOp_inp";
    .port_info 4 /INPUT 1 "MemtoReg_inp";
    .port_info 5 /INPUT 1 "RegWrite_inp";
    .port_info 6 /INPUT 1 "Branch_inp";
    .port_info 7 /INPUT 1 "MemWrite_inp";
    .port_info 8 /INPUT 1 "MemRead_inp";
    .port_info 9 /INPUT 1 "ALUSrc_inp";
    .port_info 10 /INPUT 64 "ReadData1_inp";
    .port_info 11 /INPUT 64 "ReadData2_inp";
    .port_info 12 /INPUT 5 "rd_inp";
    .port_info 13 /INPUT 5 "rs1_in";
    .port_info 14 /INPUT 5 "rs2_in";
    .port_info 15 /INPUT 64 "imm_data_inp";
    .port_info 16 /INPUT 64 "PC_In";
    .port_info 17 /OUTPUT 64 "PC_Out";
    .port_info 18 /OUTPUT 4 "Funct_out";
    .port_info 19 /OUTPUT 2 "ALUOp_out";
    .port_info 20 /OUTPUT 1 "MemtoReg_out";
    .port_info 21 /OUTPUT 1 "RegWrite_out";
    .port_info 22 /OUTPUT 1 "Branch_out";
    .port_info 23 /OUTPUT 1 "MemWrite_out";
    .port_info 24 /OUTPUT 1 "MemRead_out";
    .port_info 25 /OUTPUT 1 "ALUSrc_out";
    .port_info 26 /OUTPUT 64 "ReadData1_out";
    .port_info 27 /OUTPUT 64 "ReadData2_out";
    .port_info 28 /OUTPUT 5 "rs1_out";
    .port_info 29 /OUTPUT 5 "rs2_out";
    .port_info 30 /OUTPUT 5 "rd_out";
    .port_info 31 /OUTPUT 64 "imm_data_out";
v00000240dd6c7d40_0 .net "ALUOp_inp", 1 0, v00000240dd6503f0_0;  alias, 1 drivers
v00000240dd6c73e0_0 .var "ALUOp_out", 1 0;
v00000240dd6c72a0_0 .net "ALUSrc_inp", 0 0, v00000240dd6516b0_0;  alias, 1 drivers
v00000240dd6c7200_0 .var "ALUSrc_out", 0 0;
v00000240dd6c7480_0 .net "Branch_inp", 0 0, v00000240dd651250_0;  alias, 1 drivers
v00000240dd6c7a20_0 .var "Branch_out", 0 0;
v00000240dd6c8100_0 .net "Funct_inp", 3 0, L_00000240dd6d66e0;  1 drivers
v00000240dd6c8ce0_0 .var "Funct_out", 3 0;
v00000240dd6c82e0_0 .net "MemRead_inp", 0 0, v00000240dd650490_0;  alias, 1 drivers
v00000240dd6c8600_0 .var "MemRead_out", 0 0;
v00000240dd6c7520_0 .net "MemWrite_inp", 0 0, v00000240dd650530_0;  alias, 1 drivers
v00000240dd6c8880_0 .var "MemWrite_out", 0 0;
v00000240dd6c7b60_0 .net "MemtoReg_inp", 0 0, v00000240dd651390_0;  alias, 1 drivers
v00000240dd6c7f20_0 .var "MemtoReg_out", 0 0;
v00000240dd6c7fc0_0 .net "PC_In", 63 0, v00000240dd6c64b0_0;  alias, 1 drivers
v00000240dd6c8060_0 .var "PC_Out", 63 0;
v00000240dd6c8b00_0 .net "ReadData1_inp", 63 0, v00000240dd6d1680_0;  alias, 1 drivers
v00000240dd6c8a60_0 .var "ReadData1_out", 63 0;
v00000240dd6c7020_0 .net "ReadData2_inp", 63 0, v00000240dd6d2260_0;  alias, 1 drivers
v00000240dd6c75c0_0 .var "ReadData2_out", 63 0;
v00000240dd6c7660_0 .net "RegWrite_inp", 0 0, v00000240dd6507b0_0;  alias, 1 drivers
v00000240dd6c87e0_0 .var "RegWrite_out", 0 0;
v00000240dd6c7340_0 .net "clk", 0 0, v00000240dd6d6e60_0;  alias, 1 drivers
v00000240dd6c70c0_0 .net "imm_data_inp", 63 0, v00000240dd6c7ac0_0;  alias, 1 drivers
v00000240dd6c81a0_0 .var "imm_data_out", 63 0;
v00000240dd6c8ec0_0 .net "rd_inp", 4 0, L_00000240dd6d5100;  alias, 1 drivers
v00000240dd6c7160_0 .var "rd_out", 4 0;
v00000240dd6c8920_0 .net "reset", 0 0, v00000240dd6d6320_0;  alias, 1 drivers
v00000240dd6c89c0_0 .net "rs1_in", 4 0, L_00000240dd6d65a0;  alias, 1 drivers
v00000240dd6c7de0_0 .var "rs1_out", 4 0;
v00000240dd6c8ba0_0 .net "rs2_in", 4 0, L_00000240dd6d6000;  alias, 1 drivers
v00000240dd6c8380_0 .var "rs2_out", 4 0;
S_00000240dd598240 .scope module, "m0" "MEM_WB" 3 112, 16 2 0, S_00000240dd678dc0;
 .timescale 0 0;
    .port_info 0 /INPUT 1 "clk";
    .port_info 1 /INPUT 1 "reset";
    .port_info 2 /INPUT 64 "Result_inp";
    .port_info 3 /INPUT 64 "Read_Data_inp";
    .port_info 4 /INPUT 5 "rd_inp";
    .port_info 5 /INPUT 1 "MemtoReg_inp";
    .port_info 6 /INPUT 1 "RegWrite_inp";
    .port_info 7 /OUTPUT 1 "MemtoReg_out";
    .port_info 8 /OUTPUT 1 "RegWrite_out";
    .port_info 9 /OUTPUT 64 "Result_out";
    .port_info 10 /OUTPUT 64 "Read_Data_out";
    .port_info 11 /OUTPUT 5 "rd_out";
v00000240dd6c7700_0 .net "MemtoReg_inp", 0 0, v00000240dd6c67d0_0;  alias, 1 drivers
v00000240dd6c8c40_0 .var "MemtoReg_out", 0 0;
v00000240dd6c8d80_0 .net "Read_Data_inp", 63 0, v00000240dd651930_0;  alias, 1 drivers
v00000240dd6c7840_0 .var "Read_Data_out", 63 0;
v00000240dd6c78e0_0 .net "RegWrite_inp", 0 0, v00000240dd6c65f0_0;  alias, 1 drivers
v00000240dd6c86a0_0 .var "RegWrite_out", 0 0;
v00000240dd6c7980_0 .net "Result_inp", 63 0, v00000240dd6c6190_0;  alias, 1 drivers
v00000240dd6c7c00_0 .var "Result_out", 63 0;
v00000240dd6c8e20_0 .net "clk", 0 0, v00000240dd6d6e60_0;  alias, 1 drivers
v00000240dd6c7ca0_0 .net "rd_inp", 4 0, v00000240dd6c5fb0_0;  alias, 1 drivers
v00000240dd6c8240_0 .var "rd_out", 4 0;
v00000240dd6c8420_0 .net "reset", 0 0, v00000240dd6d6320_0;  alias, 1 drivers
S_00000240dd59b670 .scope module, "m1" "MUX" 3 94, 17 1 0, S_00000240dd678dc0;
 .timescale 0 0;
    .port_info 0 /INPUT 64 "X";
    .port_info 1 /INPUT 64 "Y";
    .port_info 2 /INPUT 1 "S";
    .port_info 3 /OUTPUT 64 "O";
v00000240dd6c8560_0 .net "O", 63 0, L_00000240dd6d51a0;  alias, 1 drivers
v00000240dd6c84c0_0 .net "S", 0 0, v00000240dd6502b0_0;  alias, 1 drivers
v00000240dd6d2e40_0 .net "X", 63 0, L_00000240dd6d5e20;  alias, 1 drivers
v00000240dd6d24e0_0 .net "Y", 63 0, o00000240dd67c288;  alias, 0 drivers
L_00000240dd6d51a0 .functor MUXZ 64, L_00000240dd6d5e20, o00000240dd67c288, v00000240dd6502b0_0, C4<>;
S_00000240dd673e10 .scope module, "m2" "MUX" 3 106, 17 1 0, S_00000240dd678dc0;
 .timescale 0 0;
    .port_info 0 /INPUT 64 "X";
    .port_info 1 /INPUT 64 "Y";
    .port_info 2 /INPUT 1 "S";
    .port_info 3 /OUTPUT 64 "O";
v00000240dd6d10e0_0 .net "O", 63 0, L_00000240dd6d6f00;  alias, 1 drivers
v00000240dd6d2440_0 .net "S", 0 0, v00000240dd6c7200_0;  alias, 1 drivers
v00000240dd6d1fe0_0 .net "X", 63 0, v00000240dd6c75c0_0;  alias, 1 drivers
v00000240dd6d2300_0 .net "Y", 63 0, v00000240dd6c81a0_0;  alias, 1 drivers
L_00000240dd6d6f00 .functor MUXZ 64, v00000240dd6c75c0_0, v00000240dd6c81a0_0, v00000240dd6c7200_0, C4<>;
S_00000240dd673960 .scope module, "m5" "MUX" 3 113, 17 1 0, S_00000240dd678dc0;
 .timescale 0 0;
    .port_info 0 /INPUT 64 "X";
    .port_info 1 /INPUT 64 "Y";
    .port_info 2 /INPUT 1 "S";
    .port_info 3 /OUTPUT 64 "O";
v00000240dd6d1c20_0 .net "O", 63 0, L_00000240dd6d5380;  alias, 1 drivers
v00000240dd6d15e0_0 .net "S", 0 0, v00000240dd6c8c40_0;  alias, 1 drivers
v00000240dd6d1040_0 .net "X", 63 0, v00000240dd6c7c00_0;  alias, 1 drivers
v00000240dd6d26c0_0 .net "Y", 63 0, v00000240dd6c7840_0;  alias, 1 drivers
L_00000240dd6d5380 .functor MUXZ 64, v00000240dd6c7c00_0, v00000240dd6c7840_0, v00000240dd6c8c40_0, C4<>;
S_00000240dd673190 .scope module, "p1" "Program_Counter" 3 92, 18 1 0, S_00000240dd678dc0;
 .timescale 0 0;
    .port_info 0 /INPUT 1 "clk";
    .port_info 1 /INPUT 1 "reset";
    .port_info 2 /INPUT 64 "PC_In";
    .port_info 3 /OUTPUT 64 "PC_Out";
v00000240dd6d21c0_0 .net "PC_In", 63 0, L_00000240dd6d51a0;  alias, 1 drivers
v00000240dd6d17c0_0 .var "PC_Out", 63 0;
v00000240dd6d2580_0 .net "clk", 0 0, v00000240dd6d6e60_0;  alias, 1 drivers
v00000240dd6d1720_0 .net "reset", 0 0, v00000240dd6d6320_0;  alias, 1 drivers
S_00000240dd673af0 .scope module, "r1" "registerFile" 3 99, 19 1 0, S_00000240dd678dc0;
 .timescale 0 0;
    .port_info 0 /INPUT 1 "clk";
    .port_info 1 /INPUT 1 "reset";
    .port_info 2 /INPUT 5 "rs1";
    .port_info 3 /INPUT 5 "rs2";
    .port_info 4 /INPUT 5 "rd";
    .port_info 5 /INPUT 64 "write_data";
    .port_info 6 /INPUT 1 "reg_write";
    .port_info 7 /OUTPUT 64 "readdata1";
    .port_info 8 /OUTPUT 64 "readdata2";
v00000240dd6d1a40 .array "Registers", 0 31, 63 0;
v00000240dd6d2620_0 .net "clk", 0 0, v00000240dd6d6e60_0;  alias, 1 drivers
v00000240dd6d2940_0 .net "rd", 4 0, v00000240dd6c8240_0;  alias, 1 drivers
v00000240dd6d1680_0 .var "readdata1", 63 0;
v00000240dd6d2260_0 .var "readdata2", 63 0;
v00000240dd6d29e0_0 .net "reg_write", 0 0, v00000240dd6c86a0_0;  alias, 1 drivers
v00000240dd6d1860_0 .net "reset", 0 0, v00000240dd6d6320_0;  alias, 1 drivers
v00000240dd6d1180_0 .net "rs1", 4 0, L_00000240dd6d65a0;  alias, 1 drivers
v00000240dd6d2760_0 .net "rs2", 4 0, L_00000240dd6d6000;  alias, 1 drivers
v00000240dd6d2da0_0 .net "write_data", 63 0, L_00000240dd6d5380;  alias, 1 drivers
v00000240dd6d1a40_0 .array/port v00000240dd6d1a40, 0;
v00000240dd6d1a40_1 .array/port v00000240dd6d1a40, 1;
E_00000240dd663a40/0 .event anyedge, v00000240dd6c56f0_0, v00000240dd6c8740_0, v00000240dd6d1a40_0, v00000240dd6d1a40_1;
v00000240dd6d1a40_2 .array/port v00000240dd6d1a40, 2;
v00000240dd6d1a40_3 .array/port v00000240dd6d1a40, 3;
v00000240dd6d1a40_4 .array/port v00000240dd6d1a40, 4;
v00000240dd6d1a40_5 .array/port v00000240dd6d1a40, 5;
E_00000240dd663a40/1 .event anyedge, v00000240dd6d1a40_2, v00000240dd6d1a40_3, v00000240dd6d1a40_4, v00000240dd6d1a40_5;
v00000240dd6d1a40_6 .array/port v00000240dd6d1a40, 6;
v00000240dd6d1a40_7 .array/port v00000240dd6d1a40, 7;
v00000240dd6d1a40_8 .array/port v00000240dd6d1a40, 8;
v00000240dd6d1a40_9 .array/port v00000240dd6d1a40, 9;
E_00000240dd663a40/2 .event anyedge, v00000240dd6d1a40_6, v00000240dd6d1a40_7, v00000240dd6d1a40_8, v00000240dd6d1a40_9;
v00000240dd6d1a40_10 .array/port v00000240dd6d1a40, 10;
v00000240dd6d1a40_11 .array/port v00000240dd6d1a40, 11;
v00000240dd6d1a40_12 .array/port v00000240dd6d1a40, 12;
v00000240dd6d1a40_13 .array/port v00000240dd6d1a40, 13;
E_00000240dd663a40/3 .event anyedge, v00000240dd6d1a40_10, v00000240dd6d1a40_11, v00000240dd6d1a40_12, v00000240dd6d1a40_13;
v00000240dd6d1a40_14 .array/port v00000240dd6d1a40, 14;
v00000240dd6d1a40_15 .array/port v00000240dd6d1a40, 15;
v00000240dd6d1a40_16 .array/port v00000240dd6d1a40, 16;
v00000240dd6d1a40_17 .array/port v00000240dd6d1a40, 17;
E_00000240dd663a40/4 .event anyedge, v00000240dd6d1a40_14, v00000240dd6d1a40_15, v00000240dd6d1a40_16, v00000240dd6d1a40_17;
v00000240dd6d1a40_18 .array/port v00000240dd6d1a40, 18;
v00000240dd6d1a40_19 .array/port v00000240dd6d1a40, 19;
v00000240dd6d1a40_20 .array/port v00000240dd6d1a40, 20;
v00000240dd6d1a40_21 .array/port v00000240dd6d1a40, 21;
E_00000240dd663a40/5 .event anyedge, v00000240dd6d1a40_18, v00000240dd6d1a40_19, v00000240dd6d1a40_20, v00000240dd6d1a40_21;
v00000240dd6d1a40_22 .array/port v00000240dd6d1a40, 22;
v00000240dd6d1a40_23 .array/port v00000240dd6d1a40, 23;
v00000240dd6d1a40_24 .array/port v00000240dd6d1a40, 24;
v00000240dd6d1a40_25 .array/port v00000240dd6d1a40, 25;
E_00000240dd663a40/6 .event anyedge, v00000240dd6d1a40_22, v00000240dd6d1a40_23, v00000240dd6d1a40_24, v00000240dd6d1a40_25;
v00000240dd6d1a40_26 .array/port v00000240dd6d1a40, 26;
v00000240dd6d1a40_27 .array/port v00000240dd6d1a40, 27;
v00000240dd6d1a40_28 .array/port v00000240dd6d1a40, 28;
v00000240dd6d1a40_29 .array/port v00000240dd6d1a40, 29;
E_00000240dd663a40/7 .event anyedge, v00000240dd6d1a40_26, v00000240dd6d1a40_27, v00000240dd6d1a40_28, v00000240dd6d1a40_29;
v00000240dd6d1a40_30 .array/port v00000240dd6d1a40, 30;
v00000240dd6d1a40_31 .array/port v00000240dd6d1a40, 31;
E_00000240dd663a40/8 .event anyedge, v00000240dd6d1a40_30, v00000240dd6d1a40_31, v00000240dd6c77a0_0;
E_00000240dd663a40 .event/or E_00000240dd663a40/0, E_00000240dd663a40/1, E_00000240dd663a40/2, E_00000240dd663a40/3, E_00000240dd663a40/4, E_00000240dd663a40/5, E_00000240dd663a40/6, E_00000240dd663a40/7, E_00000240dd663a40/8;
S_00000240dd673320 .scope module, "s1" "shift_left" 3 104, 20 1 0, S_00000240dd678dc0;
 .timescale 0 0;
    .port_info 0 /INPUT 64 "a";
    .port_info 1 /OUTPUT 64 "b";
v00000240dd6d1360_0 .net *"_ivl_1", 62 0, L_00000240dd6d6780;  1 drivers
L_00000240dd6d7220 .functor BUFT 1, C4<0>, C4<0>, C4<0>, C4<0>;
v00000240dd6d2bc0_0 .net/2u *"_ivl_2", 0 0, L_00000240dd6d7220;  1 drivers
v00000240dd6d2800_0 .net "a", 63 0, v00000240dd6c81a0_0;  alias, 1 drivers
v00000240dd6d2a80_0 .net "b", 63 0, L_00000240dd6d57e0;  alias, 1 drivers
L_00000240dd6d6780 .part v00000240dd6c81a0_0, 0, 63;
L_00000240dd6d57e0 .concat [ 1 63 0 0], L_00000240dd6d7220, L_00000240dd6d6780;
    .scope S_00000240dd673190;
T_0 ;
    %wait E_00000240dd663680;
    %load/vec4 v00000240dd6d1720_0;
    %flag_set/vec4 8;
    %jmp/0xz  T_0.0, 8;
    %pushi/vec4 0, 0, 64;
    %assign/vec4 v00000240dd6d17c0_0, 0;
    %jmp T_0.1;
T_0.0 ;
    %load/vec4 v00000240dd6d21c0_0;
    %assign/vec4 v00000240dd6d17c0_0, 0;
T_0.1 ;
    %jmp T_0;
    .thread T_0;
    .scope S_00000240dd595ee0;
T_1 ;
    %pushi/vec4 147, 0, 8;
    %ix/load 4, 0, 0;
    %flag_set/imm 4, 0;
    %store/vec4a v00000240dd6c6910, 4, 0;
    %pushi/vec4 2, 0, 8;
    %ix/load 4, 1, 0;
    %flag_set/imm 4, 0;
    %store/vec4a v00000240dd6c6910, 4, 0;
    %pushi/vec4 64, 0, 8;
    %ix/load 4, 2, 0;
    %flag_set/imm 4, 0;
    %store/vec4a v00000240dd6c6910, 4, 0;
    %pushi/vec4 0, 0, 8;
    %ix/load 4, 3, 0;
    %flag_set/imm 4, 0;
    %store/vec4a v00000240dd6c6910, 4, 0;
    %pushi/vec4 179, 0, 8;
    %ix/load 4, 4, 0;
    %flag_set/imm 4, 0;
    %store/vec4a v00000240dd6c6910, 4, 0;
    %pushi/vec4 1, 0, 8;
    %ix/load 4, 5, 0;
    %flag_set/imm 4, 0;
    %store/vec4a v00000240dd6c6910, 4, 0;
    %pushi/vec4 2, 0, 8;
    %ix/load 4, 6, 0;
    %flag_set/imm 4, 0;
    %store/vec4a v00000240dd6c6910, 4, 0;
    %pushi/vec4 0, 0, 8;
    %ix/load 4, 7, 0;
    %flag_set/imm 4, 0;
    %store/vec4a v00000240dd6c6910, 4, 0;
    %end;
    .thread T_1;
    .scope S_00000240dd596070;
T_2 ;
    %wait E_00000240dd663680;
    %load/vec4 v00000240dd6c55b0_0;
    %cmpi/e 1, 0, 1;
    %jmp/0xz  T_2.0, 4;
    %pushi/vec4 0, 0, 64;
    %assign/vec4 v00000240dd6c64b0_0, 0;
    %pushi/vec4 0, 0, 32;
    %assign/vec4 v00000240dd6c6410_0, 0;
    %jmp T_2.1;
T_2.0 ;
    %load/vec4 v00000240dd6c5510_0;
    %store/vec4 v00000240dd6c64b0_0, 0, 64;
    %load/vec4 v00000240dd6c5330_0;
    %assign/vec4 v00000240dd6c6410_0, 0;
T_2.1 ;
    %jmp T_2;
    .thread T_2;
    .scope S_00000240dd5b6980;
T_3 ;
    %wait E_00000240dd663900;
    %load/vec4 v00000240dd6c7e80_0;
    %parti/s 2, 5, 4;
    %cmpi/e 0, 0, 2;
    %jmp/0xz  T_3.0, 4;
    %load/vec4 v00000240dd6c7e80_0;
    %parti/s 12, 20, 6;
    %ix/load 4, 0, 0;
    %flag_set/imm 4, 0;
    %store/vec4 v00000240dd6c7ac0_0, 4, 12;
    %jmp T_3.1;
T_3.0 ;
    %load/vec4 v00000240dd6c7e80_0;
    %parti/s 2, 5, 4;
    %cmpi/e 1, 0, 2;
    %jmp/0xz  T_3.2, 4;
    %load/vec4 v00000240dd6c7e80_0;
    %parti/s 7, 25, 6;
    %ix/load 4, 5, 0;
    %flag_set/imm 4, 0;
    %store/vec4 v00000240dd6c7ac0_0, 4, 7;
    %load/vec4 v00000240dd6c7e80_0;
    %parti/s 5, 7, 4;
    %ix/load 4, 0, 0;
    %flag_set/imm 4, 0;
    %store/vec4 v00000240dd6c7ac0_0, 4, 5;
    %jmp T_3.3;
T_3.2 ;
    %load/vec4 v00000240dd6c7e80_0;
    %parti/s 1, 31, 6;
    %ix/load 4, 11, 0;
    %flag_set/imm 4, 0;
    %store/vec4 v00000240dd6c7ac0_0, 4, 1;
    %load/vec4 v00000240dd6c7e80_0;
    %parti/s 6, 25, 6;
    %ix/load 4, 4, 0;
    %flag_set/imm 4, 0;
    %store/vec4 v00000240dd6c7ac0_0, 4, 6;
    %load/vec4 v00000240dd6c7e80_0;
    %parti/s 3, 8, 5;
    %pad/u 4;
    %ix/load 4, 0, 0;
    %flag_set/imm 4, 0;
    %store/vec4 v00000240dd6c7ac0_0, 4, 4;
    %load/vec4 v00000240dd6c7e80_0;
    %parti/s 1, 7, 4;
    %ix/load 4, 10, 0;
    %flag_set/imm 4, 0;
    %store/vec4 v00000240dd6c7ac0_0, 4, 1;
T_3.3 ;
T_3.1 ;
    %load/vec4 v00000240dd6c7ac0_0;
    %parti/s 1, 11, 5;
    %replicate 52;
    %ix/load 4, 12, 0;
    %flag_set/imm 4, 0;
    %store/vec4 v00000240dd6c7ac0_0, 4, 52;
    %jmp T_3;
    .thread T_3, $push;
    .scope S_00000240dd673af0;
T_4 ;
    %pushi/vec4 0, 0, 64;
    %ix/load 4, 0, 0;
    %flag_set/imm 4, 0;
    %store/vec4a v00000240dd6d1a40, 4, 0;
    %pushi/vec4 1209, 0, 64;
    %ix/load 4, 1, 0;
    %flag_set/imm 4, 0;
    %store/vec4a v00000240dd6d1a40, 4, 0;
    %pushi/vec4 751, 0, 64;
    %ix/load 4, 2, 0;
    %flag_set/imm 4, 0;
    %store/vec4a v00000240dd6d1a40, 4, 0;
    %pushi/vec4 3522, 0, 64;
    %ix/load 4, 3, 0;
    %flag_set/imm 4, 0;
    %store/vec4a v00000240dd6d1a40, 4, 0;
    %pushi/vec4 2971, 0, 64;
    %ix/load 4, 4, 0;
    %flag_set/imm 4, 0;
    %store/vec4a v00000240dd6d1a40, 4, 0;
    %pushi/vec4 72, 0, 64;
    %ix/load 4, 5, 0;
    %flag_set/imm 4, 0;
    %store/vec4a v00000240dd6d1a40, 4, 0;
    %pushi/vec4 1135, 0, 64;
    %ix/load 4, 6, 0;
    %flag_set/imm 4, 0;
    %store/vec4a v00000240dd6d1a40, 4, 0;
    %pushi/vec4 1141, 0, 64;
    %ix/load 4, 7, 0;
    %flag_set/imm 4, 0;
    %store/vec4a v00000240dd6d1a40, 4, 0;
    %pushi/vec4 2919, 0, 64;
    %ix/load 4, 8, 0;
    %flag_set/imm 4, 0;
    %store/vec4a v00000240dd6d1a40, 4, 0;
    %pushi/vec4 2467, 0, 64;
    %ix/load 4, 9, 0;
    %flag_set/imm 4, 0;
    %store/vec4a v00000240dd6d1a40, 4, 0;
    %pushi/vec4 0, 0, 64;
    %ix/load 4, 10, 0;
    %flag_set/imm 4, 0;
    %store/vec4a v00000240dd6d1a40, 4, 0;
    %pushi/vec4 3033, 0, 64;
    %ix/load 4, 11, 0;
    %flag_set/imm 4, 0;
    %store/vec4a v00000240dd6d1a40, 4, 0;
    %pushi/vec4 3278, 0, 64;
    %ix/load 4, 12, 0;
    %flag_set/imm 4, 0;
    %store/vec4a v00000240dd6d1a40, 4, 0;
    %pushi/vec4 3214, 0, 64;
    %ix/load 4, 13, 0;
    %flag_set/imm 4, 0;
    %store/vec4a v00000240dd6d1a40, 4, 0;
    %pushi/vec4 3656, 0, 64;
    %ix/load 4, 14, 0;
    %flag_set/imm 4, 0;
    %store/vec4a v00000240dd6d1a40, 4, 0;
    %pushi/vec4 1765, 0, 64;
    %ix/load 4, 15, 0;
    %flag_set/imm 4, 0;
    %store/vec4a v00000240dd6d1a40, 4, 0;
    %pushi/vec4 736, 0, 64;
    %ix/load 4, 16, 0;
    %flag_set/imm 4, 0;
    %store/vec4a v00000240dd6d1a40, 4, 0;
    %pushi/vec4 2985, 0, 64;
    %ix/load 4, 17, 0;
    %flag_set/imm 4, 0;
    %store/vec4a v00000240dd6d1a40, 4, 0;
    %pushi/vec4 2717, 0, 64;
    %ix/load 4, 18, 0;
    %flag_set/imm 4, 0;
    %store/vec4a v00000240dd6d1a40, 4, 0;
    %pushi/vec4 863, 0, 64;
    %ix/load 4, 19, 0;
    %flag_set/imm 4, 0;
    %store/vec4a v00000240dd6d1a40, 4, 0;
    %pushi/vec4 1916, 0, 64;
    %ix/load 4, 20, 0;
    %flag_set/imm 4, 0;
    %store/vec4a v00000240dd6d1a40, 4, 0;
    %pushi/vec4 13, 0, 64;
    %ix/load 4, 21, 0;
    %flag_set/imm 4, 0;
    %store/vec4a v00000240dd6d1a40, 4, 0;
    %pushi/vec4 701, 0, 64;
    %ix/load 4, 22, 0;
    %flag_set/imm 4, 0;
    %store/vec4a v00000240dd6d1a40, 4, 0;
    %pushi/vec4 3479, 0, 64;
    %ix/load 4, 23, 0;
    %flag_set/imm 4, 0;
    %store/vec4a v00000240dd6d1a40, 4, 0;
    %pushi/vec4 2489, 0, 64;
    %ix/load 4, 24, 0;
    %flag_set/imm 4, 0;
    %store/vec4a v00000240dd6d1a40, 4, 0;
    %pushi/vec4 1937, 0, 64;
    %ix/load 4, 25, 0;
    %flag_set/imm 4, 0;
    %store/vec4a v00000240dd6d1a40, 4, 0;
    %pushi/vec4 523, 0, 64;
    %ix/load 4, 26, 0;
    %flag_set/imm 4, 0;
    %store/vec4a v00000240dd6d1a40, 4, 0;
    %pushi/vec4 210, 0, 64;
    %ix/load 4, 27, 0;
    %flag_set/imm 4, 0;
    %store/vec4a v00000240dd6d1a40, 4, 0;
    %pushi/vec4 1043, 0, 64;
    %ix/load 4, 28, 0;
    %flag_set/imm 4, 0;
    %store/vec4a v00000240dd6d1a40, 4, 0;
    %pushi/vec4 425, 0, 64;
    %ix/load 4, 29, 0;
    %flag_set/imm 4, 0;
    %store/vec4a v00000240dd6d1a40, 4, 0;
    %pushi/vec4 2434, 0, 64;
    %ix/load 4, 30, 0;
    %flag_set/imm 4, 0;
    %store/vec4a v00000240dd6d1a40, 4, 0;
    %pushi/vec4 988, 0, 64;
    %ix/load 4, 31, 0;
    %flag_set/imm 4, 0;
    %store/vec4a v00000240dd6d1a40, 4, 0;
    %end;
    .thread T_4;
    .scope S_00000240dd673af0;
T_5 ;
    %wait E_00000240dd6637c0;
    %load/vec4 v00000240dd6d29e0_0;
    %load/vec4 v00000240dd6d2940_0;
    %pushi/vec4 0, 0, 5;
    %cmp/ne;
    %flag_get/vec4 4;
    %and;
    %flag_set/vec4 8;
    %jmp/0xz  T_5.0, 8;
    %load/vec4 v00000240dd6d2da0_0;
    %load/vec4 v00000240dd6d2940_0;
    %pad/u 7;
    %ix/vec4 3;
    %ix/load 4, 0, 0; Constant delay
    %assign/vec4/a/d v00000240dd6d1a40, 0, 4;
T_5.0 ;
    %jmp T_5;
    .thread T_5;
    .scope S_00000240dd673af0;
T_6 ;
    %wait E_00000240dd663a40;
    %load/vec4 v00000240dd6d1860_0;
    %flag_set/vec4 8;
    %jmp/0xz  T_6.0, 8;
    %pushi/vec4 0, 0, 64;
    %assign/vec4 v00000240dd6d1680_0, 0;
    %pushi/vec4 0, 0, 64;
    %assign/vec4 v00000240dd6d2260_0, 0;
    %jmp T_6.1;
T_6.0 ;
    %load/vec4 v00000240dd6d1180_0;
    %pad/u 7;
    %ix/vec4 4;
    %load/vec4a v00000240dd6d1a40, 4;
    %assign/vec4 v00000240dd6d1680_0, 0;
    %load/vec4 v00000240dd6d2760_0;
    %pad/u 7;
    %ix/vec4 4;
    %load/vec4a v00000240dd6d1a40, 4;
    %assign/vec4 v00000240dd6d2260_0, 0;
T_6.1 ;
    %jmp T_6;
    .thread T_6, $push;
    .scope S_00000240dd5bb170;
T_7 ;
    %wait E_00000240dd663640;
    %load/vec4 v00000240dd651430_0;
    %dup/vec4;
    %pushi/vec4 51, 0, 7;
    %cmp/u;
    %jmp/1 T_7.0, 6;
    %dup/vec4;
    %pushi/vec4 3, 0, 7;
    %cmp/u;
    %jmp/1 T_7.1, 6;
    %dup/vec4;
    %pushi/vec4 35, 0, 7;
    %cmp/u;
    %jmp/1 T_7.2, 6;
    %dup/vec4;
    %pushi/vec4 99, 0, 7;
    %cmp/u;
    %jmp/1 T_7.3, 6;
    %dup/vec4;
    %pushi/vec4 19, 0, 7;
    %cmp/u;
    %jmp/1 T_7.4, 6;
    %pushi/vec4 0, 0, 2;
    %store/vec4 v00000240dd6503f0_0, 0, 2;
    %pushi/vec4 0, 0, 1;
    %store/vec4 v00000240dd651250_0, 0, 1;
    %pushi/vec4 0, 0, 1;
    %store/vec4 v00000240dd650530_0, 0, 1;
    %pushi/vec4 0, 0, 1;
    %store/vec4 v00000240dd650490_0, 0, 1;
    %pushi/vec4 0, 0, 1;
    %store/vec4 v00000240dd6507b0_0, 0, 1;
    %pushi/vec4 0, 0, 1;
    %store/vec4 v00000240dd651390_0, 0, 1;
    %pushi/vec4 0, 0, 1;
    %store/vec4 v00000240dd6516b0_0, 0, 1;
    %jmp T_7.6;
T_7.0 ;
    %pushi/vec4 2, 0, 2;
    %store/vec4 v00000240dd6503f0_0, 0, 2;
    %pushi/vec4 0, 0, 1;
    %store/vec4 v00000240dd651250_0, 0, 1;
    %pushi/vec4 0, 0, 1;
    %store/vec4 v00000240dd650530_0, 0, 1;
    %pushi/vec4 0, 0, 1;
    %store/vec4 v00000240dd650490_0, 0, 1;
    %pushi/vec4 1, 0, 1;
    %store/vec4 v00000240dd6507b0_0, 0, 1;
    %pushi/vec4 0, 0, 1;
    %store/vec4 v00000240dd651390_0, 0, 1;
    %pushi/vec4 0, 0, 1;
    %store/vec4 v00000240dd6516b0_0, 0, 1;
    %jmp T_7.6;
T_7.1 ;
    %pushi/vec4 0, 0, 2;
    %store/vec4 v00000240dd6503f0_0, 0, 2;
    %pushi/vec4 0, 0, 1;
    %store/vec4 v00000240dd651250_0, 0, 1;
    %pushi/vec4 0, 0, 1;
    %store/vec4 v00000240dd650530_0, 0, 1;
    %pushi/vec4 1, 0, 1;
    %store/vec4 v00000240dd650490_0, 0, 1;
    %pushi/vec4 1, 0, 1;
    %store/vec4 v00000240dd6507b0_0, 0, 1;
    %pushi/vec4 1, 0, 1;
    %store/vec4 v00000240dd651390_0, 0, 1;
    %pushi/vec4 1, 0, 1;
    %store/vec4 v00000240dd6516b0_0, 0, 1;
    %jmp T_7.6;
T_7.2 ;
    %pushi/vec4 0, 0, 2;
    %store/vec4 v00000240dd6503f0_0, 0, 2;
    %pushi/vec4 0, 0, 1;
    %store/vec4 v00000240dd651250_0, 0, 1;
    %pushi/vec4 1, 0, 1;
    %store/vec4 v00000240dd650530_0, 0, 1;
    %pushi/vec4 0, 0, 1;
    %store/vec4 v00000240dd650490_0, 0, 1;
    %pushi/vec4 0, 0, 1;
    %store/vec4 v00000240dd6507b0_0, 0, 1;
    %pushi/vec4 1, 1, 1;
    %store/vec4 v00000240dd651390_0, 0, 1;
    %pushi/vec4 1, 0, 1;
    %store/vec4 v00000240dd6516b0_0, 0, 1;
    %jmp T_7.6;
T_7.3 ;
    %pushi/vec4 1, 0, 2;
    %store/vec4 v00000240dd6503f0_0, 0, 2;
    %pushi/vec4 1, 0, 1;
    %store/vec4 v00000240dd651250_0, 0, 1;
    %pushi/vec4 0, 0, 1;
    %store/vec4 v00000240dd650530_0, 0, 1;
    %pushi/vec4 0, 0, 1;
    %store/vec4 v00000240dd650490_0, 0, 1;
    %pushi/vec4 0, 0, 1;
    %store/vec4 v00000240dd6507b0_0, 0, 1;
    %pushi/vec4 1, 1, 1;
    %store/vec4 v00000240dd651390_0, 0, 1;
    %pushi/vec4 0, 0, 1;
    %store/vec4 v00000240dd6516b0_0, 0, 1;
    %jmp T_7.6;
T_7.4 ;
    %pushi/vec4 0, 0, 2;
    %store/vec4 v00000240dd6503f0_0, 0, 2;
    %pushi/vec4 0, 0, 1;
    %store/vec4 v00000240dd651250_0, 0, 1;
    %pushi/vec4 0, 0, 1;
    %store/vec4 v00000240dd650530_0, 0, 1;
    %pushi/vec4 0, 0, 1;
    %store/vec4 v00000240dd650490_0, 0, 1;
    %pushi/vec4 1, 0, 1;
    %store/vec4 v00000240dd6507b0_0, 0, 1;
    %pushi/vec4 0, 0, 1;
    %store/vec4 v00000240dd651390_0, 0, 1;
    %pushi/vec4 1, 0, 1;
    %store/vec4 v00000240dd6516b0_0, 0, 1;
    %jmp T_7.6;
T_7.6 ;
    %pop/vec4 1;
    %jmp T_7;
    .thread T_7, $push;
    .scope S_00000240dd5b6b10;
T_8 ;
    %wait E_00000240dd663680;
    %load/vec4 v00000240dd6c8920_0;
    %cmpi/e 1, 0, 1;
    %jmp/0xz  T_8.0, 4;
    %pushi/vec4 0, 0, 64;
    %assign/vec4 v00000240dd6c8060_0, 0;
    %pushi/vec4 0, 0, 4;
    %assign/vec4 v00000240dd6c8ce0_0, 0;
    %pushi/vec4 0, 0, 2;
    %assign/vec4 v00000240dd6c73e0_0, 0;
    %pushi/vec4 0, 0, 1;
    %assign/vec4 v00000240dd6c7f20_0, 0;
    %pushi/vec4 0, 0, 1;
    %assign/vec4 v00000240dd6c87e0_0, 0;
    %pushi/vec4 0, 0, 1;
    %assign/vec4 v00000240dd6c7a20_0, 0;
    %pushi/vec4 0, 0, 1;
    %assign/vec4 v00000240dd6c8880_0, 0;
    %pushi/vec4 0, 0, 1;
    %assign/vec4 v00000240dd6c8600_0, 0;
    %pushi/vec4 0, 0, 1;
    %assign/vec4 v00000240dd6c7200_0, 0;
    %pushi/vec4 0, 0, 64;
    %assign/vec4 v00000240dd6c8a60_0, 0;
    %pushi/vec4 0, 0, 64;
    %assign/vec4 v00000240dd6c75c0_0, 0;
    %pushi/vec4 0, 0, 5;
    %assign/vec4 v00000240dd6c7de0_0, 0;
    %pushi/vec4 0, 0, 5;
    %assign/vec4 v00000240dd6c8380_0, 0;
    %pushi/vec4 0, 0, 5;
    %assign/vec4 v00000240dd6c7160_0, 0;
    %pushi/vec4 0, 0, 64;
    %assign/vec4 v00000240dd6c81a0_0, 0;
    %jmp T_8.1;
T_8.0 ;
    %load/vec4 v00000240dd6c7fc0_0;
    %assign/vec4 v00000240dd6c8060_0, 0;
    %load/vec4 v00000240dd6c8100_0;
    %assign/vec4 v00000240dd6c8ce0_0, 0;
    %load/vec4 v00000240dd6c7d40_0;
    %assign/vec4 v00000240dd6c73e0_0, 0;
    %load/vec4 v00000240dd6c7b60_0;
    %assign/vec4 v00000240dd6c7f20_0, 0;
    %load/vec4 v00000240dd6c7660_0;
    %assign/vec4 v00000240dd6c87e0_0, 0;
    %load/vec4 v00000240dd6c7480_0;
    %assign/vec4 v00000240dd6c7a20_0, 0;
    %load/vec4 v00000240dd6c7520_0;
    %assign/vec4 v00000240dd6c8880_0, 0;
    %load/vec4 v00000240dd6c82e0_0;
    %assign/vec4 v00000240dd6c8600_0, 0;
    %load/vec4 v00000240dd6c72a0_0;
    %assign/vec4 v00000240dd6c7200_0, 0;
    %load/vec4 v00000240dd6c8b00_0;
    %assign/vec4 v00000240dd6c8a60_0, 0;
    %load/vec4 v00000240dd6c7020_0;
    %assign/vec4 v00000240dd6c75c0_0, 0;
    %load/vec4 v00000240dd6c89c0_0;
    %assign/vec4 v00000240dd6c7de0_0, 0;
    %load/vec4 v00000240dd6c8ba0_0;
    %assign/vec4 v00000240dd6c8380_0, 0;
    %load/vec4 v00000240dd6c8ec0_0;
    %assign/vec4 v00000240dd6c7160_0, 0;
    %load/vec4 v00000240dd6c70c0_0;
    %assign/vec4 v00000240dd6c81a0_0, 0;
T_8.1 ;
    %jmp T_8;
    .thread T_8;
    .scope S_00000240dd5e9610;
T_9 ;
    %wait E_00000240dd6634c0;
    %load/vec4 v00000240dd651a70_0;
    %cmpi/e 0, 0, 2;
    %jmp/0xz  T_9.0, 4;
    %pushi/vec4 2, 0, 4;
    %assign/vec4 v00000240dd651d90_0, 0;
    %jmp T_9.1;
T_9.0 ;
    %load/vec4 v00000240dd651a70_0;
    %cmpi/e 1, 0, 2;
    %jmp/0xz  T_9.2, 4;
    %pushi/vec4 6, 0, 4;
    %assign/vec4 v00000240dd651d90_0, 0;
    %jmp T_9.3;
T_9.2 ;
    %load/vec4 v00000240dd651a70_0;
    %cmpi/e 2, 0, 2;
    %jmp/0xz  T_9.4, 4;
    %load/vec4 v00000240dd650e90_0;
    %dup/vec4;
    %pushi/vec4 0, 0, 4;
    %cmp/u;
    %jmp/1 T_9.6, 6;
    %dup/vec4;
    %pushi/vec4 8, 0, 4;
    %cmp/u;
    %jmp/1 T_9.7, 6;
    %dup/vec4;
    %pushi/vec4 7, 0, 4;
    %cmp/u;
    %jmp/1 T_9.8, 6;
    %dup/vec4;
    %pushi/vec4 6, 0, 4;
    %cmp/u;
    %jmp/1 T_9.9, 6;
    %pushi/vec4 0, 0, 4;
    %assign/vec4 v00000240dd651d90_0, 0;
    %jmp T_9.11;
T_9.6 ;
    %pushi/vec4 2, 0, 4;
    %assign/vec4 v00000240dd651d90_0, 0;
    %jmp T_9.11;
T_9.7 ;
    %pushi/vec4 6, 0, 4;
    %assign/vec4 v00000240dd651d90_0, 0;
    %jmp T_9.11;
T_9.8 ;
    %pushi/vec4 0, 0, 4;
    %assign/vec4 v00000240dd651d90_0, 0;
    %jmp T_9.11;
T_9.9 ;
    %pushi/vec4 1, 0, 4;
    %assign/vec4 v00000240dd651d90_0, 0;
    %jmp T_9.11;
T_9.11 ;
    %pop/vec4 1;
T_9.4 ;
T_9.3 ;
T_9.1 ;
    %jmp T_9;
    .thread T_9, $push;
    .scope S_00000240dd5bae50;
T_10 ;
    %wait E_00000240dd6635c0;
    %load/vec4 v00000240dd651bb0_0;
    %cmpi/e 0, 0, 4;
    %jmp/0xz  T_10.0, 4;
    %load/vec4 v00000240dd650b70_0;
    %load/vec4 v00000240dd6512f0_0;
    %and;
    %store/vec4 v00000240dd650ad0_0, 0, 64;
    %jmp T_10.1;
T_10.0 ;
    %load/vec4 v00000240dd651bb0_0;
    %cmpi/e 1, 0, 4;
    %jmp/0xz  T_10.2, 4;
    %load/vec4 v00000240dd650b70_0;
    %load/vec4 v00000240dd6512f0_0;
    %or;
    %store/vec4 v00000240dd650ad0_0, 0, 64;
    %jmp T_10.3;
T_10.2 ;
    %load/vec4 v00000240dd651bb0_0;
    %cmpi/e 2, 0, 4;
    %jmp/0xz  T_10.4, 4;
    %load/vec4 v00000240dd650b70_0;
    %load/vec4 v00000240dd6512f0_0;
    %add;
    %store/vec4 v00000240dd650ad0_0, 0, 64;
    %jmp T_10.5;
T_10.4 ;
    %load/vec4 v00000240dd651bb0_0;
    %cmpi/e 6, 0, 4;
    %jmp/0xz  T_10.6, 4;
    %load/vec4 v00000240dd650b70_0;
    %load/vec4 v00000240dd6512f0_0;
    %sub;
    %store/vec4 v00000240dd650ad0_0, 0, 64;
    %jmp T_10.7;
T_10.6 ;
    %load/vec4 v00000240dd651bb0_0;
    %cmpi/e 12, 0, 4;
    %jmp/0xz  T_10.8, 4;
    %load/vec4 v00000240dd650b70_0;
    %load/vec4 v00000240dd6512f0_0;
    %or;
    %inv;
    %store/vec4 v00000240dd650ad0_0, 0, 64;
T_10.8 ;
T_10.7 ;
T_10.5 ;
T_10.3 ;
T_10.1 ;
    %load/vec4 v00000240dd650ad0_0;
    %cmpi/e 0, 0, 64;
    %jmp/0xz  T_10.10, 4;
    %pushi/vec4 1, 0, 1;
    %store/vec4 v00000240dd6500d0_0, 0, 1;
    %jmp T_10.11;
T_10.10 ;
    %pushi/vec4 0, 0, 1;
    %store/vec4 v00000240dd6500d0_0, 0, 1;
T_10.11 ;
    %load/vec4 v00000240dd650ad0_0;
    %parti/s 1, 63, 7;
    %inv;
    %assign/vec4 v00000240dd650a30_0, 0;
    %jmp T_10;
    .thread T_10, $push;
    .scope S_00000240dd5eac10;
T_11 ;
    %wait E_00000240dd663680;
    %load/vec4 v00000240dd6c56f0_0;
    %cmpi/e 1, 0, 1;
    %jmp/0xz  T_11.0, 4;
    %pushi/vec4 0, 0, 64;
    %assign/vec4 v00000240dd633440_0, 0;
    %pushi/vec4 0, 0, 64;
    %assign/vec4 v00000240dd6c6190_0, 0;
    %pushi/vec4 0, 0, 1;
    %assign/vec4 v00000240dd6c5f10_0, 0;
    %pushi/vec4 0, 0, 1;
    %assign/vec4 v00000240dd6c67d0_0, 0;
    %pushi/vec4 0, 0, 1;
    %assign/vec4 v00000240dd6c65f0_0, 0;
    %pushi/vec4 0, 0, 1;
    %assign/vec4 v00000240dd6c5470_0, 0;
    %pushi/vec4 0, 0, 1;
    %assign/vec4 v00000240dd6c60f0_0, 0;
    %pushi/vec4 0, 0, 1;
    %assign/vec4 v00000240dd6c5a10_0, 0;
    %pushi/vec4 0, 0, 5;
    %assign/vec4 v00000240dd6c5fb0_0, 0;
    %pushi/vec4 0, 0, 64;
    %assign/vec4 v00000240dd6c5010_0, 0;
    %jmp T_11.1;
T_11.0 ;
    %load/vec4 v00000240dd6333a0_0;
    %assign/vec4 v00000240dd633440_0, 0;
    %load/vec4 v00000240dd6c53d0_0;
    %assign/vec4 v00000240dd6c6190_0, 0;
    %load/vec4 v00000240dd6c5e70_0;
    %assign/vec4 v00000240dd6c5f10_0, 0;
    %load/vec4 v00000240dd6c6b90_0;
    %assign/vec4 v00000240dd6c67d0_0, 0;
    %load/vec4 v00000240dd6c6c30_0;
    %assign/vec4 v00000240dd6c65f0_0, 0;
    %load/vec4 v00000240dd6c5830_0;
    %assign/vec4 v00000240dd6c5470_0, 0;
    %load/vec4 v00000240dd6c5ab0_0;
    %assign/vec4 v00000240dd6c60f0_0, 0;
    %load/vec4 v00000240dd6c51f0_0;
    %assign/vec4 v00000240dd6c5a10_0, 0;
    %load/vec4 v00000240dd6c6870_0;
    %assign/vec4 v00000240dd6c5fb0_0, 0;
    %load/vec4 v00000240dd6c5dd0_0;
    %assign/vec4 v00000240dd6c5010_0, 0;
T_11.1 ;
    %jmp T_11;
    .thread T_11;
    .scope S_00000240dd5bafe0;
T_12 ;
    %wait E_00000240dd663580;
    %load/vec4 v00000240dd650d50_0;
    %flag_set/vec4 8;
    %jmp/0xz  T_12.0, 8;
    %load/vec4 v00000240dd650350_0;
    %load/vec4 v00000240dd650fd0_0;
    %pushi/vec4 0, 0, 3;
    %cmp/e;
    %flag_get/vec4 4;
    %and;
    %flag_set/vec4 8;
    %jmp/0xz  T_12.2, 8;
    %pushi/vec4 1, 0, 1;
    %assign/vec4 v00000240dd651cf0_0, 0;
    %pushi/vec4 0, 0, 1;
    %assign/vec4 v00000240dd650cb0_0, 0;
    %pushi/vec4 0, 0, 1;
    %assign/vec4 v00000240dd651570_0, 0;
    %pushi/vec4 0, 0, 1;
    %assign/vec4 v00000240dd651e30_0, 0;
    %jmp T_12.3;
T_12.2 ;
    %load/vec4 v00000240dd650350_0;
    %inv;
    %load/vec4 v00000240dd650fd0_0;
    %pushi/vec4 1, 0, 3;
    %cmp/e;
    %flag_get/vec4 4;
    %and;
    %flag_set/vec4 8;
    %jmp/0xz  T_12.4, 8;
    %pushi/vec4 1, 0, 1;
    %assign/vec4 v00000240dd650cb0_0, 0;
    %pushi/vec4 0, 0, 1;
    %assign/vec4 v00000240dd651cf0_0, 0;
    %pushi/vec4 0, 0, 1;
    %assign/vec4 v00000240dd651570_0, 0;
    %pushi/vec4 0, 0, 1;
    %assign/vec4 v00000240dd651e30_0, 0;
    %jmp T_12.5;
T_12.4 ;
    %load/vec4 v00000240dd651110_0;
    %load/vec4 v00000240dd650350_0;
    %or;
    %load/vec4 v00000240dd650fd0_0;
    %pushi/vec4 5, 0, 3;
    %cmp/e;
    %flag_get/vec4 4;
    %and;
    %flag_set/vec4 8;
    %jmp/0xz  T_12.6, 8;
    %pushi/vec4 0, 0, 1;
    %assign/vec4 v00000240dd650cb0_0, 0;
    %pushi/vec4 0, 0, 1;
    %assign/vec4 v00000240dd651cf0_0, 0;
    %pushi/vec4 1, 0, 1;
    %assign/vec4 v00000240dd651570_0, 0;
    %pushi/vec4 0, 0, 1;
    %assign/vec4 v00000240dd651e30_0, 0;
    %jmp T_12.7;
T_12.6 ;
    %load/vec4 v00000240dd651110_0;
    %inv;
    %load/vec4 v00000240dd650350_0;
    %inv;
    %and;
    %load/vec4 v00000240dd650fd0_0;
    %pushi/vec4 4, 0, 3;
    %cmp/e;
    %flag_get/vec4 4;
    %and;
    %flag_set/vec4 8;
    %jmp/0xz  T_12.8, 8;
    %pushi/vec4 0, 0, 1;
    %assign/vec4 v00000240dd650cb0_0, 0;
    %pushi/vec4 0, 0, 1;
    %assign/vec4 v00000240dd651cf0_0, 0;
    %pushi/vec4 1, 0, 1;
    %assign/vec4 v00000240dd651e30_0, 0;
    %pushi/vec4 0, 0, 1;
    %assign/vec4 v00000240dd651570_0, 0;
    %jmp T_12.9;
T_12.8 ;
    %pushi/vec4 0, 0, 1;
    %assign/vec4 v00000240dd650cb0_0, 0;
    %pushi/vec4 0, 0, 1;
    %assign/vec4 v00000240dd651cf0_0, 0;
    %pushi/vec4 0, 0, 1;
    %assign/vec4 v00000240dd651e30_0, 0;
    %pushi/vec4 0, 0, 1;
    %assign/vec4 v00000240dd651570_0, 0;
T_12.9 ;
T_12.7 ;
T_12.5 ;
T_12.3 ;
    %jmp T_12.1;
T_12.0 ;
    %pushi/vec4 0, 0, 1;
    %assign/vec4 v00000240dd650cb0_0, 0;
    %pushi/vec4 0, 0, 1;
    %assign/vec4 v00000240dd651cf0_0, 0;
    %pushi/vec4 0, 0, 1;
    %assign/vec4 v00000240dd651e30_0, 0;
    %pushi/vec4 0, 0, 1;
    %assign/vec4 v00000240dd651570_0, 0;
T_12.1 ;
    %load/vec4 v00000240dd650d50_0;
    %load/vec4 v00000240dd650cb0_0;
    %load/vec4 v00000240dd651cf0_0;
    %or;
    %load/vec4 v00000240dd651e30_0;
    %or;
    %load/vec4 v00000240dd651570_0;
    %or;
    %and;
    %assign/vec4 v00000240dd6502b0_0, 0;
    %jmp T_12;
    .thread T_12, $push;
    .scope S_00000240dd5bf320;
T_13 ;
    %pushi/vec4 235, 0, 8;
    %ix/load 4, 0, 0;
    %flag_set/imm 4, 0;
    %store/vec4a v00000240dd6514d0, 4, 0;
    %pushi/vec4 18, 0, 8;
    %ix/load 4, 1, 0;
    %flag_set/imm 4, 0;
    %store/vec4a v00000240dd6514d0, 4, 0;
    %pushi/vec4 120, 0, 8;
    %ix/load 4, 2, 0;
    %flag_set/imm 4, 0;
    %store/vec4a v00000240dd6514d0, 4, 0;
    %pushi/vec4 79, 0, 8;
    %ix/load 4, 3, 0;
    %flag_set/imm 4, 0;
    %store/vec4a v00000240dd6514d0, 4, 0;
    %pushi/vec4 72, 0, 8;
    %ix/load 4, 4, 0;
    %flag_set/imm 4, 0;
    %store/vec4a v00000240dd6514d0, 4, 0;
    %pushi/vec4 182, 0, 8;
    %ix/load 4, 5, 0;
    %flag_set/imm 4, 0;
    %store/vec4a v00000240dd6514d0, 4, 0;
    %pushi/vec4 69, 0, 8;
    %ix/load 4, 6, 0;
    %flag_set/imm 4, 0;
    %store/vec4a v00000240dd6514d0, 4, 0;
    %pushi/vec4 254, 0, 8;
    %ix/load 4, 7, 0;
    %flag_set/imm 4, 0;
    %store/vec4a v00000240dd6514d0, 4, 0;
    %pushi/vec4 48, 0, 8;
    %ix/load 4, 8, 0;
    %flag_set/imm 4, 0;
    %store/vec4a v00000240dd6514d0, 4, 0;
    %pushi/vec4 16, 0, 8;
    %ix/load 4, 9, 0;
    %flag_set/imm 4, 0;
    %store/vec4a v00000240dd6514d0, 4, 0;
    %pushi/vec4 17, 0, 8;
    %ix/load 4, 10, 0;
    %flag_set/imm 4, 0;
    %store/vec4a v00000240dd6514d0, 4, 0;
    %pushi/vec4 5, 0, 8;
    %ix/load 4, 11, 0;
    %flag_set/imm 4, 0;
    %store/vec4a v00000240dd6514d0, 4, 0;
    %pushi/vec4 194, 0, 8;
    %ix/load 4, 12, 0;
    %flag_set/imm 4, 0;
    %store/vec4a v00000240dd6514d0, 4, 0;
    %pushi/vec4 223, 0, 8;
    %ix/load 4, 13, 0;
    %flag_set/imm 4, 0;
    %store/vec4a v00000240dd6514d0, 4, 0;
    %pushi/vec4 98, 0, 8;
    %ix/load 4, 14, 0;
    %flag_set/imm 4, 0;
    %store/vec4a v00000240dd6514d0, 4, 0;
    %pushi/vec4 135, 0, 8;
    %ix/load 4, 15, 0;
    %flag_set/imm 4, 0;
    %store/vec4a v00000240dd6514d0, 4, 0;
    %pushi/vec4 53, 0, 8;
    %ix/load 4, 16, 0;
    %flag_set/imm 4, 0;
    %store/vec4a v00000240dd6514d0, 4, 0;
    %pushi/vec4 59, 0, 8;
    %ix/load 4, 17, 0;
    %flag_set/imm 4, 0;
    %store/vec4a v00000240dd6514d0, 4, 0;
    %pushi/vec4 81, 0, 8;
    %ix/load 4, 18, 0;
    %flag_set/imm 4, 0;
    %store/vec4a v00000240dd6514d0, 4, 0;
    %pushi/vec4 95, 0, 8;
    %ix/load 4, 19, 0;
    %flag_set/imm 4, 0;
    %store/vec4a v00000240dd6514d0, 4, 0;
    %pushi/vec4 57, 0, 8;
    %ix/load 4, 20, 0;
    %flag_set/imm 4, 0;
    %store/vec4a v00000240dd6514d0, 4, 0;
    %pushi/vec4 125, 0, 8;
    %ix/load 4, 21, 0;
    %flag_set/imm 4, 0;
    %store/vec4a v00000240dd6514d0, 4, 0;
    %pushi/vec4 166, 0, 8;
    %ix/load 4, 22, 0;
    %flag_set/imm 4, 0;
    %store/vec4a v00000240dd6514d0, 4, 0;
    %pushi/vec4 5, 0, 8;
    %ix/load 4, 23, 0;
    %flag_set/imm 4, 0;
    %store/vec4a v00000240dd6514d0, 4, 0;
    %pushi/vec4 35, 0, 8;
    %ix/load 4, 24, 0;
    %flag_set/imm 4, 0;
    %store/vec4a v00000240dd6514d0, 4, 0;
    %pushi/vec4 16, 0, 8;
    %ix/load 4, 25, 0;
    %flag_set/imm 4, 0;
    %store/vec4a v00000240dd6514d0, 4, 0;
    %pushi/vec4 119, 0, 8;
    %ix/load 4, 26, 0;
    %flag_set/imm 4, 0;
    %store/vec4a v00000240dd6514d0, 4, 0;
    %pushi/vec4 185, 0, 8;
    %ix/load 4, 27, 0;
    %flag_set/imm 4, 0;
    %store/vec4a v00000240dd6514d0, 4, 0;
    %pushi/vec4 31, 0, 8;
    %ix/load 4, 28, 0;
    %flag_set/imm 4, 0;
    %store/vec4a v00000240dd6514d0, 4, 0;
    %pushi/vec4 32, 0, 8;
    %ix/load 4, 29, 0;
    %flag_set/imm 4, 0;
    %store/vec4a v00000240dd6514d0, 4, 0;
    %pushi/vec4 194, 0, 8;
    %ix/load 4, 30, 0;
    %flag_set/imm 4, 0;
    %store/vec4a v00000240dd6514d0, 4, 0;
    %pushi/vec4 43, 0, 8;
    %ix/load 4, 31, 0;
    %flag_set/imm 4, 0;
    %store/vec4a v00000240dd6514d0, 4, 0;
    %pushi/vec4 36, 0, 8;
    %ix/load 4, 32, 0;
    %flag_set/imm 4, 0;
    %store/vec4a v00000240dd6514d0, 4, 0;
    %pushi/vec4 10, 0, 8;
    %ix/load 4, 33, 0;
    %flag_set/imm 4, 0;
    %store/vec4a v00000240dd6514d0, 4, 0;
    %pushi/vec4 107, 0, 8;
    %ix/load 4, 34, 0;
    %flag_set/imm 4, 0;
    %store/vec4a v00000240dd6514d0, 4, 0;
    %pushi/vec4 195, 0, 8;
    %ix/load 4, 35, 0;
    %flag_set/imm 4, 0;
    %store/vec4a v00000240dd6514d0, 4, 0;
    %pushi/vec4 194, 0, 8;
    %ix/load 4, 36, 0;
    %flag_set/imm 4, 0;
    %store/vec4a v00000240dd6514d0, 4, 0;
    %pushi/vec4 76, 0, 8;
    %ix/load 4, 37, 0;
    %flag_set/imm 4, 0;
    %store/vec4a v00000240dd6514d0, 4, 0;
    %pushi/vec4 106, 0, 8;
    %ix/load 4, 38, 0;
    %flag_set/imm 4, 0;
    %store/vec4a v00000240dd6514d0, 4, 0;
    %pushi/vec4 69, 0, 8;
    %ix/load 4, 39, 0;
    %flag_set/imm 4, 0;
    %store/vec4a v00000240dd6514d0, 4, 0;
    %pushi/vec4 9, 0, 8;
    %ix/load 4, 40, 0;
    %flag_set/imm 4, 0;
    %store/vec4a v00000240dd6514d0, 4, 0;
    %pushi/vec4 0, 0, 8;
    %ix/load 4, 41, 0;
    %flag_set/imm 4, 0;
    %store/vec4a v00000240dd6514d0, 4, 0;
    %pushi/vec4 0, 0, 8;
    %ix/load 4, 42, 0;
    %flag_set/imm 4, 0;
    %store/vec4a v00000240dd6514d0, 4, 0;
    %pushi/vec4 0, 0, 8;
    %ix/load 4, 43, 0;
    %flag_set/imm 4, 0;
    %store/vec4a v00000240dd6514d0, 4, 0;
    %pushi/vec4 0, 0, 8;
    %ix/load 4, 44, 0;
    %flag_set/imm 4, 0;
    %store/vec4a v00000240dd6514d0, 4, 0;
    %pushi/vec4 0, 0, 8;
    %ix/load 4, 45, 0;
    %flag_set/imm 4, 0;
    %store/vec4a v00000240dd6514d0, 4, 0;
    %pushi/vec4 0, 0, 8;
    %ix/load 4, 46, 0;
    %flag_set/imm 4, 0;
    %store/vec4a v00000240dd6514d0, 4, 0;
    %pushi/vec4 0, 0, 8;
    %ix/load 4, 47, 0;
    %flag_set/imm 4, 0;
    %store/vec4a v00000240dd6514d0, 4, 0;
    %pushi/vec4 248, 0, 8;
    %ix/load 4, 48, 0;
    %flag_set/imm 4, 0;
    %store/vec4a v00000240dd6514d0, 4, 0;
    %pushi/vec4 170, 0, 8;
    %ix/load 4, 49, 0;
    %flag_set/imm 4, 0;
    %store/vec4a v00000240dd6514d0, 4, 0;
    %pushi/vec4 233, 0, 8;
    %ix/load 4, 50, 0;
    %flag_set/imm 4, 0;
    %store/vec4a v00000240dd6514d0, 4, 0;
    %pushi/vec4 147, 0, 8;
    %ix/load 4, 51, 0;
    %flag_set/imm 4, 0;
    %store/vec4a v00000240dd6514d0, 4, 0;
    %pushi/vec4 150, 0, 8;
    %ix/load 4, 52, 0;
    %flag_set/imm 4, 0;
    %store/vec4a v00000240dd6514d0, 4, 0;
    %pushi/vec4 214, 0, 8;
    %ix/load 4, 53, 0;
    %flag_set/imm 4, 0;
    %store/vec4a v00000240dd6514d0, 4, 0;
    %pushi/vec4 249, 0, 8;
    %ix/load 4, 54, 0;
    %flag_set/imm 4, 0;
    %store/vec4a v00000240dd6514d0, 4, 0;
    %pushi/vec4 128, 0, 8;
    %ix/load 4, 55, 0;
    %flag_set/imm 4, 0;
    %store/vec4a v00000240dd6514d0, 4, 0;
    %pushi/vec4 107, 0, 8;
    %ix/load 4, 56, 0;
    %flag_set/imm 4, 0;
    %store/vec4a v00000240dd6514d0, 4, 0;
    %pushi/vec4 13, 0, 8;
    %ix/load 4, 57, 0;
    %flag_set/imm 4, 0;
    %store/vec4a v00000240dd6514d0, 4, 0;
    %pushi/vec4 104, 0, 8;
    %ix/load 4, 58, 0;
    %flag_set/imm 4, 0;
    %store/vec4a v00000240dd6514d0, 4, 0;
    %pushi/vec4 31, 0, 8;
    %ix/load 4, 59, 0;
    %flag_set/imm 4, 0;
    %store/vec4a v00000240dd6514d0, 4, 0;
    %pushi/vec4 252, 0, 8;
    %ix/load 4, 60, 0;
    %flag_set/imm 4, 0;
    %store/vec4a v00000240dd6514d0, 4, 0;
    %pushi/vec4 67, 0, 8;
    %ix/load 4, 61, 0;
    %flag_set/imm 4, 0;
    %store/vec4a v00000240dd6514d0, 4, 0;
    %pushi/vec4 45, 0, 8;
    %ix/load 4, 62, 0;
    %flag_set/imm 4, 0;
    %store/vec4a v00000240dd6514d0, 4, 0;
    %pushi/vec4 28, 0, 8;
    %ix/load 4, 63, 0;
    %flag_set/imm 4, 0;
    %store/vec4a v00000240dd6514d0, 4, 0;
    %end;
    .thread T_13;
    .scope S_00000240dd5bf320;
T_14 ;
    %wait E_00000240dd6637c0;
    %load/vec4 v00000240dd6505d0_0;
    %flag_set/vec4 8;
    %jmp/0xz  T_14.0, 8;
    %load/vec4 v00000240dd633080_0;
    %cmpi/e 2, 0, 3;
    %jmp/0xz  T_14.2, 4;
    %load/vec4 v00000240dd633e40_0;
    %parti/s 8, 0, 2;
    %ix/getv 4, v00000240dd651890_0;
    %store/vec4a v00000240dd6514d0, 4, 0;
    %load/vec4 v00000240dd633e40_0;
    %parti/s 8, 8, 5;
    %load/vec4 v00000240dd651890_0;
    %pad/u 65;
    %addi 1, 0, 65;
    %ix/vec4 4;
    %store/vec4a v00000240dd6514d0, 4, 0;
    %load/vec4 v00000240dd633e40_0;
    %parti/s 8, 16, 6;
    %load/vec4 v00000240dd651890_0;
    %pad/u 65;
    %addi 2, 0, 65;
    %ix/vec4 4;
    %store/vec4a v00000240dd6514d0, 4, 0;
    %load/vec4 v00000240dd633e40_0;
    %parti/s 8, 24, 6;
    %load/vec4 v00000240dd651890_0;
    %pad/u 65;
    %addi 3, 0, 65;
    %ix/vec4 4;
    %store/vec4a v00000240dd6514d0, 4, 0;
    %jmp T_14.3;
T_14.2 ;
    %load/vec4 v00000240dd633080_0;
    %cmpi/e 3, 0, 3;
    %jmp/0xz  T_14.4, 4;
    %load/vec4 v00000240dd633e40_0;
    %parti/s 8, 0, 2;
    %ix/getv 4, v00000240dd651890_0;
    %store/vec4a v00000240dd6514d0, 4, 0;
    %load/vec4 v00000240dd633e40_0;
    %parti/s 8, 8, 5;
    %load/vec4 v00000240dd651890_0;
    %pad/u 65;
    %addi 1, 0, 65;
    %ix/vec4 4;
    %store/vec4a v00000240dd6514d0, 4, 0;
    %load/vec4 v00000240dd633e40_0;
    %parti/s 8, 16, 6;
    %load/vec4 v00000240dd651890_0;
    %pad/u 65;
    %addi 2, 0, 65;
    %ix/vec4 4;
    %store/vec4a v00000240dd6514d0, 4, 0;
    %load/vec4 v00000240dd633e40_0;
    %parti/s 8, 24, 6;
    %load/vec4 v00000240dd651890_0;
    %pad/u 65;
    %addi 3, 0, 65;
    %ix/vec4 4;
    %store/vec4a v00000240dd6514d0, 4, 0;
    %load/vec4 v00000240dd633e40_0;
    %parti/s 8, 32, 7;
    %load/vec4 v00000240dd651890_0;
    %pad/u 65;
    %addi 4, 0, 65;
    %ix/vec4 4;
    %store/vec4a v00000240dd6514d0, 4, 0;
    %load/vec4 v00000240dd633e40_0;
    %parti/s 8, 40, 7;
    %load/vec4 v00000240dd651890_0;
    %pad/u 65;
    %addi 5, 0, 65;
    %ix/vec4 4;
    %store/vec4a v00000240dd6514d0, 4, 0;
    %load/vec4 v00000240dd633e40_0;
    %parti/s 8, 48, 7;
    %load/vec4 v00000240dd651890_0;
    %pad/u 65;
    %addi 6, 0, 65;
    %ix/vec4 4;
    %store/vec4a v00000240dd6514d0, 4, 0;
    %load/vec4 v00000240dd633e40_0;
    %parti/s 8, 56, 7;
    %load/vec4 v00000240dd651890_0;
    %pad/u 65;
    %addi 7, 0, 65;
    %ix/vec4 4;
    %store/vec4a v00000240dd6514d0, 4, 0;
T_14.4 ;
T_14.3 ;
T_14.0 ;
    %jmp T_14;
    .thread T_14;
    .scope S_00000240dd5bf320;
T_15 ;
    %wait E_00000240dd663700;
    %load/vec4 v00000240dd651750_0;
    %flag_set/vec4 8;
    %jmp/0xz  T_15.0, 8;
    %load/vec4 v00000240dd633080_0;
    %cmpi/e 2, 0, 3;
    %jmp/0xz  T_15.2, 4;
    %pushi/vec4 0, 0, 32;
    %load/vec4 v00000240dd651890_0;
    %pad/u 65;
    %addi 3, 0, 65;
    %ix/vec4 4;
    %load/vec4a v00000240dd6514d0, 4;
    %concat/vec4; draw_concat_vec4
    %load/vec4 v00000240dd651890_0;
    %pad/u 65;
    %addi 2, 0, 65;
    %ix/vec4 4;
    %load/vec4a v00000240dd6514d0, 4;
    %concat/vec4; draw_concat_vec4
    %load/vec4 v00000240dd651890_0;
    %pad/u 65;
    %addi 1, 0, 65;
    %ix/vec4 4;
    %load/vec4a v00000240dd6514d0, 4;
    %concat/vec4; draw_concat_vec4
    %ix/getv 4, v00000240dd651890_0;
    %load/vec4a v00000240dd6514d0, 4;
    %concat/vec4; draw_concat_vec4
    %store/vec4 v00000240dd651930_0, 0, 64;
    %jmp T_15.3;
T_15.2 ;
    %load/vec4 v00000240dd633080_0;
    %cmpi/e 3, 0, 3;
    %jmp/0xz  T_15.4, 4;
    %load/vec4 v00000240dd651890_0;
    %pad/u 65;
    %addi 7, 0, 65;
    %ix/vec4 4;
    %load/vec4a v00000240dd6514d0, 4;
    %load/vec4 v00000240dd651890_0;
    %pad/u 65;
    %addi 6, 0, 65;
    %ix/vec4 4;
    %load/vec4a v00000240dd6514d0, 4;
    %concat/vec4; draw_concat_vec4
    %load/vec4 v00000240dd651890_0;
    %pad/u 65;
    %addi 5, 0, 65;
    %ix/vec4 4;
    %load/vec4a v00000240dd6514d0, 4;
    %concat/vec4; draw_concat_vec4
    %load/vec4 v00000240dd651890_0;
    %pad/u 65;
    %addi 4, 0, 65;
    %ix/vec4 4;
    %load/vec4a v00000240dd6514d0, 4;
    %concat/vec4; draw_concat_vec4
    %load/vec4 v00000240dd651890_0;
    %pad/u 65;
    %addi 3, 0, 65;
    %ix/vec4 4;
    %load/vec4a v00000240dd6514d0, 4;
    %concat/vec4; draw_concat_vec4
    %load/vec4 v00000240dd651890_0;
    %pad/u 65;
    %addi 2, 0, 65;
    %ix/vec4 4;
    %load/vec4a v00000240dd6514d0, 4;
    %concat/vec4; draw_concat_vec4
    %load/vec4 v00000240dd651890_0;
    %pad/u 65;
    %addi 1, 0, 65;
    %ix/vec4 4;
    %load/vec4a v00000240dd6514d0, 4;
    %concat/vec4; draw_concat_vec4
    %ix/getv 4, v00000240dd651890_0;
    %load/vec4a v00000240dd6514d0, 4;
    %concat/vec4; draw_concat_vec4
    %store/vec4 v00000240dd651930_0, 0, 64;
T_15.4 ;
T_15.3 ;
T_15.0 ;
    %jmp T_15;
    .thread T_15, $push;
    .scope S_00000240dd598240;
T_16 ;
    %wait E_00000240dd663680;
    %load/vec4 v00000240dd6c8420_0;
    %cmpi/e 1, 0, 1;
    %jmp/0xz  T_16.0, 4;
    %pushi/vec4 0, 0, 64;
    %assign/vec4 v00000240dd6c7c00_0, 0;
    %pushi/vec4 0, 0, 64;
    %assign/vec4 v00000240dd6c7840_0, 0;
    %pushi/vec4 0, 0, 5;
    %assign/vec4 v00000240dd6c8240_0, 0;
    %pushi/vec4 0, 0, 1;
    %assign/vec4 v00000240dd6c8c40_0, 0;
    %pushi/vec4 0, 0, 1;
    %assign/vec4 v00000240dd6c86a0_0, 0;
    %jmp T_16.1;
T_16.0 ;
    %load/vec4 v00000240dd6c7980_0;
    %assign/vec4 v00000240dd6c7c00_0, 0;
    %load/vec4 v00000240dd6c8d80_0;
    %assign/vec4 v00000240dd6c7840_0, 0;
    %load/vec4 v00000240dd6c7ca0_0;
    %assign/vec4 v00000240dd6c8240_0, 0;
    %load/vec4 v00000240dd6c7700_0;
    %assign/vec4 v00000240dd6c8c40_0, 0;
    %load/vec4 v00000240dd6c78e0_0;
    %assign/vec4 v00000240dd6c86a0_0, 0;
T_16.1 ;
    %jmp T_16;
    .thread T_16;
    .scope S_00000240dd678c30;
T_17 ;
    %pushi/vec4 0, 0, 1;
    %store/vec4 v00000240dd6d6e60_0, 0, 1;
    %end;
    .thread T_17;
    .scope S_00000240dd678c30;
T_18 ;
    %delay 5, 0;
    %load/vec4 v00000240dd6d6e60_0;
    %inv;
    %store/vec4 v00000240dd6d6e60_0, 0, 1;
    %jmp T_18;
    .thread T_18;
    .scope S_00000240dd678c30;
T_19 ;
    %pushi/vec4 1, 0, 1;
    %store/vec4 v00000240dd6d6320_0, 0, 1;
    %delay 10, 0;
    %pushi/vec4 0, 0, 1;
    %store/vec4 v00000240dd6d6320_0, 0, 1;
    %delay 100, 0;
    %pushi/vec4 1, 0, 1;
    %store/vec4 v00000240dd6d6320_0, 0, 1;
    %vpi_call 2 20 "$finish" {0 0 0};
    %end;
    .thread T_19;
    .scope S_00000240dd678c30;
T_20 ;
    %vpi_call 2 24 "$dumpfile", "tests.vcd" {0 0 0};
    %vpi_call 2 25 "$dumpvars", 32'sb00000000000000000000000000000011, S_00000240dd678c30 {0 0 0};
    %end;
    .thread T_20;
# The file index is used to find the file name in the following table.
:file_names 21;
    "N/A";
    "<interactive>";
    "tb.v";
    "./RISC_V_Pipeline.v";
    "./Adder.v";
    "./ALU_Control.v";
    "./ALU_64_bit.v";
    "./branch_module.v";
    "./Control_Unit.v";
    "./Data_Memory.v";
    "./EX_MEM.v";
    "./Instruction_Memory.v";
    "./IF_ID.v";
    "./instruction.v";
    "./imm_data_gen.v";
    "./ID_EX.v";
    "./MEM_WB.v";
    "./MUX.v";
    "./Program_Counter.v";
    "./registerFile.v";
    "./shift_left.v";
