#! /c/Source/iverilog-install/bin/vvp
:ivl_version "12.0 (devel)" "(s20150603-1110-g18392a46)";
:ivl_delay_selection "TYPICAL";
:vpi_time_precision + 0;
:vpi_module "D:\Program_Files\iverilog\lib\ivl\system.vpi";
:vpi_module "D:\Program_Files\iverilog\lib\ivl\vhdl_sys.vpi";
:vpi_module "D:\Program_Files\iverilog\lib\ivl\vhdl_textio.vpi";
:vpi_module "D:\Program_Files\iverilog\lib\ivl\v2005_math.vpi";
:vpi_module "D:\Program_Files\iverilog\lib\ivl\va_math.vpi";
S_0000019b70012770 .scope module, "instruction" "instruction" 2 1;
 .timescale 0 0;
    .port_info 0 /INPUT 32 "ins";
    .port_info 1 /OUTPUT 7 "op";
    .port_info 2 /OUTPUT 5 "rd";
    .port_info 3 /OUTPUT 3 "f3";
    .port_info 4 /OUTPUT 5 "rs1";
    .port_info 5 /OUTPUT 5 "rs2";
    .port_info 6 /OUTPUT 7 "f7";
v0000019b70013340_0 .net "f3", 2 0, L_0000019b700426f0;  1 drivers
v0000019b70178c00_0 .net "f7", 6 0, L_0000019b70042830;  1 drivers
o0000019b70047038 .functor BUFZ 32, C4<zzzzzzzzzzzzzzzzzzzzzzzzzzzzzzzz>; HiZ drive
v0000019b70178a40_0 .net "ins", 31 0, o0000019b70047038;  0 drivers
v0000019b70178070_0 .net "op", 6 0, L_0000019b700428d0;  1 drivers
v0000019b70042650_0 .net "rd", 4 0, L_0000019b70042330;  1 drivers
v0000019b70042290_0 .net "rs1", 4 0, L_0000019b700420b0;  1 drivers
v0000019b70042a10_0 .net "rs2", 4 0, L_0000019b70042790;  1 drivers
L_0000019b700428d0 .part o0000019b70047038, 0, 7;
L_0000019b70042330 .part o0000019b70047038, 7, 5;
L_0000019b700426f0 .part o0000019b70047038, 12, 3;
L_0000019b700420b0 .part o0000019b70047038, 15, 5;
L_0000019b70042790 .part o0000019b70047038, 20, 5;
L_0000019b70042830 .part o0000019b70047038, 25, 7;
# The file index is used to find the file name in the following table.
:file_names 3;
    "N/A";
    "<interactive>";
    "instruction.v";
