#! /c/Source/iverilog-install/bin/vvp
:ivl_version "12.0 (devel)" "(s20150603-1110-g18392a46)";
:ivl_delay_selection "TYPICAL";
:vpi_time_precision + 0;
:vpi_module "D:\Program_Files\iverilog\lib\ivl\system.vpi";
:vpi_module "D:\Program_Files\iverilog\lib\ivl\vhdl_sys.vpi";
:vpi_module "D:\Program_Files\iverilog\lib\ivl\vhdl_textio.vpi";
:vpi_module "D:\Program_Files\iverilog\lib\ivl\v2005_math.vpi";
:vpi_module "D:\Program_Files\iverilog\lib\ivl\va_math.vpi";
S_000001e2da122830 .scope module, "Program_Counter" "Program_Counter" 2 1;
 .timescale 0 0;
    .port_info 0 /INPUT 1 "clk";
    .port_info 1 /INPUT 1 "reset";
    .port_info 2 /INPUT 64 "PC_In";
    .port_info 3 /OUTPUT 64 "PC_Out";
o000001e2da156f98 .functor BUFZ 64, C4<zzzzzzzzzzzzzzzzzzzzzzzzzzzzzzzzzzzzzzzzzzzzzzzzzzzzzzzzzzzzzzzz>; HiZ drive
v000001e2da122df0_0 .net "PC_In", 63 0, o000001e2da156f98;  0 drivers
v000001e2da1229c0_0 .var "PC_Out", 63 0;
o000001e2da156ff8 .functor BUFZ 1, C4<z>; HiZ drive
v000001e2da122a60_0 .net "clk", 0 0, o000001e2da156ff8;  0 drivers
o000001e2da157028 .functor BUFZ 1, C4<z>; HiZ drive
v000001e2da122b00_0 .net "reset", 0 0, o000001e2da157028;  0 drivers
E_000001e2da154bf0 .event posedge, v000001e2da122b00_0, v000001e2da122a60_0;
    .scope S_000001e2da122830;
T_0 ;
    %wait E_000001e2da154bf0;
    %load/vec4 v000001e2da122b00_0;
    %flag_set/vec4 8;
    %jmp/0xz  T_0.0, 8;
    %pushi/vec4 0, 0, 64;
    %assign/vec4 v000001e2da1229c0_0, 0;
    %jmp T_0.1;
T_0.0 ;
    %load/vec4 v000001e2da122df0_0;
    %assign/vec4 v000001e2da1229c0_0, 0;
T_0.1 ;
    %jmp T_0;
    .thread T_0;
# The file index is used to find the file name in the following table.
:file_names 3;
    "N/A";
    "<interactive>";
    "Program_Counter.v";
