#! /c/Source/iverilog-install/bin/vvp
:ivl_version "12.0 (devel)" "(s20150603-1110-g18392a46)";
:ivl_delay_selection "TYPICAL";
:vpi_time_precision + 0;
:vpi_module "D:\Program_Files\iverilog\lib\ivl\system.vpi";
:vpi_module "D:\Program_Files\iverilog\lib\ivl\vhdl_sys.vpi";
:vpi_module "D:\Program_Files\iverilog\lib\ivl\vhdl_textio.vpi";
:vpi_module "D:\Program_Files\iverilog\lib\ivl\v2005_math.vpi";
:vpi_module "D:\Program_Files\iverilog\lib\ivl\va_math.vpi";
S_000001dd1774a900 .scope module, "RISC_V_Processor" "RISC_V_Processor" 2 14;
 .timescale 0 0;
    .port_info 0 /INPUT 1 "clk";
    .port_info 1 /INPUT 1 "reset";
v000001dd177a7010_0 .net "ALUOp", 1 0, v000001dd177509e0_0;  1 drivers
v000001dd177a73d0_0 .net "ALUSrc", 0 0, v000001dd17750a80_0;  1 drivers
v000001dd177a6bb0_0 .net "Branch", 0 0, v000001dd1774fa40_0;  1 drivers
v000001dd177a6610_0 .net "DMem_Read", 63 0, v000001dd177a4c40_0;  1 drivers
v000001dd177a6cf0_0 .net "IMem_out", 31 0, L_000001dd177abff0;  1 drivers
v000001dd177a66b0_0 .net "Index_0", 63 0, v000001dd177512a0_0;  1 drivers
v000001dd177a7d30_0 .net "Index_1", 63 0, v000001dd1774f900_0;  1 drivers
v000001dd177a69d0_0 .net "Index_2", 63 0, v000001dd17751020_0;  1 drivers
v000001dd177a67f0_0 .net "Index_3", 63 0, v000001dd1774f9a0_0;  1 drivers
v000001dd177a6070_0 .net "Index_4", 63 0, v000001dd177510c0_0;  1 drivers
v000001dd177a7c90_0 .net "Index_5", 63 0, v000001dd17750080_0;  1 drivers
v000001dd177a7970_0 .net "Index_6", 63 0, v000001dd17751160_0;  1 drivers
v000001dd177a7470_0 .net "Index_7", 63 0, v000001dd1774fae0_0;  1 drivers
v000001dd177a6d90_0 .net "Index_8", 63 0, v000001dd1774fb80_0;  1 drivers
v000001dd177a7bf0_0 .net "Index_9", 63 0, v000001dd1774fd60_0;  1 drivers
v000001dd177a6430_0 .net "MemRead", 0 0, v000001dd17750da0_0;  1 drivers
v000001dd177a6f70_0 .net "MemWrite", 0 0, v000001dd1774fcc0_0;  1 drivers
v000001dd177a70b0_0 .net "MemtoReg", 0 0, v000001dd17750bc0_0;  1 drivers
v000001dd177a7790_0 .net "Operation", 3 0, v000001dd17750580_0;  1 drivers
v000001dd177a7150_0 .net "PC_In", 63 0, L_000001dd177ac6d0;  1 drivers
v000001dd177a71f0_0 .net "PC_Out", 63 0, v000001dd177a46a0_0;  1 drivers
v000001dd177a7a10_0 .net "PC_offset_4", 63 0, L_000001dd177ad490;  1 drivers
v000001dd177a76f0_0 .net "PC_offset_branch", 63 0, L_000001dd177ada30;  1 drivers
v000001dd177a7ab0_0 .net "Pos", 0 0, v000001dd17751200_0;  1 drivers
v000001dd177a5fd0_0 .net "RegWrite", 0 0, v000001dd17750ee0_0;  1 drivers
v000001dd177a7b50_0 .net "Result", 63 0, v000001dd177504e0_0;  1 drivers
v000001dd177a5f30_0 .net "Zero", 0 0, v000001dd1774ffe0_0;  1 drivers
v000001dd177a7510_0 .net *"_ivl_3", 0 0, L_000001dd177ad0d0;  1 drivers
v000001dd177a6110_0 .net *"_ivl_5", 2 0, L_000001dd177ad170;  1 drivers
v000001dd177a75b0_0 .net "beq", 0 0, v000001dd1774ff40_0;  1 drivers
v000001dd177a61b0_0 .net "bge", 0 0, v000001dd17750d00_0;  1 drivers
v000001dd177a6250_0 .net "blt", 0 0, v000001dd17750620_0;  1 drivers
v000001dd177a7650_0 .net "bne", 0 0, v000001dd177506c0_0;  1 drivers
o000001dd177536d8 .functor BUFZ 1, C4<z>; HiZ drive
v000001dd177a62f0_0 .net "clk", 0 0, o000001dd177536d8;  0 drivers
v000001dd177a6390_0 .net "funct3", 2 0, L_000001dd177ac270;  1 drivers
v000001dd177ad5d0_0 .net "funct7", 6 0, L_000001dd177ac090;  1 drivers
v000001dd177ac770_0 .net "imm_data", 63 0, v000001dd177a3fc0_0;  1 drivers
v000001dd177acf90_0 .net "mux_1_out", 63 0, L_000001dd177ad8f0;  1 drivers
v000001dd177aca90_0 .net "opcode", 6 0, L_000001dd177ad530;  1 drivers
v000001dd177ad350_0 .net "rd", 4 0, L_000001dd177ac950;  1 drivers
v000001dd177ad210_0 .net "readdata1", 63 0, v000001dd177a7330_0;  1 drivers
v000001dd177ad2b0_0 .net "readdata2", 63 0, v000001dd177a7830_0;  1 drivers
o000001dd17754308 .functor BUFZ 1, C4<z>; HiZ drive
v000001dd177acd10_0 .net "reset", 0 0, o000001dd17754308;  0 drivers
v000001dd177acb30_0 .net "rs1", 4 0, L_000001dd177ad670;  1 drivers
v000001dd177ad030_0 .net "rs2", 4 0, L_000001dd177acc70;  1 drivers
v000001dd177adb70_0 .net "shifted_imm_data", 63 0, L_000001dd177add50;  1 drivers
v000001dd177ad3f0_0 .net "to_branch", 0 0, v000001dd177508a0_0;  1 drivers
v000001dd177acbd0_0 .net "write_data", 63 0, L_000001dd177ac310;  1 drivers
L_000001dd177ad0d0 .part L_000001dd177abff0, 30, 1;
L_000001dd177ad170 .part L_000001dd177abff0, 12, 3;
L_000001dd177ad850 .concat [ 3 1 0 0], L_000001dd177ad170, L_000001dd177ad0d0;
S_000001dd1774aa90 .scope module, "a1" "Adder" 2 61, 3 1 0, S_000001dd1774a900;
 .timescale 0 0;
    .port_info 0 /INPUT 64 "a";
    .port_info 1 /INPUT 64 "b";
    .port_info 2 /OUTPUT 64 "out";
v000001dd1774fe00_0 .net "a", 63 0, v000001dd177a46a0_0;  alias, 1 drivers
L_000001dd177aee88 .functor BUFT 1, C4<0000000000000000000000000000000000000000000000000000000000000100>, C4<0>, C4<0>, C4<0>;
v000001dd17751480_0 .net "b", 63 0, L_000001dd177aee88;  1 drivers
v000001dd17750120_0 .net "out", 63 0, L_000001dd177ad490;  alias, 1 drivers
L_000001dd177ad490 .arith/sum 64, v000001dd177a46a0_0, L_000001dd177aee88;
S_000001dd176e6b10 .scope module, "a2" "ALU_Control" 2 67, 4 1 0, S_000001dd1774a900;
 .timescale 0 0;
    .port_info 0 /INPUT 2 "ALUOp";
    .port_info 1 /INPUT 4 "Funct";
    .port_info 2 /OUTPUT 4 "Operation";
v000001dd17750440_0 .net "ALUOp", 1 0, v000001dd177509e0_0;  alias, 1 drivers
v000001dd17750e40_0 .net "Funct", 3 0, L_000001dd177ad850;  1 drivers
v000001dd17750580_0 .var "Operation", 3 0;
E_000001dd17735460 .event anyedge, v000001dd17750440_0, v000001dd17750e40_0;
S_000001dd176e6ca0 .scope module, "a3" "ALU_64_bit" 2 69, 5 1 0, S_000001dd1774a900;
 .timescale 0 0;
    .port_info 0 /INPUT 64 "a";
    .port_info 1 /INPUT 64 "b";
    .port_info 2 /INPUT 4 "ALUOp";
    .port_info 3 /OUTPUT 1 "Zero";
    .port_info 4 /OUTPUT 64 "Result";
    .port_info 5 /OUTPUT 1 "Pos";
v000001dd1774f5e0_0 .net "ALUOp", 3 0, v000001dd17750580_0;  alias, 1 drivers
v000001dd17751200_0 .var "Pos", 0 0;
v000001dd177504e0_0 .var "Result", 63 0;
v000001dd1774ffe0_0 .var "Zero", 0 0;
v000001dd17750760_0 .net "a", 63 0, v000001dd177a7330_0;  alias, 1 drivers
v000001dd17750940_0 .net "b", 63 0, L_000001dd177ad8f0;  alias, 1 drivers
E_000001dd17735aa0 .event anyedge, v000001dd17750580_0, v000001dd17750760_0, v000001dd17750940_0, v000001dd177504e0_0;
S_000001dd176e6e30 .scope module, "a4" "Adder" 2 73, 3 1 0, S_000001dd1774a900;
 .timescale 0 0;
    .port_info 0 /INPUT 64 "a";
    .port_info 1 /INPUT 64 "b";
    .port_info 2 /OUTPUT 64 "out";
v000001dd1774fea0_0 .net "a", 63 0, v000001dd177a46a0_0;  alias, 1 drivers
v000001dd17750b20_0 .net "b", 63 0, L_000001dd177add50;  alias, 1 drivers
v000001dd17750800_0 .net "out", 63 0, L_000001dd177ada30;  alias, 1 drivers
L_000001dd177ada30 .arith/sum 64, v000001dd177a46a0_0, L_000001dd177add50;
S_000001dd176d8820 .scope module, "b1" "branch_module" 2 74, 6 1 0, S_000001dd1774a900;
 .timescale 0 0;
    .port_info 0 /INPUT 1 "zero";
    .port_info 1 /INPUT 1 "pos";
    .port_info 2 /INPUT 1 "branch";
    .port_info 3 /INPUT 3 "funct3";
    .port_info 4 /OUTPUT 1 "bne";
    .port_info 5 /OUTPUT 1 "beq";
    .port_info 6 /OUTPUT 1 "bge";
    .port_info 7 /OUTPUT 1 "blt";
    .port_info 8 /OUTPUT 1 "to_branch";
v000001dd1774ff40_0 .var "beq", 0 0;
v000001dd17750d00_0 .var "bge", 0 0;
v000001dd17750620_0 .var "blt", 0 0;
v000001dd177506c0_0 .var "bne", 0 0;
v000001dd1774f720_0 .net "branch", 0 0, v000001dd1774fa40_0;  alias, 1 drivers
v000001dd1774fc20_0 .net "funct3", 2 0, L_000001dd177ac270;  alias, 1 drivers
v000001dd1774f680_0 .net "pos", 0 0, v000001dd17751200_0;  alias, 1 drivers
v000001dd177508a0_0 .var "to_branch", 0 0;
v000001dd1774f7c0_0 .net "zero", 0 0, v000001dd1774ffe0_0;  alias, 1 drivers
E_000001dd17735ea0/0 .event anyedge, v000001dd1774f720_0, v000001dd1774ffe0_0, v000001dd1774fc20_0, v000001dd17751200_0;
E_000001dd17735ea0/1 .event anyedge, v000001dd177506c0_0, v000001dd1774ff40_0, v000001dd17750620_0, v000001dd17750d00_0;
E_000001dd17735ea0 .event/or E_000001dd17735ea0/0, E_000001dd17735ea0/1;
S_000001dd176d89b0 .scope module, "c1" "Control_Unit" 2 65, 7 1 0, S_000001dd1774a900;
 .timescale 0 0;
    .port_info 0 /INPUT 7 "opcode";
    .port_info 1 /OUTPUT 2 "ALUOp";
    .port_info 2 /OUTPUT 1 "Branch";
    .port_info 3 /OUTPUT 1 "MemRead";
    .port_info 4 /OUTPUT 1 "MemtoReg";
    .port_info 5 /OUTPUT 1 "MemWrite";
    .port_info 6 /OUTPUT 1 "ALUSrc";
    .port_info 7 /OUTPUT 1 "RegWrite";
v000001dd177509e0_0 .var "ALUOp", 1 0;
v000001dd17750a80_0 .var "ALUSrc", 0 0;
v000001dd1774fa40_0 .var "Branch", 0 0;
v000001dd17750da0_0 .var "MemRead", 0 0;
v000001dd1774fcc0_0 .var "MemWrite", 0 0;
v000001dd17750bc0_0 .var "MemtoReg", 0 0;
v000001dd17750ee0_0 .var "RegWrite", 0 0;
v000001dd17750f80_0 .net "opcode", 6 0, L_000001dd177ad530;  alias, 1 drivers
E_000001dd17735fa0 .event anyedge, v000001dd17750f80_0;
S_000001dd176d8b40 .scope module, "d1" "Data_Memory" 2 70, 8 1 0, S_000001dd1774a900;
 .timescale 0 0;
    .port_info 0 /INPUT 1 "clk";
    .port_info 1 /INPUT 64 "Mem_Addr";
    .port_info 2 /INPUT 64 "Write_Data";
    .port_info 3 /INPUT 1 "MemWrite";
    .port_info 4 /INPUT 1 "MemRead";
    .port_info 5 /OUTPUT 64 "Read_Data";
    .port_info 6 /OUTPUT 64 "Index_0";
    .port_info 7 /OUTPUT 64 "Index_1";
    .port_info 8 /OUTPUT 64 "Index_2";
    .port_info 9 /OUTPUT 64 "Index_3";
    .port_info 10 /OUTPUT 64 "Index_4";
    .port_info 11 /OUTPUT 64 "Index_5";
    .port_info 12 /OUTPUT 64 "Index_6";
    .port_info 13 /OUTPUT 64 "Index_7";
    .port_info 14 /OUTPUT 64 "Index_8";
    .port_info 15 /OUTPUT 64 "Index_9";
    .port_info 16 /INPUT 3 "funct3";
v000001dd1774f860 .array "DMem", 0 63, 7 0;
v000001dd177512a0_0 .var "Index_0", 63 0;
v000001dd1774f900_0 .var "Index_1", 63 0;
v000001dd17751020_0 .var "Index_2", 63 0;
v000001dd1774f9a0_0 .var "Index_3", 63 0;
v000001dd177510c0_0 .var "Index_4", 63 0;
v000001dd17750080_0 .var "Index_5", 63 0;
v000001dd17751160_0 .var "Index_6", 63 0;
v000001dd1774fae0_0 .var "Index_7", 63 0;
v000001dd1774fb80_0 .var "Index_8", 63 0;
v000001dd1774fd60_0 .var "Index_9", 63 0;
v000001dd17702ea0_0 .net "MemRead", 0 0, v000001dd17750da0_0;  alias, 1 drivers
v000001dd177a3f20_0 .net "MemWrite", 0 0, v000001dd1774fcc0_0;  alias, 1 drivers
v000001dd177a5be0_0 .net "Mem_Addr", 63 0, v000001dd177504e0_0;  alias, 1 drivers
v000001dd177a4c40_0 .var "Read_Data", 63 0;
v000001dd177a5460_0 .net "Write_Data", 63 0, v000001dd177a7830_0;  alias, 1 drivers
v000001dd177a4d80_0 .net "clk", 0 0, o000001dd177536d8;  alias, 0 drivers
v000001dd177a4f60_0 .net "funct3", 2 0, L_000001dd177ac270;  alias, 1 drivers
v000001dd1774f860_0 .array/port v000001dd1774f860, 0;
E_000001dd17736e60/0 .event anyedge, v000001dd17750da0_0, v000001dd1774fc20_0, v000001dd177504e0_0, v000001dd1774f860_0;
v000001dd1774f860_1 .array/port v000001dd1774f860, 1;
v000001dd1774f860_2 .array/port v000001dd1774f860, 2;
v000001dd1774f860_3 .array/port v000001dd1774f860, 3;
v000001dd1774f860_4 .array/port v000001dd1774f860, 4;
E_000001dd17736e60/1 .event anyedge, v000001dd1774f860_1, v000001dd1774f860_2, v000001dd1774f860_3, v000001dd1774f860_4;
v000001dd1774f860_5 .array/port v000001dd1774f860, 5;
v000001dd1774f860_6 .array/port v000001dd1774f860, 6;
v000001dd1774f860_7 .array/port v000001dd1774f860, 7;
v000001dd1774f860_8 .array/port v000001dd1774f860, 8;
E_000001dd17736e60/2 .event anyedge, v000001dd1774f860_5, v000001dd1774f860_6, v000001dd1774f860_7, v000001dd1774f860_8;
v000001dd1774f860_9 .array/port v000001dd1774f860, 9;
v000001dd1774f860_10 .array/port v000001dd1774f860, 10;
v000001dd1774f860_11 .array/port v000001dd1774f860, 11;
v000001dd1774f860_12 .array/port v000001dd1774f860, 12;
E_000001dd17736e60/3 .event anyedge, v000001dd1774f860_9, v000001dd1774f860_10, v000001dd1774f860_11, v000001dd1774f860_12;
v000001dd1774f860_13 .array/port v000001dd1774f860, 13;
v000001dd1774f860_14 .array/port v000001dd1774f860, 14;
v000001dd1774f860_15 .array/port v000001dd1774f860, 15;
v000001dd1774f860_16 .array/port v000001dd1774f860, 16;
E_000001dd17736e60/4 .event anyedge, v000001dd1774f860_13, v000001dd1774f860_14, v000001dd1774f860_15, v000001dd1774f860_16;
v000001dd1774f860_17 .array/port v000001dd1774f860, 17;
v000001dd1774f860_18 .array/port v000001dd1774f860, 18;
v000001dd1774f860_19 .array/port v000001dd1774f860, 19;
v000001dd1774f860_20 .array/port v000001dd1774f860, 20;
E_000001dd17736e60/5 .event anyedge, v000001dd1774f860_17, v000001dd1774f860_18, v000001dd1774f860_19, v000001dd1774f860_20;
v000001dd1774f860_21 .array/port v000001dd1774f860, 21;
v000001dd1774f860_22 .array/port v000001dd1774f860, 22;
v000001dd1774f860_23 .array/port v000001dd1774f860, 23;
v000001dd1774f860_24 .array/port v000001dd1774f860, 24;
E_000001dd17736e60/6 .event anyedge, v000001dd1774f860_21, v000001dd1774f860_22, v000001dd1774f860_23, v000001dd1774f860_24;
v000001dd1774f860_25 .array/port v000001dd1774f860, 25;
v000001dd1774f860_26 .array/port v000001dd1774f860, 26;
v000001dd1774f860_27 .array/port v000001dd1774f860, 27;
v000001dd1774f860_28 .array/port v000001dd1774f860, 28;
E_000001dd17736e60/7 .event anyedge, v000001dd1774f860_25, v000001dd1774f860_26, v000001dd1774f860_27, v000001dd1774f860_28;
v000001dd1774f860_29 .array/port v000001dd1774f860, 29;
v000001dd1774f860_30 .array/port v000001dd1774f860, 30;
v000001dd1774f860_31 .array/port v000001dd1774f860, 31;
v000001dd1774f860_32 .array/port v000001dd1774f860, 32;
E_000001dd17736e60/8 .event anyedge, v000001dd1774f860_29, v000001dd1774f860_30, v000001dd1774f860_31, v000001dd1774f860_32;
v000001dd1774f860_33 .array/port v000001dd1774f860, 33;
v000001dd1774f860_34 .array/port v000001dd1774f860, 34;
v000001dd1774f860_35 .array/port v000001dd1774f860, 35;
v000001dd1774f860_36 .array/port v000001dd1774f860, 36;
E_000001dd17736e60/9 .event anyedge, v000001dd1774f860_33, v000001dd1774f860_34, v000001dd1774f860_35, v000001dd1774f860_36;
v000001dd1774f860_37 .array/port v000001dd1774f860, 37;
v000001dd1774f860_38 .array/port v000001dd1774f860, 38;
v000001dd1774f860_39 .array/port v000001dd1774f860, 39;
v000001dd1774f860_40 .array/port v000001dd1774f860, 40;
E_000001dd17736e60/10 .event anyedge, v000001dd1774f860_37, v000001dd1774f860_38, v000001dd1774f860_39, v000001dd1774f860_40;
v000001dd1774f860_41 .array/port v000001dd1774f860, 41;
v000001dd1774f860_42 .array/port v000001dd1774f860, 42;
v000001dd1774f860_43 .array/port v000001dd1774f860, 43;
v000001dd1774f860_44 .array/port v000001dd1774f860, 44;
E_000001dd17736e60/11 .event anyedge, v000001dd1774f860_41, v000001dd1774f860_42, v000001dd1774f860_43, v000001dd1774f860_44;
v000001dd1774f860_45 .array/port v000001dd1774f860, 45;
v000001dd1774f860_46 .array/port v000001dd1774f860, 46;
v000001dd1774f860_47 .array/port v000001dd1774f860, 47;
v000001dd1774f860_48 .array/port v000001dd1774f860, 48;
E_000001dd17736e60/12 .event anyedge, v000001dd1774f860_45, v000001dd1774f860_46, v000001dd1774f860_47, v000001dd1774f860_48;
v000001dd1774f860_49 .array/port v000001dd1774f860, 49;
v000001dd1774f860_50 .array/port v000001dd1774f860, 50;
v000001dd1774f860_51 .array/port v000001dd1774f860, 51;
v000001dd1774f860_52 .array/port v000001dd1774f860, 52;
E_000001dd17736e60/13 .event anyedge, v000001dd1774f860_49, v000001dd1774f860_50, v000001dd1774f860_51, v000001dd1774f860_52;
v000001dd1774f860_53 .array/port v000001dd1774f860, 53;
v000001dd1774f860_54 .array/port v000001dd1774f860, 54;
v000001dd1774f860_55 .array/port v000001dd1774f860, 55;
v000001dd1774f860_56 .array/port v000001dd1774f860, 56;
E_000001dd17736e60/14 .event anyedge, v000001dd1774f860_53, v000001dd1774f860_54, v000001dd1774f860_55, v000001dd1774f860_56;
v000001dd1774f860_57 .array/port v000001dd1774f860, 57;
v000001dd1774f860_58 .array/port v000001dd1774f860, 58;
v000001dd1774f860_59 .array/port v000001dd1774f860, 59;
v000001dd1774f860_60 .array/port v000001dd1774f860, 60;
E_000001dd17736e60/15 .event anyedge, v000001dd1774f860_57, v000001dd1774f860_58, v000001dd1774f860_59, v000001dd1774f860_60;
v000001dd1774f860_61 .array/port v000001dd1774f860, 61;
v000001dd1774f860_62 .array/port v000001dd1774f860, 62;
v000001dd1774f860_63 .array/port v000001dd1774f860, 63;
E_000001dd17736e60/16 .event anyedge, v000001dd1774f860_61, v000001dd1774f860_62, v000001dd1774f860_63;
E_000001dd17736e60 .event/or E_000001dd17736e60/0, E_000001dd17736e60/1, E_000001dd17736e60/2, E_000001dd17736e60/3, E_000001dd17736e60/4, E_000001dd17736e60/5, E_000001dd17736e60/6, E_000001dd17736e60/7, E_000001dd17736e60/8, E_000001dd17736e60/9, E_000001dd17736e60/10, E_000001dd17736e60/11, E_000001dd17736e60/12, E_000001dd17736e60/13, E_000001dd17736e60/14, E_000001dd17736e60/15, E_000001dd17736e60/16;
E_000001dd17736de0 .event posedge, v000001dd177a4d80_0;
S_000001dd176aec70 .scope module, "i1" "Instruction_Memory" 2 62, 9 1 0, S_000001dd1774a900;
 .timescale 0 0;
    .port_info 0 /INPUT 64 "Inst_Address";
    .port_info 1 /OUTPUT 32 "Instruction";
v000001dd177a5000 .array "IMem", 0 159, 7 0;
v000001dd177a4880_0 .net "Inst_Address", 63 0, v000001dd177a46a0_0;  alias, 1 drivers
v000001dd177a4a60_0 .net "Instruction", 31 0, L_000001dd177abff0;  alias, 1 drivers
v000001dd177a5280_0 .net *"_ivl_0", 7 0, L_000001dd177ad710;  1 drivers
v000001dd177a4b00_0 .net *"_ivl_10", 7 0, L_000001dd177acdb0;  1 drivers
v000001dd177a4ba0_0 .net *"_ivl_12", 64 0, L_000001dd177ad7b0;  1 drivers
L_000001dd177aef60 .functor BUFT 1, C4<0>, C4<0>, C4<0>, C4<0>;
v000001dd177a5320_0 .net *"_ivl_15", 0 0, L_000001dd177aef60;  1 drivers
L_000001dd177aefa8 .functor BUFT 1, C4<00000000000000000000000000000000000000000000000000000000000000010>, C4<0>, C4<0>, C4<0>;
v000001dd177a5500_0 .net/2u *"_ivl_16", 64 0, L_000001dd177aefa8;  1 drivers
v000001dd177a4ce0_0 .net *"_ivl_18", 64 0, L_000001dd177acef0;  1 drivers
v000001dd177a4e20_0 .net *"_ivl_2", 64 0, L_000001dd177adc10;  1 drivers
v000001dd177a42e0_0 .net *"_ivl_20", 7 0, L_000001dd177ace50;  1 drivers
v000001dd177a5a00_0 .net *"_ivl_22", 64 0, L_000001dd177abeb0;  1 drivers
L_000001dd177aeff0 .functor BUFT 1, C4<0>, C4<0>, C4<0>, C4<0>;
v000001dd177a5aa0_0 .net *"_ivl_25", 0 0, L_000001dd177aeff0;  1 drivers
L_000001dd177af038 .functor BUFT 1, C4<00000000000000000000000000000000000000000000000000000000000000001>, C4<0>, C4<0>, C4<0>;
v000001dd177a4740_0 .net/2u *"_ivl_26", 64 0, L_000001dd177af038;  1 drivers
v000001dd177a5b40_0 .net *"_ivl_28", 64 0, L_000001dd177ac130;  1 drivers
v000001dd177a47e0_0 .net *"_ivl_30", 7 0, L_000001dd177ac630;  1 drivers
L_000001dd177aeed0 .functor BUFT 1, C4<0>, C4<0>, C4<0>, C4<0>;
v000001dd177a4380_0 .net *"_ivl_5", 0 0, L_000001dd177aeed0;  1 drivers
L_000001dd177aef18 .functor BUFT 1, C4<00000000000000000000000000000000000000000000000000000000000000011>, C4<0>, C4<0>, C4<0>;
v000001dd177a49c0_0 .net/2u *"_ivl_6", 64 0, L_000001dd177aef18;  1 drivers
v000001dd177a4ec0_0 .net *"_ivl_8", 64 0, L_000001dd177abf50;  1 drivers
L_000001dd177ad710 .array/port v000001dd177a5000, L_000001dd177abf50;
L_000001dd177adc10 .concat [ 64 1 0 0], v000001dd177a46a0_0, L_000001dd177aeed0;
L_000001dd177abf50 .arith/sum 65, L_000001dd177adc10, L_000001dd177aef18;
L_000001dd177acdb0 .array/port v000001dd177a5000, L_000001dd177acef0;
L_000001dd177ad7b0 .concat [ 64 1 0 0], v000001dd177a46a0_0, L_000001dd177aef60;
L_000001dd177acef0 .arith/sum 65, L_000001dd177ad7b0, L_000001dd177aefa8;
L_000001dd177ace50 .array/port v000001dd177a5000, L_000001dd177ac130;
L_000001dd177abeb0 .concat [ 64 1 0 0], v000001dd177a46a0_0, L_000001dd177aeff0;
L_000001dd177ac130 .arith/sum 65, L_000001dd177abeb0, L_000001dd177af038;
L_000001dd177ac630 .array/port v000001dd177a5000, v000001dd177a46a0_0;
L_000001dd177abff0 .concat [ 8 8 8 8], L_000001dd177ac630, L_000001dd177ace50, L_000001dd177acdb0, L_000001dd177ad710;
S_000001dd176aee00 .scope module, "i2" "imm_data_gen" 2 64, 10 1 0, S_000001dd1774a900;
 .timescale 0 0;
    .port_info 0 /INPUT 32 "instruction";
    .port_info 1 /OUTPUT 64 "imm_data";
v000001dd177a3fc0_0 .var "imm_data", 63 0;
v000001dd177a58c0_0 .net "instruction", 31 0, L_000001dd177abff0;  alias, 1 drivers
E_000001dd177367a0 .event anyedge, v000001dd177a4a60_0;
S_000001dd176aef90 .scope module, "i3" "instruction" 2 63, 11 1 0, S_000001dd1774a900;
 .timescale 0 0;
    .port_info 0 /INPUT 32 "ins";
    .port_info 1 /OUTPUT 7 "op";
    .port_info 2 /OUTPUT 5 "rd";
    .port_info 3 /OUTPUT 3 "f3";
    .port_info 4 /OUTPUT 5 "rs1";
    .port_info 5 /OUTPUT 5 "rs2";
    .port_info 6 /OUTPUT 7 "f7";
v000001dd177a4920_0 .net "f3", 2 0, L_000001dd177ac270;  alias, 1 drivers
v000001dd177a53c0_0 .net "f7", 6 0, L_000001dd177ac090;  alias, 1 drivers
v000001dd177a5640_0 .net "ins", 31 0, L_000001dd177abff0;  alias, 1 drivers
v000001dd177a50a0_0 .net "op", 6 0, L_000001dd177ad530;  alias, 1 drivers
v000001dd177a5960_0 .net "rd", 4 0, L_000001dd177ac950;  alias, 1 drivers
v000001dd177a5140_0 .net "rs1", 4 0, L_000001dd177ad670;  alias, 1 drivers
v000001dd177a55a0_0 .net "rs2", 4 0, L_000001dd177acc70;  alias, 1 drivers
L_000001dd177ad530 .part L_000001dd177abff0, 0, 7;
L_000001dd177ac950 .part L_000001dd177abff0, 7, 5;
L_000001dd177ac270 .part L_000001dd177abff0, 12, 3;
L_000001dd177ad670 .part L_000001dd177abff0, 15, 5;
L_000001dd177acc70 .part L_000001dd177abff0, 20, 5;
L_000001dd177ac090 .part L_000001dd177abff0, 25, 7;
S_000001dd1767d990 .scope module, "m1" "MUX" 2 68, 12 1 0, S_000001dd1774a900;
 .timescale 0 0;
    .port_info 0 /INPUT 64 "X";
    .port_info 1 /INPUT 64 "Y";
    .port_info 2 /INPUT 1 "S";
    .port_info 3 /OUTPUT 64 "O";
v000001dd177a51e0_0 .net "O", 63 0, L_000001dd177ad8f0;  alias, 1 drivers
v000001dd177a5c80_0 .net "S", 0 0, v000001dd17750a80_0;  alias, 1 drivers
v000001dd177a56e0_0 .net "X", 63 0, v000001dd177a7830_0;  alias, 1 drivers
v000001dd177a5780_0 .net "Y", 63 0, v000001dd177a3fc0_0;  alias, 1 drivers
L_000001dd177ad8f0 .functor MUXZ 64, v000001dd177a7830_0, v000001dd177a3fc0_0, v000001dd17750a80_0, C4<>;
S_000001dd1767db20 .scope module, "m2" "MUX" 2 71, 12 1 0, S_000001dd1774a900;
 .timescale 0 0;
    .port_info 0 /INPUT 64 "X";
    .port_info 1 /INPUT 64 "Y";
    .port_info 2 /INPUT 1 "S";
    .port_info 3 /OUTPUT 64 "O";
v000001dd177a5820_0 .net "O", 63 0, L_000001dd177ac310;  alias, 1 drivers
v000001dd177a4600_0 .net "S", 0 0, v000001dd17750bc0_0;  alias, 1 drivers
v000001dd177a5d20_0 .net "X", 63 0, v000001dd177504e0_0;  alias, 1 drivers
v000001dd177a3e80_0 .net "Y", 63 0, v000001dd177a4c40_0;  alias, 1 drivers
L_000001dd177ac310 .functor MUXZ 64, v000001dd177504e0_0, v000001dd177a4c40_0, v000001dd17750bc0_0, C4<>;
S_000001dd1767dcb0 .scope module, "m3" "MUX" 2 75, 12 1 0, S_000001dd1774a900;
 .timescale 0 0;
    .port_info 0 /INPUT 64 "X";
    .port_info 1 /INPUT 64 "Y";
    .port_info 2 /INPUT 1 "S";
    .port_info 3 /OUTPUT 64 "O";
v000001dd177a4060_0 .net "O", 63 0, L_000001dd177ac6d0;  alias, 1 drivers
v000001dd177a4100_0 .net "S", 0 0, v000001dd177508a0_0;  alias, 1 drivers
v000001dd177a41a0_0 .net "X", 63 0, L_000001dd177ad490;  alias, 1 drivers
v000001dd177a4240_0 .net "Y", 63 0, L_000001dd177ada30;  alias, 1 drivers
L_000001dd177ac6d0 .functor MUXZ 64, L_000001dd177ad490, L_000001dd177ada30, v000001dd177508a0_0, C4<>;
S_000001dd176e89f0 .scope module, "p1" "Program_Counter" 2 60, 13 1 0, S_000001dd1774a900;
 .timescale 0 0;
    .port_info 0 /INPUT 1 "clk";
    .port_info 1 /INPUT 1 "reset";
    .port_info 2 /INPUT 64 "PC_In";
    .port_info 3 /OUTPUT 64 "PC_Out";
v000001dd177a4420_0 .net "PC_In", 63 0, L_000001dd177ac6d0;  alias, 1 drivers
v000001dd177a46a0_0 .var "PC_Out", 63 0;
v000001dd177a44c0_0 .net "clk", 0 0, o000001dd177536d8;  alias, 0 drivers
v000001dd177a4560_0 .net "reset", 0 0, o000001dd17754308;  alias, 0 drivers
E_000001dd17736860 .event posedge, v000001dd177a4560_0, v000001dd177a4d80_0;
S_000001dd176e8b80 .scope module, "r1" "registerFile" 2 66, 14 1 0, S_000001dd1774a900;
 .timescale 0 0;
    .port_info 0 /INPUT 1 "clk";
    .port_info 1 /INPUT 1 "reset";
    .port_info 2 /INPUT 5 "rs1";
    .port_info 3 /INPUT 5 "rs2";
    .port_info 4 /INPUT 5 "rd";
    .port_info 5 /INPUT 64 "write_data";
    .port_info 6 /INPUT 1 "reg_write";
    .port_info 7 /OUTPUT 64 "readdata1";
    .port_info 8 /OUTPUT 64 "readdata2";
v000001dd177a6890 .array "Registers", 0 31, 63 0;
v000001dd177a6e30_0 .net "clk", 0 0, o000001dd177536d8;  alias, 0 drivers
v000001dd177a6750_0 .net "rd", 4 0, L_000001dd177ac950;  alias, 1 drivers
v000001dd177a7330_0 .var "readdata1", 63 0;
v000001dd177a7830_0 .var "readdata2", 63 0;
v000001dd177a6a70_0 .net "reg_write", 0 0, v000001dd17750ee0_0;  alias, 1 drivers
v000001dd177a78d0_0 .net "reset", 0 0, o000001dd17754308;  alias, 0 drivers
v000001dd177a6b10_0 .net "rs1", 4 0, L_000001dd177ad670;  alias, 1 drivers
v000001dd177a6930_0 .net "rs2", 4 0, L_000001dd177acc70;  alias, 1 drivers
v000001dd177a6570_0 .net "write_data", 63 0, L_000001dd177ac310;  alias, 1 drivers
v000001dd177a6890_0 .array/port v000001dd177a6890, 0;
v000001dd177a6890_1 .array/port v000001dd177a6890, 1;
E_000001dd17736760/0 .event anyedge, v000001dd177a4560_0, v000001dd177a5140_0, v000001dd177a6890_0, v000001dd177a6890_1;
v000001dd177a6890_2 .array/port v000001dd177a6890, 2;
v000001dd177a6890_3 .array/port v000001dd177a6890, 3;
v000001dd177a6890_4 .array/port v000001dd177a6890, 4;
v000001dd177a6890_5 .array/port v000001dd177a6890, 5;
E_000001dd17736760/1 .event anyedge, v000001dd177a6890_2, v000001dd177a6890_3, v000001dd177a6890_4, v000001dd177a6890_5;
v000001dd177a6890_6 .array/port v000001dd177a6890, 6;
v000001dd177a6890_7 .array/port v000001dd177a6890, 7;
v000001dd177a6890_8 .array/port v000001dd177a6890, 8;
v000001dd177a6890_9 .array/port v000001dd177a6890, 9;
E_000001dd17736760/2 .event anyedge, v000001dd177a6890_6, v000001dd177a6890_7, v000001dd177a6890_8, v000001dd177a6890_9;
v000001dd177a6890_10 .array/port v000001dd177a6890, 10;
v000001dd177a6890_11 .array/port v000001dd177a6890, 11;
v000001dd177a6890_12 .array/port v000001dd177a6890, 12;
v000001dd177a6890_13 .array/port v000001dd177a6890, 13;
E_000001dd17736760/3 .event anyedge, v000001dd177a6890_10, v000001dd177a6890_11, v000001dd177a6890_12, v000001dd177a6890_13;
v000001dd177a6890_14 .array/port v000001dd177a6890, 14;
v000001dd177a6890_15 .array/port v000001dd177a6890, 15;
v000001dd177a6890_16 .array/port v000001dd177a6890, 16;
v000001dd177a6890_17 .array/port v000001dd177a6890, 17;
E_000001dd17736760/4 .event anyedge, v000001dd177a6890_14, v000001dd177a6890_15, v000001dd177a6890_16, v000001dd177a6890_17;
v000001dd177a6890_18 .array/port v000001dd177a6890, 18;
v000001dd177a6890_19 .array/port v000001dd177a6890, 19;
v000001dd177a6890_20 .array/port v000001dd177a6890, 20;
v000001dd177a6890_21 .array/port v000001dd177a6890, 21;
E_000001dd17736760/5 .event anyedge, v000001dd177a6890_18, v000001dd177a6890_19, v000001dd177a6890_20, v000001dd177a6890_21;
v000001dd177a6890_22 .array/port v000001dd177a6890, 22;
v000001dd177a6890_23 .array/port v000001dd177a6890, 23;
v000001dd177a6890_24 .array/port v000001dd177a6890, 24;
v000001dd177a6890_25 .array/port v000001dd177a6890, 25;
E_000001dd17736760/6 .event anyedge, v000001dd177a6890_22, v000001dd177a6890_23, v000001dd177a6890_24, v000001dd177a6890_25;
v000001dd177a6890_26 .array/port v000001dd177a6890, 26;
v000001dd177a6890_27 .array/port v000001dd177a6890, 27;
v000001dd177a6890_28 .array/port v000001dd177a6890, 28;
v000001dd177a6890_29 .array/port v000001dd177a6890, 29;
E_000001dd17736760/7 .event anyedge, v000001dd177a6890_26, v000001dd177a6890_27, v000001dd177a6890_28, v000001dd177a6890_29;
v000001dd177a6890_30 .array/port v000001dd177a6890, 30;
v000001dd177a6890_31 .array/port v000001dd177a6890, 31;
E_000001dd17736760/8 .event anyedge, v000001dd177a6890_30, v000001dd177a6890_31, v000001dd177a55a0_0;
E_000001dd17736760 .event/or E_000001dd17736760/0, E_000001dd17736760/1, E_000001dd17736760/2, E_000001dd17736760/3, E_000001dd17736760/4, E_000001dd17736760/5, E_000001dd17736760/6, E_000001dd17736760/7, E_000001dd17736760/8;
S_000001dd176e8d10 .scope module, "s1" "shift_left" 2 72, 15 1 0, S_000001dd1774a900;
 .timescale 0 0;
    .port_info 0 /INPUT 64 "a";
    .port_info 1 /OUTPUT 64 "b";
v000001dd177a6c50_0 .net *"_ivl_1", 62 0, L_000001dd177ad990;  1 drivers
L_000001dd177af080 .functor BUFT 1, C4<0>, C4<0>, C4<0>, C4<0>;
v000001dd177a64d0_0 .net/2u *"_ivl_2", 0 0, L_000001dd177af080;  1 drivers
v000001dd177a5e90_0 .net "a", 63 0, v000001dd177a3fc0_0;  alias, 1 drivers
v000001dd177a6ed0_0 .net "b", 63 0, L_000001dd177add50;  alias, 1 drivers
L_000001dd177ad990 .part v000001dd177a3fc0_0, 0, 63;
L_000001dd177add50 .concat [ 1 63 0 0], L_000001dd177af080, L_000001dd177ad990;
    .scope S_000001dd176e89f0;
T_0 ;
    %wait E_000001dd17736860;
    %load/vec4 v000001dd177a4560_0;
    %flag_set/vec4 8;
    %jmp/0xz  T_0.0, 8;
    %pushi/vec4 0, 0, 64;
    %assign/vec4 v000001dd177a46a0_0, 0;
    %jmp T_0.1;
T_0.0 ;
    %load/vec4 v000001dd177a4420_0;
    %assign/vec4 v000001dd177a46a0_0, 0;
T_0.1 ;
    %jmp T_0;
    .thread T_0;
    .scope S_000001dd176aec70;
T_1 ;
    %pushi/vec4 252, 0, 8;
    %ix/load 4, 159, 0;
    %flag_set/imm 4, 0;
    %store/vec4a v000001dd177a5000, 4, 0;
    %pushi/vec4 176, 0, 8;
    %ix/load 4, 158, 0;
    %flag_set/imm 4, 0;
    %store/vec4a v000001dd177a5000, 4, 0;
    %pushi/vec4 194, 0, 8;
    %ix/load 4, 157, 0;
    %flag_set/imm 4, 0;
    %store/vec4a v000001dd177a5000, 4, 0;
    %pushi/vec4 227, 0, 8;
    %ix/load 4, 156, 0;
    %flag_set/imm 4, 0;
    %store/vec4a v000001dd177a5000, 4, 0;
    %pushi/vec4 0, 0, 8;
    %ix/load 4, 155, 0;
    %flag_set/imm 4, 0;
    %store/vec4a v000001dd177a5000, 4, 0;
    %pushi/vec4 64, 0, 8;
    %ix/load 4, 154, 0;
    %flag_set/imm 4, 0;
    %store/vec4a v000001dd177a5000, 4, 0;
    %pushi/vec4 128, 0, 8;
    %ix/load 4, 153, 0;
    %flag_set/imm 4, 0;
    %store/vec4a v000001dd177a5000, 4, 0;
    %pushi/vec4 147, 0, 8;
    %ix/load 4, 152, 0;
    %flag_set/imm 4, 0;
    %store/vec4a v000001dd177a5000, 4, 0;
    %pushi/vec4 0, 0, 8;
    %ix/load 4, 151, 0;
    %flag_set/imm 4, 0;
    %store/vec4a v000001dd177a5000, 4, 0;
    %pushi/vec4 67, 0, 8;
    %ix/load 4, 150, 0;
    %flag_set/imm 4, 0;
    %store/vec4a v000001dd177a5000, 4, 0;
    %pushi/vec4 34, 0, 8;
    %ix/load 4, 149, 0;
    %flag_set/imm 4, 0;
    %store/vec4a v000001dd177a5000, 4, 0;
    %pushi/vec4 35, 0, 8;
    %ix/load 4, 148, 0;
    %flag_set/imm 4, 0;
    %store/vec4a v000001dd177a5000, 4, 0;
    %pushi/vec4 254, 0, 8;
    %ix/load 4, 147, 0;
    %flag_set/imm 4, 0;
    %store/vec4a v000001dd177a5000, 4, 0;
    %pushi/vec4 114, 0, 8;
    %ix/load 4, 146, 0;
    %flag_set/imm 4, 0;
    %store/vec4a v000001dd177a5000, 4, 0;
    %pushi/vec4 70, 0, 8;
    %ix/load 4, 145, 0;
    %flag_set/imm 4, 0;
    %store/vec4a v000001dd177a5000, 4, 0;
    %pushi/vec4 227, 0, 8;
    %ix/load 4, 144, 0;
    %flag_set/imm 4, 0;
    %store/vec4a v000001dd177a5000, 4, 0;
    %pushi/vec4 0, 0, 8;
    %ix/load 4, 143, 0;
    %flag_set/imm 4, 0;
    %store/vec4a v000001dd177a5000, 4, 0;
    %pushi/vec4 80, 0, 8;
    %ix/load 4, 142, 0;
    %flag_set/imm 4, 0;
    %store/vec4a v000001dd177a5000, 4, 0;
    %pushi/vec4 84, 0, 8;
    %ix/load 4, 141, 0;
    %flag_set/imm 4, 0;
    %store/vec4a v000001dd177a5000, 4, 0;
    %pushi/vec4 99, 0, 8;
    %ix/load 4, 140, 0;
    %flag_set/imm 4, 0;
    %store/vec4a v000001dd177a5000, 4, 0;
    %pushi/vec4 0, 0, 8;
    %ix/load 4, 139, 0;
    %flag_set/imm 4, 0;
    %store/vec4a v000001dd177a5000, 4, 0;
    %pushi/vec4 3, 0, 8;
    %ix/load 4, 138, 0;
    %flag_set/imm 4, 0;
    %store/vec4a v000001dd177a5000, 4, 0;
    %pushi/vec4 35, 0, 8;
    %ix/load 4, 137, 0;
    %flag_set/imm 4, 0;
    %store/vec4a v000001dd177a5000, 4, 0;
    %pushi/vec4 131, 0, 8;
    %ix/load 4, 136, 0;
    %flag_set/imm 4, 0;
    %store/vec4a v000001dd177a5000, 4, 0;
    %pushi/vec4 0, 0, 8;
    %ix/load 4, 135, 0;
    %flag_set/imm 4, 0;
    %store/vec4a v000001dd177a5000, 4, 0;
    %pushi/vec4 162, 0, 8;
    %ix/load 4, 134, 0;
    %flag_set/imm 4, 0;
    %store/vec4a v000001dd177a5000, 4, 0;
    %pushi/vec4 131, 0, 8;
    %ix/load 4, 133, 0;
    %flag_set/imm 4, 0;
    %store/vec4a v000001dd177a5000, 4, 0;
    %pushi/vec4 51, 0, 8;
    %ix/load 4, 132, 0;
    %flag_set/imm 4, 0;
    %store/vec4a v000001dd177a5000, 4, 0;
    %pushi/vec4 255, 0, 8;
    %ix/load 4, 131, 0;
    %flag_set/imm 4, 0;
    %store/vec4a v000001dd177a5000, 4, 0;
    %pushi/vec4 194, 0, 8;
    %ix/load 4, 130, 0;
    %flag_set/imm 4, 0;
    %store/vec4a v000001dd177a5000, 4, 0;
    %pushi/vec4 130, 0, 8;
    %ix/load 4, 129, 0;
    %flag_set/imm 4, 0;
    %store/vec4a v000001dd177a5000, 4, 0;
    %pushi/vec4 147, 0, 8;
    %ix/load 4, 128, 0;
    %flag_set/imm 4, 0;
    %store/vec4a v000001dd177a5000, 4, 0;
    %pushi/vec4 0, 0, 8;
    %ix/load 4, 127, 0;
    %flag_set/imm 4, 0;
    %store/vec4a v000001dd177a5000, 4, 0;
    %pushi/vec4 115, 0, 8;
    %ix/load 4, 126, 0;
    %flag_set/imm 4, 0;
    %store/vec4a v000001dd177a5000, 4, 0;
    %pushi/vec4 34, 0, 8;
    %ix/load 4, 125, 0;
    %flag_set/imm 4, 0;
    %store/vec4a v000001dd177a5000, 4, 0;
    %pushi/vec4 35, 0, 8;
    %ix/load 4, 124, 0;
    %flag_set/imm 4, 0;
    %store/vec4a v000001dd177a5000, 4, 0;
    %pushi/vec4 0, 0, 8;
    %ix/load 4, 123, 0;
    %flag_set/imm 4, 0;
    %store/vec4a v000001dd177a5000, 4, 0;
    %pushi/vec4 114, 0, 8;
    %ix/load 4, 122, 0;
    %flag_set/imm 4, 0;
    %store/vec4a v000001dd177a5000, 4, 0;
    %pushi/vec4 94, 0, 8;
    %ix/load 4, 121, 0;
    %flag_set/imm 4, 0;
    %store/vec4a v000001dd177a5000, 4, 0;
    %pushi/vec4 99, 0, 8;
    %ix/load 4, 120, 0;
    %flag_set/imm 4, 0;
    %store/vec4a v000001dd177a5000, 4, 0;
    %pushi/vec4 2, 0, 8;
    %ix/load 4, 119, 0;
    %flag_set/imm 4, 0;
    %store/vec4a v000001dd177a5000, 4, 0;
    %pushi/vec4 80, 0, 8;
    %ix/load 4, 118, 0;
    %flag_set/imm 4, 0;
    %store/vec4a v000001dd177a5000, 4, 0;
    %pushi/vec4 80, 0, 8;
    %ix/load 4, 117, 0;
    %flag_set/imm 4, 0;
    %store/vec4a v000001dd177a5000, 4, 0;
    %pushi/vec4 99, 0, 8;
    %ix/load 4, 116, 0;
    %flag_set/imm 4, 0;
    %store/vec4a v000001dd177a5000, 4, 0;
    %pushi/vec4 0, 0, 8;
    %ix/load 4, 115, 0;
    %flag_set/imm 4, 0;
    %store/vec4a v000001dd177a5000, 4, 0;
    %pushi/vec4 3, 0, 8;
    %ix/load 4, 114, 0;
    %flag_set/imm 4, 0;
    %store/vec4a v000001dd177a5000, 4, 0;
    %pushi/vec4 35, 0, 8;
    %ix/load 4, 113, 0;
    %flag_set/imm 4, 0;
    %store/vec4a v000001dd177a5000, 4, 0;
    %pushi/vec4 131, 0, 8;
    %ix/load 4, 112, 0;
    %flag_set/imm 4, 0;
    %store/vec4a v000001dd177a5000, 4, 0;
    %pushi/vec4 0, 0, 8;
    %ix/load 4, 111, 0;
    %flag_set/imm 4, 0;
    %store/vec4a v000001dd177a5000, 4, 0;
    %pushi/vec4 162, 0, 8;
    %ix/load 4, 110, 0;
    %flag_set/imm 4, 0;
    %store/vec4a v000001dd177a5000, 4, 0;
    %pushi/vec4 131, 0, 8;
    %ix/load 4, 109, 0;
    %flag_set/imm 4, 0;
    %store/vec4a v000001dd177a5000, 4, 0;
    %pushi/vec4 51, 0, 8;
    %ix/load 4, 108, 0;
    %flag_set/imm 4, 0;
    %store/vec4a v000001dd177a5000, 4, 0;
    %pushi/vec4 255, 0, 8;
    %ix/load 4, 107, 0;
    %flag_set/imm 4, 0;
    %store/vec4a v000001dd177a5000, 4, 0;
    %pushi/vec4 192, 0, 8;
    %ix/load 4, 106, 0;
    %flag_set/imm 4, 0;
    %store/vec4a v000001dd177a5000, 4, 0;
    %pushi/vec4 130, 0, 8;
    %ix/load 4, 105, 0;
    %flag_set/imm 4, 0;
    %store/vec4a v000001dd177a5000, 4, 0;
    %pushi/vec4 147, 0, 8;
    %ix/load 4, 104, 0;
    %flag_set/imm 4, 0;
    %store/vec4a v000001dd177a5000, 4, 0;
    %pushi/vec4 0, 0, 8;
    %ix/load 4, 103, 0;
    %flag_set/imm 4, 0;
    %store/vec4a v000001dd177a5000, 4, 0;
    %pushi/vec4 1, 0, 8;
    %ix/load 4, 102, 0;
    %flag_set/imm 4, 0;
    %store/vec4a v000001dd177a5000, 4, 0;
    %pushi/vec4 162, 0, 8;
    %ix/load 4, 101, 0;
    %flag_set/imm 4, 0;
    %store/vec4a v000001dd177a5000, 4, 0;
    %pushi/vec4 3, 0, 8;
    %ix/load 4, 100, 0;
    %flag_set/imm 4, 0;
    %store/vec4a v000001dd177a5000, 4, 0;
    %pushi/vec4 0, 0, 8;
    %ix/load 4, 99, 0;
    %flag_set/imm 4, 0;
    %store/vec4a v000001dd177a5000, 4, 0;
    %pushi/vec4 160, 0, 8;
    %ix/load 4, 98, 0;
    %flag_set/imm 4, 0;
    %store/vec4a v000001dd177a5000, 4, 0;
    %pushi/vec4 129, 0, 8;
    %ix/load 4, 97, 0;
    %flag_set/imm 4, 0;
    %store/vec4a v000001dd177a5000, 4, 0;
    %pushi/vec4 179, 0, 8;
    %ix/load 4, 96, 0;
    %flag_set/imm 4, 0;
    %store/vec4a v000001dd177a5000, 4, 0;
    %pushi/vec4 0, 0, 8;
    %ix/load 4, 95, 0;
    %flag_set/imm 4, 0;
    %store/vec4a v000001dd177a5000, 4, 0;
    %pushi/vec4 160, 0, 8;
    %ix/load 4, 94, 0;
    %flag_set/imm 4, 0;
    %store/vec4a v000001dd177a5000, 4, 0;
    %pushi/vec4 194, 0, 8;
    %ix/load 4, 93, 0;
    %flag_set/imm 4, 0;
    %store/vec4a v000001dd177a5000, 4, 0;
    %pushi/vec4 99, 0, 8;
    %ix/load 4, 92, 0;
    %flag_set/imm 4, 0;
    %store/vec4a v000001dd177a5000, 4, 0;
    %pushi/vec4 0, 0, 8;
    %ix/load 4, 91, 0;
    %flag_set/imm 4, 0;
    %store/vec4a v000001dd177a5000, 4, 0;
    %pushi/vec4 64, 0, 8;
    %ix/load 4, 90, 0;
    %flag_set/imm 4, 0;
    %store/vec4a v000001dd177a5000, 4, 0;
    %pushi/vec4 0, 0, 8;
    %ix/load 4, 89, 0;
    %flag_set/imm 4, 0;
    %store/vec4a v000001dd177a5000, 4, 0;
    %pushi/vec4 147, 0, 8;
    %ix/load 4, 88, 0;
    %flag_set/imm 4, 0;
    %store/vec4a v000001dd177a5000, 4, 0;
    %pushi/vec4 2, 0, 8;
    %ix/load 4, 87, 0;
    %flag_set/imm 4, 0;
    %store/vec4a v000001dd177a5000, 4, 0;
    %pushi/vec4 149, 0, 8;
    %ix/load 4, 86, 0;
    %flag_set/imm 4, 0;
    %store/vec4a v000001dd177a5000, 4, 0;
    %pushi/vec4 34, 0, 8;
    %ix/load 4, 85, 0;
    %flag_set/imm 4, 0;
    %store/vec4a v000001dd177a5000, 4, 0;
    %pushi/vec4 35, 0, 8;
    %ix/load 4, 84, 0;
    %flag_set/imm 4, 0;
    %store/vec4a v000001dd177a5000, 4, 0;
    %pushi/vec4 4, 0, 8;
    %ix/load 4, 83, 0;
    %flag_set/imm 4, 0;
    %store/vec4a v000001dd177a5000, 4, 0;
    %pushi/vec4 176, 0, 8;
    %ix/load 4, 82, 0;
    %flag_set/imm 4, 0;
    %store/vec4a v000001dd177a5000, 4, 0;
    %pushi/vec4 4, 0, 8;
    %ix/load 4, 81, 0;
    %flag_set/imm 4, 0;
    %store/vec4a v000001dd177a5000, 4, 0;
    %pushi/vec4 147, 0, 8;
    %ix/load 4, 80, 0;
    %flag_set/imm 4, 0;
    %store/vec4a v000001dd177a5000, 4, 0;
    %pushi/vec4 2, 0, 8;
    %ix/load 4, 79, 0;
    %flag_set/imm 4, 0;
    %store/vec4a v000001dd177a5000, 4, 0;
    %pushi/vec4 149, 0, 8;
    %ix/load 4, 78, 0;
    %flag_set/imm 4, 0;
    %store/vec4a v000001dd177a5000, 4, 0;
    %pushi/vec4 32, 0, 8;
    %ix/load 4, 77, 0;
    %flag_set/imm 4, 0;
    %store/vec4a v000001dd177a5000, 4, 0;
    %pushi/vec4 35, 0, 8;
    %ix/load 4, 76, 0;
    %flag_set/imm 4, 0;
    %store/vec4a v000001dd177a5000, 4, 0;
    %pushi/vec4 1, 0, 8;
    %ix/load 4, 75, 0;
    %flag_set/imm 4, 0;
    %store/vec4a v000001dd177a5000, 4, 0;
    %pushi/vec4 240, 0, 8;
    %ix/load 4, 74, 0;
    %flag_set/imm 4, 0;
    %store/vec4a v000001dd177a5000, 4, 0;
    %pushi/vec4 4, 0, 8;
    %ix/load 4, 73, 0;
    %flag_set/imm 4, 0;
    %store/vec4a v000001dd177a5000, 4, 0;
    %pushi/vec4 147, 0, 8;
    %ix/load 4, 72, 0;
    %flag_set/imm 4, 0;
    %store/vec4a v000001dd177a5000, 4, 0;
    %pushi/vec4 0, 0, 8;
    %ix/load 4, 71, 0;
    %flag_set/imm 4, 0;
    %store/vec4a v000001dd177a5000, 4, 0;
    %pushi/vec4 149, 0, 8;
    %ix/load 4, 70, 0;
    %flag_set/imm 4, 0;
    %store/vec4a v000001dd177a5000, 4, 0;
    %pushi/vec4 46, 0, 8;
    %ix/load 4, 69, 0;
    %flag_set/imm 4, 0;
    %store/vec4a v000001dd177a5000, 4, 0;
    %pushi/vec4 35, 0, 8;
    %ix/load 4, 68, 0;
    %flag_set/imm 4, 0;
    %store/vec4a v000001dd177a5000, 4, 0;
    %pushi/vec4 4, 0, 8;
    %ix/load 4, 67, 0;
    %flag_set/imm 4, 0;
    %store/vec4a v000001dd177a5000, 4, 0;
    %pushi/vec4 32, 0, 8;
    %ix/load 4, 66, 0;
    %flag_set/imm 4, 0;
    %store/vec4a v000001dd177a5000, 4, 0;
    %pushi/vec4 4, 0, 8;
    %ix/load 4, 65, 0;
    %flag_set/imm 4, 0;
    %store/vec4a v000001dd177a5000, 4, 0;
    %pushi/vec4 147, 0, 8;
    %ix/load 4, 64, 0;
    %flag_set/imm 4, 0;
    %store/vec4a v000001dd177a5000, 4, 0;
    %pushi/vec4 0, 0, 8;
    %ix/load 4, 63, 0;
    %flag_set/imm 4, 0;
    %store/vec4a v000001dd177a5000, 4, 0;
    %pushi/vec4 149, 0, 8;
    %ix/load 4, 62, 0;
    %flag_set/imm 4, 0;
    %store/vec4a v000001dd177a5000, 4, 0;
    %pushi/vec4 44, 0, 8;
    %ix/load 4, 61, 0;
    %flag_set/imm 4, 0;
    %store/vec4a v000001dd177a5000, 4, 0;
    %pushi/vec4 35, 0, 8;
    %ix/load 4, 60, 0;
    %flag_set/imm 4, 0;
    %store/vec4a v000001dd177a5000, 4, 0;
    %pushi/vec4 4, 0, 8;
    %ix/load 4, 59, 0;
    %flag_set/imm 4, 0;
    %store/vec4a v000001dd177a5000, 4, 0;
    %pushi/vec4 112, 0, 8;
    %ix/load 4, 58, 0;
    %flag_set/imm 4, 0;
    %store/vec4a v000001dd177a5000, 4, 0;
    %pushi/vec4 4, 0, 8;
    %ix/load 4, 57, 0;
    %flag_set/imm 4, 0;
    %store/vec4a v000001dd177a5000, 4, 0;
    %pushi/vec4 147, 0, 8;
    %ix/load 4, 56, 0;
    %flag_set/imm 4, 0;
    %store/vec4a v000001dd177a5000, 4, 0;
    %pushi/vec4 0, 0, 8;
    %ix/load 4, 55, 0;
    %flag_set/imm 4, 0;
    %store/vec4a v000001dd177a5000, 4, 0;
    %pushi/vec4 149, 0, 8;
    %ix/load 4, 54, 0;
    %flag_set/imm 4, 0;
    %store/vec4a v000001dd177a5000, 4, 0;
    %pushi/vec4 42, 0, 8;
    %ix/load 4, 53, 0;
    %flag_set/imm 4, 0;
    %store/vec4a v000001dd177a5000, 4, 0;
    %pushi/vec4 35, 0, 8;
    %ix/load 4, 52, 0;
    %flag_set/imm 4, 0;
    %store/vec4a v000001dd177a5000, 4, 0;
    %pushi/vec4 2, 0, 8;
    %ix/load 4, 51, 0;
    %flag_set/imm 4, 0;
    %store/vec4a v000001dd177a5000, 4, 0;
    %pushi/vec4 224, 0, 8;
    %ix/load 4, 50, 0;
    %flag_set/imm 4, 0;
    %store/vec4a v000001dd177a5000, 4, 0;
    %pushi/vec4 4, 0, 8;
    %ix/load 4, 49, 0;
    %flag_set/imm 4, 0;
    %store/vec4a v000001dd177a5000, 4, 0;
    %pushi/vec4 147, 0, 8;
    %ix/load 4, 48, 0;
    %flag_set/imm 4, 0;
    %store/vec4a v000001dd177a5000, 4, 0;
    %pushi/vec4 0, 0, 8;
    %ix/load 4, 47, 0;
    %flag_set/imm 4, 0;
    %store/vec4a v000001dd177a5000, 4, 0;
    %pushi/vec4 149, 0, 8;
    %ix/load 4, 46, 0;
    %flag_set/imm 4, 0;
    %store/vec4a v000001dd177a5000, 4, 0;
    %pushi/vec4 40, 0, 8;
    %ix/load 4, 45, 0;
    %flag_set/imm 4, 0;
    %store/vec4a v000001dd177a5000, 4, 0;
    %pushi/vec4 35, 0, 8;
    %ix/load 4, 44, 0;
    %flag_set/imm 4, 0;
    %store/vec4a v000001dd177a5000, 4, 0;
    %pushi/vec4 6, 0, 8;
    %ix/load 4, 43, 0;
    %flag_set/imm 4, 0;
    %store/vec4a v000001dd177a5000, 4, 0;
    %pushi/vec4 32, 0, 8;
    %ix/load 4, 42, 0;
    %flag_set/imm 4, 0;
    %store/vec4a v000001dd177a5000, 4, 0;
    %pushi/vec4 4, 0, 8;
    %ix/load 4, 41, 0;
    %flag_set/imm 4, 0;
    %store/vec4a v000001dd177a5000, 4, 0;
    %pushi/vec4 147, 0, 8;
    %ix/load 4, 40, 0;
    %flag_set/imm 4, 0;
    %store/vec4a v000001dd177a5000, 4, 0;
    %pushi/vec4 0, 0, 8;
    %ix/load 4, 39, 0;
    %flag_set/imm 4, 0;
    %store/vec4a v000001dd177a5000, 4, 0;
    %pushi/vec4 149, 0, 8;
    %ix/load 4, 38, 0;
    %flag_set/imm 4, 0;
    %store/vec4a v000001dd177a5000, 4, 0;
    %pushi/vec4 38, 0, 8;
    %ix/load 4, 37, 0;
    %flag_set/imm 4, 0;
    %store/vec4a v000001dd177a5000, 4, 0;
    %pushi/vec4 35, 0, 8;
    %ix/load 4, 36, 0;
    %flag_set/imm 4, 0;
    %store/vec4a v000001dd177a5000, 4, 0;
    %pushi/vec4 3, 0, 8;
    %ix/load 4, 35, 0;
    %flag_set/imm 4, 0;
    %store/vec4a v000001dd177a5000, 4, 0;
    %pushi/vec4 240, 0, 8;
    %ix/load 4, 34, 0;
    %flag_set/imm 4, 0;
    %store/vec4a v000001dd177a5000, 4, 0;
    %pushi/vec4 4, 0, 8;
    %ix/load 4, 33, 0;
    %flag_set/imm 4, 0;
    %store/vec4a v000001dd177a5000, 4, 0;
    %pushi/vec4 147, 0, 8;
    %ix/load 4, 32, 0;
    %flag_set/imm 4, 0;
    %store/vec4a v000001dd177a5000, 4, 0;
    %pushi/vec4 0, 0, 8;
    %ix/load 4, 31, 0;
    %flag_set/imm 4, 0;
    %store/vec4a v000001dd177a5000, 4, 0;
    %pushi/vec4 149, 0, 8;
    %ix/load 4, 30, 0;
    %flag_set/imm 4, 0;
    %store/vec4a v000001dd177a5000, 4, 0;
    %pushi/vec4 36, 0, 8;
    %ix/load 4, 29, 0;
    %flag_set/imm 4, 0;
    %store/vec4a v000001dd177a5000, 4, 0;
    %pushi/vec4 35, 0, 8;
    %ix/load 4, 28, 0;
    %flag_set/imm 4, 0;
    %store/vec4a v000001dd177a5000, 4, 0;
    %pushi/vec4 5, 0, 8;
    %ix/load 4, 27, 0;
    %flag_set/imm 4, 0;
    %store/vec4a v000001dd177a5000, 4, 0;
    %pushi/vec4 224, 0, 8;
    %ix/load 4, 26, 0;
    %flag_set/imm 4, 0;
    %store/vec4a v000001dd177a5000, 4, 0;
    %pushi/vec4 4, 0, 8;
    %ix/load 4, 25, 0;
    %flag_set/imm 4, 0;
    %store/vec4a v000001dd177a5000, 4, 0;
    %pushi/vec4 147, 0, 8;
    %ix/load 4, 24, 0;
    %flag_set/imm 4, 0;
    %store/vec4a v000001dd177a5000, 4, 0;
    %pushi/vec4 0, 0, 8;
    %ix/load 4, 23, 0;
    %flag_set/imm 4, 0;
    %store/vec4a v000001dd177a5000, 4, 0;
    %pushi/vec4 149, 0, 8;
    %ix/load 4, 22, 0;
    %flag_set/imm 4, 0;
    %store/vec4a v000001dd177a5000, 4, 0;
    %pushi/vec4 34, 0, 8;
    %ix/load 4, 21, 0;
    %flag_set/imm 4, 0;
    %store/vec4a v000001dd177a5000, 4, 0;
    %pushi/vec4 35, 0, 8;
    %ix/load 4, 20, 0;
    %flag_set/imm 4, 0;
    %store/vec4a v000001dd177a5000, 4, 0;
    %pushi/vec4 3, 0, 8;
    %ix/load 4, 19, 0;
    %flag_set/imm 4, 0;
    %store/vec4a v000001dd177a5000, 4, 0;
    %pushi/vec4 224, 0, 8;
    %ix/load 4, 18, 0;
    %flag_set/imm 4, 0;
    %store/vec4a v000001dd177a5000, 4, 0;
    %pushi/vec4 4, 0, 8;
    %ix/load 4, 17, 0;
    %flag_set/imm 4, 0;
    %store/vec4a v000001dd177a5000, 4, 0;
    %pushi/vec4 147, 0, 8;
    %ix/load 4, 16, 0;
    %flag_set/imm 4, 0;
    %store/vec4a v000001dd177a5000, 4, 0;
    %pushi/vec4 0, 0, 8;
    %ix/load 4, 15, 0;
    %flag_set/imm 4, 0;
    %store/vec4a v000001dd177a5000, 4, 0;
    %pushi/vec4 149, 0, 8;
    %ix/load 4, 14, 0;
    %flag_set/imm 4, 0;
    %store/vec4a v000001dd177a5000, 4, 0;
    %pushi/vec4 32, 0, 8;
    %ix/load 4, 13, 0;
    %flag_set/imm 4, 0;
    %store/vec4a v000001dd177a5000, 4, 0;
    %pushi/vec4 35, 0, 8;
    %ix/load 4, 12, 0;
    %flag_set/imm 4, 0;
    %store/vec4a v000001dd177a5000, 4, 0;
    %pushi/vec4 1, 0, 8;
    %ix/load 4, 11, 0;
    %flag_set/imm 4, 0;
    %store/vec4a v000001dd177a5000, 4, 0;
    %pushi/vec4 32, 0, 8;
    %ix/load 4, 10, 0;
    %flag_set/imm 4, 0;
    %store/vec4a v000001dd177a5000, 4, 0;
    %pushi/vec4 4, 0, 8;
    %ix/load 4, 9, 0;
    %flag_set/imm 4, 0;
    %store/vec4a v000001dd177a5000, 4, 0;
    %pushi/vec4 147, 0, 8;
    %ix/load 4, 8, 0;
    %flag_set/imm 4, 0;
    %store/vec4a v000001dd177a5000, 4, 0;
    %pushi/vec4 2, 0, 8;
    %ix/load 4, 7, 0;
    %flag_set/imm 4, 0;
    %store/vec4a v000001dd177a5000, 4, 0;
    %pushi/vec4 128, 0, 8;
    %ix/load 4, 6, 0;
    %flag_set/imm 4, 0;
    %store/vec4a v000001dd177a5000, 4, 0;
    %pushi/vec4 5, 0, 8;
    %ix/load 4, 5, 0;
    %flag_set/imm 4, 0;
    %store/vec4a v000001dd177a5000, 4, 0;
    %pushi/vec4 147, 0, 8;
    %ix/load 4, 4, 0;
    %flag_set/imm 4, 0;
    %store/vec4a v000001dd177a5000, 4, 0;
    %pushi/vec4 0, 0, 8;
    %ix/load 4, 3, 0;
    %flag_set/imm 4, 0;
    %store/vec4a v000001dd177a5000, 4, 0;
    %pushi/vec4 0, 0, 8;
    %ix/load 4, 2, 0;
    %flag_set/imm 4, 0;
    %store/vec4a v000001dd177a5000, 4, 0;
    %pushi/vec4 5, 0, 8;
    %ix/load 4, 1, 0;
    %flag_set/imm 4, 0;
    %store/vec4a v000001dd177a5000, 4, 0;
    %pushi/vec4 19, 0, 8;
    %ix/load 4, 0, 0;
    %flag_set/imm 4, 0;
    %store/vec4a v000001dd177a5000, 4, 0;
    %end;
    .thread T_1;
    .scope S_000001dd176aee00;
T_2 ;
    %wait E_000001dd177367a0;
    %load/vec4 v000001dd177a58c0_0;
    %parti/s 2, 5, 4;
    %cmpi/e 0, 0, 2;
    %jmp/0xz  T_2.0, 4;
    %load/vec4 v000001dd177a58c0_0;
    %parti/s 12, 20, 6;
    %ix/load 4, 0, 0;
    %flag_set/imm 4, 0;
    %store/vec4 v000001dd177a3fc0_0, 4, 12;
    %jmp T_2.1;
T_2.0 ;
    %load/vec4 v000001dd177a58c0_0;
    %parti/s 2, 5, 4;
    %cmpi/e 1, 0, 2;
    %jmp/0xz  T_2.2, 4;
    %load/vec4 v000001dd177a58c0_0;
    %parti/s 7, 25, 6;
    %ix/load 4, 5, 0;
    %flag_set/imm 4, 0;
    %store/vec4 v000001dd177a3fc0_0, 4, 7;
    %load/vec4 v000001dd177a58c0_0;
    %parti/s 5, 7, 4;
    %ix/load 4, 0, 0;
    %flag_set/imm 4, 0;
    %store/vec4 v000001dd177a3fc0_0, 4, 5;
    %jmp T_2.3;
T_2.2 ;
    %load/vec4 v000001dd177a58c0_0;
    %parti/s 1, 31, 6;
    %ix/load 4, 11, 0;
    %flag_set/imm 4, 0;
    %store/vec4 v000001dd177a3fc0_0, 4, 1;
    %load/vec4 v000001dd177a58c0_0;
    %parti/s 6, 25, 6;
    %ix/load 4, 4, 0;
    %flag_set/imm 4, 0;
    %store/vec4 v000001dd177a3fc0_0, 4, 6;
    %load/vec4 v000001dd177a58c0_0;
    %parti/s 3, 8, 5;
    %pad/u 4;
    %ix/load 4, 0, 0;
    %flag_set/imm 4, 0;
    %store/vec4 v000001dd177a3fc0_0, 4, 4;
    %load/vec4 v000001dd177a58c0_0;
    %parti/s 1, 7, 4;
    %ix/load 4, 10, 0;
    %flag_set/imm 4, 0;
    %store/vec4 v000001dd177a3fc0_0, 4, 1;
T_2.3 ;
T_2.1 ;
    %load/vec4 v000001dd177a3fc0_0;
    %parti/s 1, 11, 5;
    %replicate 52;
    %ix/load 4, 12, 0;
    %flag_set/imm 4, 0;
    %store/vec4 v000001dd177a3fc0_0, 4, 52;
    %jmp T_2;
    .thread T_2, $push;
    .scope S_000001dd176d89b0;
T_3 ;
    %wait E_000001dd17735fa0;
    %load/vec4 v000001dd17750f80_0;
    %dup/vec4;
    %pushi/vec4 51, 0, 7;
    %cmp/u;
    %jmp/1 T_3.0, 6;
    %dup/vec4;
    %pushi/vec4 3, 0, 7;
    %cmp/u;
    %jmp/1 T_3.1, 6;
    %dup/vec4;
    %pushi/vec4 35, 0, 7;
    %cmp/u;
    %jmp/1 T_3.2, 6;
    %dup/vec4;
    %pushi/vec4 99, 0, 7;
    %cmp/u;
    %jmp/1 T_3.3, 6;
    %dup/vec4;
    %pushi/vec4 19, 0, 7;
    %cmp/u;
    %jmp/1 T_3.4, 6;
    %pushi/vec4 0, 0, 2;
    %store/vec4 v000001dd177509e0_0, 0, 2;
    %pushi/vec4 0, 0, 1;
    %store/vec4 v000001dd1774fa40_0, 0, 1;
    %pushi/vec4 0, 0, 1;
    %store/vec4 v000001dd1774fcc0_0, 0, 1;
    %pushi/vec4 0, 0, 1;
    %store/vec4 v000001dd17750da0_0, 0, 1;
    %pushi/vec4 0, 0, 1;
    %store/vec4 v000001dd17750ee0_0, 0, 1;
    %pushi/vec4 0, 0, 1;
    %store/vec4 v000001dd17750bc0_0, 0, 1;
    %pushi/vec4 0, 0, 1;
    %store/vec4 v000001dd17750a80_0, 0, 1;
    %jmp T_3.6;
T_3.0 ;
    %pushi/vec4 2, 0, 2;
    %store/vec4 v000001dd177509e0_0, 0, 2;
    %pushi/vec4 0, 0, 1;
    %store/vec4 v000001dd1774fa40_0, 0, 1;
    %pushi/vec4 0, 0, 1;
    %store/vec4 v000001dd1774fcc0_0, 0, 1;
    %pushi/vec4 0, 0, 1;
    %store/vec4 v000001dd17750da0_0, 0, 1;
    %pushi/vec4 1, 0, 1;
    %store/vec4 v000001dd17750ee0_0, 0, 1;
    %pushi/vec4 0, 0, 1;
    %store/vec4 v000001dd17750bc0_0, 0, 1;
    %pushi/vec4 0, 0, 1;
    %store/vec4 v000001dd17750a80_0, 0, 1;
    %jmp T_3.6;
T_3.1 ;
    %pushi/vec4 0, 0, 2;
    %store/vec4 v000001dd177509e0_0, 0, 2;
    %pushi/vec4 0, 0, 1;
    %store/vec4 v000001dd1774fa40_0, 0, 1;
    %pushi/vec4 0, 0, 1;
    %store/vec4 v000001dd1774fcc0_0, 0, 1;
    %pushi/vec4 1, 0, 1;
    %store/vec4 v000001dd17750da0_0, 0, 1;
    %pushi/vec4 1, 0, 1;
    %store/vec4 v000001dd17750ee0_0, 0, 1;
    %pushi/vec4 1, 0, 1;
    %store/vec4 v000001dd17750bc0_0, 0, 1;
    %pushi/vec4 1, 0, 1;
    %store/vec4 v000001dd17750a80_0, 0, 1;
    %jmp T_3.6;
T_3.2 ;
    %pushi/vec4 0, 0, 2;
    %store/vec4 v000001dd177509e0_0, 0, 2;
    %pushi/vec4 0, 0, 1;
    %store/vec4 v000001dd1774fa40_0, 0, 1;
    %pushi/vec4 1, 0, 1;
    %store/vec4 v000001dd1774fcc0_0, 0, 1;
    %pushi/vec4 0, 0, 1;
    %store/vec4 v000001dd17750da0_0, 0, 1;
    %pushi/vec4 0, 0, 1;
    %store/vec4 v000001dd17750ee0_0, 0, 1;
    %pushi/vec4 1, 1, 1;
    %store/vec4 v000001dd17750bc0_0, 0, 1;
    %pushi/vec4 1, 0, 1;
    %store/vec4 v000001dd17750a80_0, 0, 1;
    %jmp T_3.6;
T_3.3 ;
    %pushi/vec4 1, 0, 2;
    %store/vec4 v000001dd177509e0_0, 0, 2;
    %pushi/vec4 1, 0, 1;
    %store/vec4 v000001dd1774fa40_0, 0, 1;
    %pushi/vec4 0, 0, 1;
    %store/vec4 v000001dd1774fcc0_0, 0, 1;
    %pushi/vec4 0, 0, 1;
    %store/vec4 v000001dd17750da0_0, 0, 1;
    %pushi/vec4 0, 0, 1;
    %store/vec4 v000001dd17750ee0_0, 0, 1;
    %pushi/vec4 1, 1, 1;
    %store/vec4 v000001dd17750bc0_0, 0, 1;
    %pushi/vec4 0, 0, 1;
    %store/vec4 v000001dd17750a80_0, 0, 1;
    %jmp T_3.6;
T_3.4 ;
    %pushi/vec4 0, 0, 2;
    %store/vec4 v000001dd177509e0_0, 0, 2;
    %pushi/vec4 0, 0, 1;
    %store/vec4 v000001dd1774fa40_0, 0, 1;
    %pushi/vec4 0, 0, 1;
    %store/vec4 v000001dd1774fcc0_0, 0, 1;
    %pushi/vec4 0, 0, 1;
    %store/vec4 v000001dd17750da0_0, 0, 1;
    %pushi/vec4 1, 0, 1;
    %store/vec4 v000001dd17750ee0_0, 0, 1;
    %pushi/vec4 0, 0, 1;
    %store/vec4 v000001dd17750bc0_0, 0, 1;
    %pushi/vec4 1, 0, 1;
    %store/vec4 v000001dd17750a80_0, 0, 1;
    %jmp T_3.6;
T_3.6 ;
    %pop/vec4 1;
    %jmp T_3;
    .thread T_3, $push;
    .scope S_000001dd176e8b80;
T_4 ;
    %pushi/vec4 0, 0, 64;
    %ix/load 4, 0, 0;
    %flag_set/imm 4, 0;
    %store/vec4a v000001dd177a6890, 4, 0;
    %pushi/vec4 1209, 0, 64;
    %ix/load 4, 1, 0;
    %flag_set/imm 4, 0;
    %store/vec4a v000001dd177a6890, 4, 0;
    %pushi/vec4 751, 0, 64;
    %ix/load 4, 2, 0;
    %flag_set/imm 4, 0;
    %store/vec4a v000001dd177a6890, 4, 0;
    %pushi/vec4 3522, 0, 64;
    %ix/load 4, 3, 0;
    %flag_set/imm 4, 0;
    %store/vec4a v000001dd177a6890, 4, 0;
    %pushi/vec4 2971, 0, 64;
    %ix/load 4, 4, 0;
    %flag_set/imm 4, 0;
    %store/vec4a v000001dd177a6890, 4, 0;
    %pushi/vec4 72, 0, 64;
    %ix/load 4, 5, 0;
    %flag_set/imm 4, 0;
    %store/vec4a v000001dd177a6890, 4, 0;
    %pushi/vec4 1135, 0, 64;
    %ix/load 4, 6, 0;
    %flag_set/imm 4, 0;
    %store/vec4a v000001dd177a6890, 4, 0;
    %pushi/vec4 1141, 0, 64;
    %ix/load 4, 7, 0;
    %flag_set/imm 4, 0;
    %store/vec4a v000001dd177a6890, 4, 0;
    %pushi/vec4 2919, 0, 64;
    %ix/load 4, 8, 0;
    %flag_set/imm 4, 0;
    %store/vec4a v000001dd177a6890, 4, 0;
    %pushi/vec4 2467, 0, 64;
    %ix/load 4, 9, 0;
    %flag_set/imm 4, 0;
    %store/vec4a v000001dd177a6890, 4, 0;
    %pushi/vec4 0, 0, 64;
    %ix/load 4, 10, 0;
    %flag_set/imm 4, 0;
    %store/vec4a v000001dd177a6890, 4, 0;
    %pushi/vec4 3033, 0, 64;
    %ix/load 4, 11, 0;
    %flag_set/imm 4, 0;
    %store/vec4a v000001dd177a6890, 4, 0;
    %pushi/vec4 3278, 0, 64;
    %ix/load 4, 12, 0;
    %flag_set/imm 4, 0;
    %store/vec4a v000001dd177a6890, 4, 0;
    %pushi/vec4 3214, 0, 64;
    %ix/load 4, 13, 0;
    %flag_set/imm 4, 0;
    %store/vec4a v000001dd177a6890, 4, 0;
    %pushi/vec4 3656, 0, 64;
    %ix/load 4, 14, 0;
    %flag_set/imm 4, 0;
    %store/vec4a v000001dd177a6890, 4, 0;
    %pushi/vec4 1765, 0, 64;
    %ix/load 4, 15, 0;
    %flag_set/imm 4, 0;
    %store/vec4a v000001dd177a6890, 4, 0;
    %pushi/vec4 736, 0, 64;
    %ix/load 4, 16, 0;
    %flag_set/imm 4, 0;
    %store/vec4a v000001dd177a6890, 4, 0;
    %pushi/vec4 2985, 0, 64;
    %ix/load 4, 17, 0;
    %flag_set/imm 4, 0;
    %store/vec4a v000001dd177a6890, 4, 0;
    %pushi/vec4 2717, 0, 64;
    %ix/load 4, 18, 0;
    %flag_set/imm 4, 0;
    %store/vec4a v000001dd177a6890, 4, 0;
    %pushi/vec4 863, 0, 64;
    %ix/load 4, 19, 0;
    %flag_set/imm 4, 0;
    %store/vec4a v000001dd177a6890, 4, 0;
    %pushi/vec4 1916, 0, 64;
    %ix/load 4, 20, 0;
    %flag_set/imm 4, 0;
    %store/vec4a v000001dd177a6890, 4, 0;
    %pushi/vec4 13, 0, 64;
    %ix/load 4, 21, 0;
    %flag_set/imm 4, 0;
    %store/vec4a v000001dd177a6890, 4, 0;
    %pushi/vec4 701, 0, 64;
    %ix/load 4, 22, 0;
    %flag_set/imm 4, 0;
    %store/vec4a v000001dd177a6890, 4, 0;
    %pushi/vec4 3479, 0, 64;
    %ix/load 4, 23, 0;
    %flag_set/imm 4, 0;
    %store/vec4a v000001dd177a6890, 4, 0;
    %pushi/vec4 2489, 0, 64;
    %ix/load 4, 24, 0;
    %flag_set/imm 4, 0;
    %store/vec4a v000001dd177a6890, 4, 0;
    %pushi/vec4 1937, 0, 64;
    %ix/load 4, 25, 0;
    %flag_set/imm 4, 0;
    %store/vec4a v000001dd177a6890, 4, 0;
    %pushi/vec4 523, 0, 64;
    %ix/load 4, 26, 0;
    %flag_set/imm 4, 0;
    %store/vec4a v000001dd177a6890, 4, 0;
    %pushi/vec4 210, 0, 64;
    %ix/load 4, 27, 0;
    %flag_set/imm 4, 0;
    %store/vec4a v000001dd177a6890, 4, 0;
    %pushi/vec4 1043, 0, 64;
    %ix/load 4, 28, 0;
    %flag_set/imm 4, 0;
    %store/vec4a v000001dd177a6890, 4, 0;
    %pushi/vec4 425, 0, 64;
    %ix/load 4, 29, 0;
    %flag_set/imm 4, 0;
    %store/vec4a v000001dd177a6890, 4, 0;
    %pushi/vec4 2434, 0, 64;
    %ix/load 4, 30, 0;
    %flag_set/imm 4, 0;
    %store/vec4a v000001dd177a6890, 4, 0;
    %pushi/vec4 988, 0, 64;
    %ix/load 4, 31, 0;
    %flag_set/imm 4, 0;
    %store/vec4a v000001dd177a6890, 4, 0;
    %end;
    .thread T_4;
    .scope S_000001dd176e8b80;
T_5 ;
    %wait E_000001dd17736de0;
    %load/vec4 v000001dd177a6a70_0;
    %load/vec4 v000001dd177a6750_0;
    %pushi/vec4 0, 0, 5;
    %cmp/ne;
    %flag_get/vec4 4;
    %and;
    %flag_set/vec4 8;
    %jmp/0xz  T_5.0, 8;
    %load/vec4 v000001dd177a6570_0;
    %load/vec4 v000001dd177a6750_0;
    %pad/u 7;
    %ix/vec4 3;
    %ix/load 4, 0, 0; Constant delay
    %assign/vec4/a/d v000001dd177a6890, 0, 4;
T_5.0 ;
    %jmp T_5;
    .thread T_5;
    .scope S_000001dd176e8b80;
T_6 ;
    %wait E_000001dd17736760;
    %load/vec4 v000001dd177a78d0_0;
    %flag_set/vec4 8;
    %jmp/0xz  T_6.0, 8;
    %pushi/vec4 0, 0, 64;
    %assign/vec4 v000001dd177a7330_0, 0;
    %pushi/vec4 0, 0, 64;
    %assign/vec4 v000001dd177a7830_0, 0;
    %jmp T_6.1;
T_6.0 ;
    %load/vec4 v000001dd177a6b10_0;
    %pad/u 7;
    %ix/vec4 4;
    %load/vec4a v000001dd177a6890, 4;
    %assign/vec4 v000001dd177a7330_0, 0;
    %load/vec4 v000001dd177a6930_0;
    %pad/u 7;
    %ix/vec4 4;
    %load/vec4a v000001dd177a6890, 4;
    %assign/vec4 v000001dd177a7830_0, 0;
T_6.1 ;
    %jmp T_6;
    .thread T_6, $push;
    .scope S_000001dd176e6b10;
T_7 ;
    %wait E_000001dd17735460;
    %load/vec4 v000001dd17750440_0;
    %cmpi/e 0, 0, 2;
    %jmp/0xz  T_7.0, 4;
    %pushi/vec4 2, 0, 4;
    %assign/vec4 v000001dd17750580_0, 0;
    %jmp T_7.1;
T_7.0 ;
    %load/vec4 v000001dd17750440_0;
    %cmpi/e 1, 0, 2;
    %jmp/0xz  T_7.2, 4;
    %pushi/vec4 6, 0, 4;
    %assign/vec4 v000001dd17750580_0, 0;
    %jmp T_7.3;
T_7.2 ;
    %load/vec4 v000001dd17750440_0;
    %cmpi/e 2, 0, 2;
    %jmp/0xz  T_7.4, 4;
    %load/vec4 v000001dd17750e40_0;
    %dup/vec4;
    %pushi/vec4 0, 0, 4;
    %cmp/u;
    %jmp/1 T_7.6, 6;
    %dup/vec4;
    %pushi/vec4 8, 0, 4;
    %cmp/u;
    %jmp/1 T_7.7, 6;
    %dup/vec4;
    %pushi/vec4 7, 0, 4;
    %cmp/u;
    %jmp/1 T_7.8, 6;
    %dup/vec4;
    %pushi/vec4 6, 0, 4;
    %cmp/u;
    %jmp/1 T_7.9, 6;
    %pushi/vec4 0, 0, 4;
    %assign/vec4 v000001dd17750580_0, 0;
    %jmp T_7.11;
T_7.6 ;
    %pushi/vec4 2, 0, 4;
    %assign/vec4 v000001dd17750580_0, 0;
    %jmp T_7.11;
T_7.7 ;
    %pushi/vec4 6, 0, 4;
    %assign/vec4 v000001dd17750580_0, 0;
    %jmp T_7.11;
T_7.8 ;
    %pushi/vec4 0, 0, 4;
    %assign/vec4 v000001dd17750580_0, 0;
    %jmp T_7.11;
T_7.9 ;
    %pushi/vec4 1, 0, 4;
    %assign/vec4 v000001dd17750580_0, 0;
    %jmp T_7.11;
T_7.11 ;
    %pop/vec4 1;
T_7.4 ;
T_7.3 ;
T_7.1 ;
    %jmp T_7;
    .thread T_7, $push;
    .scope S_000001dd176e6ca0;
T_8 ;
    %wait E_000001dd17735aa0;
    %load/vec4 v000001dd1774f5e0_0;
    %cmpi/e 0, 0, 4;
    %jmp/0xz  T_8.0, 4;
    %load/vec4 v000001dd17750760_0;
    %load/vec4 v000001dd17750940_0;
    %and;
    %store/vec4 v000001dd177504e0_0, 0, 64;
    %jmp T_8.1;
T_8.0 ;
    %load/vec4 v000001dd1774f5e0_0;
    %cmpi/e 1, 0, 4;
    %jmp/0xz  T_8.2, 4;
    %load/vec4 v000001dd17750760_0;
    %load/vec4 v000001dd17750940_0;
    %or;
    %store/vec4 v000001dd177504e0_0, 0, 64;
    %jmp T_8.3;
T_8.2 ;
    %load/vec4 v000001dd1774f5e0_0;
    %cmpi/e 2, 0, 4;
    %jmp/0xz  T_8.4, 4;
    %load/vec4 v000001dd17750760_0;
    %load/vec4 v000001dd17750940_0;
    %add;
    %store/vec4 v000001dd177504e0_0, 0, 64;
    %jmp T_8.5;
T_8.4 ;
    %load/vec4 v000001dd1774f5e0_0;
    %cmpi/e 6, 0, 4;
    %jmp/0xz  T_8.6, 4;
    %load/vec4 v000001dd17750760_0;
    %load/vec4 v000001dd17750940_0;
    %sub;
    %store/vec4 v000001dd177504e0_0, 0, 64;
    %jmp T_8.7;
T_8.6 ;
    %load/vec4 v000001dd1774f5e0_0;
    %cmpi/e 12, 0, 4;
    %jmp/0xz  T_8.8, 4;
    %load/vec4 v000001dd17750760_0;
    %load/vec4 v000001dd17750940_0;
    %or;
    %inv;
    %store/vec4 v000001dd177504e0_0, 0, 64;
T_8.8 ;
T_8.7 ;
T_8.5 ;
T_8.3 ;
T_8.1 ;
    %load/vec4 v000001dd177504e0_0;
    %cmpi/e 0, 0, 64;
    %jmp/0xz  T_8.10, 4;
    %pushi/vec4 1, 0, 1;
    %store/vec4 v000001dd1774ffe0_0, 0, 1;
    %jmp T_8.11;
T_8.10 ;
    %pushi/vec4 0, 0, 1;
    %store/vec4 v000001dd1774ffe0_0, 0, 1;
T_8.11 ;
    %load/vec4 v000001dd177504e0_0;
    %parti/s 1, 63, 7;
    %inv;
    %assign/vec4 v000001dd17751200_0, 0;
    %jmp T_8;
    .thread T_8, $push;
    .scope S_000001dd176d8b40;
T_9 ;
    %pushi/vec4 235, 0, 8;
    %ix/load 4, 0, 0;
    %flag_set/imm 4, 0;
    %store/vec4a v000001dd1774f860, 4, 0;
    %pushi/vec4 18, 0, 8;
    %ix/load 4, 1, 0;
    %flag_set/imm 4, 0;
    %store/vec4a v000001dd1774f860, 4, 0;
    %pushi/vec4 120, 0, 8;
    %ix/load 4, 2, 0;
    %flag_set/imm 4, 0;
    %store/vec4a v000001dd1774f860, 4, 0;
    %pushi/vec4 79, 0, 8;
    %ix/load 4, 3, 0;
    %flag_set/imm 4, 0;
    %store/vec4a v000001dd1774f860, 4, 0;
    %pushi/vec4 72, 0, 8;
    %ix/load 4, 4, 0;
    %flag_set/imm 4, 0;
    %store/vec4a v000001dd1774f860, 4, 0;
    %pushi/vec4 182, 0, 8;
    %ix/load 4, 5, 0;
    %flag_set/imm 4, 0;
    %store/vec4a v000001dd1774f860, 4, 0;
    %pushi/vec4 69, 0, 8;
    %ix/load 4, 6, 0;
    %flag_set/imm 4, 0;
    %store/vec4a v000001dd1774f860, 4, 0;
    %pushi/vec4 254, 0, 8;
    %ix/load 4, 7, 0;
    %flag_set/imm 4, 0;
    %store/vec4a v000001dd1774f860, 4, 0;
    %pushi/vec4 48, 0, 8;
    %ix/load 4, 8, 0;
    %flag_set/imm 4, 0;
    %store/vec4a v000001dd1774f860, 4, 0;
    %pushi/vec4 16, 0, 8;
    %ix/load 4, 9, 0;
    %flag_set/imm 4, 0;
    %store/vec4a v000001dd1774f860, 4, 0;
    %pushi/vec4 17, 0, 8;
    %ix/load 4, 10, 0;
    %flag_set/imm 4, 0;
    %store/vec4a v000001dd1774f860, 4, 0;
    %pushi/vec4 5, 0, 8;
    %ix/load 4, 11, 0;
    %flag_set/imm 4, 0;
    %store/vec4a v000001dd1774f860, 4, 0;
    %pushi/vec4 194, 0, 8;
    %ix/load 4, 12, 0;
    %flag_set/imm 4, 0;
    %store/vec4a v000001dd1774f860, 4, 0;
    %pushi/vec4 223, 0, 8;
    %ix/load 4, 13, 0;
    %flag_set/imm 4, 0;
    %store/vec4a v000001dd1774f860, 4, 0;
    %pushi/vec4 98, 0, 8;
    %ix/load 4, 14, 0;
    %flag_set/imm 4, 0;
    %store/vec4a v000001dd1774f860, 4, 0;
    %pushi/vec4 135, 0, 8;
    %ix/load 4, 15, 0;
    %flag_set/imm 4, 0;
    %store/vec4a v000001dd1774f860, 4, 0;
    %pushi/vec4 53, 0, 8;
    %ix/load 4, 16, 0;
    %flag_set/imm 4, 0;
    %store/vec4a v000001dd1774f860, 4, 0;
    %pushi/vec4 59, 0, 8;
    %ix/load 4, 17, 0;
    %flag_set/imm 4, 0;
    %store/vec4a v000001dd1774f860, 4, 0;
    %pushi/vec4 81, 0, 8;
    %ix/load 4, 18, 0;
    %flag_set/imm 4, 0;
    %store/vec4a v000001dd1774f860, 4, 0;
    %pushi/vec4 95, 0, 8;
    %ix/load 4, 19, 0;
    %flag_set/imm 4, 0;
    %store/vec4a v000001dd1774f860, 4, 0;
    %pushi/vec4 57, 0, 8;
    %ix/load 4, 20, 0;
    %flag_set/imm 4, 0;
    %store/vec4a v000001dd1774f860, 4, 0;
    %pushi/vec4 125, 0, 8;
    %ix/load 4, 21, 0;
    %flag_set/imm 4, 0;
    %store/vec4a v000001dd1774f860, 4, 0;
    %pushi/vec4 166, 0, 8;
    %ix/load 4, 22, 0;
    %flag_set/imm 4, 0;
    %store/vec4a v000001dd1774f860, 4, 0;
    %pushi/vec4 5, 0, 8;
    %ix/load 4, 23, 0;
    %flag_set/imm 4, 0;
    %store/vec4a v000001dd1774f860, 4, 0;
    %pushi/vec4 35, 0, 8;
    %ix/load 4, 24, 0;
    %flag_set/imm 4, 0;
    %store/vec4a v000001dd1774f860, 4, 0;
    %pushi/vec4 16, 0, 8;
    %ix/load 4, 25, 0;
    %flag_set/imm 4, 0;
    %store/vec4a v000001dd1774f860, 4, 0;
    %pushi/vec4 119, 0, 8;
    %ix/load 4, 26, 0;
    %flag_set/imm 4, 0;
    %store/vec4a v000001dd1774f860, 4, 0;
    %pushi/vec4 185, 0, 8;
    %ix/load 4, 27, 0;
    %flag_set/imm 4, 0;
    %store/vec4a v000001dd1774f860, 4, 0;
    %pushi/vec4 31, 0, 8;
    %ix/load 4, 28, 0;
    %flag_set/imm 4, 0;
    %store/vec4a v000001dd1774f860, 4, 0;
    %pushi/vec4 32, 0, 8;
    %ix/load 4, 29, 0;
    %flag_set/imm 4, 0;
    %store/vec4a v000001dd1774f860, 4, 0;
    %pushi/vec4 194, 0, 8;
    %ix/load 4, 30, 0;
    %flag_set/imm 4, 0;
    %store/vec4a v000001dd1774f860, 4, 0;
    %pushi/vec4 43, 0, 8;
    %ix/load 4, 31, 0;
    %flag_set/imm 4, 0;
    %store/vec4a v000001dd1774f860, 4, 0;
    %pushi/vec4 36, 0, 8;
    %ix/load 4, 32, 0;
    %flag_set/imm 4, 0;
    %store/vec4a v000001dd1774f860, 4, 0;
    %pushi/vec4 10, 0, 8;
    %ix/load 4, 33, 0;
    %flag_set/imm 4, 0;
    %store/vec4a v000001dd1774f860, 4, 0;
    %pushi/vec4 107, 0, 8;
    %ix/load 4, 34, 0;
    %flag_set/imm 4, 0;
    %store/vec4a v000001dd1774f860, 4, 0;
    %pushi/vec4 195, 0, 8;
    %ix/load 4, 35, 0;
    %flag_set/imm 4, 0;
    %store/vec4a v000001dd1774f860, 4, 0;
    %pushi/vec4 194, 0, 8;
    %ix/load 4, 36, 0;
    %flag_set/imm 4, 0;
    %store/vec4a v000001dd1774f860, 4, 0;
    %pushi/vec4 76, 0, 8;
    %ix/load 4, 37, 0;
    %flag_set/imm 4, 0;
    %store/vec4a v000001dd1774f860, 4, 0;
    %pushi/vec4 106, 0, 8;
    %ix/load 4, 38, 0;
    %flag_set/imm 4, 0;
    %store/vec4a v000001dd1774f860, 4, 0;
    %pushi/vec4 69, 0, 8;
    %ix/load 4, 39, 0;
    %flag_set/imm 4, 0;
    %store/vec4a v000001dd1774f860, 4, 0;
    %pushi/vec4 9, 0, 8;
    %ix/load 4, 40, 0;
    %flag_set/imm 4, 0;
    %store/vec4a v000001dd1774f860, 4, 0;
    %pushi/vec4 0, 0, 8;
    %ix/load 4, 41, 0;
    %flag_set/imm 4, 0;
    %store/vec4a v000001dd1774f860, 4, 0;
    %pushi/vec4 0, 0, 8;
    %ix/load 4, 42, 0;
    %flag_set/imm 4, 0;
    %store/vec4a v000001dd1774f860, 4, 0;
    %pushi/vec4 0, 0, 8;
    %ix/load 4, 43, 0;
    %flag_set/imm 4, 0;
    %store/vec4a v000001dd1774f860, 4, 0;
    %pushi/vec4 0, 0, 8;
    %ix/load 4, 44, 0;
    %flag_set/imm 4, 0;
    %store/vec4a v000001dd1774f860, 4, 0;
    %pushi/vec4 0, 0, 8;
    %ix/load 4, 45, 0;
    %flag_set/imm 4, 0;
    %store/vec4a v000001dd1774f860, 4, 0;
    %pushi/vec4 0, 0, 8;
    %ix/load 4, 46, 0;
    %flag_set/imm 4, 0;
    %store/vec4a v000001dd1774f860, 4, 0;
    %pushi/vec4 0, 0, 8;
    %ix/load 4, 47, 0;
    %flag_set/imm 4, 0;
    %store/vec4a v000001dd1774f860, 4, 0;
    %pushi/vec4 248, 0, 8;
    %ix/load 4, 48, 0;
    %flag_set/imm 4, 0;
    %store/vec4a v000001dd1774f860, 4, 0;
    %pushi/vec4 170, 0, 8;
    %ix/load 4, 49, 0;
    %flag_set/imm 4, 0;
    %store/vec4a v000001dd1774f860, 4, 0;
    %pushi/vec4 233, 0, 8;
    %ix/load 4, 50, 0;
    %flag_set/imm 4, 0;
    %store/vec4a v000001dd1774f860, 4, 0;
    %pushi/vec4 147, 0, 8;
    %ix/load 4, 51, 0;
    %flag_set/imm 4, 0;
    %store/vec4a v000001dd1774f860, 4, 0;
    %pushi/vec4 150, 0, 8;
    %ix/load 4, 52, 0;
    %flag_set/imm 4, 0;
    %store/vec4a v000001dd1774f860, 4, 0;
    %pushi/vec4 214, 0, 8;
    %ix/load 4, 53, 0;
    %flag_set/imm 4, 0;
    %store/vec4a v000001dd1774f860, 4, 0;
    %pushi/vec4 249, 0, 8;
    %ix/load 4, 54, 0;
    %flag_set/imm 4, 0;
    %store/vec4a v000001dd1774f860, 4, 0;
    %pushi/vec4 128, 0, 8;
    %ix/load 4, 55, 0;
    %flag_set/imm 4, 0;
    %store/vec4a v000001dd1774f860, 4, 0;
    %pushi/vec4 107, 0, 8;
    %ix/load 4, 56, 0;
    %flag_set/imm 4, 0;
    %store/vec4a v000001dd1774f860, 4, 0;
    %pushi/vec4 13, 0, 8;
    %ix/load 4, 57, 0;
    %flag_set/imm 4, 0;
    %store/vec4a v000001dd1774f860, 4, 0;
    %pushi/vec4 104, 0, 8;
    %ix/load 4, 58, 0;
    %flag_set/imm 4, 0;
    %store/vec4a v000001dd1774f860, 4, 0;
    %pushi/vec4 31, 0, 8;
    %ix/load 4, 59, 0;
    %flag_set/imm 4, 0;
    %store/vec4a v000001dd1774f860, 4, 0;
    %pushi/vec4 252, 0, 8;
    %ix/load 4, 60, 0;
    %flag_set/imm 4, 0;
    %store/vec4a v000001dd1774f860, 4, 0;
    %pushi/vec4 67, 0, 8;
    %ix/load 4, 61, 0;
    %flag_set/imm 4, 0;
    %store/vec4a v000001dd1774f860, 4, 0;
    %pushi/vec4 45, 0, 8;
    %ix/load 4, 62, 0;
    %flag_set/imm 4, 0;
    %store/vec4a v000001dd1774f860, 4, 0;
    %pushi/vec4 28, 0, 8;
    %ix/load 4, 63, 0;
    %flag_set/imm 4, 0;
    %store/vec4a v000001dd1774f860, 4, 0;
    %end;
    .thread T_9;
    .scope S_000001dd176d8b40;
T_10 ;
    %wait E_000001dd17736de0;
    %load/vec4 v000001dd177a3f20_0;
    %flag_set/vec4 8;
    %jmp/0xz  T_10.0, 8;
    %load/vec4 v000001dd177a4f60_0;
    %cmpi/e 2, 0, 3;
    %jmp/0xz  T_10.2, 4;
    %load/vec4 v000001dd177a5460_0;
    %parti/s 8, 0, 2;
    %ix/getv 4, v000001dd177a5be0_0;
    %store/vec4a v000001dd1774f860, 4, 0;
    %load/vec4 v000001dd177a5460_0;
    %parti/s 8, 8, 5;
    %load/vec4 v000001dd177a5be0_0;
    %pad/u 65;
    %addi 1, 0, 65;
    %ix/vec4 4;
    %store/vec4a v000001dd1774f860, 4, 0;
    %load/vec4 v000001dd177a5460_0;
    %parti/s 8, 16, 6;
    %load/vec4 v000001dd177a5be0_0;
    %pad/u 65;
    %addi 2, 0, 65;
    %ix/vec4 4;
    %store/vec4a v000001dd1774f860, 4, 0;
    %load/vec4 v000001dd177a5460_0;
    %parti/s 8, 24, 6;
    %load/vec4 v000001dd177a5be0_0;
    %pad/u 65;
    %addi 3, 0, 65;
    %ix/vec4 4;
    %store/vec4a v000001dd1774f860, 4, 0;
    %jmp T_10.3;
T_10.2 ;
    %load/vec4 v000001dd177a4f60_0;
    %cmpi/e 3, 0, 3;
    %jmp/0xz  T_10.4, 4;
    %load/vec4 v000001dd177a5460_0;
    %parti/s 8, 0, 2;
    %ix/getv 4, v000001dd177a5be0_0;
    %store/vec4a v000001dd1774f860, 4, 0;
    %load/vec4 v000001dd177a5460_0;
    %parti/s 8, 8, 5;
    %load/vec4 v000001dd177a5be0_0;
    %pad/u 65;
    %addi 1, 0, 65;
    %ix/vec4 4;
    %store/vec4a v000001dd1774f860, 4, 0;
    %load/vec4 v000001dd177a5460_0;
    %parti/s 8, 16, 6;
    %load/vec4 v000001dd177a5be0_0;
    %pad/u 65;
    %addi 2, 0, 65;
    %ix/vec4 4;
    %store/vec4a v000001dd1774f860, 4, 0;
    %load/vec4 v000001dd177a5460_0;
    %parti/s 8, 24, 6;
    %load/vec4 v000001dd177a5be0_0;
    %pad/u 65;
    %addi 3, 0, 65;
    %ix/vec4 4;
    %store/vec4a v000001dd1774f860, 4, 0;
    %load/vec4 v000001dd177a5460_0;
    %parti/s 8, 32, 7;
    %load/vec4 v000001dd177a5be0_0;
    %pad/u 65;
    %addi 4, 0, 65;
    %ix/vec4 4;
    %store/vec4a v000001dd1774f860, 4, 0;
    %load/vec4 v000001dd177a5460_0;
    %parti/s 8, 40, 7;
    %load/vec4 v000001dd177a5be0_0;
    %pad/u 65;
    %addi 5, 0, 65;
    %ix/vec4 4;
    %store/vec4a v000001dd1774f860, 4, 0;
    %load/vec4 v000001dd177a5460_0;
    %parti/s 8, 48, 7;
    %load/vec4 v000001dd177a5be0_0;
    %pad/u 65;
    %addi 6, 0, 65;
    %ix/vec4 4;
    %store/vec4a v000001dd1774f860, 4, 0;
    %load/vec4 v000001dd177a5460_0;
    %parti/s 8, 56, 7;
    %load/vec4 v000001dd177a5be0_0;
    %pad/u 65;
    %addi 7, 0, 65;
    %ix/vec4 4;
    %store/vec4a v000001dd1774f860, 4, 0;
T_10.4 ;
T_10.3 ;
T_10.0 ;
    %jmp T_10;
    .thread T_10;
    .scope S_000001dd176d8b40;
T_11 ;
    %wait E_000001dd17736e60;
    %load/vec4 v000001dd17702ea0_0;
    %flag_set/vec4 8;
    %jmp/0xz  T_11.0, 8;
    %load/vec4 v000001dd177a4f60_0;
    %cmpi/e 2, 0, 3;
    %jmp/0xz  T_11.2, 4;
    %pushi/vec4 0, 0, 32;
    %load/vec4 v000001dd177a5be0_0;
    %pad/u 65;
    %addi 3, 0, 65;
    %ix/vec4 4;
    %load/vec4a v000001dd1774f860, 4;
    %concat/vec4; draw_concat_vec4
    %load/vec4 v000001dd177a5be0_0;
    %pad/u 65;
    %addi 2, 0, 65;
    %ix/vec4 4;
    %load/vec4a v000001dd1774f860, 4;
    %concat/vec4; draw_concat_vec4
    %load/vec4 v000001dd177a5be0_0;
    %pad/u 65;
    %addi 1, 0, 65;
    %ix/vec4 4;
    %load/vec4a v000001dd1774f860, 4;
    %concat/vec4; draw_concat_vec4
    %ix/getv 4, v000001dd177a5be0_0;
    %load/vec4a v000001dd1774f860, 4;
    %concat/vec4; draw_concat_vec4
    %store/vec4 v000001dd177a4c40_0, 0, 64;
    %jmp T_11.3;
T_11.2 ;
    %load/vec4 v000001dd177a4f60_0;
    %cmpi/e 3, 0, 3;
    %jmp/0xz  T_11.4, 4;
    %load/vec4 v000001dd177a5be0_0;
    %pad/u 65;
    %addi 7, 0, 65;
    %ix/vec4 4;
    %load/vec4a v000001dd1774f860, 4;
    %load/vec4 v000001dd177a5be0_0;
    %pad/u 65;
    %addi 6, 0, 65;
    %ix/vec4 4;
    %load/vec4a v000001dd1774f860, 4;
    %concat/vec4; draw_concat_vec4
    %load/vec4 v000001dd177a5be0_0;
    %pad/u 65;
    %addi 5, 0, 65;
    %ix/vec4 4;
    %load/vec4a v000001dd1774f860, 4;
    %concat/vec4; draw_concat_vec4
    %load/vec4 v000001dd177a5be0_0;
    %pad/u 65;
    %addi 4, 0, 65;
    %ix/vec4 4;
    %load/vec4a v000001dd1774f860, 4;
    %concat/vec4; draw_concat_vec4
    %load/vec4 v000001dd177a5be0_0;
    %pad/u 65;
    %addi 3, 0, 65;
    %ix/vec4 4;
    %load/vec4a v000001dd1774f860, 4;
    %concat/vec4; draw_concat_vec4
    %load/vec4 v000001dd177a5be0_0;
    %pad/u 65;
    %addi 2, 0, 65;
    %ix/vec4 4;
    %load/vec4a v000001dd1774f860, 4;
    %concat/vec4; draw_concat_vec4
    %load/vec4 v000001dd177a5be0_0;
    %pad/u 65;
    %addi 1, 0, 65;
    %ix/vec4 4;
    %load/vec4a v000001dd1774f860, 4;
    %concat/vec4; draw_concat_vec4
    %ix/getv 4, v000001dd177a5be0_0;
    %load/vec4a v000001dd1774f860, 4;
    %concat/vec4; draw_concat_vec4
    %store/vec4 v000001dd177a4c40_0, 0, 64;
T_11.4 ;
T_11.3 ;
T_11.0 ;
    %pushi/vec4 0, 0, 32;
    %ix/load 4, 3, 0;
    %flag_set/imm 4, 0;
    %load/vec4a v000001dd1774f860, 4;
    %concat/vec4; draw_concat_vec4
    %ix/load 4, 2, 0;
    %flag_set/imm 4, 0;
    %load/vec4a v000001dd1774f860, 4;
    %concat/vec4; draw_concat_vec4
    %ix/load 4, 1, 0;
    %flag_set/imm 4, 0;
    %load/vec4a v000001dd1774f860, 4;
    %concat/vec4; draw_concat_vec4
    %ix/load 4, 0, 0;
    %flag_set/imm 4, 0;
    %load/vec4a v000001dd1774f860, 4;
    %concat/vec4; draw_concat_vec4
    %assign/vec4 v000001dd177512a0_0, 0;
    %pushi/vec4 0, 0, 32;
    %ix/load 4, 7, 0;
    %flag_set/imm 4, 0;
    %load/vec4a v000001dd1774f860, 4;
    %concat/vec4; draw_concat_vec4
    %ix/load 4, 6, 0;
    %flag_set/imm 4, 0;
    %load/vec4a v000001dd1774f860, 4;
    %concat/vec4; draw_concat_vec4
    %ix/load 4, 5, 0;
    %flag_set/imm 4, 0;
    %load/vec4a v000001dd1774f860, 4;
    %concat/vec4; draw_concat_vec4
    %ix/load 4, 4, 0;
    %flag_set/imm 4, 0;
    %load/vec4a v000001dd1774f860, 4;
    %concat/vec4; draw_concat_vec4
    %assign/vec4 v000001dd1774f900_0, 0;
    %pushi/vec4 0, 0, 32;
    %ix/load 4, 11, 0;
    %flag_set/imm 4, 0;
    %load/vec4a v000001dd1774f860, 4;
    %concat/vec4; draw_concat_vec4
    %ix/load 4, 10, 0;
    %flag_set/imm 4, 0;
    %load/vec4a v000001dd1774f860, 4;
    %concat/vec4; draw_concat_vec4
    %ix/load 4, 9, 0;
    %flag_set/imm 4, 0;
    %load/vec4a v000001dd1774f860, 4;
    %concat/vec4; draw_concat_vec4
    %ix/load 4, 8, 0;
    %flag_set/imm 4, 0;
    %load/vec4a v000001dd1774f860, 4;
    %concat/vec4; draw_concat_vec4
    %assign/vec4 v000001dd17751020_0, 0;
    %pushi/vec4 0, 0, 32;
    %ix/load 4, 15, 0;
    %flag_set/imm 4, 0;
    %load/vec4a v000001dd1774f860, 4;
    %concat/vec4; draw_concat_vec4
    %ix/load 4, 14, 0;
    %flag_set/imm 4, 0;
    %load/vec4a v000001dd1774f860, 4;
    %concat/vec4; draw_concat_vec4
    %ix/load 4, 13, 0;
    %flag_set/imm 4, 0;
    %load/vec4a v000001dd1774f860, 4;
    %concat/vec4; draw_concat_vec4
    %ix/load 4, 12, 0;
    %flag_set/imm 4, 0;
    %load/vec4a v000001dd1774f860, 4;
    %concat/vec4; draw_concat_vec4
    %assign/vec4 v000001dd1774f9a0_0, 0;
    %pushi/vec4 0, 0, 32;
    %ix/load 4, 19, 0;
    %flag_set/imm 4, 0;
    %load/vec4a v000001dd1774f860, 4;
    %concat/vec4; draw_concat_vec4
    %ix/load 4, 18, 0;
    %flag_set/imm 4, 0;
    %load/vec4a v000001dd1774f860, 4;
    %concat/vec4; draw_concat_vec4
    %ix/load 4, 17, 0;
    %flag_set/imm 4, 0;
    %load/vec4a v000001dd1774f860, 4;
    %concat/vec4; draw_concat_vec4
    %ix/load 4, 16, 0;
    %flag_set/imm 4, 0;
    %load/vec4a v000001dd1774f860, 4;
    %concat/vec4; draw_concat_vec4
    %assign/vec4 v000001dd177510c0_0, 0;
    %pushi/vec4 0, 0, 32;
    %ix/load 4, 23, 0;
    %flag_set/imm 4, 0;
    %load/vec4a v000001dd1774f860, 4;
    %concat/vec4; draw_concat_vec4
    %ix/load 4, 22, 0;
    %flag_set/imm 4, 0;
    %load/vec4a v000001dd1774f860, 4;
    %concat/vec4; draw_concat_vec4
    %ix/load 4, 21, 0;
    %flag_set/imm 4, 0;
    %load/vec4a v000001dd1774f860, 4;
    %concat/vec4; draw_concat_vec4
    %ix/load 4, 20, 0;
    %flag_set/imm 4, 0;
    %load/vec4a v000001dd1774f860, 4;
    %concat/vec4; draw_concat_vec4
    %assign/vec4 v000001dd17750080_0, 0;
    %pushi/vec4 0, 0, 32;
    %ix/load 4, 27, 0;
    %flag_set/imm 4, 0;
    %load/vec4a v000001dd1774f860, 4;
    %concat/vec4; draw_concat_vec4
    %ix/load 4, 26, 0;
    %flag_set/imm 4, 0;
    %load/vec4a v000001dd1774f860, 4;
    %concat/vec4; draw_concat_vec4
    %ix/load 4, 25, 0;
    %flag_set/imm 4, 0;
    %load/vec4a v000001dd1774f860, 4;
    %concat/vec4; draw_concat_vec4
    %ix/load 4, 24, 0;
    %flag_set/imm 4, 0;
    %load/vec4a v000001dd1774f860, 4;
    %concat/vec4; draw_concat_vec4
    %assign/vec4 v000001dd17751160_0, 0;
    %pushi/vec4 0, 0, 32;
    %ix/load 4, 31, 0;
    %flag_set/imm 4, 0;
    %load/vec4a v000001dd1774f860, 4;
    %concat/vec4; draw_concat_vec4
    %ix/load 4, 30, 0;
    %flag_set/imm 4, 0;
    %load/vec4a v000001dd1774f860, 4;
    %concat/vec4; draw_concat_vec4
    %ix/load 4, 29, 0;
    %flag_set/imm 4, 0;
    %load/vec4a v000001dd1774f860, 4;
    %concat/vec4; draw_concat_vec4
    %ix/load 4, 28, 0;
    %flag_set/imm 4, 0;
    %load/vec4a v000001dd1774f860, 4;
    %concat/vec4; draw_concat_vec4
    %assign/vec4 v000001dd1774fae0_0, 0;
    %pushi/vec4 0, 0, 32;
    %ix/load 4, 35, 0;
    %flag_set/imm 4, 0;
    %load/vec4a v000001dd1774f860, 4;
    %concat/vec4; draw_concat_vec4
    %ix/load 4, 34, 0;
    %flag_set/imm 4, 0;
    %load/vec4a v000001dd1774f860, 4;
    %concat/vec4; draw_concat_vec4
    %ix/load 4, 33, 0;
    %flag_set/imm 4, 0;
    %load/vec4a v000001dd1774f860, 4;
    %concat/vec4; draw_concat_vec4
    %ix/load 4, 32, 0;
    %flag_set/imm 4, 0;
    %load/vec4a v000001dd1774f860, 4;
    %concat/vec4; draw_concat_vec4
    %assign/vec4 v000001dd1774fb80_0, 0;
    %pushi/vec4 0, 0, 32;
    %ix/load 4, 39, 0;
    %flag_set/imm 4, 0;
    %load/vec4a v000001dd1774f860, 4;
    %concat/vec4; draw_concat_vec4
    %ix/load 4, 38, 0;
    %flag_set/imm 4, 0;
    %load/vec4a v000001dd1774f860, 4;
    %concat/vec4; draw_concat_vec4
    %ix/load 4, 37, 0;
    %flag_set/imm 4, 0;
    %load/vec4a v000001dd1774f860, 4;
    %concat/vec4; draw_concat_vec4
    %ix/load 4, 36, 0;
    %flag_set/imm 4, 0;
    %load/vec4a v000001dd1774f860, 4;
    %concat/vec4; draw_concat_vec4
    %assign/vec4 v000001dd1774fd60_0, 0;
    %jmp T_11;
    .thread T_11, $push;
    .scope S_000001dd176d8820;
T_12 ;
    %wait E_000001dd17735ea0;
    %load/vec4 v000001dd1774f720_0;
    %flag_set/vec4 8;
    %jmp/0xz  T_12.0, 8;
    %load/vec4 v000001dd1774f7c0_0;
    %load/vec4 v000001dd1774fc20_0;
    %pushi/vec4 0, 0, 3;
    %cmp/e;
    %flag_get/vec4 4;
    %and;
    %flag_set/vec4 8;
    %jmp/0xz  T_12.2, 8;
    %pushi/vec4 1, 0, 1;
    %assign/vec4 v000001dd1774ff40_0, 0;
    %pushi/vec4 0, 0, 1;
    %assign/vec4 v000001dd177506c0_0, 0;
    %pushi/vec4 0, 0, 1;
    %assign/vec4 v000001dd17750d00_0, 0;
    %pushi/vec4 0, 0, 1;
    %assign/vec4 v000001dd17750620_0, 0;
    %jmp T_12.3;
T_12.2 ;
    %load/vec4 v000001dd1774f7c0_0;
    %inv;
    %load/vec4 v000001dd1774fc20_0;
    %pushi/vec4 1, 0, 3;
    %cmp/e;
    %flag_get/vec4 4;
    %and;
    %flag_set/vec4 8;
    %jmp/0xz  T_12.4, 8;
    %pushi/vec4 1, 0, 1;
    %assign/vec4 v000001dd177506c0_0, 0;
    %pushi/vec4 0, 0, 1;
    %assign/vec4 v000001dd1774ff40_0, 0;
    %pushi/vec4 0, 0, 1;
    %assign/vec4 v000001dd17750d00_0, 0;
    %pushi/vec4 0, 0, 1;
    %assign/vec4 v000001dd17750620_0, 0;
    %jmp T_12.5;
T_12.4 ;
    %load/vec4 v000001dd1774f680_0;
    %load/vec4 v000001dd1774f7c0_0;
    %or;
    %load/vec4 v000001dd1774fc20_0;
    %pushi/vec4 5, 0, 3;
    %cmp/e;
    %flag_get/vec4 4;
    %and;
    %flag_set/vec4 8;
    %jmp/0xz  T_12.6, 8;
    %pushi/vec4 0, 0, 1;
    %assign/vec4 v000001dd177506c0_0, 0;
    %pushi/vec4 0, 0, 1;
    %assign/vec4 v000001dd1774ff40_0, 0;
    %pushi/vec4 1, 0, 1;
    %assign/vec4 v000001dd17750d00_0, 0;
    %pushi/vec4 0, 0, 1;
    %assign/vec4 v000001dd17750620_0, 0;
    %jmp T_12.7;
T_12.6 ;
    %load/vec4 v000001dd1774f680_0;
    %inv;
    %load/vec4 v000001dd1774f7c0_0;
    %inv;
    %and;
    %load/vec4 v000001dd1774fc20_0;
    %pushi/vec4 4, 0, 3;
    %cmp/e;
    %flag_get/vec4 4;
    %and;
    %flag_set/vec4 8;
    %jmp/0xz  T_12.8, 8;
    %pushi/vec4 0, 0, 1;
    %assign/vec4 v000001dd177506c0_0, 0;
    %pushi/vec4 0, 0, 1;
    %assign/vec4 v000001dd1774ff40_0, 0;
    %pushi/vec4 1, 0, 1;
    %assign/vec4 v000001dd17750620_0, 0;
    %pushi/vec4 0, 0, 1;
    %assign/vec4 v000001dd17750d00_0, 0;
    %jmp T_12.9;
T_12.8 ;
    %pushi/vec4 0, 0, 1;
    %assign/vec4 v000001dd177506c0_0, 0;
    %pushi/vec4 0, 0, 1;
    %assign/vec4 v000001dd1774ff40_0, 0;
    %pushi/vec4 0, 0, 1;
    %assign/vec4 v000001dd17750620_0, 0;
    %pushi/vec4 0, 0, 1;
    %assign/vec4 v000001dd17750d00_0, 0;
T_12.9 ;
T_12.7 ;
T_12.5 ;
T_12.3 ;
    %jmp T_12.1;
T_12.0 ;
    %pushi/vec4 0, 0, 1;
    %assign/vec4 v000001dd177506c0_0, 0;
    %pushi/vec4 0, 0, 1;
    %assign/vec4 v000001dd1774ff40_0, 0;
    %pushi/vec4 0, 0, 1;
    %assign/vec4 v000001dd17750620_0, 0;
    %pushi/vec4 0, 0, 1;
    %assign/vec4 v000001dd17750d00_0, 0;
T_12.1 ;
    %load/vec4 v000001dd1774f720_0;
    %load/vec4 v000001dd177506c0_0;
    %load/vec4 v000001dd1774ff40_0;
    %or;
    %load/vec4 v000001dd17750620_0;
    %or;
    %load/vec4 v000001dd17750d00_0;
    %or;
    %and;
    %assign/vec4 v000001dd177508a0_0, 0;
    %jmp T_12;
    .thread T_12, $push;
# The file index is used to find the file name in the following table.
:file_names 16;
    "N/A";
    "<interactive>";
    "RISC_V_Processor.v";
    "./Adder.v";
    "./ALU_Control.v";
    "./ALU_64_bit.v";
    "./branch_module.v";
    "./Control_Unit.v";
    "./Data_Memory.v";
    "./Instruction_Memory.v";
    "./imm_data_gen.v";
    "./instruction.v";
    "./MUX.v";
    "./Program_Counter.v";
    "./registerFile.v";
    "./shift_left.v";
