#! /c/Source/iverilog-install/bin/vvp
:ivl_version "12.0 (devel)" "(s20150603-1110-g18392a46)";
:ivl_delay_selection "TYPICAL";
:vpi_time_precision + 0;
:vpi_module "D:\Program_Files\iverilog\lib\ivl\system.vpi";
:vpi_module "D:\Program_Files\iverilog\lib\ivl\vhdl_sys.vpi";
:vpi_module "D:\Program_Files\iverilog\lib\ivl\vhdl_textio.vpi";
:vpi_module "D:\Program_Files\iverilog\lib\ivl\v2005_math.vpi";
:vpi_module "D:\Program_Files\iverilog\lib\ivl\va_math.vpi";
S_0000023d5999e900 .scope module, "tb" "tb" 2 2;
 .timescale 0 0;
v0000023d59a61190_0 .var "dclk", 0 0;
v0000023d59a61910_0 .var "dreset", 0 0;
S_0000023d59a02140 .scope module, "r1" "RISC_V_Processor" 2 6, 3 14 0, S_0000023d5999e900;
 .timescale 0 0;
    .port_info 0 /INPUT 1 "clk";
    .port_info 1 /INPUT 1 "reset";
v0000023d59a5a660_0 .net "ALUOp", 1 0, v0000023d59a03090_0;  1 drivers
v0000023d59a5a520_0 .net "ALUSrc", 0 0, v0000023d59a04710_0;  1 drivers
v0000023d59a5b560_0 .net "Branch", 0 0, v0000023d59a03e50_0;  1 drivers
v0000023d59a5afc0_0 .net "DMem_Read", 63 0, v0000023d59a576b0_0;  1 drivers
v0000023d59a59bc0_0 .net "IMem_out", 31 0, L_0000023d59a61730;  1 drivers
v0000023d59a5a8e0_0 .net "Index_0", 63 0, v0000023d59a048f0_0;  1 drivers
v0000023d59a598a0_0 .net "Index_1", 63 0, v0000023d59a04a30_0;  1 drivers
v0000023d59a59f80_0 .net "Index_2", 63 0, v0000023d59a04ad0_0;  1 drivers
v0000023d59a59760_0 .net "Index_3", 63 0, v0000023d59a03270_0;  1 drivers
v0000023d59a59940_0 .net "Index_4", 63 0, v0000023d59a03630_0;  1 drivers
v0000023d59a5a5c0_0 .net "Index_5", 63 0, v0000023d59a040d0_0;  1 drivers
v0000023d59a59c60_0 .net "Index_6", 63 0, v0000023d59a04170_0;  1 drivers
v0000023d59a5af20_0 .net "Index_7", 63 0, v0000023d59a033b0_0;  1 drivers
v0000023d59a596c0_0 .net "Index_8", 63 0, v0000023d59a03450_0;  1 drivers
v0000023d59a59da0_0 .net "Index_9", 63 0, v0000023d59a034f0_0;  1 drivers
v0000023d59a5b060_0 .net "MemRead", 0 0, v0000023d59a04210_0;  1 drivers
v0000023d59a59d00_0 .net "MemWrite", 0 0, v0000023d59a04530_0;  1 drivers
v0000023d59a59800_0 .net "MemtoReg", 0 0, v0000023d59a03ef0_0;  1 drivers
v0000023d59a5b100_0 .net "Operation", 3 0, v0000023d59a02f50_0;  1 drivers
v0000023d59a5a700_0 .net "PC_In", 63 0, L_0000023d59a62130;  1 drivers
v0000023d59a5ade0_0 .net "PC_Out", 63 0, v0000023d59a57ed0_0;  1 drivers
v0000023d59a5aca0_0 .net "PC_offset_4", 63 0, L_0000023d59a61af0;  1 drivers
v0000023d59a5b1a0_0 .net "PC_offset_branch", 63 0, L_0000023d59a60ab0;  1 drivers
v0000023d59a5ac00_0 .net "Pos", 0 0, v0000023d59a031d0_0;  1 drivers
v0000023d59a599e0_0 .net "RegWrite", 0 0, v0000023d59a047b0_0;  1 drivers
v0000023d59a5a7a0_0 .net "Result", 63 0, v0000023d59a04b70_0;  1 drivers
v0000023d59a5a980_0 .net "Zero", 0 0, v0000023d59a04350_0;  1 drivers
v0000023d59a5a020_0 .net *"_ivl_3", 0 0, L_0000023d59a61eb0;  1 drivers
v0000023d59a5b240_0 .net *"_ivl_5", 2 0, L_0000023d59a60f10;  1 drivers
v0000023d59a5aa20_0 .net "beq", 0 0, v0000023d59a04670_0;  1 drivers
v0000023d59a5a200_0 .net "bge", 0 0, v0000023d59a02ff0_0;  1 drivers
v0000023d59a5aac0_0 .net "blt", 0 0, v0000023d59a03c70_0;  1 drivers
v0000023d59a5ad40_0 .net "bne", 0 0, v0000023d59a03130_0;  1 drivers
v0000023d59a59ee0_0 .net "clk", 0 0, v0000023d59a61190_0;  1 drivers
v0000023d59a5b2e0_0 .net "funct3", 2 0, L_0000023d59a61d70;  1 drivers
v0000023d59a60b50_0 .net "funct7", 6 0, L_0000023d59a61ff0;  1 drivers
v0000023d59a60fb0_0 .net "imm_data", 63 0, v0000023d59a58290_0;  1 drivers
v0000023d59a61050_0 .net "mux_1_out", 63 0, L_0000023d59a615f0;  1 drivers
v0000023d59a610f0_0 .net "opcode", 6 0, L_0000023d59a60a10;  1 drivers
v0000023d59a608d0_0 .net "rd", 4 0, L_0000023d59a619b0;  1 drivers
v0000023d59a60e70_0 .net "readdata1", 63 0, v0000023d59a59a80_0;  1 drivers
v0000023d59a61370_0 .net "readdata2", 63 0, v0000023d59a5ae80_0;  1 drivers
v0000023d59a61c30_0 .net "reset", 0 0, v0000023d59a61910_0;  1 drivers
v0000023d59a61f50_0 .net "rs1", 4 0, L_0000023d59a62310;  1 drivers
v0000023d59a624f0_0 .net "rs2", 4 0, L_0000023d59a606f0;  1 drivers
v0000023d59a60c90_0 .net "shifted_imm_data", 63 0, L_0000023d59a61550;  1 drivers
v0000023d59a61e10_0 .net "to_branch", 0 0, v0000023d59a04c10_0;  1 drivers
v0000023d59a60bf0_0 .net "write_data", 63 0, L_0000023d59a61410;  1 drivers
L_0000023d59a61eb0 .part L_0000023d59a61730, 30, 1;
L_0000023d59a60f10 .part L_0000023d59a61730, 12, 3;
L_0000023d59a62090 .concat [ 3 1 0 0], L_0000023d59a60f10, L_0000023d59a61eb0;
S_0000023d59a022d0 .scope module, "a1" "Adder" 3 61, 4 1 0, S_0000023d59a02140;
 .timescale 0 0;
    .port_info 0 /INPUT 64 "a";
    .port_info 1 /INPUT 64 "b";
    .port_info 2 /OUTPUT 64 "out";
v0000023d59a03a90_0 .net "a", 63 0, v0000023d59a57ed0_0;  alias, 1 drivers
L_0000023d59a626b8 .functor BUFT 1, C4<0000000000000000000000000000000000000000000000000000000000000100>, C4<0>, C4<0>, C4<0>;
v0000023d59a04cb0_0 .net "b", 63 0, L_0000023d59a626b8;  1 drivers
v0000023d59a03f90_0 .net "out", 63 0, L_0000023d59a61af0;  alias, 1 drivers
L_0000023d59a61af0 .arith/sum 64, v0000023d59a57ed0_0, L_0000023d59a626b8;
S_0000023d599fdd20 .scope module, "a2" "ALU_Control" 3 67, 5 1 0, S_0000023d59a02140;
 .timescale 0 0;
    .port_info 0 /INPUT 2 "ALUOp";
    .port_info 1 /INPUT 4 "Funct";
    .port_info 2 /OUTPUT 4 "Operation";
v0000023d59a02e10_0 .net "ALUOp", 1 0, v0000023d59a03090_0;  alias, 1 drivers
v0000023d59a042b0_0 .net "Funct", 3 0, L_0000023d59a62090;  1 drivers
v0000023d59a02f50_0 .var "Operation", 3 0;
E_0000023d599e9dc0 .event anyedge, v0000023d59a02e10_0, v0000023d59a042b0_0;
S_0000023d599fdeb0 .scope module, "a3" "ALU_64_bit" 3 69, 6 1 0, S_0000023d59a02140;
 .timescale 0 0;
    .port_info 0 /INPUT 64 "a";
    .port_info 1 /INPUT 64 "b";
    .port_info 2 /INPUT 4 "ALUOp";
    .port_info 3 /OUTPUT 1 "Zero";
    .port_info 4 /OUTPUT 64 "Result";
    .port_info 5 /OUTPUT 1 "Pos";
v0000023d59a03810_0 .net "ALUOp", 3 0, v0000023d59a02f50_0;  alias, 1 drivers
v0000023d59a031d0_0 .var "Pos", 0 0;
v0000023d59a04b70_0 .var "Result", 63 0;
v0000023d59a04350_0 .var "Zero", 0 0;
v0000023d59a04490_0 .net "a", 63 0, v0000023d59a59a80_0;  alias, 1 drivers
v0000023d59a03950_0 .net "b", 63 0, L_0000023d59a615f0;  alias, 1 drivers
E_0000023d599ea3c0 .event anyedge, v0000023d59a02f50_0, v0000023d59a04490_0, v0000023d59a03950_0, v0000023d59a04b70_0;
S_0000023d59969530 .scope module, "a4" "Adder" 3 73, 4 1 0, S_0000023d59a02140;
 .timescale 0 0;
    .port_info 0 /INPUT 64 "a";
    .port_info 1 /INPUT 64 "b";
    .port_info 2 /OUTPUT 64 "out";
v0000023d59a03310_0 .net "a", 63 0, v0000023d59a57ed0_0;  alias, 1 drivers
v0000023d59a03b30_0 .net "b", 63 0, L_0000023d59a61550;  alias, 1 drivers
v0000023d59a03bd0_0 .net "out", 63 0, L_0000023d59a60ab0;  alias, 1 drivers
L_0000023d59a60ab0 .arith/sum 64, v0000023d59a57ed0_0, L_0000023d59a61550;
S_0000023d599696c0 .scope module, "b1" "branch_module" 3 74, 7 1 0, S_0000023d59a02140;
 .timescale 0 0;
    .port_info 0 /INPUT 1 "zero";
    .port_info 1 /INPUT 1 "pos";
    .port_info 2 /INPUT 1 "branch";
    .port_info 3 /INPUT 3 "funct3";
    .port_info 4 /OUTPUT 1 "bne";
    .port_info 5 /OUTPUT 1 "beq";
    .port_info 6 /OUTPUT 1 "bge";
    .port_info 7 /OUTPUT 1 "blt";
    .port_info 8 /OUTPUT 1 "to_branch";
v0000023d59a04670_0 .var "beq", 0 0;
v0000023d59a02ff0_0 .var "bge", 0 0;
v0000023d59a03c70_0 .var "blt", 0 0;
v0000023d59a03130_0 .var "bne", 0 0;
v0000023d59a036d0_0 .net "branch", 0 0, v0000023d59a03e50_0;  alias, 1 drivers
v0000023d59a04030_0 .net "funct3", 2 0, L_0000023d59a61d70;  alias, 1 drivers
v0000023d59a03d10_0 .net "pos", 0 0, v0000023d59a031d0_0;  alias, 1 drivers
v0000023d59a04c10_0 .var "to_branch", 0 0;
v0000023d59a03db0_0 .net "zero", 0 0, v0000023d59a04350_0;  alias, 1 drivers
E_0000023d599ea5c0/0 .event anyedge, v0000023d59a036d0_0, v0000023d59a04350_0, v0000023d59a04030_0, v0000023d59a031d0_0;
E_0000023d599ea5c0/1 .event anyedge, v0000023d59a03130_0, v0000023d59a04670_0, v0000023d59a03c70_0, v0000023d59a02ff0_0;
E_0000023d599ea5c0 .event/or E_0000023d599ea5c0/0, E_0000023d599ea5c0/1;
S_0000023d59969850 .scope module, "c1" "Control_Unit" 3 65, 8 1 0, S_0000023d59a02140;
 .timescale 0 0;
    .port_info 0 /INPUT 7 "opcode";
    .port_info 1 /OUTPUT 2 "ALUOp";
    .port_info 2 /OUTPUT 1 "Branch";
    .port_info 3 /OUTPUT 1 "MemRead";
    .port_info 4 /OUTPUT 1 "MemtoReg";
    .port_info 5 /OUTPUT 1 "MemWrite";
    .port_info 6 /OUTPUT 1 "ALUSrc";
    .port_info 7 /OUTPUT 1 "RegWrite";
v0000023d59a03090_0 .var "ALUOp", 1 0;
v0000023d59a04710_0 .var "ALUSrc", 0 0;
v0000023d59a03e50_0 .var "Branch", 0 0;
v0000023d59a04210_0 .var "MemRead", 0 0;
v0000023d59a04530_0 .var "MemWrite", 0 0;
v0000023d59a03ef0_0 .var "MemtoReg", 0 0;
v0000023d59a047b0_0 .var "RegWrite", 0 0;
v0000023d59a038b0_0 .net "opcode", 6 0, L_0000023d59a60a10;  alias, 1 drivers
E_0000023d599ea500 .event anyedge, v0000023d59a038b0_0;
S_0000023d59956b20 .scope module, "d1" "Data_Memory" 3 70, 9 1 0, S_0000023d59a02140;
 .timescale 0 0;
    .port_info 0 /INPUT 1 "clk";
    .port_info 1 /INPUT 64 "Mem_Addr";
    .port_info 2 /INPUT 64 "Write_Data";
    .port_info 3 /INPUT 1 "MemWrite";
    .port_info 4 /INPUT 1 "MemRead";
    .port_info 5 /OUTPUT 64 "Read_Data";
    .port_info 6 /OUTPUT 64 "Index_0";
    .port_info 7 /OUTPUT 64 "Index_1";
    .port_info 8 /OUTPUT 64 "Index_2";
    .port_info 9 /OUTPUT 64 "Index_3";
    .port_info 10 /OUTPUT 64 "Index_4";
    .port_info 11 /OUTPUT 64 "Index_5";
    .port_info 12 /OUTPUT 64 "Index_6";
    .port_info 13 /OUTPUT 64 "Index_7";
    .port_info 14 /OUTPUT 64 "Index_8";
    .port_info 15 /OUTPUT 64 "Index_9";
    .port_info 16 /INPUT 3 "funct3";
v0000023d59a04850 .array "DMem", 0 63, 7 0;
v0000023d59a048f0_0 .var "Index_0", 63 0;
v0000023d59a04a30_0 .var "Index_1", 63 0;
v0000023d59a04ad0_0 .var "Index_2", 63 0;
v0000023d59a03270_0 .var "Index_3", 63 0;
v0000023d59a03630_0 .var "Index_4", 63 0;
v0000023d59a040d0_0 .var "Index_5", 63 0;
v0000023d59a04170_0 .var "Index_6", 63 0;
v0000023d59a033b0_0 .var "Index_7", 63 0;
v0000023d59a03450_0 .var "Index_8", 63 0;
v0000023d59a034f0_0 .var "Index_9", 63 0;
v0000023d59975df0_0 .net "MemRead", 0 0, v0000023d59a04210_0;  alias, 1 drivers
v0000023d59a588d0_0 .net "MemWrite", 0 0, v0000023d59a04530_0;  alias, 1 drivers
v0000023d59a592d0_0 .net "Mem_Addr", 63 0, v0000023d59a04b70_0;  alias, 1 drivers
v0000023d59a576b0_0 .var "Read_Data", 63 0;
v0000023d59a59410_0 .net "Write_Data", 63 0, v0000023d59a5ae80_0;  alias, 1 drivers
v0000023d59a58470_0 .net "clk", 0 0, v0000023d59a61190_0;  alias, 1 drivers
v0000023d59a58fb0_0 .net "funct3", 2 0, L_0000023d59a61d70;  alias, 1 drivers
v0000023d59a04850_0 .array/port v0000023d59a04850, 0;
E_0000023d599ea900/0 .event anyedge, v0000023d59a04210_0, v0000023d59a04030_0, v0000023d59a04b70_0, v0000023d59a04850_0;
v0000023d59a04850_1 .array/port v0000023d59a04850, 1;
v0000023d59a04850_2 .array/port v0000023d59a04850, 2;
v0000023d59a04850_3 .array/port v0000023d59a04850, 3;
v0000023d59a04850_4 .array/port v0000023d59a04850, 4;
E_0000023d599ea900/1 .event anyedge, v0000023d59a04850_1, v0000023d59a04850_2, v0000023d59a04850_3, v0000023d59a04850_4;
v0000023d59a04850_5 .array/port v0000023d59a04850, 5;
v0000023d59a04850_6 .array/port v0000023d59a04850, 6;
v0000023d59a04850_7 .array/port v0000023d59a04850, 7;
v0000023d59a04850_8 .array/port v0000023d59a04850, 8;
E_0000023d599ea900/2 .event anyedge, v0000023d59a04850_5, v0000023d59a04850_6, v0000023d59a04850_7, v0000023d59a04850_8;
v0000023d59a04850_9 .array/port v0000023d59a04850, 9;
v0000023d59a04850_10 .array/port v0000023d59a04850, 10;
v0000023d59a04850_11 .array/port v0000023d59a04850, 11;
v0000023d59a04850_12 .array/port v0000023d59a04850, 12;
E_0000023d599ea900/3 .event anyedge, v0000023d59a04850_9, v0000023d59a04850_10, v0000023d59a04850_11, v0000023d59a04850_12;
v0000023d59a04850_13 .array/port v0000023d59a04850, 13;
v0000023d59a04850_14 .array/port v0000023d59a04850, 14;
v0000023d59a04850_15 .array/port v0000023d59a04850, 15;
v0000023d59a04850_16 .array/port v0000023d59a04850, 16;
E_0000023d599ea900/4 .event anyedge, v0000023d59a04850_13, v0000023d59a04850_14, v0000023d59a04850_15, v0000023d59a04850_16;
v0000023d59a04850_17 .array/port v0000023d59a04850, 17;
v0000023d59a04850_18 .array/port v0000023d59a04850, 18;
v0000023d59a04850_19 .array/port v0000023d59a04850, 19;
v0000023d59a04850_20 .array/port v0000023d59a04850, 20;
E_0000023d599ea900/5 .event anyedge, v0000023d59a04850_17, v0000023d59a04850_18, v0000023d59a04850_19, v0000023d59a04850_20;
v0000023d59a04850_21 .array/port v0000023d59a04850, 21;
v0000023d59a04850_22 .array/port v0000023d59a04850, 22;
v0000023d59a04850_23 .array/port v0000023d59a04850, 23;
v0000023d59a04850_24 .array/port v0000023d59a04850, 24;
E_0000023d599ea900/6 .event anyedge, v0000023d59a04850_21, v0000023d59a04850_22, v0000023d59a04850_23, v0000023d59a04850_24;
v0000023d59a04850_25 .array/port v0000023d59a04850, 25;
v0000023d59a04850_26 .array/port v0000023d59a04850, 26;
v0000023d59a04850_27 .array/port v0000023d59a04850, 27;
v0000023d59a04850_28 .array/port v0000023d59a04850, 28;
E_0000023d599ea900/7 .event anyedge, v0000023d59a04850_25, v0000023d59a04850_26, v0000023d59a04850_27, v0000023d59a04850_28;
v0000023d59a04850_29 .array/port v0000023d59a04850, 29;
v0000023d59a04850_30 .array/port v0000023d59a04850, 30;
v0000023d59a04850_31 .array/port v0000023d59a04850, 31;
v0000023d59a04850_32 .array/port v0000023d59a04850, 32;
E_0000023d599ea900/8 .event anyedge, v0000023d59a04850_29, v0000023d59a04850_30, v0000023d59a04850_31, v0000023d59a04850_32;
v0000023d59a04850_33 .array/port v0000023d59a04850, 33;
v0000023d59a04850_34 .array/port v0000023d59a04850, 34;
v0000023d59a04850_35 .array/port v0000023d59a04850, 35;
v0000023d59a04850_36 .array/port v0000023d59a04850, 36;
E_0000023d599ea900/9 .event anyedge, v0000023d59a04850_33, v0000023d59a04850_34, v0000023d59a04850_35, v0000023d59a04850_36;
v0000023d59a04850_37 .array/port v0000023d59a04850, 37;
v0000023d59a04850_38 .array/port v0000023d59a04850, 38;
v0000023d59a04850_39 .array/port v0000023d59a04850, 39;
v0000023d59a04850_40 .array/port v0000023d59a04850, 40;
E_0000023d599ea900/10 .event anyedge, v0000023d59a04850_37, v0000023d59a04850_38, v0000023d59a04850_39, v0000023d59a04850_40;
v0000023d59a04850_41 .array/port v0000023d59a04850, 41;
v0000023d59a04850_42 .array/port v0000023d59a04850, 42;
v0000023d59a04850_43 .array/port v0000023d59a04850, 43;
v0000023d59a04850_44 .array/port v0000023d59a04850, 44;
E_0000023d599ea900/11 .event anyedge, v0000023d59a04850_41, v0000023d59a04850_42, v0000023d59a04850_43, v0000023d59a04850_44;
v0000023d59a04850_45 .array/port v0000023d59a04850, 45;
v0000023d59a04850_46 .array/port v0000023d59a04850, 46;
v0000023d59a04850_47 .array/port v0000023d59a04850, 47;
v0000023d59a04850_48 .array/port v0000023d59a04850, 48;
E_0000023d599ea900/12 .event anyedge, v0000023d59a04850_45, v0000023d59a04850_46, v0000023d59a04850_47, v0000023d59a04850_48;
v0000023d59a04850_49 .array/port v0000023d59a04850, 49;
v0000023d59a04850_50 .array/port v0000023d59a04850, 50;
v0000023d59a04850_51 .array/port v0000023d59a04850, 51;
v0000023d59a04850_52 .array/port v0000023d59a04850, 52;
E_0000023d599ea900/13 .event anyedge, v0000023d59a04850_49, v0000023d59a04850_50, v0000023d59a04850_51, v0000023d59a04850_52;
v0000023d59a04850_53 .array/port v0000023d59a04850, 53;
v0000023d59a04850_54 .array/port v0000023d59a04850, 54;
v0000023d59a04850_55 .array/port v0000023d59a04850, 55;
v0000023d59a04850_56 .array/port v0000023d59a04850, 56;
E_0000023d599ea900/14 .event anyedge, v0000023d59a04850_53, v0000023d59a04850_54, v0000023d59a04850_55, v0000023d59a04850_56;
v0000023d59a04850_57 .array/port v0000023d59a04850, 57;
v0000023d59a04850_58 .array/port v0000023d59a04850, 58;
v0000023d59a04850_59 .array/port v0000023d59a04850, 59;
v0000023d59a04850_60 .array/port v0000023d59a04850, 60;
E_0000023d599ea900/15 .event anyedge, v0000023d59a04850_57, v0000023d59a04850_58, v0000023d59a04850_59, v0000023d59a04850_60;
v0000023d59a04850_61 .array/port v0000023d59a04850, 61;
v0000023d59a04850_62 .array/port v0000023d59a04850, 62;
v0000023d59a04850_63 .array/port v0000023d59a04850, 63;
E_0000023d599ea900/16 .event anyedge, v0000023d59a04850_61, v0000023d59a04850_62, v0000023d59a04850_63;
E_0000023d599ea900 .event/or E_0000023d599ea900/0, E_0000023d599ea900/1, E_0000023d599ea900/2, E_0000023d599ea900/3, E_0000023d599ea900/4, E_0000023d599ea900/5, E_0000023d599ea900/6, E_0000023d599ea900/7, E_0000023d599ea900/8, E_0000023d599ea900/9, E_0000023d599ea900/10, E_0000023d599ea900/11, E_0000023d599ea900/12, E_0000023d599ea900/13, E_0000023d599ea900/14, E_0000023d599ea900/15, E_0000023d599ea900/16;
E_0000023d599eaac0 .event posedge, v0000023d59a58470_0;
S_0000023d59948a40 .scope module, "i1" "Instruction_Memory" 3 62, 10 1 0, S_0000023d59a02140;
 .timescale 0 0;
    .port_info 0 /INPUT 64 "Inst_Address";
    .port_info 1 /OUTPUT 32 "Instruction";
v0000023d59a59370 .array "IMem", 0 159, 7 0;
v0000023d59a57890_0 .net "Inst_Address", 63 0, v0000023d59a57ed0_0;  alias, 1 drivers
v0000023d59a579d0_0 .net "Instruction", 31 0, L_0000023d59a61730;  alias, 1 drivers
v0000023d59a58d30_0 .net *"_ivl_0", 7 0, L_0000023d59a61690;  1 drivers
v0000023d59a58150_0 .net *"_ivl_10", 7 0, L_0000023d59a60d30;  1 drivers
v0000023d59a590f0_0 .net *"_ivl_12", 64 0, L_0000023d59a61cd0;  1 drivers
L_0000023d59a62790 .functor BUFT 1, C4<0>, C4<0>, C4<0>, C4<0>;
v0000023d59a58bf0_0 .net *"_ivl_15", 0 0, L_0000023d59a62790;  1 drivers
L_0000023d59a627d8 .functor BUFT 1, C4<00000000000000000000000000000000000000000000000000000000000000010>, C4<0>, C4<0>, C4<0>;
v0000023d59a581f0_0 .net/2u *"_ivl_16", 64 0, L_0000023d59a627d8;  1 drivers
v0000023d59a58b50_0 .net *"_ivl_18", 64 0, L_0000023d59a60970;  1 drivers
v0000023d59a59190_0 .net *"_ivl_2", 64 0, L_0000023d59a623b0;  1 drivers
v0000023d59a58970_0 .net *"_ivl_20", 7 0, L_0000023d59a61b90;  1 drivers
v0000023d59a58790_0 .net *"_ivl_22", 64 0, L_0000023d59a60dd0;  1 drivers
L_0000023d59a62820 .functor BUFT 1, C4<0>, C4<0>, C4<0>, C4<0>;
v0000023d59a57a70_0 .net *"_ivl_25", 0 0, L_0000023d59a62820;  1 drivers
L_0000023d59a62868 .functor BUFT 1, C4<00000000000000000000000000000000000000000000000000000000000000001>, C4<0>, C4<0>, C4<0>;
v0000023d59a594b0_0 .net/2u *"_ivl_26", 64 0, L_0000023d59a62868;  1 drivers
v0000023d59a586f0_0 .net *"_ivl_28", 64 0, L_0000023d59a62590;  1 drivers
v0000023d59a57930_0 .net *"_ivl_30", 7 0, L_0000023d59a612d0;  1 drivers
L_0000023d59a62700 .functor BUFT 1, C4<0>, C4<0>, C4<0>, C4<0>;
v0000023d59a58a10_0 .net *"_ivl_5", 0 0, L_0000023d59a62700;  1 drivers
L_0000023d59a62748 .functor BUFT 1, C4<00000000000000000000000000000000000000000000000000000000000000011>, C4<0>, C4<0>, C4<0>;
v0000023d59a59550_0 .net/2u *"_ivl_6", 64 0, L_0000023d59a62748;  1 drivers
v0000023d59a58e70_0 .net *"_ivl_8", 64 0, L_0000023d59a61230;  1 drivers
L_0000023d59a61690 .array/port v0000023d59a59370, L_0000023d59a61230;
L_0000023d59a623b0 .concat [ 64 1 0 0], v0000023d59a57ed0_0, L_0000023d59a62700;
L_0000023d59a61230 .arith/sum 65, L_0000023d59a623b0, L_0000023d59a62748;
L_0000023d59a60d30 .array/port v0000023d59a59370, L_0000023d59a60970;
L_0000023d59a61cd0 .concat [ 64 1 0 0], v0000023d59a57ed0_0, L_0000023d59a62790;
L_0000023d59a60970 .arith/sum 65, L_0000023d59a61cd0, L_0000023d59a627d8;
L_0000023d59a61b90 .array/port v0000023d59a59370, L_0000023d59a62590;
L_0000023d59a60dd0 .concat [ 64 1 0 0], v0000023d59a57ed0_0, L_0000023d59a62820;
L_0000023d59a62590 .arith/sum 65, L_0000023d59a60dd0, L_0000023d59a62868;
L_0000023d59a612d0 .array/port v0000023d59a59370, v0000023d59a57ed0_0;
L_0000023d59a61730 .concat [ 8 8 8 8], L_0000023d59a612d0, L_0000023d59a61b90, L_0000023d59a60d30, L_0000023d59a61690;
S_0000023d5993fe60 .scope module, "i2" "imm_data_gen" 3 64, 11 1 0, S_0000023d59a02140;
 .timescale 0 0;
    .port_info 0 /INPUT 32 "instruction";
    .port_info 1 /OUTPUT 64 "imm_data";
v0000023d59a58290_0 .var "imm_data", 63 0;
v0000023d59a59050_0 .net "instruction", 31 0, L_0000023d59a61730;  alias, 1 drivers
E_0000023d599ea340 .event anyedge, v0000023d59a579d0_0;
S_0000023d5993fff0 .scope module, "i3" "instruction" 3 63, 12 1 0, S_0000023d59a02140;
 .timescale 0 0;
    .port_info 0 /INPUT 32 "ins";
    .port_info 1 /OUTPUT 7 "op";
    .port_info 2 /OUTPUT 5 "rd";
    .port_info 3 /OUTPUT 3 "f3";
    .port_info 4 /OUTPUT 5 "rs1";
    .port_info 5 /OUTPUT 5 "rs2";
    .port_info 6 /OUTPUT 7 "f7";
v0000023d59a57b10_0 .net "f3", 2 0, L_0000023d59a61d70;  alias, 1 drivers
v0000023d59a57cf0_0 .net "f7", 6 0, L_0000023d59a61ff0;  alias, 1 drivers
v0000023d59a580b0_0 .net "ins", 31 0, L_0000023d59a61730;  alias, 1 drivers
v0000023d59a57750_0 .net "op", 6 0, L_0000023d59a60a10;  alias, 1 drivers
v0000023d59a57c50_0 .net "rd", 4 0, L_0000023d59a619b0;  alias, 1 drivers
v0000023d59a58c90_0 .net "rs1", 4 0, L_0000023d59a62310;  alias, 1 drivers
v0000023d59a58330_0 .net "rs2", 4 0, L_0000023d59a606f0;  alias, 1 drivers
L_0000023d59a60a10 .part L_0000023d59a61730, 0, 7;
L_0000023d59a619b0 .part L_0000023d59a61730, 7, 5;
L_0000023d59a61d70 .part L_0000023d59a61730, 12, 3;
L_0000023d59a62310 .part L_0000023d59a61730, 15, 5;
L_0000023d59a606f0 .part L_0000023d59a61730, 20, 5;
L_0000023d59a61ff0 .part L_0000023d59a61730, 25, 7;
S_0000023d59940180 .scope module, "m1" "MUX" 3 68, 13 1 0, S_0000023d59a02140;
 .timescale 0 0;
    .port_info 0 /INPUT 64 "X";
    .port_info 1 /INPUT 64 "Y";
    .port_info 2 /INPUT 1 "S";
    .port_info 3 /OUTPUT 64 "O";
v0000023d59a58dd0_0 .net "O", 63 0, L_0000023d59a615f0;  alias, 1 drivers
v0000023d59a58ab0_0 .net "S", 0 0, v0000023d59a04710_0;  alias, 1 drivers
v0000023d59a583d0_0 .net "X", 63 0, v0000023d59a5ae80_0;  alias, 1 drivers
v0000023d59a57d90_0 .net "Y", 63 0, v0000023d59a58290_0;  alias, 1 drivers
L_0000023d59a615f0 .functor MUXZ 64, v0000023d59a5ae80_0, v0000023d59a58290_0, v0000023d59a04710_0, C4<>;
S_0000023d5991ec80 .scope module, "m2" "MUX" 3 71, 13 1 0, S_0000023d59a02140;
 .timescale 0 0;
    .port_info 0 /INPUT 64 "X";
    .port_info 1 /INPUT 64 "Y";
    .port_info 2 /INPUT 1 "S";
    .port_info 3 /OUTPUT 64 "O";
v0000023d59a58f10_0 .net "O", 63 0, L_0000023d59a61410;  alias, 1 drivers
v0000023d59a59230_0 .net "S", 0 0, v0000023d59a03ef0_0;  alias, 1 drivers
v0000023d59a58510_0 .net "X", 63 0, v0000023d59a04b70_0;  alias, 1 drivers
v0000023d59a585b0_0 .net "Y", 63 0, v0000023d59a576b0_0;  alias, 1 drivers
L_0000023d59a61410 .functor MUXZ 64, v0000023d59a04b70_0, v0000023d59a576b0_0, v0000023d59a03ef0_0, C4<>;
S_0000023d5991ee10 .scope module, "m3" "MUX" 3 75, 13 1 0, S_0000023d59a02140;
 .timescale 0 0;
    .port_info 0 /INPUT 64 "X";
    .port_info 1 /INPUT 64 "Y";
    .port_info 2 /INPUT 1 "S";
    .port_info 3 /OUTPUT 64 "O";
v0000023d59a57e30_0 .net "O", 63 0, L_0000023d59a62130;  alias, 1 drivers
v0000023d59a57f70_0 .net "S", 0 0, v0000023d59a04c10_0;  alias, 1 drivers
v0000023d59a577f0_0 .net "X", 63 0, L_0000023d59a61af0;  alias, 1 drivers
v0000023d59a57bb0_0 .net "Y", 63 0, L_0000023d59a60ab0;  alias, 1 drivers
L_0000023d59a62130 .functor MUXZ 64, L_0000023d59a61af0, L_0000023d59a60ab0, v0000023d59a04c10_0, C4<>;
S_0000023d5991efa0 .scope module, "p1" "Program_Counter" 3 60, 14 1 0, S_0000023d59a02140;
 .timescale 0 0;
    .port_info 0 /INPUT 1 "clk";
    .port_info 1 /INPUT 1 "reset";
    .port_info 2 /INPUT 64 "PC_In";
    .port_info 3 /OUTPUT 64 "PC_Out";
v0000023d59a58650_0 .net "PC_In", 63 0, L_0000023d59a62130;  alias, 1 drivers
v0000023d59a57ed0_0 .var "PC_Out", 63 0;
v0000023d59a58010_0 .net "clk", 0 0, v0000023d59a61190_0;  alias, 1 drivers
v0000023d59a58830_0 .net "reset", 0 0, v0000023d59a61910_0;  alias, 1 drivers
E_0000023d599ea580 .event posedge, v0000023d59a58830_0, v0000023d59a58470_0;
S_0000023d598ed9b0 .scope module, "r1" "registerFile" 3 66, 15 1 0, S_0000023d59a02140;
 .timescale 0 0;
    .port_info 0 /INPUT 1 "clk";
    .port_info 1 /INPUT 1 "reset";
    .port_info 2 /INPUT 5 "rs1";
    .port_info 3 /INPUT 5 "rs2";
    .port_info 4 /INPUT 5 "rd";
    .port_info 5 /INPUT 64 "write_data";
    .port_info 6 /INPUT 1 "reg_write";
    .port_info 7 /OUTPUT 64 "readdata1";
    .port_info 8 /OUTPUT 64 "readdata2";
v0000023d59a59e40 .array "Registers", 0 31, 63 0;
v0000023d59a5a2a0_0 .net "clk", 0 0, v0000023d59a61190_0;  alias, 1 drivers
v0000023d59a5a160_0 .net "rd", 4 0, L_0000023d59a619b0;  alias, 1 drivers
v0000023d59a59a80_0 .var "readdata1", 63 0;
v0000023d59a5ae80_0 .var "readdata2", 63 0;
v0000023d59a5a0c0_0 .net "reg_write", 0 0, v0000023d59a047b0_0;  alias, 1 drivers
v0000023d59a5ab60_0 .net "reset", 0 0, v0000023d59a61910_0;  alias, 1 drivers
v0000023d59a59b20_0 .net "rs1", 4 0, L_0000023d59a62310;  alias, 1 drivers
v0000023d59a5a3e0_0 .net "rs2", 4 0, L_0000023d59a606f0;  alias, 1 drivers
v0000023d59a5a340_0 .net "write_data", 63 0, L_0000023d59a61410;  alias, 1 drivers
v0000023d59a59e40_0 .array/port v0000023d59a59e40, 0;
v0000023d59a59e40_1 .array/port v0000023d59a59e40, 1;
E_0000023d599eab80/0 .event anyedge, v0000023d59a58830_0, v0000023d59a58c90_0, v0000023d59a59e40_0, v0000023d59a59e40_1;
v0000023d59a59e40_2 .array/port v0000023d59a59e40, 2;
v0000023d59a59e40_3 .array/port v0000023d59a59e40, 3;
v0000023d59a59e40_4 .array/port v0000023d59a59e40, 4;
v0000023d59a59e40_5 .array/port v0000023d59a59e40, 5;
E_0000023d599eab80/1 .event anyedge, v0000023d59a59e40_2, v0000023d59a59e40_3, v0000023d59a59e40_4, v0000023d59a59e40_5;
v0000023d59a59e40_6 .array/port v0000023d59a59e40, 6;
v0000023d59a59e40_7 .array/port v0000023d59a59e40, 7;
v0000023d59a59e40_8 .array/port v0000023d59a59e40, 8;
v0000023d59a59e40_9 .array/port v0000023d59a59e40, 9;
E_0000023d599eab80/2 .event anyedge, v0000023d59a59e40_6, v0000023d59a59e40_7, v0000023d59a59e40_8, v0000023d59a59e40_9;
v0000023d59a59e40_10 .array/port v0000023d59a59e40, 10;
v0000023d59a59e40_11 .array/port v0000023d59a59e40, 11;
v0000023d59a59e40_12 .array/port v0000023d59a59e40, 12;
v0000023d59a59e40_13 .array/port v0000023d59a59e40, 13;
E_0000023d599eab80/3 .event anyedge, v0000023d59a59e40_10, v0000023d59a59e40_11, v0000023d59a59e40_12, v0000023d59a59e40_13;
v0000023d59a59e40_14 .array/port v0000023d59a59e40, 14;
v0000023d59a59e40_15 .array/port v0000023d59a59e40, 15;
v0000023d59a59e40_16 .array/port v0000023d59a59e40, 16;
v0000023d59a59e40_17 .array/port v0000023d59a59e40, 17;
E_0000023d599eab80/4 .event anyedge, v0000023d59a59e40_14, v0000023d59a59e40_15, v0000023d59a59e40_16, v0000023d59a59e40_17;
v0000023d59a59e40_18 .array/port v0000023d59a59e40, 18;
v0000023d59a59e40_19 .array/port v0000023d59a59e40, 19;
v0000023d59a59e40_20 .array/port v0000023d59a59e40, 20;
v0000023d59a59e40_21 .array/port v0000023d59a59e40, 21;
E_0000023d599eab80/5 .event anyedge, v0000023d59a59e40_18, v0000023d59a59e40_19, v0000023d59a59e40_20, v0000023d59a59e40_21;
v0000023d59a59e40_22 .array/port v0000023d59a59e40, 22;
v0000023d59a59e40_23 .array/port v0000023d59a59e40, 23;
v0000023d59a59e40_24 .array/port v0000023d59a59e40, 24;
v0000023d59a59e40_25 .array/port v0000023d59a59e40, 25;
E_0000023d599eab80/6 .event anyedge, v0000023d59a59e40_22, v0000023d59a59e40_23, v0000023d59a59e40_24, v0000023d59a59e40_25;
v0000023d59a59e40_26 .array/port v0000023d59a59e40, 26;
v0000023d59a59e40_27 .array/port v0000023d59a59e40, 27;
v0000023d59a59e40_28 .array/port v0000023d59a59e40, 28;
v0000023d59a59e40_29 .array/port v0000023d59a59e40, 29;
E_0000023d599eab80/7 .event anyedge, v0000023d59a59e40_26, v0000023d59a59e40_27, v0000023d59a59e40_28, v0000023d59a59e40_29;
v0000023d59a59e40_30 .array/port v0000023d59a59e40, 30;
v0000023d59a59e40_31 .array/port v0000023d59a59e40, 31;
E_0000023d599eab80/8 .event anyedge, v0000023d59a59e40_30, v0000023d59a59e40_31, v0000023d59a58330_0;
E_0000023d599eab80 .event/or E_0000023d599eab80/0, E_0000023d599eab80/1, E_0000023d599eab80/2, E_0000023d599eab80/3, E_0000023d599eab80/4, E_0000023d599eab80/5, E_0000023d599eab80/6, E_0000023d599eab80/7, E_0000023d599eab80/8;
S_0000023d59a5bd10 .scope module, "s1" "shift_left" 3 72, 16 1 0, S_0000023d59a02140;
 .timescale 0 0;
    .port_info 0 /INPUT 64 "a";
    .port_info 1 /OUTPUT 64 "b";
v0000023d59a5b4c0_0 .net *"_ivl_1", 62 0, L_0000023d59a614b0;  1 drivers
L_0000023d59a628b0 .functor BUFT 1, C4<0>, C4<0>, C4<0>, C4<0>;
v0000023d59a5a840_0 .net/2u *"_ivl_2", 0 0, L_0000023d59a628b0;  1 drivers
v0000023d59a5b380_0 .net "a", 63 0, v0000023d59a58290_0;  alias, 1 drivers
v0000023d59a5a480_0 .net "b", 63 0, L_0000023d59a61550;  alias, 1 drivers
L_0000023d59a614b0 .part v0000023d59a58290_0, 0, 63;
L_0000023d59a61550 .concat [ 1 63 0 0], L_0000023d59a628b0, L_0000023d59a614b0;
    .scope S_0000023d5991efa0;
T_0 ;
    %wait E_0000023d599ea580;
    %load/vec4 v0000023d59a58830_0;
    %flag_set/vec4 8;
    %jmp/0xz  T_0.0, 8;
    %pushi/vec4 0, 0, 64;
    %assign/vec4 v0000023d59a57ed0_0, 0;
    %jmp T_0.1;
T_0.0 ;
    %load/vec4 v0000023d59a58650_0;
    %assign/vec4 v0000023d59a57ed0_0, 0;
T_0.1 ;
    %jmp T_0;
    .thread T_0;
    .scope S_0000023d59948a40;
T_1 ;
    %pushi/vec4 252, 0, 8;
    %ix/load 4, 159, 0;
    %flag_set/imm 4, 0;
    %store/vec4a v0000023d59a59370, 4, 0;
    %pushi/vec4 176, 0, 8;
    %ix/load 4, 158, 0;
    %flag_set/imm 4, 0;
    %store/vec4a v0000023d59a59370, 4, 0;
    %pushi/vec4 194, 0, 8;
    %ix/load 4, 157, 0;
    %flag_set/imm 4, 0;
    %store/vec4a v0000023d59a59370, 4, 0;
    %pushi/vec4 227, 0, 8;
    %ix/load 4, 156, 0;
    %flag_set/imm 4, 0;
    %store/vec4a v0000023d59a59370, 4, 0;
    %pushi/vec4 0, 0, 8;
    %ix/load 4, 155, 0;
    %flag_set/imm 4, 0;
    %store/vec4a v0000023d59a59370, 4, 0;
    %pushi/vec4 64, 0, 8;
    %ix/load 4, 154, 0;
    %flag_set/imm 4, 0;
    %store/vec4a v0000023d59a59370, 4, 0;
    %pushi/vec4 128, 0, 8;
    %ix/load 4, 153, 0;
    %flag_set/imm 4, 0;
    %store/vec4a v0000023d59a59370, 4, 0;
    %pushi/vec4 147, 0, 8;
    %ix/load 4, 152, 0;
    %flag_set/imm 4, 0;
    %store/vec4a v0000023d59a59370, 4, 0;
    %pushi/vec4 0, 0, 8;
    %ix/load 4, 151, 0;
    %flag_set/imm 4, 0;
    %store/vec4a v0000023d59a59370, 4, 0;
    %pushi/vec4 67, 0, 8;
    %ix/load 4, 150, 0;
    %flag_set/imm 4, 0;
    %store/vec4a v0000023d59a59370, 4, 0;
    %pushi/vec4 34, 0, 8;
    %ix/load 4, 149, 0;
    %flag_set/imm 4, 0;
    %store/vec4a v0000023d59a59370, 4, 0;
    %pushi/vec4 35, 0, 8;
    %ix/load 4, 148, 0;
    %flag_set/imm 4, 0;
    %store/vec4a v0000023d59a59370, 4, 0;
    %pushi/vec4 254, 0, 8;
    %ix/load 4, 147, 0;
    %flag_set/imm 4, 0;
    %store/vec4a v0000023d59a59370, 4, 0;
    %pushi/vec4 114, 0, 8;
    %ix/load 4, 146, 0;
    %flag_set/imm 4, 0;
    %store/vec4a v0000023d59a59370, 4, 0;
    %pushi/vec4 70, 0, 8;
    %ix/load 4, 145, 0;
    %flag_set/imm 4, 0;
    %store/vec4a v0000023d59a59370, 4, 0;
    %pushi/vec4 227, 0, 8;
    %ix/load 4, 144, 0;
    %flag_set/imm 4, 0;
    %store/vec4a v0000023d59a59370, 4, 0;
    %pushi/vec4 0, 0, 8;
    %ix/load 4, 143, 0;
    %flag_set/imm 4, 0;
    %store/vec4a v0000023d59a59370, 4, 0;
    %pushi/vec4 80, 0, 8;
    %ix/load 4, 142, 0;
    %flag_set/imm 4, 0;
    %store/vec4a v0000023d59a59370, 4, 0;
    %pushi/vec4 84, 0, 8;
    %ix/load 4, 141, 0;
    %flag_set/imm 4, 0;
    %store/vec4a v0000023d59a59370, 4, 0;
    %pushi/vec4 99, 0, 8;
    %ix/load 4, 140, 0;
    %flag_set/imm 4, 0;
    %store/vec4a v0000023d59a59370, 4, 0;
    %pushi/vec4 0, 0, 8;
    %ix/load 4, 139, 0;
    %flag_set/imm 4, 0;
    %store/vec4a v0000023d59a59370, 4, 0;
    %pushi/vec4 3, 0, 8;
    %ix/load 4, 138, 0;
    %flag_set/imm 4, 0;
    %store/vec4a v0000023d59a59370, 4, 0;
    %pushi/vec4 35, 0, 8;
    %ix/load 4, 137, 0;
    %flag_set/imm 4, 0;
    %store/vec4a v0000023d59a59370, 4, 0;
    %pushi/vec4 131, 0, 8;
    %ix/load 4, 136, 0;
    %flag_set/imm 4, 0;
    %store/vec4a v0000023d59a59370, 4, 0;
    %pushi/vec4 0, 0, 8;
    %ix/load 4, 135, 0;
    %flag_set/imm 4, 0;
    %store/vec4a v0000023d59a59370, 4, 0;
    %pushi/vec4 162, 0, 8;
    %ix/load 4, 134, 0;
    %flag_set/imm 4, 0;
    %store/vec4a v0000023d59a59370, 4, 0;
    %pushi/vec4 131, 0, 8;
    %ix/load 4, 133, 0;
    %flag_set/imm 4, 0;
    %store/vec4a v0000023d59a59370, 4, 0;
    %pushi/vec4 51, 0, 8;
    %ix/load 4, 132, 0;
    %flag_set/imm 4, 0;
    %store/vec4a v0000023d59a59370, 4, 0;
    %pushi/vec4 255, 0, 8;
    %ix/load 4, 131, 0;
    %flag_set/imm 4, 0;
    %store/vec4a v0000023d59a59370, 4, 0;
    %pushi/vec4 194, 0, 8;
    %ix/load 4, 130, 0;
    %flag_set/imm 4, 0;
    %store/vec4a v0000023d59a59370, 4, 0;
    %pushi/vec4 130, 0, 8;
    %ix/load 4, 129, 0;
    %flag_set/imm 4, 0;
    %store/vec4a v0000023d59a59370, 4, 0;
    %pushi/vec4 147, 0, 8;
    %ix/load 4, 128, 0;
    %flag_set/imm 4, 0;
    %store/vec4a v0000023d59a59370, 4, 0;
    %pushi/vec4 0, 0, 8;
    %ix/load 4, 127, 0;
    %flag_set/imm 4, 0;
    %store/vec4a v0000023d59a59370, 4, 0;
    %pushi/vec4 115, 0, 8;
    %ix/load 4, 126, 0;
    %flag_set/imm 4, 0;
    %store/vec4a v0000023d59a59370, 4, 0;
    %pushi/vec4 34, 0, 8;
    %ix/load 4, 125, 0;
    %flag_set/imm 4, 0;
    %store/vec4a v0000023d59a59370, 4, 0;
    %pushi/vec4 35, 0, 8;
    %ix/load 4, 124, 0;
    %flag_set/imm 4, 0;
    %store/vec4a v0000023d59a59370, 4, 0;
    %pushi/vec4 0, 0, 8;
    %ix/load 4, 123, 0;
    %flag_set/imm 4, 0;
    %store/vec4a v0000023d59a59370, 4, 0;
    %pushi/vec4 114, 0, 8;
    %ix/load 4, 122, 0;
    %flag_set/imm 4, 0;
    %store/vec4a v0000023d59a59370, 4, 0;
    %pushi/vec4 94, 0, 8;
    %ix/load 4, 121, 0;
    %flag_set/imm 4, 0;
    %store/vec4a v0000023d59a59370, 4, 0;
    %pushi/vec4 99, 0, 8;
    %ix/load 4, 120, 0;
    %flag_set/imm 4, 0;
    %store/vec4a v0000023d59a59370, 4, 0;
    %pushi/vec4 2, 0, 8;
    %ix/load 4, 119, 0;
    %flag_set/imm 4, 0;
    %store/vec4a v0000023d59a59370, 4, 0;
    %pushi/vec4 80, 0, 8;
    %ix/load 4, 118, 0;
    %flag_set/imm 4, 0;
    %store/vec4a v0000023d59a59370, 4, 0;
    %pushi/vec4 80, 0, 8;
    %ix/load 4, 117, 0;
    %flag_set/imm 4, 0;
    %store/vec4a v0000023d59a59370, 4, 0;
    %pushi/vec4 99, 0, 8;
    %ix/load 4, 116, 0;
    %flag_set/imm 4, 0;
    %store/vec4a v0000023d59a59370, 4, 0;
    %pushi/vec4 0, 0, 8;
    %ix/load 4, 115, 0;
    %flag_set/imm 4, 0;
    %store/vec4a v0000023d59a59370, 4, 0;
    %pushi/vec4 3, 0, 8;
    %ix/load 4, 114, 0;
    %flag_set/imm 4, 0;
    %store/vec4a v0000023d59a59370, 4, 0;
    %pushi/vec4 35, 0, 8;
    %ix/load 4, 113, 0;
    %flag_set/imm 4, 0;
    %store/vec4a v0000023d59a59370, 4, 0;
    %pushi/vec4 131, 0, 8;
    %ix/load 4, 112, 0;
    %flag_set/imm 4, 0;
    %store/vec4a v0000023d59a59370, 4, 0;
    %pushi/vec4 0, 0, 8;
    %ix/load 4, 111, 0;
    %flag_set/imm 4, 0;
    %store/vec4a v0000023d59a59370, 4, 0;
    %pushi/vec4 162, 0, 8;
    %ix/load 4, 110, 0;
    %flag_set/imm 4, 0;
    %store/vec4a v0000023d59a59370, 4, 0;
    %pushi/vec4 131, 0, 8;
    %ix/load 4, 109, 0;
    %flag_set/imm 4, 0;
    %store/vec4a v0000023d59a59370, 4, 0;
    %pushi/vec4 51, 0, 8;
    %ix/load 4, 108, 0;
    %flag_set/imm 4, 0;
    %store/vec4a v0000023d59a59370, 4, 0;
    %pushi/vec4 255, 0, 8;
    %ix/load 4, 107, 0;
    %flag_set/imm 4, 0;
    %store/vec4a v0000023d59a59370, 4, 0;
    %pushi/vec4 192, 0, 8;
    %ix/load 4, 106, 0;
    %flag_set/imm 4, 0;
    %store/vec4a v0000023d59a59370, 4, 0;
    %pushi/vec4 130, 0, 8;
    %ix/load 4, 105, 0;
    %flag_set/imm 4, 0;
    %store/vec4a v0000023d59a59370, 4, 0;
    %pushi/vec4 147, 0, 8;
    %ix/load 4, 104, 0;
    %flag_set/imm 4, 0;
    %store/vec4a v0000023d59a59370, 4, 0;
    %pushi/vec4 0, 0, 8;
    %ix/load 4, 103, 0;
    %flag_set/imm 4, 0;
    %store/vec4a v0000023d59a59370, 4, 0;
    %pushi/vec4 1, 0, 8;
    %ix/load 4, 102, 0;
    %flag_set/imm 4, 0;
    %store/vec4a v0000023d59a59370, 4, 0;
    %pushi/vec4 162, 0, 8;
    %ix/load 4, 101, 0;
    %flag_set/imm 4, 0;
    %store/vec4a v0000023d59a59370, 4, 0;
    %pushi/vec4 3, 0, 8;
    %ix/load 4, 100, 0;
    %flag_set/imm 4, 0;
    %store/vec4a v0000023d59a59370, 4, 0;
    %pushi/vec4 0, 0, 8;
    %ix/load 4, 99, 0;
    %flag_set/imm 4, 0;
    %store/vec4a v0000023d59a59370, 4, 0;
    %pushi/vec4 160, 0, 8;
    %ix/load 4, 98, 0;
    %flag_set/imm 4, 0;
    %store/vec4a v0000023d59a59370, 4, 0;
    %pushi/vec4 129, 0, 8;
    %ix/load 4, 97, 0;
    %flag_set/imm 4, 0;
    %store/vec4a v0000023d59a59370, 4, 0;
    %pushi/vec4 179, 0, 8;
    %ix/load 4, 96, 0;
    %flag_set/imm 4, 0;
    %store/vec4a v0000023d59a59370, 4, 0;
    %pushi/vec4 0, 0, 8;
    %ix/load 4, 95, 0;
    %flag_set/imm 4, 0;
    %store/vec4a v0000023d59a59370, 4, 0;
    %pushi/vec4 160, 0, 8;
    %ix/load 4, 94, 0;
    %flag_set/imm 4, 0;
    %store/vec4a v0000023d59a59370, 4, 0;
    %pushi/vec4 194, 0, 8;
    %ix/load 4, 93, 0;
    %flag_set/imm 4, 0;
    %store/vec4a v0000023d59a59370, 4, 0;
    %pushi/vec4 99, 0, 8;
    %ix/load 4, 92, 0;
    %flag_set/imm 4, 0;
    %store/vec4a v0000023d59a59370, 4, 0;
    %pushi/vec4 0, 0, 8;
    %ix/load 4, 91, 0;
    %flag_set/imm 4, 0;
    %store/vec4a v0000023d59a59370, 4, 0;
    %pushi/vec4 64, 0, 8;
    %ix/load 4, 90, 0;
    %flag_set/imm 4, 0;
    %store/vec4a v0000023d59a59370, 4, 0;
    %pushi/vec4 0, 0, 8;
    %ix/load 4, 89, 0;
    %flag_set/imm 4, 0;
    %store/vec4a v0000023d59a59370, 4, 0;
    %pushi/vec4 147, 0, 8;
    %ix/load 4, 88, 0;
    %flag_set/imm 4, 0;
    %store/vec4a v0000023d59a59370, 4, 0;
    %pushi/vec4 2, 0, 8;
    %ix/load 4, 87, 0;
    %flag_set/imm 4, 0;
    %store/vec4a v0000023d59a59370, 4, 0;
    %pushi/vec4 149, 0, 8;
    %ix/load 4, 86, 0;
    %flag_set/imm 4, 0;
    %store/vec4a v0000023d59a59370, 4, 0;
    %pushi/vec4 34, 0, 8;
    %ix/load 4, 85, 0;
    %flag_set/imm 4, 0;
    %store/vec4a v0000023d59a59370, 4, 0;
    %pushi/vec4 35, 0, 8;
    %ix/load 4, 84, 0;
    %flag_set/imm 4, 0;
    %store/vec4a v0000023d59a59370, 4, 0;
    %pushi/vec4 4, 0, 8;
    %ix/load 4, 83, 0;
    %flag_set/imm 4, 0;
    %store/vec4a v0000023d59a59370, 4, 0;
    %pushi/vec4 176, 0, 8;
    %ix/load 4, 82, 0;
    %flag_set/imm 4, 0;
    %store/vec4a v0000023d59a59370, 4, 0;
    %pushi/vec4 4, 0, 8;
    %ix/load 4, 81, 0;
    %flag_set/imm 4, 0;
    %store/vec4a v0000023d59a59370, 4, 0;
    %pushi/vec4 147, 0, 8;
    %ix/load 4, 80, 0;
    %flag_set/imm 4, 0;
    %store/vec4a v0000023d59a59370, 4, 0;
    %pushi/vec4 2, 0, 8;
    %ix/load 4, 79, 0;
    %flag_set/imm 4, 0;
    %store/vec4a v0000023d59a59370, 4, 0;
    %pushi/vec4 149, 0, 8;
    %ix/load 4, 78, 0;
    %flag_set/imm 4, 0;
    %store/vec4a v0000023d59a59370, 4, 0;
    %pushi/vec4 32, 0, 8;
    %ix/load 4, 77, 0;
    %flag_set/imm 4, 0;
    %store/vec4a v0000023d59a59370, 4, 0;
    %pushi/vec4 35, 0, 8;
    %ix/load 4, 76, 0;
    %flag_set/imm 4, 0;
    %store/vec4a v0000023d59a59370, 4, 0;
    %pushi/vec4 1, 0, 8;
    %ix/load 4, 75, 0;
    %flag_set/imm 4, 0;
    %store/vec4a v0000023d59a59370, 4, 0;
    %pushi/vec4 240, 0, 8;
    %ix/load 4, 74, 0;
    %flag_set/imm 4, 0;
    %store/vec4a v0000023d59a59370, 4, 0;
    %pushi/vec4 4, 0, 8;
    %ix/load 4, 73, 0;
    %flag_set/imm 4, 0;
    %store/vec4a v0000023d59a59370, 4, 0;
    %pushi/vec4 147, 0, 8;
    %ix/load 4, 72, 0;
    %flag_set/imm 4, 0;
    %store/vec4a v0000023d59a59370, 4, 0;
    %pushi/vec4 0, 0, 8;
    %ix/load 4, 71, 0;
    %flag_set/imm 4, 0;
    %store/vec4a v0000023d59a59370, 4, 0;
    %pushi/vec4 149, 0, 8;
    %ix/load 4, 70, 0;
    %flag_set/imm 4, 0;
    %store/vec4a v0000023d59a59370, 4, 0;
    %pushi/vec4 46, 0, 8;
    %ix/load 4, 69, 0;
    %flag_set/imm 4, 0;
    %store/vec4a v0000023d59a59370, 4, 0;
    %pushi/vec4 35, 0, 8;
    %ix/load 4, 68, 0;
    %flag_set/imm 4, 0;
    %store/vec4a v0000023d59a59370, 4, 0;
    %pushi/vec4 4, 0, 8;
    %ix/load 4, 67, 0;
    %flag_set/imm 4, 0;
    %store/vec4a v0000023d59a59370, 4, 0;
    %pushi/vec4 32, 0, 8;
    %ix/load 4, 66, 0;
    %flag_set/imm 4, 0;
    %store/vec4a v0000023d59a59370, 4, 0;
    %pushi/vec4 4, 0, 8;
    %ix/load 4, 65, 0;
    %flag_set/imm 4, 0;
    %store/vec4a v0000023d59a59370, 4, 0;
    %pushi/vec4 147, 0, 8;
    %ix/load 4, 64, 0;
    %flag_set/imm 4, 0;
    %store/vec4a v0000023d59a59370, 4, 0;
    %pushi/vec4 0, 0, 8;
    %ix/load 4, 63, 0;
    %flag_set/imm 4, 0;
    %store/vec4a v0000023d59a59370, 4, 0;
    %pushi/vec4 149, 0, 8;
    %ix/load 4, 62, 0;
    %flag_set/imm 4, 0;
    %store/vec4a v0000023d59a59370, 4, 0;
    %pushi/vec4 44, 0, 8;
    %ix/load 4, 61, 0;
    %flag_set/imm 4, 0;
    %store/vec4a v0000023d59a59370, 4, 0;
    %pushi/vec4 35, 0, 8;
    %ix/load 4, 60, 0;
    %flag_set/imm 4, 0;
    %store/vec4a v0000023d59a59370, 4, 0;
    %pushi/vec4 4, 0, 8;
    %ix/load 4, 59, 0;
    %flag_set/imm 4, 0;
    %store/vec4a v0000023d59a59370, 4, 0;
    %pushi/vec4 112, 0, 8;
    %ix/load 4, 58, 0;
    %flag_set/imm 4, 0;
    %store/vec4a v0000023d59a59370, 4, 0;
    %pushi/vec4 4, 0, 8;
    %ix/load 4, 57, 0;
    %flag_set/imm 4, 0;
    %store/vec4a v0000023d59a59370, 4, 0;
    %pushi/vec4 147, 0, 8;
    %ix/load 4, 56, 0;
    %flag_set/imm 4, 0;
    %store/vec4a v0000023d59a59370, 4, 0;
    %pushi/vec4 0, 0, 8;
    %ix/load 4, 55, 0;
    %flag_set/imm 4, 0;
    %store/vec4a v0000023d59a59370, 4, 0;
    %pushi/vec4 149, 0, 8;
    %ix/load 4, 54, 0;
    %flag_set/imm 4, 0;
    %store/vec4a v0000023d59a59370, 4, 0;
    %pushi/vec4 42, 0, 8;
    %ix/load 4, 53, 0;
    %flag_set/imm 4, 0;
    %store/vec4a v0000023d59a59370, 4, 0;
    %pushi/vec4 35, 0, 8;
    %ix/load 4, 52, 0;
    %flag_set/imm 4, 0;
    %store/vec4a v0000023d59a59370, 4, 0;
    %pushi/vec4 2, 0, 8;
    %ix/load 4, 51, 0;
    %flag_set/imm 4, 0;
    %store/vec4a v0000023d59a59370, 4, 0;
    %pushi/vec4 224, 0, 8;
    %ix/load 4, 50, 0;
    %flag_set/imm 4, 0;
    %store/vec4a v0000023d59a59370, 4, 0;
    %pushi/vec4 4, 0, 8;
    %ix/load 4, 49, 0;
    %flag_set/imm 4, 0;
    %store/vec4a v0000023d59a59370, 4, 0;
    %pushi/vec4 147, 0, 8;
    %ix/load 4, 48, 0;
    %flag_set/imm 4, 0;
    %store/vec4a v0000023d59a59370, 4, 0;
    %pushi/vec4 0, 0, 8;
    %ix/load 4, 47, 0;
    %flag_set/imm 4, 0;
    %store/vec4a v0000023d59a59370, 4, 0;
    %pushi/vec4 149, 0, 8;
    %ix/load 4, 46, 0;
    %flag_set/imm 4, 0;
    %store/vec4a v0000023d59a59370, 4, 0;
    %pushi/vec4 40, 0, 8;
    %ix/load 4, 45, 0;
    %flag_set/imm 4, 0;
    %store/vec4a v0000023d59a59370, 4, 0;
    %pushi/vec4 35, 0, 8;
    %ix/load 4, 44, 0;
    %flag_set/imm 4, 0;
    %store/vec4a v0000023d59a59370, 4, 0;
    %pushi/vec4 6, 0, 8;
    %ix/load 4, 43, 0;
    %flag_set/imm 4, 0;
    %store/vec4a v0000023d59a59370, 4, 0;
    %pushi/vec4 32, 0, 8;
    %ix/load 4, 42, 0;
    %flag_set/imm 4, 0;
    %store/vec4a v0000023d59a59370, 4, 0;
    %pushi/vec4 4, 0, 8;
    %ix/load 4, 41, 0;
    %flag_set/imm 4, 0;
    %store/vec4a v0000023d59a59370, 4, 0;
    %pushi/vec4 147, 0, 8;
    %ix/load 4, 40, 0;
    %flag_set/imm 4, 0;
    %store/vec4a v0000023d59a59370, 4, 0;
    %pushi/vec4 0, 0, 8;
    %ix/load 4, 39, 0;
    %flag_set/imm 4, 0;
    %store/vec4a v0000023d59a59370, 4, 0;
    %pushi/vec4 149, 0, 8;
    %ix/load 4, 38, 0;
    %flag_set/imm 4, 0;
    %store/vec4a v0000023d59a59370, 4, 0;
    %pushi/vec4 38, 0, 8;
    %ix/load 4, 37, 0;
    %flag_set/imm 4, 0;
    %store/vec4a v0000023d59a59370, 4, 0;
    %pushi/vec4 35, 0, 8;
    %ix/load 4, 36, 0;
    %flag_set/imm 4, 0;
    %store/vec4a v0000023d59a59370, 4, 0;
    %pushi/vec4 3, 0, 8;
    %ix/load 4, 35, 0;
    %flag_set/imm 4, 0;
    %store/vec4a v0000023d59a59370, 4, 0;
    %pushi/vec4 240, 0, 8;
    %ix/load 4, 34, 0;
    %flag_set/imm 4, 0;
    %store/vec4a v0000023d59a59370, 4, 0;
    %pushi/vec4 4, 0, 8;
    %ix/load 4, 33, 0;
    %flag_set/imm 4, 0;
    %store/vec4a v0000023d59a59370, 4, 0;
    %pushi/vec4 147, 0, 8;
    %ix/load 4, 32, 0;
    %flag_set/imm 4, 0;
    %store/vec4a v0000023d59a59370, 4, 0;
    %pushi/vec4 0, 0, 8;
    %ix/load 4, 31, 0;
    %flag_set/imm 4, 0;
    %store/vec4a v0000023d59a59370, 4, 0;
    %pushi/vec4 149, 0, 8;
    %ix/load 4, 30, 0;
    %flag_set/imm 4, 0;
    %store/vec4a v0000023d59a59370, 4, 0;
    %pushi/vec4 36, 0, 8;
    %ix/load 4, 29, 0;
    %flag_set/imm 4, 0;
    %store/vec4a v0000023d59a59370, 4, 0;
    %pushi/vec4 35, 0, 8;
    %ix/load 4, 28, 0;
    %flag_set/imm 4, 0;
    %store/vec4a v0000023d59a59370, 4, 0;
    %pushi/vec4 5, 0, 8;
    %ix/load 4, 27, 0;
    %flag_set/imm 4, 0;
    %store/vec4a v0000023d59a59370, 4, 0;
    %pushi/vec4 224, 0, 8;
    %ix/load 4, 26, 0;
    %flag_set/imm 4, 0;
    %store/vec4a v0000023d59a59370, 4, 0;
    %pushi/vec4 4, 0, 8;
    %ix/load 4, 25, 0;
    %flag_set/imm 4, 0;
    %store/vec4a v0000023d59a59370, 4, 0;
    %pushi/vec4 147, 0, 8;
    %ix/load 4, 24, 0;
    %flag_set/imm 4, 0;
    %store/vec4a v0000023d59a59370, 4, 0;
    %pushi/vec4 0, 0, 8;
    %ix/load 4, 23, 0;
    %flag_set/imm 4, 0;
    %store/vec4a v0000023d59a59370, 4, 0;
    %pushi/vec4 149, 0, 8;
    %ix/load 4, 22, 0;
    %flag_set/imm 4, 0;
    %store/vec4a v0000023d59a59370, 4, 0;
    %pushi/vec4 34, 0, 8;
    %ix/load 4, 21, 0;
    %flag_set/imm 4, 0;
    %store/vec4a v0000023d59a59370, 4, 0;
    %pushi/vec4 35, 0, 8;
    %ix/load 4, 20, 0;
    %flag_set/imm 4, 0;
    %store/vec4a v0000023d59a59370, 4, 0;
    %pushi/vec4 3, 0, 8;
    %ix/load 4, 19, 0;
    %flag_set/imm 4, 0;
    %store/vec4a v0000023d59a59370, 4, 0;
    %pushi/vec4 224, 0, 8;
    %ix/load 4, 18, 0;
    %flag_set/imm 4, 0;
    %store/vec4a v0000023d59a59370, 4, 0;
    %pushi/vec4 4, 0, 8;
    %ix/load 4, 17, 0;
    %flag_set/imm 4, 0;
    %store/vec4a v0000023d59a59370, 4, 0;
    %pushi/vec4 147, 0, 8;
    %ix/load 4, 16, 0;
    %flag_set/imm 4, 0;
    %store/vec4a v0000023d59a59370, 4, 0;
    %pushi/vec4 0, 0, 8;
    %ix/load 4, 15, 0;
    %flag_set/imm 4, 0;
    %store/vec4a v0000023d59a59370, 4, 0;
    %pushi/vec4 149, 0, 8;
    %ix/load 4, 14, 0;
    %flag_set/imm 4, 0;
    %store/vec4a v0000023d59a59370, 4, 0;
    %pushi/vec4 32, 0, 8;
    %ix/load 4, 13, 0;
    %flag_set/imm 4, 0;
    %store/vec4a v0000023d59a59370, 4, 0;
    %pushi/vec4 35, 0, 8;
    %ix/load 4, 12, 0;
    %flag_set/imm 4, 0;
    %store/vec4a v0000023d59a59370, 4, 0;
    %pushi/vec4 1, 0, 8;
    %ix/load 4, 11, 0;
    %flag_set/imm 4, 0;
    %store/vec4a v0000023d59a59370, 4, 0;
    %pushi/vec4 32, 0, 8;
    %ix/load 4, 10, 0;
    %flag_set/imm 4, 0;
    %store/vec4a v0000023d59a59370, 4, 0;
    %pushi/vec4 4, 0, 8;
    %ix/load 4, 9, 0;
    %flag_set/imm 4, 0;
    %store/vec4a v0000023d59a59370, 4, 0;
    %pushi/vec4 147, 0, 8;
    %ix/load 4, 8, 0;
    %flag_set/imm 4, 0;
    %store/vec4a v0000023d59a59370, 4, 0;
    %pushi/vec4 2, 0, 8;
    %ix/load 4, 7, 0;
    %flag_set/imm 4, 0;
    %store/vec4a v0000023d59a59370, 4, 0;
    %pushi/vec4 128, 0, 8;
    %ix/load 4, 6, 0;
    %flag_set/imm 4, 0;
    %store/vec4a v0000023d59a59370, 4, 0;
    %pushi/vec4 5, 0, 8;
    %ix/load 4, 5, 0;
    %flag_set/imm 4, 0;
    %store/vec4a v0000023d59a59370, 4, 0;
    %pushi/vec4 147, 0, 8;
    %ix/load 4, 4, 0;
    %flag_set/imm 4, 0;
    %store/vec4a v0000023d59a59370, 4, 0;
    %pushi/vec4 0, 0, 8;
    %ix/load 4, 3, 0;
    %flag_set/imm 4, 0;
    %store/vec4a v0000023d59a59370, 4, 0;
    %pushi/vec4 0, 0, 8;
    %ix/load 4, 2, 0;
    %flag_set/imm 4, 0;
    %store/vec4a v0000023d59a59370, 4, 0;
    %pushi/vec4 5, 0, 8;
    %ix/load 4, 1, 0;
    %flag_set/imm 4, 0;
    %store/vec4a v0000023d59a59370, 4, 0;
    %pushi/vec4 19, 0, 8;
    %ix/load 4, 0, 0;
    %flag_set/imm 4, 0;
    %store/vec4a v0000023d59a59370, 4, 0;
    %end;
    .thread T_1;
    .scope S_0000023d5993fe60;
T_2 ;
    %wait E_0000023d599ea340;
    %load/vec4 v0000023d59a59050_0;
    %parti/s 2, 5, 4;
    %cmpi/e 0, 0, 2;
    %jmp/0xz  T_2.0, 4;
    %load/vec4 v0000023d59a59050_0;
    %parti/s 12, 20, 6;
    %ix/load 4, 0, 0;
    %flag_set/imm 4, 0;
    %store/vec4 v0000023d59a58290_0, 4, 12;
    %jmp T_2.1;
T_2.0 ;
    %load/vec4 v0000023d59a59050_0;
    %parti/s 2, 5, 4;
    %cmpi/e 1, 0, 2;
    %jmp/0xz  T_2.2, 4;
    %load/vec4 v0000023d59a59050_0;
    %parti/s 7, 25, 6;
    %ix/load 4, 5, 0;
    %flag_set/imm 4, 0;
    %store/vec4 v0000023d59a58290_0, 4, 7;
    %load/vec4 v0000023d59a59050_0;
    %parti/s 5, 7, 4;
    %ix/load 4, 0, 0;
    %flag_set/imm 4, 0;
    %store/vec4 v0000023d59a58290_0, 4, 5;
    %jmp T_2.3;
T_2.2 ;
    %load/vec4 v0000023d59a59050_0;
    %parti/s 1, 31, 6;
    %ix/load 4, 11, 0;
    %flag_set/imm 4, 0;
    %store/vec4 v0000023d59a58290_0, 4, 1;
    %load/vec4 v0000023d59a59050_0;
    %parti/s 6, 25, 6;
    %ix/load 4, 4, 0;
    %flag_set/imm 4, 0;
    %store/vec4 v0000023d59a58290_0, 4, 6;
    %load/vec4 v0000023d59a59050_0;
    %parti/s 3, 8, 5;
    %pad/u 4;
    %ix/load 4, 0, 0;
    %flag_set/imm 4, 0;
    %store/vec4 v0000023d59a58290_0, 4, 4;
    %load/vec4 v0000023d59a59050_0;
    %parti/s 1, 7, 4;
    %ix/load 4, 10, 0;
    %flag_set/imm 4, 0;
    %store/vec4 v0000023d59a58290_0, 4, 1;
T_2.3 ;
T_2.1 ;
    %load/vec4 v0000023d59a58290_0;
    %parti/s 1, 11, 5;
    %replicate 52;
    %ix/load 4, 12, 0;
    %flag_set/imm 4, 0;
    %store/vec4 v0000023d59a58290_0, 4, 52;
    %jmp T_2;
    .thread T_2, $push;
    .scope S_0000023d59969850;
T_3 ;
    %wait E_0000023d599ea500;
    %load/vec4 v0000023d59a038b0_0;
    %dup/vec4;
    %pushi/vec4 51, 0, 7;
    %cmp/u;
    %jmp/1 T_3.0, 6;
    %dup/vec4;
    %pushi/vec4 3, 0, 7;
    %cmp/u;
    %jmp/1 T_3.1, 6;
    %dup/vec4;
    %pushi/vec4 35, 0, 7;
    %cmp/u;
    %jmp/1 T_3.2, 6;
    %dup/vec4;
    %pushi/vec4 99, 0, 7;
    %cmp/u;
    %jmp/1 T_3.3, 6;
    %dup/vec4;
    %pushi/vec4 19, 0, 7;
    %cmp/u;
    %jmp/1 T_3.4, 6;
    %pushi/vec4 0, 0, 2;
    %store/vec4 v0000023d59a03090_0, 0, 2;
    %pushi/vec4 0, 0, 1;
    %store/vec4 v0000023d59a03e50_0, 0, 1;
    %pushi/vec4 0, 0, 1;
    %store/vec4 v0000023d59a04530_0, 0, 1;
    %pushi/vec4 0, 0, 1;
    %store/vec4 v0000023d59a04210_0, 0, 1;
    %pushi/vec4 0, 0, 1;
    %store/vec4 v0000023d59a047b0_0, 0, 1;
    %pushi/vec4 0, 0, 1;
    %store/vec4 v0000023d59a03ef0_0, 0, 1;
    %pushi/vec4 0, 0, 1;
    %store/vec4 v0000023d59a04710_0, 0, 1;
    %jmp T_3.6;
T_3.0 ;
    %pushi/vec4 2, 0, 2;
    %store/vec4 v0000023d59a03090_0, 0, 2;
    %pushi/vec4 0, 0, 1;
    %store/vec4 v0000023d59a03e50_0, 0, 1;
    %pushi/vec4 0, 0, 1;
    %store/vec4 v0000023d59a04530_0, 0, 1;
    %pushi/vec4 0, 0, 1;
    %store/vec4 v0000023d59a04210_0, 0, 1;
    %pushi/vec4 1, 0, 1;
    %store/vec4 v0000023d59a047b0_0, 0, 1;
    %pushi/vec4 0, 0, 1;
    %store/vec4 v0000023d59a03ef0_0, 0, 1;
    %pushi/vec4 0, 0, 1;
    %store/vec4 v0000023d59a04710_0, 0, 1;
    %jmp T_3.6;
T_3.1 ;
    %pushi/vec4 0, 0, 2;
    %store/vec4 v0000023d59a03090_0, 0, 2;
    %pushi/vec4 0, 0, 1;
    %store/vec4 v0000023d59a03e50_0, 0, 1;
    %pushi/vec4 0, 0, 1;
    %store/vec4 v0000023d59a04530_0, 0, 1;
    %pushi/vec4 1, 0, 1;
    %store/vec4 v0000023d59a04210_0, 0, 1;
    %pushi/vec4 1, 0, 1;
    %store/vec4 v0000023d59a047b0_0, 0, 1;
    %pushi/vec4 1, 0, 1;
    %store/vec4 v0000023d59a03ef0_0, 0, 1;
    %pushi/vec4 1, 0, 1;
    %store/vec4 v0000023d59a04710_0, 0, 1;
    %jmp T_3.6;
T_3.2 ;
    %pushi/vec4 0, 0, 2;
    %store/vec4 v0000023d59a03090_0, 0, 2;
    %pushi/vec4 0, 0, 1;
    %store/vec4 v0000023d59a03e50_0, 0, 1;
    %pushi/vec4 1, 0, 1;
    %store/vec4 v0000023d59a04530_0, 0, 1;
    %pushi/vec4 0, 0, 1;
    %store/vec4 v0000023d59a04210_0, 0, 1;
    %pushi/vec4 0, 0, 1;
    %store/vec4 v0000023d59a047b0_0, 0, 1;
    %pushi/vec4 1, 1, 1;
    %store/vec4 v0000023d59a03ef0_0, 0, 1;
    %pushi/vec4 1, 0, 1;
    %store/vec4 v0000023d59a04710_0, 0, 1;
    %jmp T_3.6;
T_3.3 ;
    %pushi/vec4 1, 0, 2;
    %store/vec4 v0000023d59a03090_0, 0, 2;
    %pushi/vec4 1, 0, 1;
    %store/vec4 v0000023d59a03e50_0, 0, 1;
    %pushi/vec4 0, 0, 1;
    %store/vec4 v0000023d59a04530_0, 0, 1;
    %pushi/vec4 0, 0, 1;
    %store/vec4 v0000023d59a04210_0, 0, 1;
    %pushi/vec4 0, 0, 1;
    %store/vec4 v0000023d59a047b0_0, 0, 1;
    %pushi/vec4 1, 1, 1;
    %store/vec4 v0000023d59a03ef0_0, 0, 1;
    %pushi/vec4 0, 0, 1;
    %store/vec4 v0000023d59a04710_0, 0, 1;
    %jmp T_3.6;
T_3.4 ;
    %pushi/vec4 0, 0, 2;
    %store/vec4 v0000023d59a03090_0, 0, 2;
    %pushi/vec4 0, 0, 1;
    %store/vec4 v0000023d59a03e50_0, 0, 1;
    %pushi/vec4 0, 0, 1;
    %store/vec4 v0000023d59a04530_0, 0, 1;
    %pushi/vec4 0, 0, 1;
    %store/vec4 v0000023d59a04210_0, 0, 1;
    %pushi/vec4 1, 0, 1;
    %store/vec4 v0000023d59a047b0_0, 0, 1;
    %pushi/vec4 0, 0, 1;
    %store/vec4 v0000023d59a03ef0_0, 0, 1;
    %pushi/vec4 1, 0, 1;
    %store/vec4 v0000023d59a04710_0, 0, 1;
    %jmp T_3.6;
T_3.6 ;
    %pop/vec4 1;
    %jmp T_3;
    .thread T_3, $push;
    .scope S_0000023d598ed9b0;
T_4 ;
    %pushi/vec4 0, 0, 64;
    %ix/load 4, 0, 0;
    %flag_set/imm 4, 0;
    %store/vec4a v0000023d59a59e40, 4, 0;
    %pushi/vec4 1209, 0, 64;
    %ix/load 4, 1, 0;
    %flag_set/imm 4, 0;
    %store/vec4a v0000023d59a59e40, 4, 0;
    %pushi/vec4 751, 0, 64;
    %ix/load 4, 2, 0;
    %flag_set/imm 4, 0;
    %store/vec4a v0000023d59a59e40, 4, 0;
    %pushi/vec4 3522, 0, 64;
    %ix/load 4, 3, 0;
    %flag_set/imm 4, 0;
    %store/vec4a v0000023d59a59e40, 4, 0;
    %pushi/vec4 2971, 0, 64;
    %ix/load 4, 4, 0;
    %flag_set/imm 4, 0;
    %store/vec4a v0000023d59a59e40, 4, 0;
    %pushi/vec4 72, 0, 64;
    %ix/load 4, 5, 0;
    %flag_set/imm 4, 0;
    %store/vec4a v0000023d59a59e40, 4, 0;
    %pushi/vec4 1135, 0, 64;
    %ix/load 4, 6, 0;
    %flag_set/imm 4, 0;
    %store/vec4a v0000023d59a59e40, 4, 0;
    %pushi/vec4 1141, 0, 64;
    %ix/load 4, 7, 0;
    %flag_set/imm 4, 0;
    %store/vec4a v0000023d59a59e40, 4, 0;
    %pushi/vec4 2919, 0, 64;
    %ix/load 4, 8, 0;
    %flag_set/imm 4, 0;
    %store/vec4a v0000023d59a59e40, 4, 0;
    %pushi/vec4 2467, 0, 64;
    %ix/load 4, 9, 0;
    %flag_set/imm 4, 0;
    %store/vec4a v0000023d59a59e40, 4, 0;
    %pushi/vec4 0, 0, 64;
    %ix/load 4, 10, 0;
    %flag_set/imm 4, 0;
    %store/vec4a v0000023d59a59e40, 4, 0;
    %pushi/vec4 3033, 0, 64;
    %ix/load 4, 11, 0;
    %flag_set/imm 4, 0;
    %store/vec4a v0000023d59a59e40, 4, 0;
    %pushi/vec4 3278, 0, 64;
    %ix/load 4, 12, 0;
    %flag_set/imm 4, 0;
    %store/vec4a v0000023d59a59e40, 4, 0;
    %pushi/vec4 3214, 0, 64;
    %ix/load 4, 13, 0;
    %flag_set/imm 4, 0;
    %store/vec4a v0000023d59a59e40, 4, 0;
    %pushi/vec4 3656, 0, 64;
    %ix/load 4, 14, 0;
    %flag_set/imm 4, 0;
    %store/vec4a v0000023d59a59e40, 4, 0;
    %pushi/vec4 1765, 0, 64;
    %ix/load 4, 15, 0;
    %flag_set/imm 4, 0;
    %store/vec4a v0000023d59a59e40, 4, 0;
    %pushi/vec4 736, 0, 64;
    %ix/load 4, 16, 0;
    %flag_set/imm 4, 0;
    %store/vec4a v0000023d59a59e40, 4, 0;
    %pushi/vec4 2985, 0, 64;
    %ix/load 4, 17, 0;
    %flag_set/imm 4, 0;
    %store/vec4a v0000023d59a59e40, 4, 0;
    %pushi/vec4 2717, 0, 64;
    %ix/load 4, 18, 0;
    %flag_set/imm 4, 0;
    %store/vec4a v0000023d59a59e40, 4, 0;
    %pushi/vec4 863, 0, 64;
    %ix/load 4, 19, 0;
    %flag_set/imm 4, 0;
    %store/vec4a v0000023d59a59e40, 4, 0;
    %pushi/vec4 1916, 0, 64;
    %ix/load 4, 20, 0;
    %flag_set/imm 4, 0;
    %store/vec4a v0000023d59a59e40, 4, 0;
    %pushi/vec4 13, 0, 64;
    %ix/load 4, 21, 0;
    %flag_set/imm 4, 0;
    %store/vec4a v0000023d59a59e40, 4, 0;
    %pushi/vec4 701, 0, 64;
    %ix/load 4, 22, 0;
    %flag_set/imm 4, 0;
    %store/vec4a v0000023d59a59e40, 4, 0;
    %pushi/vec4 3479, 0, 64;
    %ix/load 4, 23, 0;
    %flag_set/imm 4, 0;
    %store/vec4a v0000023d59a59e40, 4, 0;
    %pushi/vec4 2489, 0, 64;
    %ix/load 4, 24, 0;
    %flag_set/imm 4, 0;
    %store/vec4a v0000023d59a59e40, 4, 0;
    %pushi/vec4 1937, 0, 64;
    %ix/load 4, 25, 0;
    %flag_set/imm 4, 0;
    %store/vec4a v0000023d59a59e40, 4, 0;
    %pushi/vec4 523, 0, 64;
    %ix/load 4, 26, 0;
    %flag_set/imm 4, 0;
    %store/vec4a v0000023d59a59e40, 4, 0;
    %pushi/vec4 210, 0, 64;
    %ix/load 4, 27, 0;
    %flag_set/imm 4, 0;
    %store/vec4a v0000023d59a59e40, 4, 0;
    %pushi/vec4 1043, 0, 64;
    %ix/load 4, 28, 0;
    %flag_set/imm 4, 0;
    %store/vec4a v0000023d59a59e40, 4, 0;
    %pushi/vec4 425, 0, 64;
    %ix/load 4, 29, 0;
    %flag_set/imm 4, 0;
    %store/vec4a v0000023d59a59e40, 4, 0;
    %pushi/vec4 2434, 0, 64;
    %ix/load 4, 30, 0;
    %flag_set/imm 4, 0;
    %store/vec4a v0000023d59a59e40, 4, 0;
    %pushi/vec4 988, 0, 64;
    %ix/load 4, 31, 0;
    %flag_set/imm 4, 0;
    %store/vec4a v0000023d59a59e40, 4, 0;
    %end;
    .thread T_4;
    .scope S_0000023d598ed9b0;
T_5 ;
    %wait E_0000023d599eaac0;
    %load/vec4 v0000023d59a5a0c0_0;
    %load/vec4 v0000023d59a5a160_0;
    %pushi/vec4 0, 0, 5;
    %cmp/ne;
    %flag_get/vec4 4;
    %and;
    %flag_set/vec4 8;
    %jmp/0xz  T_5.0, 8;
    %load/vec4 v0000023d59a5a340_0;
    %load/vec4 v0000023d59a5a160_0;
    %pad/u 7;
    %ix/vec4 3;
    %ix/load 4, 0, 0; Constant delay
    %assign/vec4/a/d v0000023d59a59e40, 0, 4;
T_5.0 ;
    %jmp T_5;
    .thread T_5;
    .scope S_0000023d598ed9b0;
T_6 ;
    %wait E_0000023d599eab80;
    %load/vec4 v0000023d59a5ab60_0;
    %flag_set/vec4 8;
    %jmp/0xz  T_6.0, 8;
    %pushi/vec4 0, 0, 64;
    %assign/vec4 v0000023d59a59a80_0, 0;
    %pushi/vec4 0, 0, 64;
    %assign/vec4 v0000023d59a5ae80_0, 0;
    %jmp T_6.1;
T_6.0 ;
    %load/vec4 v0000023d59a59b20_0;
    %pad/u 7;
    %ix/vec4 4;
    %load/vec4a v0000023d59a59e40, 4;
    %assign/vec4 v0000023d59a59a80_0, 0;
    %load/vec4 v0000023d59a5a3e0_0;
    %pad/u 7;
    %ix/vec4 4;
    %load/vec4a v0000023d59a59e40, 4;
    %assign/vec4 v0000023d59a5ae80_0, 0;
T_6.1 ;
    %jmp T_6;
    .thread T_6, $push;
    .scope S_0000023d599fdd20;
T_7 ;
    %wait E_0000023d599e9dc0;
    %load/vec4 v0000023d59a02e10_0;
    %cmpi/e 0, 0, 2;
    %jmp/0xz  T_7.0, 4;
    %pushi/vec4 2, 0, 4;
    %assign/vec4 v0000023d59a02f50_0, 0;
    %jmp T_7.1;
T_7.0 ;
    %load/vec4 v0000023d59a02e10_0;
    %cmpi/e 1, 0, 2;
    %jmp/0xz  T_7.2, 4;
    %pushi/vec4 6, 0, 4;
    %assign/vec4 v0000023d59a02f50_0, 0;
    %jmp T_7.3;
T_7.2 ;
    %load/vec4 v0000023d59a02e10_0;
    %cmpi/e 2, 0, 2;
    %jmp/0xz  T_7.4, 4;
    %load/vec4 v0000023d59a042b0_0;
    %dup/vec4;
    %pushi/vec4 0, 0, 4;
    %cmp/u;
    %jmp/1 T_7.6, 6;
    %dup/vec4;
    %pushi/vec4 8, 0, 4;
    %cmp/u;
    %jmp/1 T_7.7, 6;
    %dup/vec4;
    %pushi/vec4 7, 0, 4;
    %cmp/u;
    %jmp/1 T_7.8, 6;
    %dup/vec4;
    %pushi/vec4 6, 0, 4;
    %cmp/u;
    %jmp/1 T_7.9, 6;
    %pushi/vec4 0, 0, 4;
    %assign/vec4 v0000023d59a02f50_0, 0;
    %jmp T_7.11;
T_7.6 ;
    %pushi/vec4 2, 0, 4;
    %assign/vec4 v0000023d59a02f50_0, 0;
    %jmp T_7.11;
T_7.7 ;
    %pushi/vec4 6, 0, 4;
    %assign/vec4 v0000023d59a02f50_0, 0;
    %jmp T_7.11;
T_7.8 ;
    %pushi/vec4 0, 0, 4;
    %assign/vec4 v0000023d59a02f50_0, 0;
    %jmp T_7.11;
T_7.9 ;
    %pushi/vec4 1, 0, 4;
    %assign/vec4 v0000023d59a02f50_0, 0;
    %jmp T_7.11;
T_7.11 ;
    %pop/vec4 1;
T_7.4 ;
T_7.3 ;
T_7.1 ;
    %jmp T_7;
    .thread T_7, $push;
    .scope S_0000023d599fdeb0;
T_8 ;
    %wait E_0000023d599ea3c0;
    %load/vec4 v0000023d59a03810_0;
    %cmpi/e 0, 0, 4;
    %jmp/0xz  T_8.0, 4;
    %load/vec4 v0000023d59a04490_0;
    %load/vec4 v0000023d59a03950_0;
    %and;
    %store/vec4 v0000023d59a04b70_0, 0, 64;
    %jmp T_8.1;
T_8.0 ;
    %load/vec4 v0000023d59a03810_0;
    %cmpi/e 1, 0, 4;
    %jmp/0xz  T_8.2, 4;
    %load/vec4 v0000023d59a04490_0;
    %load/vec4 v0000023d59a03950_0;
    %or;
    %store/vec4 v0000023d59a04b70_0, 0, 64;
    %jmp T_8.3;
T_8.2 ;
    %load/vec4 v0000023d59a03810_0;
    %cmpi/e 2, 0, 4;
    %jmp/0xz  T_8.4, 4;
    %load/vec4 v0000023d59a04490_0;
    %load/vec4 v0000023d59a03950_0;
    %add;
    %store/vec4 v0000023d59a04b70_0, 0, 64;
    %jmp T_8.5;
T_8.4 ;
    %load/vec4 v0000023d59a03810_0;
    %cmpi/e 6, 0, 4;
    %jmp/0xz  T_8.6, 4;
    %load/vec4 v0000023d59a04490_0;
    %load/vec4 v0000023d59a03950_0;
    %sub;
    %store/vec4 v0000023d59a04b70_0, 0, 64;
    %jmp T_8.7;
T_8.6 ;
    %load/vec4 v0000023d59a03810_0;
    %cmpi/e 12, 0, 4;
    %jmp/0xz  T_8.8, 4;
    %load/vec4 v0000023d59a04490_0;
    %load/vec4 v0000023d59a03950_0;
    %or;
    %inv;
    %store/vec4 v0000023d59a04b70_0, 0, 64;
T_8.8 ;
T_8.7 ;
T_8.5 ;
T_8.3 ;
T_8.1 ;
    %load/vec4 v0000023d59a04b70_0;
    %cmpi/e 0, 0, 64;
    %jmp/0xz  T_8.10, 4;
    %pushi/vec4 1, 0, 1;
    %store/vec4 v0000023d59a04350_0, 0, 1;
    %jmp T_8.11;
T_8.10 ;
    %pushi/vec4 0, 0, 1;
    %store/vec4 v0000023d59a04350_0, 0, 1;
T_8.11 ;
    %load/vec4 v0000023d59a04b70_0;
    %parti/s 1, 63, 7;
    %inv;
    %assign/vec4 v0000023d59a031d0_0, 0;
    %jmp T_8;
    .thread T_8, $push;
    .scope S_0000023d59956b20;
T_9 ;
    %pushi/vec4 235, 0, 8;
    %ix/load 4, 0, 0;
    %flag_set/imm 4, 0;
    %store/vec4a v0000023d59a04850, 4, 0;
    %pushi/vec4 18, 0, 8;
    %ix/load 4, 1, 0;
    %flag_set/imm 4, 0;
    %store/vec4a v0000023d59a04850, 4, 0;
    %pushi/vec4 120, 0, 8;
    %ix/load 4, 2, 0;
    %flag_set/imm 4, 0;
    %store/vec4a v0000023d59a04850, 4, 0;
    %pushi/vec4 79, 0, 8;
    %ix/load 4, 3, 0;
    %flag_set/imm 4, 0;
    %store/vec4a v0000023d59a04850, 4, 0;
    %pushi/vec4 72, 0, 8;
    %ix/load 4, 4, 0;
    %flag_set/imm 4, 0;
    %store/vec4a v0000023d59a04850, 4, 0;
    %pushi/vec4 182, 0, 8;
    %ix/load 4, 5, 0;
    %flag_set/imm 4, 0;
    %store/vec4a v0000023d59a04850, 4, 0;
    %pushi/vec4 69, 0, 8;
    %ix/load 4, 6, 0;
    %flag_set/imm 4, 0;
    %store/vec4a v0000023d59a04850, 4, 0;
    %pushi/vec4 254, 0, 8;
    %ix/load 4, 7, 0;
    %flag_set/imm 4, 0;
    %store/vec4a v0000023d59a04850, 4, 0;
    %pushi/vec4 48, 0, 8;
    %ix/load 4, 8, 0;
    %flag_set/imm 4, 0;
    %store/vec4a v0000023d59a04850, 4, 0;
    %pushi/vec4 16, 0, 8;
    %ix/load 4, 9, 0;
    %flag_set/imm 4, 0;
    %store/vec4a v0000023d59a04850, 4, 0;
    %pushi/vec4 17, 0, 8;
    %ix/load 4, 10, 0;
    %flag_set/imm 4, 0;
    %store/vec4a v0000023d59a04850, 4, 0;
    %pushi/vec4 5, 0, 8;
    %ix/load 4, 11, 0;
    %flag_set/imm 4, 0;
    %store/vec4a v0000023d59a04850, 4, 0;
    %pushi/vec4 194, 0, 8;
    %ix/load 4, 12, 0;
    %flag_set/imm 4, 0;
    %store/vec4a v0000023d59a04850, 4, 0;
    %pushi/vec4 223, 0, 8;
    %ix/load 4, 13, 0;
    %flag_set/imm 4, 0;
    %store/vec4a v0000023d59a04850, 4, 0;
    %pushi/vec4 98, 0, 8;
    %ix/load 4, 14, 0;
    %flag_set/imm 4, 0;
    %store/vec4a v0000023d59a04850, 4, 0;
    %pushi/vec4 135, 0, 8;
    %ix/load 4, 15, 0;
    %flag_set/imm 4, 0;
    %store/vec4a v0000023d59a04850, 4, 0;
    %pushi/vec4 53, 0, 8;
    %ix/load 4, 16, 0;
    %flag_set/imm 4, 0;
    %store/vec4a v0000023d59a04850, 4, 0;
    %pushi/vec4 59, 0, 8;
    %ix/load 4, 17, 0;
    %flag_set/imm 4, 0;
    %store/vec4a v0000023d59a04850, 4, 0;
    %pushi/vec4 81, 0, 8;
    %ix/load 4, 18, 0;
    %flag_set/imm 4, 0;
    %store/vec4a v0000023d59a04850, 4, 0;
    %pushi/vec4 95, 0, 8;
    %ix/load 4, 19, 0;
    %flag_set/imm 4, 0;
    %store/vec4a v0000023d59a04850, 4, 0;
    %pushi/vec4 57, 0, 8;
    %ix/load 4, 20, 0;
    %flag_set/imm 4, 0;
    %store/vec4a v0000023d59a04850, 4, 0;
    %pushi/vec4 125, 0, 8;
    %ix/load 4, 21, 0;
    %flag_set/imm 4, 0;
    %store/vec4a v0000023d59a04850, 4, 0;
    %pushi/vec4 166, 0, 8;
    %ix/load 4, 22, 0;
    %flag_set/imm 4, 0;
    %store/vec4a v0000023d59a04850, 4, 0;
    %pushi/vec4 5, 0, 8;
    %ix/load 4, 23, 0;
    %flag_set/imm 4, 0;
    %store/vec4a v0000023d59a04850, 4, 0;
    %pushi/vec4 35, 0, 8;
    %ix/load 4, 24, 0;
    %flag_set/imm 4, 0;
    %store/vec4a v0000023d59a04850, 4, 0;
    %pushi/vec4 16, 0, 8;
    %ix/load 4, 25, 0;
    %flag_set/imm 4, 0;
    %store/vec4a v0000023d59a04850, 4, 0;
    %pushi/vec4 119, 0, 8;
    %ix/load 4, 26, 0;
    %flag_set/imm 4, 0;
    %store/vec4a v0000023d59a04850, 4, 0;
    %pushi/vec4 185, 0, 8;
    %ix/load 4, 27, 0;
    %flag_set/imm 4, 0;
    %store/vec4a v0000023d59a04850, 4, 0;
    %pushi/vec4 31, 0, 8;
    %ix/load 4, 28, 0;
    %flag_set/imm 4, 0;
    %store/vec4a v0000023d59a04850, 4, 0;
    %pushi/vec4 32, 0, 8;
    %ix/load 4, 29, 0;
    %flag_set/imm 4, 0;
    %store/vec4a v0000023d59a04850, 4, 0;
    %pushi/vec4 194, 0, 8;
    %ix/load 4, 30, 0;
    %flag_set/imm 4, 0;
    %store/vec4a v0000023d59a04850, 4, 0;
    %pushi/vec4 43, 0, 8;
    %ix/load 4, 31, 0;
    %flag_set/imm 4, 0;
    %store/vec4a v0000023d59a04850, 4, 0;
    %pushi/vec4 36, 0, 8;
    %ix/load 4, 32, 0;
    %flag_set/imm 4, 0;
    %store/vec4a v0000023d59a04850, 4, 0;
    %pushi/vec4 10, 0, 8;
    %ix/load 4, 33, 0;
    %flag_set/imm 4, 0;
    %store/vec4a v0000023d59a04850, 4, 0;
    %pushi/vec4 107, 0, 8;
    %ix/load 4, 34, 0;
    %flag_set/imm 4, 0;
    %store/vec4a v0000023d59a04850, 4, 0;
    %pushi/vec4 195, 0, 8;
    %ix/load 4, 35, 0;
    %flag_set/imm 4, 0;
    %store/vec4a v0000023d59a04850, 4, 0;
    %pushi/vec4 194, 0, 8;
    %ix/load 4, 36, 0;
    %flag_set/imm 4, 0;
    %store/vec4a v0000023d59a04850, 4, 0;
    %pushi/vec4 76, 0, 8;
    %ix/load 4, 37, 0;
    %flag_set/imm 4, 0;
    %store/vec4a v0000023d59a04850, 4, 0;
    %pushi/vec4 106, 0, 8;
    %ix/load 4, 38, 0;
    %flag_set/imm 4, 0;
    %store/vec4a v0000023d59a04850, 4, 0;
    %pushi/vec4 69, 0, 8;
    %ix/load 4, 39, 0;
    %flag_set/imm 4, 0;
    %store/vec4a v0000023d59a04850, 4, 0;
    %pushi/vec4 9, 0, 8;
    %ix/load 4, 40, 0;
    %flag_set/imm 4, 0;
    %store/vec4a v0000023d59a04850, 4, 0;
    %pushi/vec4 0, 0, 8;
    %ix/load 4, 41, 0;
    %flag_set/imm 4, 0;
    %store/vec4a v0000023d59a04850, 4, 0;
    %pushi/vec4 0, 0, 8;
    %ix/load 4, 42, 0;
    %flag_set/imm 4, 0;
    %store/vec4a v0000023d59a04850, 4, 0;
    %pushi/vec4 0, 0, 8;
    %ix/load 4, 43, 0;
    %flag_set/imm 4, 0;
    %store/vec4a v0000023d59a04850, 4, 0;
    %pushi/vec4 0, 0, 8;
    %ix/load 4, 44, 0;
    %flag_set/imm 4, 0;
    %store/vec4a v0000023d59a04850, 4, 0;
    %pushi/vec4 0, 0, 8;
    %ix/load 4, 45, 0;
    %flag_set/imm 4, 0;
    %store/vec4a v0000023d59a04850, 4, 0;
    %pushi/vec4 0, 0, 8;
    %ix/load 4, 46, 0;
    %flag_set/imm 4, 0;
    %store/vec4a v0000023d59a04850, 4, 0;
    %pushi/vec4 0, 0, 8;
    %ix/load 4, 47, 0;
    %flag_set/imm 4, 0;
    %store/vec4a v0000023d59a04850, 4, 0;
    %pushi/vec4 248, 0, 8;
    %ix/load 4, 48, 0;
    %flag_set/imm 4, 0;
    %store/vec4a v0000023d59a04850, 4, 0;
    %pushi/vec4 170, 0, 8;
    %ix/load 4, 49, 0;
    %flag_set/imm 4, 0;
    %store/vec4a v0000023d59a04850, 4, 0;
    %pushi/vec4 233, 0, 8;
    %ix/load 4, 50, 0;
    %flag_set/imm 4, 0;
    %store/vec4a v0000023d59a04850, 4, 0;
    %pushi/vec4 147, 0, 8;
    %ix/load 4, 51, 0;
    %flag_set/imm 4, 0;
    %store/vec4a v0000023d59a04850, 4, 0;
    %pushi/vec4 150, 0, 8;
    %ix/load 4, 52, 0;
    %flag_set/imm 4, 0;
    %store/vec4a v0000023d59a04850, 4, 0;
    %pushi/vec4 214, 0, 8;
    %ix/load 4, 53, 0;
    %flag_set/imm 4, 0;
    %store/vec4a v0000023d59a04850, 4, 0;
    %pushi/vec4 249, 0, 8;
    %ix/load 4, 54, 0;
    %flag_set/imm 4, 0;
    %store/vec4a v0000023d59a04850, 4, 0;
    %pushi/vec4 128, 0, 8;
    %ix/load 4, 55, 0;
    %flag_set/imm 4, 0;
    %store/vec4a v0000023d59a04850, 4, 0;
    %pushi/vec4 107, 0, 8;
    %ix/load 4, 56, 0;
    %flag_set/imm 4, 0;
    %store/vec4a v0000023d59a04850, 4, 0;
    %pushi/vec4 13, 0, 8;
    %ix/load 4, 57, 0;
    %flag_set/imm 4, 0;
    %store/vec4a v0000023d59a04850, 4, 0;
    %pushi/vec4 104, 0, 8;
    %ix/load 4, 58, 0;
    %flag_set/imm 4, 0;
    %store/vec4a v0000023d59a04850, 4, 0;
    %pushi/vec4 31, 0, 8;
    %ix/load 4, 59, 0;
    %flag_set/imm 4, 0;
    %store/vec4a v0000023d59a04850, 4, 0;
    %pushi/vec4 252, 0, 8;
    %ix/load 4, 60, 0;
    %flag_set/imm 4, 0;
    %store/vec4a v0000023d59a04850, 4, 0;
    %pushi/vec4 67, 0, 8;
    %ix/load 4, 61, 0;
    %flag_set/imm 4, 0;
    %store/vec4a v0000023d59a04850, 4, 0;
    %pushi/vec4 45, 0, 8;
    %ix/load 4, 62, 0;
    %flag_set/imm 4, 0;
    %store/vec4a v0000023d59a04850, 4, 0;
    %pushi/vec4 28, 0, 8;
    %ix/load 4, 63, 0;
    %flag_set/imm 4, 0;
    %store/vec4a v0000023d59a04850, 4, 0;
    %end;
    .thread T_9;
    .scope S_0000023d59956b20;
T_10 ;
    %wait E_0000023d599eaac0;
    %load/vec4 v0000023d59a588d0_0;
    %flag_set/vec4 8;
    %jmp/0xz  T_10.0, 8;
    %load/vec4 v0000023d59a58fb0_0;
    %cmpi/e 2, 0, 3;
    %jmp/0xz  T_10.2, 4;
    %load/vec4 v0000023d59a59410_0;
    %parti/s 8, 0, 2;
    %ix/getv 4, v0000023d59a592d0_0;
    %store/vec4a v0000023d59a04850, 4, 0;
    %load/vec4 v0000023d59a59410_0;
    %parti/s 8, 8, 5;
    %load/vec4 v0000023d59a592d0_0;
    %pad/u 65;
    %addi 1, 0, 65;
    %ix/vec4 4;
    %store/vec4a v0000023d59a04850, 4, 0;
    %load/vec4 v0000023d59a59410_0;
    %parti/s 8, 16, 6;
    %load/vec4 v0000023d59a592d0_0;
    %pad/u 65;
    %addi 2, 0, 65;
    %ix/vec4 4;
    %store/vec4a v0000023d59a04850, 4, 0;
    %load/vec4 v0000023d59a59410_0;
    %parti/s 8, 24, 6;
    %load/vec4 v0000023d59a592d0_0;
    %pad/u 65;
    %addi 3, 0, 65;
    %ix/vec4 4;
    %store/vec4a v0000023d59a04850, 4, 0;
    %jmp T_10.3;
T_10.2 ;
    %load/vec4 v0000023d59a58fb0_0;
    %cmpi/e 3, 0, 3;
    %jmp/0xz  T_10.4, 4;
    %load/vec4 v0000023d59a59410_0;
    %parti/s 8, 0, 2;
    %ix/getv 4, v0000023d59a592d0_0;
    %store/vec4a v0000023d59a04850, 4, 0;
    %load/vec4 v0000023d59a59410_0;
    %parti/s 8, 8, 5;
    %load/vec4 v0000023d59a592d0_0;
    %pad/u 65;
    %addi 1, 0, 65;
    %ix/vec4 4;
    %store/vec4a v0000023d59a04850, 4, 0;
    %load/vec4 v0000023d59a59410_0;
    %parti/s 8, 16, 6;
    %load/vec4 v0000023d59a592d0_0;
    %pad/u 65;
    %addi 2, 0, 65;
    %ix/vec4 4;
    %store/vec4a v0000023d59a04850, 4, 0;
    %load/vec4 v0000023d59a59410_0;
    %parti/s 8, 24, 6;
    %load/vec4 v0000023d59a592d0_0;
    %pad/u 65;
    %addi 3, 0, 65;
    %ix/vec4 4;
    %store/vec4a v0000023d59a04850, 4, 0;
    %load/vec4 v0000023d59a59410_0;
    %parti/s 8, 32, 7;
    %load/vec4 v0000023d59a592d0_0;
    %pad/u 65;
    %addi 4, 0, 65;
    %ix/vec4 4;
    %store/vec4a v0000023d59a04850, 4, 0;
    %load/vec4 v0000023d59a59410_0;
    %parti/s 8, 40, 7;
    %load/vec4 v0000023d59a592d0_0;
    %pad/u 65;
    %addi 5, 0, 65;
    %ix/vec4 4;
    %store/vec4a v0000023d59a04850, 4, 0;
    %load/vec4 v0000023d59a59410_0;
    %parti/s 8, 48, 7;
    %load/vec4 v0000023d59a592d0_0;
    %pad/u 65;
    %addi 6, 0, 65;
    %ix/vec4 4;
    %store/vec4a v0000023d59a04850, 4, 0;
    %load/vec4 v0000023d59a59410_0;
    %parti/s 8, 56, 7;
    %load/vec4 v0000023d59a592d0_0;
    %pad/u 65;
    %addi 7, 0, 65;
    %ix/vec4 4;
    %store/vec4a v0000023d59a04850, 4, 0;
T_10.4 ;
T_10.3 ;
T_10.0 ;
    %jmp T_10;
    .thread T_10;
    .scope S_0000023d59956b20;
T_11 ;
    %wait E_0000023d599ea900;
    %load/vec4 v0000023d59975df0_0;
    %flag_set/vec4 8;
    %jmp/0xz  T_11.0, 8;
    %load/vec4 v0000023d59a58fb0_0;
    %cmpi/e 2, 0, 3;
    %jmp/0xz  T_11.2, 4;
    %pushi/vec4 0, 0, 32;
    %load/vec4 v0000023d59a592d0_0;
    %pad/u 65;
    %addi 3, 0, 65;
    %ix/vec4 4;
    %load/vec4a v0000023d59a04850, 4;
    %concat/vec4; draw_concat_vec4
    %load/vec4 v0000023d59a592d0_0;
    %pad/u 65;
    %addi 2, 0, 65;
    %ix/vec4 4;
    %load/vec4a v0000023d59a04850, 4;
    %concat/vec4; draw_concat_vec4
    %load/vec4 v0000023d59a592d0_0;
    %pad/u 65;
    %addi 1, 0, 65;
    %ix/vec4 4;
    %load/vec4a v0000023d59a04850, 4;
    %concat/vec4; draw_concat_vec4
    %ix/getv 4, v0000023d59a592d0_0;
    %load/vec4a v0000023d59a04850, 4;
    %concat/vec4; draw_concat_vec4
    %store/vec4 v0000023d59a576b0_0, 0, 64;
    %jmp T_11.3;
T_11.2 ;
    %load/vec4 v0000023d59a58fb0_0;
    %cmpi/e 3, 0, 3;
    %jmp/0xz  T_11.4, 4;
    %load/vec4 v0000023d59a592d0_0;
    %pad/u 65;
    %addi 7, 0, 65;
    %ix/vec4 4;
    %load/vec4a v0000023d59a04850, 4;
    %load/vec4 v0000023d59a592d0_0;
    %pad/u 65;
    %addi 6, 0, 65;
    %ix/vec4 4;
    %load/vec4a v0000023d59a04850, 4;
    %concat/vec4; draw_concat_vec4
    %load/vec4 v0000023d59a592d0_0;
    %pad/u 65;
    %addi 5, 0, 65;
    %ix/vec4 4;
    %load/vec4a v0000023d59a04850, 4;
    %concat/vec4; draw_concat_vec4
    %load/vec4 v0000023d59a592d0_0;
    %pad/u 65;
    %addi 4, 0, 65;
    %ix/vec4 4;
    %load/vec4a v0000023d59a04850, 4;
    %concat/vec4; draw_concat_vec4
    %load/vec4 v0000023d59a592d0_0;
    %pad/u 65;
    %addi 3, 0, 65;
    %ix/vec4 4;
    %load/vec4a v0000023d59a04850, 4;
    %concat/vec4; draw_concat_vec4
    %load/vec4 v0000023d59a592d0_0;
    %pad/u 65;
    %addi 2, 0, 65;
    %ix/vec4 4;
    %load/vec4a v0000023d59a04850, 4;
    %concat/vec4; draw_concat_vec4
    %load/vec4 v0000023d59a592d0_0;
    %pad/u 65;
    %addi 1, 0, 65;
    %ix/vec4 4;
    %load/vec4a v0000023d59a04850, 4;
    %concat/vec4; draw_concat_vec4
    %ix/getv 4, v0000023d59a592d0_0;
    %load/vec4a v0000023d59a04850, 4;
    %concat/vec4; draw_concat_vec4
    %store/vec4 v0000023d59a576b0_0, 0, 64;
T_11.4 ;
T_11.3 ;
T_11.0 ;
    %pushi/vec4 0, 0, 32;
    %ix/load 4, 3, 0;
    %flag_set/imm 4, 0;
    %load/vec4a v0000023d59a04850, 4;
    %concat/vec4; draw_concat_vec4
    %ix/load 4, 2, 0;
    %flag_set/imm 4, 0;
    %load/vec4a v0000023d59a04850, 4;
    %concat/vec4; draw_concat_vec4
    %ix/load 4, 1, 0;
    %flag_set/imm 4, 0;
    %load/vec4a v0000023d59a04850, 4;
    %concat/vec4; draw_concat_vec4
    %ix/load 4, 0, 0;
    %flag_set/imm 4, 0;
    %load/vec4a v0000023d59a04850, 4;
    %concat/vec4; draw_concat_vec4
    %assign/vec4 v0000023d59a048f0_0, 0;
    %pushi/vec4 0, 0, 32;
    %ix/load 4, 7, 0;
    %flag_set/imm 4, 0;
    %load/vec4a v0000023d59a04850, 4;
    %concat/vec4; draw_concat_vec4
    %ix/load 4, 6, 0;
    %flag_set/imm 4, 0;
    %load/vec4a v0000023d59a04850, 4;
    %concat/vec4; draw_concat_vec4
    %ix/load 4, 5, 0;
    %flag_set/imm 4, 0;
    %load/vec4a v0000023d59a04850, 4;
    %concat/vec4; draw_concat_vec4
    %ix/load 4, 4, 0;
    %flag_set/imm 4, 0;
    %load/vec4a v0000023d59a04850, 4;
    %concat/vec4; draw_concat_vec4
    %assign/vec4 v0000023d59a04a30_0, 0;
    %pushi/vec4 0, 0, 32;
    %ix/load 4, 11, 0;
    %flag_set/imm 4, 0;
    %load/vec4a v0000023d59a04850, 4;
    %concat/vec4; draw_concat_vec4
    %ix/load 4, 10, 0;
    %flag_set/imm 4, 0;
    %load/vec4a v0000023d59a04850, 4;
    %concat/vec4; draw_concat_vec4
    %ix/load 4, 9, 0;
    %flag_set/imm 4, 0;
    %load/vec4a v0000023d59a04850, 4;
    %concat/vec4; draw_concat_vec4
    %ix/load 4, 8, 0;
    %flag_set/imm 4, 0;
    %load/vec4a v0000023d59a04850, 4;
    %concat/vec4; draw_concat_vec4
    %assign/vec4 v0000023d59a04ad0_0, 0;
    %pushi/vec4 0, 0, 32;
    %ix/load 4, 15, 0;
    %flag_set/imm 4, 0;
    %load/vec4a v0000023d59a04850, 4;
    %concat/vec4; draw_concat_vec4
    %ix/load 4, 14, 0;
    %flag_set/imm 4, 0;
    %load/vec4a v0000023d59a04850, 4;
    %concat/vec4; draw_concat_vec4
    %ix/load 4, 13, 0;
    %flag_set/imm 4, 0;
    %load/vec4a v0000023d59a04850, 4;
    %concat/vec4; draw_concat_vec4
    %ix/load 4, 12, 0;
    %flag_set/imm 4, 0;
    %load/vec4a v0000023d59a04850, 4;
    %concat/vec4; draw_concat_vec4
    %assign/vec4 v0000023d59a03270_0, 0;
    %pushi/vec4 0, 0, 32;
    %ix/load 4, 19, 0;
    %flag_set/imm 4, 0;
    %load/vec4a v0000023d59a04850, 4;
    %concat/vec4; draw_concat_vec4
    %ix/load 4, 18, 0;
    %flag_set/imm 4, 0;
    %load/vec4a v0000023d59a04850, 4;
    %concat/vec4; draw_concat_vec4
    %ix/load 4, 17, 0;
    %flag_set/imm 4, 0;
    %load/vec4a v0000023d59a04850, 4;
    %concat/vec4; draw_concat_vec4
    %ix/load 4, 16, 0;
    %flag_set/imm 4, 0;
    %load/vec4a v0000023d59a04850, 4;
    %concat/vec4; draw_concat_vec4
    %assign/vec4 v0000023d59a03630_0, 0;
    %pushi/vec4 0, 0, 32;
    %ix/load 4, 23, 0;
    %flag_set/imm 4, 0;
    %load/vec4a v0000023d59a04850, 4;
    %concat/vec4; draw_concat_vec4
    %ix/load 4, 22, 0;
    %flag_set/imm 4, 0;
    %load/vec4a v0000023d59a04850, 4;
    %concat/vec4; draw_concat_vec4
    %ix/load 4, 21, 0;
    %flag_set/imm 4, 0;
    %load/vec4a v0000023d59a04850, 4;
    %concat/vec4; draw_concat_vec4
    %ix/load 4, 20, 0;
    %flag_set/imm 4, 0;
    %load/vec4a v0000023d59a04850, 4;
    %concat/vec4; draw_concat_vec4
    %assign/vec4 v0000023d59a040d0_0, 0;
    %pushi/vec4 0, 0, 32;
    %ix/load 4, 27, 0;
    %flag_set/imm 4, 0;
    %load/vec4a v0000023d59a04850, 4;
    %concat/vec4; draw_concat_vec4
    %ix/load 4, 26, 0;
    %flag_set/imm 4, 0;
    %load/vec4a v0000023d59a04850, 4;
    %concat/vec4; draw_concat_vec4
    %ix/load 4, 25, 0;
    %flag_set/imm 4, 0;
    %load/vec4a v0000023d59a04850, 4;
    %concat/vec4; draw_concat_vec4
    %ix/load 4, 24, 0;
    %flag_set/imm 4, 0;
    %load/vec4a v0000023d59a04850, 4;
    %concat/vec4; draw_concat_vec4
    %assign/vec4 v0000023d59a04170_0, 0;
    %pushi/vec4 0, 0, 32;
    %ix/load 4, 31, 0;
    %flag_set/imm 4, 0;
    %load/vec4a v0000023d59a04850, 4;
    %concat/vec4; draw_concat_vec4
    %ix/load 4, 30, 0;
    %flag_set/imm 4, 0;
    %load/vec4a v0000023d59a04850, 4;
    %concat/vec4; draw_concat_vec4
    %ix/load 4, 29, 0;
    %flag_set/imm 4, 0;
    %load/vec4a v0000023d59a04850, 4;
    %concat/vec4; draw_concat_vec4
    %ix/load 4, 28, 0;
    %flag_set/imm 4, 0;
    %load/vec4a v0000023d59a04850, 4;
    %concat/vec4; draw_concat_vec4
    %assign/vec4 v0000023d59a033b0_0, 0;
    %pushi/vec4 0, 0, 32;
    %ix/load 4, 35, 0;
    %flag_set/imm 4, 0;
    %load/vec4a v0000023d59a04850, 4;
    %concat/vec4; draw_concat_vec4
    %ix/load 4, 34, 0;
    %flag_set/imm 4, 0;
    %load/vec4a v0000023d59a04850, 4;
    %concat/vec4; draw_concat_vec4
    %ix/load 4, 33, 0;
    %flag_set/imm 4, 0;
    %load/vec4a v0000023d59a04850, 4;
    %concat/vec4; draw_concat_vec4
    %ix/load 4, 32, 0;
    %flag_set/imm 4, 0;
    %load/vec4a v0000023d59a04850, 4;
    %concat/vec4; draw_concat_vec4
    %assign/vec4 v0000023d59a03450_0, 0;
    %pushi/vec4 0, 0, 32;
    %ix/load 4, 39, 0;
    %flag_set/imm 4, 0;
    %load/vec4a v0000023d59a04850, 4;
    %concat/vec4; draw_concat_vec4
    %ix/load 4, 38, 0;
    %flag_set/imm 4, 0;
    %load/vec4a v0000023d59a04850, 4;
    %concat/vec4; draw_concat_vec4
    %ix/load 4, 37, 0;
    %flag_set/imm 4, 0;
    %load/vec4a v0000023d59a04850, 4;
    %concat/vec4; draw_concat_vec4
    %ix/load 4, 36, 0;
    %flag_set/imm 4, 0;
    %load/vec4a v0000023d59a04850, 4;
    %concat/vec4; draw_concat_vec4
    %assign/vec4 v0000023d59a034f0_0, 0;
    %jmp T_11;
    .thread T_11, $push;
    .scope S_0000023d599696c0;
T_12 ;
    %wait E_0000023d599ea5c0;
    %load/vec4 v0000023d59a036d0_0;
    %flag_set/vec4 8;
    %jmp/0xz  T_12.0, 8;
    %load/vec4 v0000023d59a03db0_0;
    %load/vec4 v0000023d59a04030_0;
    %pushi/vec4 0, 0, 3;
    %cmp/e;
    %flag_get/vec4 4;
    %and;
    %flag_set/vec4 8;
    %jmp/0xz  T_12.2, 8;
    %pushi/vec4 1, 0, 1;
    %assign/vec4 v0000023d59a04670_0, 0;
    %pushi/vec4 0, 0, 1;
    %assign/vec4 v0000023d59a03130_0, 0;
    %pushi/vec4 0, 0, 1;
    %assign/vec4 v0000023d59a02ff0_0, 0;
    %pushi/vec4 0, 0, 1;
    %assign/vec4 v0000023d59a03c70_0, 0;
    %jmp T_12.3;
T_12.2 ;
    %load/vec4 v0000023d59a03db0_0;
    %inv;
    %load/vec4 v0000023d59a04030_0;
    %pushi/vec4 1, 0, 3;
    %cmp/e;
    %flag_get/vec4 4;
    %and;
    %flag_set/vec4 8;
    %jmp/0xz  T_12.4, 8;
    %pushi/vec4 1, 0, 1;
    %assign/vec4 v0000023d59a03130_0, 0;
    %pushi/vec4 0, 0, 1;
    %assign/vec4 v0000023d59a04670_0, 0;
    %pushi/vec4 0, 0, 1;
    %assign/vec4 v0000023d59a02ff0_0, 0;
    %pushi/vec4 0, 0, 1;
    %assign/vec4 v0000023d59a03c70_0, 0;
    %jmp T_12.5;
T_12.4 ;
    %load/vec4 v0000023d59a03d10_0;
    %load/vec4 v0000023d59a03db0_0;
    %or;
    %load/vec4 v0000023d59a04030_0;
    %pushi/vec4 5, 0, 3;
    %cmp/e;
    %flag_get/vec4 4;
    %and;
    %flag_set/vec4 8;
    %jmp/0xz  T_12.6, 8;
    %pushi/vec4 0, 0, 1;
    %assign/vec4 v0000023d59a03130_0, 0;
    %pushi/vec4 0, 0, 1;
    %assign/vec4 v0000023d59a04670_0, 0;
    %pushi/vec4 1, 0, 1;
    %assign/vec4 v0000023d59a02ff0_0, 0;
    %pushi/vec4 0, 0, 1;
    %assign/vec4 v0000023d59a03c70_0, 0;
    %jmp T_12.7;
T_12.6 ;
    %load/vec4 v0000023d59a03d10_0;
    %inv;
    %load/vec4 v0000023d59a03db0_0;
    %inv;
    %and;
    %load/vec4 v0000023d59a04030_0;
    %pushi/vec4 4, 0, 3;
    %cmp/e;
    %flag_get/vec4 4;
    %and;
    %flag_set/vec4 8;
    %jmp/0xz  T_12.8, 8;
    %pushi/vec4 0, 0, 1;
    %assign/vec4 v0000023d59a03130_0, 0;
    %pushi/vec4 0, 0, 1;
    %assign/vec4 v0000023d59a04670_0, 0;
    %pushi/vec4 1, 0, 1;
    %assign/vec4 v0000023d59a03c70_0, 0;
    %pushi/vec4 0, 0, 1;
    %assign/vec4 v0000023d59a02ff0_0, 0;
    %jmp T_12.9;
T_12.8 ;
    %pushi/vec4 0, 0, 1;
    %assign/vec4 v0000023d59a03130_0, 0;
    %pushi/vec4 0, 0, 1;
    %assign/vec4 v0000023d59a04670_0, 0;
    %pushi/vec4 0, 0, 1;
    %assign/vec4 v0000023d59a03c70_0, 0;
    %pushi/vec4 0, 0, 1;
    %assign/vec4 v0000023d59a02ff0_0, 0;
T_12.9 ;
T_12.7 ;
T_12.5 ;
T_12.3 ;
    %jmp T_12.1;
T_12.0 ;
    %pushi/vec4 0, 0, 1;
    %assign/vec4 v0000023d59a03130_0, 0;
    %pushi/vec4 0, 0, 1;
    %assign/vec4 v0000023d59a04670_0, 0;
    %pushi/vec4 0, 0, 1;
    %assign/vec4 v0000023d59a03c70_0, 0;
    %pushi/vec4 0, 0, 1;
    %assign/vec4 v0000023d59a02ff0_0, 0;
T_12.1 ;
    %load/vec4 v0000023d59a036d0_0;
    %load/vec4 v0000023d59a03130_0;
    %load/vec4 v0000023d59a04670_0;
    %or;
    %load/vec4 v0000023d59a03c70_0;
    %or;
    %load/vec4 v0000023d59a02ff0_0;
    %or;
    %and;
    %assign/vec4 v0000023d59a04c10_0, 0;
    %jmp T_12;
    .thread T_12, $push;
    .scope S_0000023d5999e900;
T_13 ;
    %pushi/vec4 0, 0, 1;
    %store/vec4 v0000023d59a61190_0, 0, 1;
    %end;
    .thread T_13;
    .scope S_0000023d5999e900;
T_14 ;
    %delay 5, 0;
    %load/vec4 v0000023d59a61190_0;
    %inv;
    %store/vec4 v0000023d59a61190_0, 0, 1;
    %jmp T_14;
    .thread T_14;
    .scope S_0000023d5999e900;
T_15 ;
    %pushi/vec4 1, 0, 1;
    %store/vec4 v0000023d59a61910_0, 0, 1;
    %delay 10, 0;
    %pushi/vec4 0, 0, 1;
    %store/vec4 v0000023d59a61910_0, 0, 1;
    %delay 4000, 0;
    %pushi/vec4 1, 0, 1;
    %store/vec4 v0000023d59a61910_0, 0, 1;
    %vpi_call 2 20 "$finish" {0 0 0};
    %end;
    .thread T_15;
    .scope S_0000023d5999e900;
T_16 ;
    %vpi_call 2 24 "$dumpfile", "tests.vcd" {0 0 0};
    %vpi_call 2 25 "$dumpvars", 32'sb00000000000000000000000000000011, S_0000023d5999e900 {0 0 0};
    %end;
    .thread T_16;
# The file index is used to find the file name in the following table.
:file_names 17;
    "N/A";
    "<interactive>";
    "tb.v";
    "./RISC_V_Processor.v";
    "./Adder.v";
    "./ALU_Control.v";
    "./ALU_64_bit.v";
    "./branch_module.v";
    "./Control_Unit.v";
    "./Data_Memory.v";
    "./Instruction_Memory.v";
    "./imm_data_gen.v";
    "./instruction.v";
    "./MUX.v";
    "./Program_Counter.v";
    "./registerFile.v";
    "./shift_left.v";
