#! /c/Source/iverilog-install/bin/vvp
:ivl_version "12.0 (devel)" "(s20150603-1110-g18392a46)";
:ivl_delay_selection "TYPICAL";
:vpi_time_precision + 0;
:vpi_module "D:\Program_Files\iverilog\lib\ivl\system.vpi";
:vpi_module "D:\Program_Files\iverilog\lib\ivl\vhdl_sys.vpi";
:vpi_module "D:\Program_Files\iverilog\lib\ivl\vhdl_textio.vpi";
:vpi_module "D:\Program_Files\iverilog\lib\ivl\v2005_math.vpi";
:vpi_module "D:\Program_Files\iverilog\lib\ivl\va_math.vpi";
S_0000029f2a736b50 .scope module, "Adder" "Adder" 2 1;
 .timescale 0 0;
    .port_info 0 /INPUT 64 "a";
    .port_info 1 /INPUT 64 "b";
    .port_info 2 /OUTPUT 64 "out";
o0000029f2a736ce8 .functor BUFZ 64, C4<zzzzzzzzzzzzzzzzzzzzzzzzzzzzzzzzzzzzzzzzzzzzzzzzzzzzzzzzzzzzzzzz>; HiZ drive
v0000029f2a702f70_0 .net "a", 63 0, o0000029f2a736ce8;  0 drivers
o0000029f2a736d18 .functor BUFZ 64, C4<zzzzzzzzzzzzzzzzzzzzzzzzzzzzzzzzzzzzzzzzzzzzzzzzzzzzzzzzzzzzzzzz>; HiZ drive
v0000029f2a7032e0_0 .net "b", 63 0, o0000029f2a736d18;  0 drivers
v0000029f2a702b70_0 .net "out", 63 0, L_0000029f2a732840;  1 drivers
L_0000029f2a732840 .arith/sum 64, o0000029f2a736ce8, o0000029f2a736d18;
# The file index is used to find the file name in the following table.
:file_names 3;
    "N/A";
    "<interactive>";
    "Adder.v";
