#! /c/Source/iverilog-install/bin/vvp
:ivl_version "12.0 (devel)" "(s20150603-1110-g18392a46)";
:ivl_delay_selection "TYPICAL";
:vpi_time_precision + 0;
:vpi_module "D:\Program_Files\iverilog\lib\ivl\system.vpi";
:vpi_module "D:\Program_Files\iverilog\lib\ivl\vhdl_sys.vpi";
:vpi_module "D:\Program_Files\iverilog\lib\ivl\vhdl_textio.vpi";
:vpi_module "D:\Program_Files\iverilog\lib\ivl\v2005_math.vpi";
:vpi_module "D:\Program_Files\iverilog\lib\ivl\va_math.vpi";
S_00000231bdc82880 .scope module, "ALU_Control" "ALU_Control" 2 1;
 .timescale 0 0;
    .port_info 0 /INPUT 2 "ALUOp";
    .port_info 1 /INPUT 4 "Funct";
    .port_info 2 /OUTPUT 4 "Operation";
o00000231bdcb6fd8 .functor BUFZ 2, C4<zz>; HiZ drive
v00000231bdc82f90_0 .net "ALUOp", 1 0, o00000231bdcb6fd8;  0 drivers
o00000231bdcb7008 .functor BUFZ 4, C4<zzzz>; HiZ drive
v00000231bdc83320_0 .net "Funct", 3 0, o00000231bdcb7008;  0 drivers
v00000231bdc82a10_0 .var "Operation", 3 0;
E_00000231bddfdb30 .event anyedge, v00000231bdc82f90_0, v00000231bdc83320_0;
    .scope S_00000231bdc82880;
T_0 ;
    %wait E_00000231bddfdb30;
    %load/vec4 v00000231bdc82f90_0;
    %cmpi/e 0, 0, 2;
    %jmp/0xz  T_0.0, 4;
    %pushi/vec4 2, 0, 4;
    %assign/vec4 v00000231bdc82a10_0, 0;
    %jmp T_0.1;
T_0.0 ;
    %load/vec4 v00000231bdc82f90_0;
    %cmpi/e 1, 0, 2;
    %jmp/0xz  T_0.2, 4;
    %pushi/vec4 6, 0, 4;
    %assign/vec4 v00000231bdc82a10_0, 0;
    %jmp T_0.3;
T_0.2 ;
    %load/vec4 v00000231bdc82f90_0;
    %cmpi/e 2, 0, 2;
    %jmp/0xz  T_0.4, 4;
    %load/vec4 v00000231bdc83320_0;
    %dup/vec4;
    %pushi/vec4 0, 0, 4;
    %cmp/u;
    %jmp/1 T_0.6, 6;
    %dup/vec4;
    %pushi/vec4 8, 0, 4;
    %cmp/u;
    %jmp/1 T_0.7, 6;
    %dup/vec4;
    %pushi/vec4 7, 0, 4;
    %cmp/u;
    %jmp/1 T_0.8, 6;
    %dup/vec4;
    %pushi/vec4 6, 0, 4;
    %cmp/u;
    %jmp/1 T_0.9, 6;
    %pushi/vec4 0, 0, 4;
    %assign/vec4 v00000231bdc82a10_0, 0;
    %jmp T_0.11;
T_0.6 ;
    %pushi/vec4 2, 0, 4;
    %assign/vec4 v00000231bdc82a10_0, 0;
    %jmp T_0.11;
T_0.7 ;
    %pushi/vec4 6, 0, 4;
    %assign/vec4 v00000231bdc82a10_0, 0;
    %jmp T_0.11;
T_0.8 ;
    %pushi/vec4 0, 0, 4;
    %assign/vec4 v00000231bdc82a10_0, 0;
    %jmp T_0.11;
T_0.9 ;
    %pushi/vec4 1, 0, 4;
    %assign/vec4 v00000231bdc82a10_0, 0;
    %jmp T_0.11;
T_0.11 ;
    %pop/vec4 1;
T_0.4 ;
T_0.3 ;
T_0.1 ;
    %jmp T_0;
    .thread T_0, $push;
# The file index is used to find the file name in the following table.
:file_names 3;
    "N/A";
    "<interactive>";
    "ALU_Control.v";
