#! /c/Source/iverilog-install/bin/vvp
:ivl_version "12.0 (devel)" "(s20150603-1110-g18392a46)";
:ivl_delay_selection "TYPICAL";
:vpi_time_precision + 0;
:vpi_module "D:\Program_Files\iverilog\lib\ivl\system.vpi";
:vpi_module "D:\Program_Files\iverilog\lib\ivl\vhdl_sys.vpi";
:vpi_module "D:\Program_Files\iverilog\lib\ivl\vhdl_textio.vpi";
:vpi_module "D:\Program_Files\iverilog\lib\ivl\v2005_math.vpi";
:vpi_module "D:\Program_Files\iverilog\lib\ivl\va_math.vpi";
S_00000273b48f2880 .scope module, "ALU_64_bit" "ALU_64_bit" 2 1;
 .timescale 0 0;
    .port_info 0 /INPUT 64 "a";
    .port_info 1 /INPUT 64 "b";
    .port_info 2 /INPUT 4 "ALUOp";
    .port_info 3 /OUTPUT 1 "Zero";
    .port_info 4 /OUTPUT 64 "Result";
o00000273b4926fb8 .functor BUFZ 4, C4<zzzz>; HiZ drive
v00000273b48f2f90_0 .net "ALUOp", 3 0, o00000273b4926fb8;  0 drivers
v00000273b48f3300_0 .var "Result", 63 0;
v00000273b48f2a10_0 .var "Zero", 0 0;
o00000273b4927048 .functor BUFZ 64, C4<zzzzzzzzzzzzzzzzzzzzzzzzzzzzzzzzzzzzzzzzzzzzzzzzzzzzzzzzzzzzzzzz>; HiZ drive
v00000273b48f2ab0_0 .net "a", 63 0, o00000273b4927048;  0 drivers
o00000273b4927078 .functor BUFZ 64, C4<zzzzzzzzzzzzzzzzzzzzzzzzzzzzzzzzzzzzzzzzzzzzzzzzzzzzzzzzzzzzzzzz>; HiZ drive
v00000273b48f2b50_0 .net "b", 63 0, o00000273b4927078;  0 drivers
E_00000273b4a7c600 .event anyedge, v00000273b48f2f90_0, v00000273b48f2ab0_0, v00000273b48f2b50_0, v00000273b48f3300_0;
    .scope S_00000273b48f2880;
T_0 ;
    %wait E_00000273b4a7c600;
    %load/vec4 v00000273b48f2f90_0;
    %cmpi/e 0, 0, 4;
    %jmp/0xz  T_0.0, 4;
    %load/vec4 v00000273b48f2ab0_0;
    %load/vec4 v00000273b48f2b50_0;
    %and;
    %store/vec4 v00000273b48f3300_0, 0, 64;
    %jmp T_0.1;
T_0.0 ;
    %load/vec4 v00000273b48f2f90_0;
    %cmpi/e 1, 0, 4;
    %jmp/0xz  T_0.2, 4;
    %load/vec4 v00000273b48f2ab0_0;
    %load/vec4 v00000273b48f2b50_0;
    %or;
    %store/vec4 v00000273b48f3300_0, 0, 64;
    %jmp T_0.3;
T_0.2 ;
    %load/vec4 v00000273b48f2f90_0;
    %cmpi/e 2, 0, 4;
    %jmp/0xz  T_0.4, 4;
    %load/vec4 v00000273b48f2ab0_0;
    %load/vec4 v00000273b48f2b50_0;
    %add;
    %store/vec4 v00000273b48f3300_0, 0, 64;
    %jmp T_0.5;
T_0.4 ;
    %load/vec4 v00000273b48f2f90_0;
    %cmpi/e 6, 0, 4;
    %jmp/0xz  T_0.6, 4;
    %load/vec4 v00000273b48f2ab0_0;
    %load/vec4 v00000273b48f2b50_0;
    %sub;
    %store/vec4 v00000273b48f3300_0, 0, 64;
    %jmp T_0.7;
T_0.6 ;
    %load/vec4 v00000273b48f2f90_0;
    %cmpi/e 12, 0, 4;
    %jmp/0xz  T_0.8, 4;
    %load/vec4 v00000273b48f2ab0_0;
    %load/vec4 v00000273b48f2b50_0;
    %or;
    %inv;
    %store/vec4 v00000273b48f3300_0, 0, 64;
T_0.8 ;
T_0.7 ;
T_0.5 ;
T_0.3 ;
T_0.1 ;
    %load/vec4 v00000273b48f3300_0;
    %cmpi/e 0, 0, 64;
    %jmp/0xz  T_0.10, 4;
    %pushi/vec4 1, 0, 1;
    %store/vec4 v00000273b48f2a10_0, 0, 1;
    %jmp T_0.11;
T_0.10 ;
    %pushi/vec4 0, 0, 1;
    %store/vec4 v00000273b48f2a10_0, 0, 1;
T_0.11 ;
    %jmp T_0;
    .thread T_0, $push;
# The file index is used to find the file name in the following table.
:file_names 3;
    "N/A";
    "<interactive>";
    "ALU_64_bit.v";
