#! /c/Source/iverilog-install/bin/vvp
:ivl_version "12.0 (devel)" "(s20150603-1110-g18392a46)";
:ivl_delay_selection "TYPICAL";
:vpi_time_precision + 0;
:vpi_module "D:\Program_Files\iverilog\lib\ivl\system.vpi";
:vpi_module "D:\Program_Files\iverilog\lib\ivl\vhdl_sys.vpi";
:vpi_module "D:\Program_Files\iverilog\lib\ivl\vhdl_textio.vpi";
:vpi_module "D:\Program_Files\iverilog\lib\ivl\v2005_math.vpi";
:vpi_module "D:\Program_Files\iverilog\lib\ivl\va_math.vpi";
S_000002098d862770 .scope module, "branch_module" "branch_module" 2 1;
 .timescale 0 0;
    .port_info 0 /INPUT 1 "zero";
    .port_info 1 /INPUT 1 "pos";
    .port_info 2 /INPUT 1 "branch";
    .port_info 3 /INPUT 3 "funct3";
    .port_info 4 /OUTPUT 1 "bne";
    .port_info 5 /OUTPUT 1 "beq";
    .port_info 6 /OUTPUT 1 "bge";
    .port_info 7 /OUTPUT 1 "blt";
    .port_info 8 /OUTPUT 1 "bgt";
    .port_info 9 /OUTPUT 1 "ble";
v000002098d8629b0_0 .var "beq", 0 0;
v000002098d862a50_0 .var "bge", 0 0;
v000002098d862af0_0 .var "bgt", 0 0;
v000002098d862b90_0 .var "ble", 0 0;
v000002098d84bbd0_0 .var "blt", 0 0;
v000002098d84bc70_0 .var "bne", 0 0;
o000002098d89b088 .functor BUFZ 1, C4<z>; HiZ drive
v000002098d84bd10_0 .net "branch", 0 0, o000002098d89b088;  0 drivers
o000002098d89b0b8 .functor BUFZ 3, C4<zzz>; HiZ drive
v000002098d84bdb0_0 .net "funct3", 2 0, o000002098d89b0b8;  0 drivers
o000002098d89b0e8 .functor BUFZ 1, C4<z>; HiZ drive
v000002098d84be50_0 .net "pos", 0 0, o000002098d89b0e8;  0 drivers
o000002098d89b118 .functor BUFZ 1, C4<z>; HiZ drive
v000002098d84bef0_0 .net "zero", 0 0, o000002098d89b118;  0 drivers
E_000002098d848210 .event anyedge, v000002098d84bd10_0, v000002098d84bef0_0, v000002098d84bdb0_0, v000002098d84be50_0;
    .scope S_000002098d862770;
T_0 ;
    %wait E_000002098d848210;
    %load/vec4 v000002098d84bd10_0;
    %flag_set/vec4 8;
    %jmp/0xz  T_0.0, 8;
    %load/vec4 v000002098d84bef0_0;
    %load/vec4 v000002098d84bdb0_0;
    %pushi/vec4 0, 0, 3;
    %cmp/e;
    %flag_get/vec4 4;
    %and;
    %flag_set/vec4 8;
    %jmp/0xz  T_0.2, 8;
    %pushi/vec4 1, 0, 1;
    %assign/vec4 v000002098d8629b0_0, 0;
    %pushi/vec4 0, 0, 1;
    %assign/vec4 v000002098d84bc70_0, 0;
    %pushi/vec4 0, 0, 1;
    %assign/vec4 v000002098d862a50_0, 0;
    %pushi/vec4 0, 0, 1;
    %assign/vec4 v000002098d84bbd0_0, 0;
    %jmp T_0.3;
T_0.2 ;
    %load/vec4 v000002098d84bef0_0;
    %inv;
    %load/vec4 v000002098d84bdb0_0;
    %pushi/vec4 1, 0, 3;
    %cmp/e;
    %flag_get/vec4 4;
    %and;
    %flag_set/vec4 8;
    %jmp/0xz  T_0.4, 8;
    %pushi/vec4 1, 0, 1;
    %assign/vec4 v000002098d84bc70_0, 0;
    %pushi/vec4 0, 0, 1;
    %assign/vec4 v000002098d8629b0_0, 0;
    %pushi/vec4 0, 0, 1;
    %assign/vec4 v000002098d862a50_0, 0;
    %pushi/vec4 0, 0, 1;
    %assign/vec4 v000002098d84bbd0_0, 0;
T_0.4 ;
T_0.3 ;
    %load/vec4 v000002098d84be50_0;
    %load/vec4 v000002098d84bef0_0;
    %or;
    %load/vec4 v000002098d84bdb0_0;
    %pushi/vec4 5, 0, 3;
    %cmp/e;
    %flag_get/vec4 4;
    %and;
    %flag_set/vec4 8;
    %jmp/0xz  T_0.6, 8;
    %pushi/vec4 0, 0, 1;
    %assign/vec4 v000002098d84bc70_0, 0;
    %pushi/vec4 0, 0, 1;
    %assign/vec4 v000002098d8629b0_0, 0;
    %pushi/vec4 1, 0, 1;
    %assign/vec4 v000002098d862a50_0, 0;
    %pushi/vec4 0, 0, 1;
    %assign/vec4 v000002098d84bbd0_0, 0;
    %jmp T_0.7;
T_0.6 ;
    %load/vec4 v000002098d84be50_0;
    %inv;
    %load/vec4 v000002098d84bef0_0;
    %inv;
    %and;
    %load/vec4 v000002098d84bdb0_0;
    %pushi/vec4 4, 0, 3;
    %cmp/e;
    %flag_get/vec4 4;
    %and;
    %flag_set/vec4 8;
    %jmp/0xz  T_0.8, 8;
    %pushi/vec4 0, 0, 1;
    %assign/vec4 v000002098d84bc70_0, 0;
    %pushi/vec4 0, 0, 1;
    %assign/vec4 v000002098d8629b0_0, 0;
    %pushi/vec4 1, 0, 1;
    %assign/vec4 v000002098d84bbd0_0, 0;
    %pushi/vec4 0, 0, 1;
    %assign/vec4 v000002098d862a50_0, 0;
    %jmp T_0.9;
T_0.8 ;
    %pushi/vec4 0, 0, 1;
    %assign/vec4 v000002098d84bc70_0, 0;
    %pushi/vec4 0, 0, 1;
    %assign/vec4 v000002098d8629b0_0, 0;
    %pushi/vec4 0, 0, 1;
    %assign/vec4 v000002098d84bbd0_0, 0;
    %pushi/vec4 0, 0, 1;
    %assign/vec4 v000002098d862a50_0, 0;
T_0.9 ;
T_0.7 ;
    %jmp T_0.1;
T_0.0 ;
    %pushi/vec4 0, 0, 1;
    %assign/vec4 v000002098d84bc70_0, 0;
    %pushi/vec4 0, 0, 1;
    %assign/vec4 v000002098d8629b0_0, 0;
T_0.1 ;
    %jmp T_0;
    .thread T_0, $push;
# The file index is used to find the file name in the following table.
:file_names 3;
    "N/A";
    "<interactive>";
    "branch_module.v";
