#! /c/Source/iverilog-install/bin/vvp
:ivl_version "12.0 (devel)" "(s20150603-1110-g18392a46)";
:ivl_delay_selection "TYPICAL";
:vpi_time_precision + 0;
:vpi_module "D:\Program_Files\iverilog\lib\ivl\system.vpi";
:vpi_module "D:\Program_Files\iverilog\lib\ivl\vhdl_sys.vpi";
:vpi_module "D:\Program_Files\iverilog\lib\ivl\vhdl_textio.vpi";
:vpi_module "D:\Program_Files\iverilog\lib\ivl\v2005_math.vpi";
:vpi_module "D:\Program_Files\iverilog\lib\ivl\va_math.vpi";
S_0000019cd10a4590 .scope module, "Data_Memory" "Data_Memory" 2 1;
 .timescale 0 0;
    .port_info 0 /INPUT 1 "clk";
    .port_info 1 /INPUT 64 "Mem_Addr";
    .port_info 2 /INPUT 64 "Write_Data";
    .port_info 3 /INPUT 1 "MemWrite";
    .port_info 4 /INPUT 1 "MemRead";
    .port_info 5 /OUTPUT 64 "Read_Data";
    .port_info 6 /OUTPUT 64 "Index_0";
    .port_info 7 /OUTPUT 64 "Index_1";
    .port_info 8 /OUTPUT 64 "Index_2";
    .port_info 9 /OUTPUT 64 "Index_3";
    .port_info 10 /OUTPUT 64 "Index_4";
    .port_info 11 /OUTPUT 64 "Index_5";
    .port_info 12 /OUTPUT 64 "Index_6";
    .port_info 13 /OUTPUT 64 "Index_7";
    .port_info 14 /OUTPUT 64 "Index_8";
    .port_info 15 /OUTPUT 64 "Index_9";
    .port_info 16 /INPUT 3 "funct3";
v0000019cd1072e40 .array "DMem", 0 63, 7 0;
v0000019cd1072ba0_0 .var "Index_0", 63 0;
v0000019cd10a4720_0 .var "Index_1", 63 0;
v0000019cd109fa20_0 .var "Index_2", 63 0;
v0000019cd1124030_0 .var "Index_3", 63 0;
v0000019cd11240d0_0 .var "Index_4", 63 0;
v0000019cd1124170_0 .var "Index_5", 63 0;
v0000019cd1124210_0 .var "Index_6", 63 0;
v0000019cd11242b0_0 .var "Index_7", 63 0;
v0000019cd1124350_0 .var "Index_8", 63 0;
v0000019cd11243f0_0 .var "Index_9", 63 0;
o0000019cd10cda58 .functor BUFZ 1, C4<z>; HiZ drive
v0000019cd1124490_0 .net "MemRead", 0 0, o0000019cd10cda58;  0 drivers
o0000019cd10cda88 .functor BUFZ 1, C4<z>; HiZ drive
v0000019cd1124530_0 .net "MemWrite", 0 0, o0000019cd10cda88;  0 drivers
o0000019cd10cdab8 .functor BUFZ 64, C4<zzzzzzzzzzzzzzzzzzzzzzzzzzzzzzzzzzzzzzzzzzzzzzzzzzzzzzzzzzzzzzzz>; HiZ drive
v0000019cd11245d0_0 .net "Mem_Addr", 63 0, o0000019cd10cdab8;  0 drivers
v0000019cd1125340_0 .var "Read_Data", 63 0;
o0000019cd10cdb18 .functor BUFZ 64, C4<zzzzzzzzzzzzzzzzzzzzzzzzzzzzzzzzzzzzzzzzzzzzzzzzzzzzzzzzzzzzzzzz>; HiZ drive
v0000019cd1124bc0_0 .net "Write_Data", 63 0, o0000019cd10cdb18;  0 drivers
o0000019cd10cdb48 .functor BUFZ 1, C4<z>; HiZ drive
v0000019cd11248a0_0 .net "clk", 0 0, o0000019cd10cdb48;  0 drivers
o0000019cd10cdb78 .functor BUFZ 3, C4<zzz>; HiZ drive
v0000019cd11250c0_0 .net "funct3", 2 0, o0000019cd10cdb78;  0 drivers
v0000019cd1072e40_0 .array/port v0000019cd1072e40, 0;
E_0000019cd10a2950/0 .event anyedge, v0000019cd1124490_0, v0000019cd11250c0_0, v0000019cd11245d0_0, v0000019cd1072e40_0;
v0000019cd1072e40_1 .array/port v0000019cd1072e40, 1;
v0000019cd1072e40_2 .array/port v0000019cd1072e40, 2;
v0000019cd1072e40_3 .array/port v0000019cd1072e40, 3;
v0000019cd1072e40_4 .array/port v0000019cd1072e40, 4;
E_0000019cd10a2950/1 .event anyedge, v0000019cd1072e40_1, v0000019cd1072e40_2, v0000019cd1072e40_3, v0000019cd1072e40_4;
v0000019cd1072e40_5 .array/port v0000019cd1072e40, 5;
v0000019cd1072e40_6 .array/port v0000019cd1072e40, 6;
v0000019cd1072e40_7 .array/port v0000019cd1072e40, 7;
v0000019cd1072e40_8 .array/port v0000019cd1072e40, 8;
E_0000019cd10a2950/2 .event anyedge, v0000019cd1072e40_5, v0000019cd1072e40_6, v0000019cd1072e40_7, v0000019cd1072e40_8;
v0000019cd1072e40_9 .array/port v0000019cd1072e40, 9;
v0000019cd1072e40_10 .array/port v0000019cd1072e40, 10;
v0000019cd1072e40_11 .array/port v0000019cd1072e40, 11;
v0000019cd1072e40_12 .array/port v0000019cd1072e40, 12;
E_0000019cd10a2950/3 .event anyedge, v0000019cd1072e40_9, v0000019cd1072e40_10, v0000019cd1072e40_11, v0000019cd1072e40_12;
v0000019cd1072e40_13 .array/port v0000019cd1072e40, 13;
v0000019cd1072e40_14 .array/port v0000019cd1072e40, 14;
v0000019cd1072e40_15 .array/port v0000019cd1072e40, 15;
v0000019cd1072e40_16 .array/port v0000019cd1072e40, 16;
E_0000019cd10a2950/4 .event anyedge, v0000019cd1072e40_13, v0000019cd1072e40_14, v0000019cd1072e40_15, v0000019cd1072e40_16;
v0000019cd1072e40_17 .array/port v0000019cd1072e40, 17;
v0000019cd1072e40_18 .array/port v0000019cd1072e40, 18;
v0000019cd1072e40_19 .array/port v0000019cd1072e40, 19;
v0000019cd1072e40_20 .array/port v0000019cd1072e40, 20;
E_0000019cd10a2950/5 .event anyedge, v0000019cd1072e40_17, v0000019cd1072e40_18, v0000019cd1072e40_19, v0000019cd1072e40_20;
v0000019cd1072e40_21 .array/port v0000019cd1072e40, 21;
v0000019cd1072e40_22 .array/port v0000019cd1072e40, 22;
v0000019cd1072e40_23 .array/port v0000019cd1072e40, 23;
v0000019cd1072e40_24 .array/port v0000019cd1072e40, 24;
E_0000019cd10a2950/6 .event anyedge, v0000019cd1072e40_21, v0000019cd1072e40_22, v0000019cd1072e40_23, v0000019cd1072e40_24;
v0000019cd1072e40_25 .array/port v0000019cd1072e40, 25;
v0000019cd1072e40_26 .array/port v0000019cd1072e40, 26;
v0000019cd1072e40_27 .array/port v0000019cd1072e40, 27;
v0000019cd1072e40_28 .array/port v0000019cd1072e40, 28;
E_0000019cd10a2950/7 .event anyedge, v0000019cd1072e40_25, v0000019cd1072e40_26, v0000019cd1072e40_27, v0000019cd1072e40_28;
v0000019cd1072e40_29 .array/port v0000019cd1072e40, 29;
v0000019cd1072e40_30 .array/port v0000019cd1072e40, 30;
v0000019cd1072e40_31 .array/port v0000019cd1072e40, 31;
v0000019cd1072e40_32 .array/port v0000019cd1072e40, 32;
E_0000019cd10a2950/8 .event anyedge, v0000019cd1072e40_29, v0000019cd1072e40_30, v0000019cd1072e40_31, v0000019cd1072e40_32;
v0000019cd1072e40_33 .array/port v0000019cd1072e40, 33;
v0000019cd1072e40_34 .array/port v0000019cd1072e40, 34;
v0000019cd1072e40_35 .array/port v0000019cd1072e40, 35;
v0000019cd1072e40_36 .array/port v0000019cd1072e40, 36;
E_0000019cd10a2950/9 .event anyedge, v0000019cd1072e40_33, v0000019cd1072e40_34, v0000019cd1072e40_35, v0000019cd1072e40_36;
v0000019cd1072e40_37 .array/port v0000019cd1072e40, 37;
v0000019cd1072e40_38 .array/port v0000019cd1072e40, 38;
v0000019cd1072e40_39 .array/port v0000019cd1072e40, 39;
v0000019cd1072e40_40 .array/port v0000019cd1072e40, 40;
E_0000019cd10a2950/10 .event anyedge, v0000019cd1072e40_37, v0000019cd1072e40_38, v0000019cd1072e40_39, v0000019cd1072e40_40;
v0000019cd1072e40_41 .array/port v0000019cd1072e40, 41;
v0000019cd1072e40_42 .array/port v0000019cd1072e40, 42;
v0000019cd1072e40_43 .array/port v0000019cd1072e40, 43;
v0000019cd1072e40_44 .array/port v0000019cd1072e40, 44;
E_0000019cd10a2950/11 .event anyedge, v0000019cd1072e40_41, v0000019cd1072e40_42, v0000019cd1072e40_43, v0000019cd1072e40_44;
v0000019cd1072e40_45 .array/port v0000019cd1072e40, 45;
v0000019cd1072e40_46 .array/port v0000019cd1072e40, 46;
v0000019cd1072e40_47 .array/port v0000019cd1072e40, 47;
v0000019cd1072e40_48 .array/port v0000019cd1072e40, 48;
E_0000019cd10a2950/12 .event anyedge, v0000019cd1072e40_45, v0000019cd1072e40_46, v0000019cd1072e40_47, v0000019cd1072e40_48;
v0000019cd1072e40_49 .array/port v0000019cd1072e40, 49;
v0000019cd1072e40_50 .array/port v0000019cd1072e40, 50;
v0000019cd1072e40_51 .array/port v0000019cd1072e40, 51;
v0000019cd1072e40_52 .array/port v0000019cd1072e40, 52;
E_0000019cd10a2950/13 .event anyedge, v0000019cd1072e40_49, v0000019cd1072e40_50, v0000019cd1072e40_51, v0000019cd1072e40_52;
v0000019cd1072e40_53 .array/port v0000019cd1072e40, 53;
v0000019cd1072e40_54 .array/port v0000019cd1072e40, 54;
v0000019cd1072e40_55 .array/port v0000019cd1072e40, 55;
v0000019cd1072e40_56 .array/port v0000019cd1072e40, 56;
E_0000019cd10a2950/14 .event anyedge, v0000019cd1072e40_53, v0000019cd1072e40_54, v0000019cd1072e40_55, v0000019cd1072e40_56;
v0000019cd1072e40_57 .array/port v0000019cd1072e40, 57;
v0000019cd1072e40_58 .array/port v0000019cd1072e40, 58;
v0000019cd1072e40_59 .array/port v0000019cd1072e40, 59;
v0000019cd1072e40_60 .array/port v0000019cd1072e40, 60;
E_0000019cd10a2950/15 .event anyedge, v0000019cd1072e40_57, v0000019cd1072e40_58, v0000019cd1072e40_59, v0000019cd1072e40_60;
v0000019cd1072e40_61 .array/port v0000019cd1072e40, 61;
v0000019cd1072e40_62 .array/port v0000019cd1072e40, 62;
v0000019cd1072e40_63 .array/port v0000019cd1072e40, 63;
E_0000019cd10a2950/16 .event anyedge, v0000019cd1072e40_61, v0000019cd1072e40_62, v0000019cd1072e40_63;
E_0000019cd10a2950 .event/or E_0000019cd10a2950/0, E_0000019cd10a2950/1, E_0000019cd10a2950/2, E_0000019cd10a2950/3, E_0000019cd10a2950/4, E_0000019cd10a2950/5, E_0000019cd10a2950/6, E_0000019cd10a2950/7, E_0000019cd10a2950/8, E_0000019cd10a2950/9, E_0000019cd10a2950/10, E_0000019cd10a2950/11, E_0000019cd10a2950/12, E_0000019cd10a2950/13, E_0000019cd10a2950/14, E_0000019cd10a2950/15, E_0000019cd10a2950/16;
E_0000019cd10a2d50 .event posedge, v0000019cd11248a0_0;
    .scope S_0000019cd10a4590;
T_0 ;
    %pushi/vec4 235, 0, 8;
    %ix/load 4, 0, 0;
    %flag_set/imm 4, 0;
    %store/vec4a v0000019cd1072e40, 4, 0;
    %pushi/vec4 18, 0, 8;
    %ix/load 4, 1, 0;
    %flag_set/imm 4, 0;
    %store/vec4a v0000019cd1072e40, 4, 0;
    %pushi/vec4 120, 0, 8;
    %ix/load 4, 2, 0;
    %flag_set/imm 4, 0;
    %store/vec4a v0000019cd1072e40, 4, 0;
    %pushi/vec4 79, 0, 8;
    %ix/load 4, 3, 0;
    %flag_set/imm 4, 0;
    %store/vec4a v0000019cd1072e40, 4, 0;
    %pushi/vec4 72, 0, 8;
    %ix/load 4, 4, 0;
    %flag_set/imm 4, 0;
    %store/vec4a v0000019cd1072e40, 4, 0;
    %pushi/vec4 182, 0, 8;
    %ix/load 4, 5, 0;
    %flag_set/imm 4, 0;
    %store/vec4a v0000019cd1072e40, 4, 0;
    %pushi/vec4 69, 0, 8;
    %ix/load 4, 6, 0;
    %flag_set/imm 4, 0;
    %store/vec4a v0000019cd1072e40, 4, 0;
    %pushi/vec4 254, 0, 8;
    %ix/load 4, 7, 0;
    %flag_set/imm 4, 0;
    %store/vec4a v0000019cd1072e40, 4, 0;
    %pushi/vec4 48, 0, 8;
    %ix/load 4, 8, 0;
    %flag_set/imm 4, 0;
    %store/vec4a v0000019cd1072e40, 4, 0;
    %pushi/vec4 16, 0, 8;
    %ix/load 4, 9, 0;
    %flag_set/imm 4, 0;
    %store/vec4a v0000019cd1072e40, 4, 0;
    %pushi/vec4 17, 0, 8;
    %ix/load 4, 10, 0;
    %flag_set/imm 4, 0;
    %store/vec4a v0000019cd1072e40, 4, 0;
    %pushi/vec4 5, 0, 8;
    %ix/load 4, 11, 0;
    %flag_set/imm 4, 0;
    %store/vec4a v0000019cd1072e40, 4, 0;
    %pushi/vec4 194, 0, 8;
    %ix/load 4, 12, 0;
    %flag_set/imm 4, 0;
    %store/vec4a v0000019cd1072e40, 4, 0;
    %pushi/vec4 223, 0, 8;
    %ix/load 4, 13, 0;
    %flag_set/imm 4, 0;
    %store/vec4a v0000019cd1072e40, 4, 0;
    %pushi/vec4 98, 0, 8;
    %ix/load 4, 14, 0;
    %flag_set/imm 4, 0;
    %store/vec4a v0000019cd1072e40, 4, 0;
    %pushi/vec4 135, 0, 8;
    %ix/load 4, 15, 0;
    %flag_set/imm 4, 0;
    %store/vec4a v0000019cd1072e40, 4, 0;
    %pushi/vec4 53, 0, 8;
    %ix/load 4, 16, 0;
    %flag_set/imm 4, 0;
    %store/vec4a v0000019cd1072e40, 4, 0;
    %pushi/vec4 59, 0, 8;
    %ix/load 4, 17, 0;
    %flag_set/imm 4, 0;
    %store/vec4a v0000019cd1072e40, 4, 0;
    %pushi/vec4 81, 0, 8;
    %ix/load 4, 18, 0;
    %flag_set/imm 4, 0;
    %store/vec4a v0000019cd1072e40, 4, 0;
    %pushi/vec4 95, 0, 8;
    %ix/load 4, 19, 0;
    %flag_set/imm 4, 0;
    %store/vec4a v0000019cd1072e40, 4, 0;
    %pushi/vec4 57, 0, 8;
    %ix/load 4, 20, 0;
    %flag_set/imm 4, 0;
    %store/vec4a v0000019cd1072e40, 4, 0;
    %pushi/vec4 125, 0, 8;
    %ix/load 4, 21, 0;
    %flag_set/imm 4, 0;
    %store/vec4a v0000019cd1072e40, 4, 0;
    %pushi/vec4 166, 0, 8;
    %ix/load 4, 22, 0;
    %flag_set/imm 4, 0;
    %store/vec4a v0000019cd1072e40, 4, 0;
    %pushi/vec4 5, 0, 8;
    %ix/load 4, 23, 0;
    %flag_set/imm 4, 0;
    %store/vec4a v0000019cd1072e40, 4, 0;
    %pushi/vec4 35, 0, 8;
    %ix/load 4, 24, 0;
    %flag_set/imm 4, 0;
    %store/vec4a v0000019cd1072e40, 4, 0;
    %pushi/vec4 16, 0, 8;
    %ix/load 4, 25, 0;
    %flag_set/imm 4, 0;
    %store/vec4a v0000019cd1072e40, 4, 0;
    %pushi/vec4 119, 0, 8;
    %ix/load 4, 26, 0;
    %flag_set/imm 4, 0;
    %store/vec4a v0000019cd1072e40, 4, 0;
    %pushi/vec4 185, 0, 8;
    %ix/load 4, 27, 0;
    %flag_set/imm 4, 0;
    %store/vec4a v0000019cd1072e40, 4, 0;
    %pushi/vec4 31, 0, 8;
    %ix/load 4, 28, 0;
    %flag_set/imm 4, 0;
    %store/vec4a v0000019cd1072e40, 4, 0;
    %pushi/vec4 32, 0, 8;
    %ix/load 4, 29, 0;
    %flag_set/imm 4, 0;
    %store/vec4a v0000019cd1072e40, 4, 0;
    %pushi/vec4 194, 0, 8;
    %ix/load 4, 30, 0;
    %flag_set/imm 4, 0;
    %store/vec4a v0000019cd1072e40, 4, 0;
    %pushi/vec4 43, 0, 8;
    %ix/load 4, 31, 0;
    %flag_set/imm 4, 0;
    %store/vec4a v0000019cd1072e40, 4, 0;
    %pushi/vec4 36, 0, 8;
    %ix/load 4, 32, 0;
    %flag_set/imm 4, 0;
    %store/vec4a v0000019cd1072e40, 4, 0;
    %pushi/vec4 10, 0, 8;
    %ix/load 4, 33, 0;
    %flag_set/imm 4, 0;
    %store/vec4a v0000019cd1072e40, 4, 0;
    %pushi/vec4 107, 0, 8;
    %ix/load 4, 34, 0;
    %flag_set/imm 4, 0;
    %store/vec4a v0000019cd1072e40, 4, 0;
    %pushi/vec4 195, 0, 8;
    %ix/load 4, 35, 0;
    %flag_set/imm 4, 0;
    %store/vec4a v0000019cd1072e40, 4, 0;
    %pushi/vec4 194, 0, 8;
    %ix/load 4, 36, 0;
    %flag_set/imm 4, 0;
    %store/vec4a v0000019cd1072e40, 4, 0;
    %pushi/vec4 76, 0, 8;
    %ix/load 4, 37, 0;
    %flag_set/imm 4, 0;
    %store/vec4a v0000019cd1072e40, 4, 0;
    %pushi/vec4 106, 0, 8;
    %ix/load 4, 38, 0;
    %flag_set/imm 4, 0;
    %store/vec4a v0000019cd1072e40, 4, 0;
    %pushi/vec4 69, 0, 8;
    %ix/load 4, 39, 0;
    %flag_set/imm 4, 0;
    %store/vec4a v0000019cd1072e40, 4, 0;
    %pushi/vec4 9, 0, 8;
    %ix/load 4, 40, 0;
    %flag_set/imm 4, 0;
    %store/vec4a v0000019cd1072e40, 4, 0;
    %pushi/vec4 0, 0, 8;
    %ix/load 4, 41, 0;
    %flag_set/imm 4, 0;
    %store/vec4a v0000019cd1072e40, 4, 0;
    %pushi/vec4 0, 0, 8;
    %ix/load 4, 42, 0;
    %flag_set/imm 4, 0;
    %store/vec4a v0000019cd1072e40, 4, 0;
    %pushi/vec4 0, 0, 8;
    %ix/load 4, 43, 0;
    %flag_set/imm 4, 0;
    %store/vec4a v0000019cd1072e40, 4, 0;
    %pushi/vec4 0, 0, 8;
    %ix/load 4, 44, 0;
    %flag_set/imm 4, 0;
    %store/vec4a v0000019cd1072e40, 4, 0;
    %pushi/vec4 0, 0, 8;
    %ix/load 4, 45, 0;
    %flag_set/imm 4, 0;
    %store/vec4a v0000019cd1072e40, 4, 0;
    %pushi/vec4 0, 0, 8;
    %ix/load 4, 46, 0;
    %flag_set/imm 4, 0;
    %store/vec4a v0000019cd1072e40, 4, 0;
    %pushi/vec4 0, 0, 8;
    %ix/load 4, 47, 0;
    %flag_set/imm 4, 0;
    %store/vec4a v0000019cd1072e40, 4, 0;
    %pushi/vec4 248, 0, 8;
    %ix/load 4, 48, 0;
    %flag_set/imm 4, 0;
    %store/vec4a v0000019cd1072e40, 4, 0;
    %pushi/vec4 170, 0, 8;
    %ix/load 4, 49, 0;
    %flag_set/imm 4, 0;
    %store/vec4a v0000019cd1072e40, 4, 0;
    %pushi/vec4 233, 0, 8;
    %ix/load 4, 50, 0;
    %flag_set/imm 4, 0;
    %store/vec4a v0000019cd1072e40, 4, 0;
    %pushi/vec4 147, 0, 8;
    %ix/load 4, 51, 0;
    %flag_set/imm 4, 0;
    %store/vec4a v0000019cd1072e40, 4, 0;
    %pushi/vec4 150, 0, 8;
    %ix/load 4, 52, 0;
    %flag_set/imm 4, 0;
    %store/vec4a v0000019cd1072e40, 4, 0;
    %pushi/vec4 214, 0, 8;
    %ix/load 4, 53, 0;
    %flag_set/imm 4, 0;
    %store/vec4a v0000019cd1072e40, 4, 0;
    %pushi/vec4 249, 0, 8;
    %ix/load 4, 54, 0;
    %flag_set/imm 4, 0;
    %store/vec4a v0000019cd1072e40, 4, 0;
    %pushi/vec4 128, 0, 8;
    %ix/load 4, 55, 0;
    %flag_set/imm 4, 0;
    %store/vec4a v0000019cd1072e40, 4, 0;
    %pushi/vec4 107, 0, 8;
    %ix/load 4, 56, 0;
    %flag_set/imm 4, 0;
    %store/vec4a v0000019cd1072e40, 4, 0;
    %pushi/vec4 13, 0, 8;
    %ix/load 4, 57, 0;
    %flag_set/imm 4, 0;
    %store/vec4a v0000019cd1072e40, 4, 0;
    %pushi/vec4 104, 0, 8;
    %ix/load 4, 58, 0;
    %flag_set/imm 4, 0;
    %store/vec4a v0000019cd1072e40, 4, 0;
    %pushi/vec4 31, 0, 8;
    %ix/load 4, 59, 0;
    %flag_set/imm 4, 0;
    %store/vec4a v0000019cd1072e40, 4, 0;
    %pushi/vec4 252, 0, 8;
    %ix/load 4, 60, 0;
    %flag_set/imm 4, 0;
    %store/vec4a v0000019cd1072e40, 4, 0;
    %pushi/vec4 67, 0, 8;
    %ix/load 4, 61, 0;
    %flag_set/imm 4, 0;
    %store/vec4a v0000019cd1072e40, 4, 0;
    %pushi/vec4 45, 0, 8;
    %ix/load 4, 62, 0;
    %flag_set/imm 4, 0;
    %store/vec4a v0000019cd1072e40, 4, 0;
    %pushi/vec4 28, 0, 8;
    %ix/load 4, 63, 0;
    %flag_set/imm 4, 0;
    %store/vec4a v0000019cd1072e40, 4, 0;
    %end;
    .thread T_0;
    .scope S_0000019cd10a4590;
T_1 ;
    %wait E_0000019cd10a2d50;
    %load/vec4 v0000019cd1124530_0;
    %flag_set/vec4 8;
    %jmp/0xz  T_1.0, 8;
    %load/vec4 v0000019cd11250c0_0;
    %cmpi/e 2, 0, 3;
    %jmp/0xz  T_1.2, 4;
    %load/vec4 v0000019cd1124bc0_0;
    %parti/s 8, 0, 2;
    %ix/getv 4, v0000019cd11245d0_0;
    %store/vec4a v0000019cd1072e40, 4, 0;
    %load/vec4 v0000019cd1124bc0_0;
    %parti/s 8, 8, 5;
    %load/vec4 v0000019cd11245d0_0;
    %pad/u 65;
    %addi 1, 0, 65;
    %ix/vec4 4;
    %store/vec4a v0000019cd1072e40, 4, 0;
    %load/vec4 v0000019cd1124bc0_0;
    %parti/s 8, 16, 6;
    %load/vec4 v0000019cd11245d0_0;
    %pad/u 65;
    %addi 2, 0, 65;
    %ix/vec4 4;
    %store/vec4a v0000019cd1072e40, 4, 0;
    %load/vec4 v0000019cd1124bc0_0;
    %parti/s 8, 24, 6;
    %load/vec4 v0000019cd11245d0_0;
    %pad/u 65;
    %addi 3, 0, 65;
    %ix/vec4 4;
    %store/vec4a v0000019cd1072e40, 4, 0;
    %jmp T_1.3;
T_1.2 ;
    %load/vec4 v0000019cd11250c0_0;
    %cmpi/e 3, 0, 3;
    %jmp/0xz  T_1.4, 4;
    %load/vec4 v0000019cd1124bc0_0;
    %parti/s 8, 0, 2;
    %ix/getv 4, v0000019cd11245d0_0;
    %store/vec4a v0000019cd1072e40, 4, 0;
    %load/vec4 v0000019cd1124bc0_0;
    %parti/s 8, 8, 5;
    %load/vec4 v0000019cd11245d0_0;
    %pad/u 65;
    %addi 1, 0, 65;
    %ix/vec4 4;
    %store/vec4a v0000019cd1072e40, 4, 0;
    %load/vec4 v0000019cd1124bc0_0;
    %parti/s 8, 16, 6;
    %load/vec4 v0000019cd11245d0_0;
    %pad/u 65;
    %addi 2, 0, 65;
    %ix/vec4 4;
    %store/vec4a v0000019cd1072e40, 4, 0;
    %load/vec4 v0000019cd1124bc0_0;
    %parti/s 8, 24, 6;
    %load/vec4 v0000019cd11245d0_0;
    %pad/u 65;
    %addi 3, 0, 65;
    %ix/vec4 4;
    %store/vec4a v0000019cd1072e40, 4, 0;
    %load/vec4 v0000019cd1124bc0_0;
    %parti/s 8, 32, 7;
    %load/vec4 v0000019cd11245d0_0;
    %pad/u 65;
    %addi 4, 0, 65;
    %ix/vec4 4;
    %store/vec4a v0000019cd1072e40, 4, 0;
    %load/vec4 v0000019cd1124bc0_0;
    %parti/s 8, 40, 7;
    %load/vec4 v0000019cd11245d0_0;
    %pad/u 65;
    %addi 5, 0, 65;
    %ix/vec4 4;
    %store/vec4a v0000019cd1072e40, 4, 0;
    %load/vec4 v0000019cd1124bc0_0;
    %parti/s 8, 48, 7;
    %load/vec4 v0000019cd11245d0_0;
    %pad/u 65;
    %addi 6, 0, 65;
    %ix/vec4 4;
    %store/vec4a v0000019cd1072e40, 4, 0;
    %load/vec4 v0000019cd1124bc0_0;
    %parti/s 8, 56, 7;
    %load/vec4 v0000019cd11245d0_0;
    %pad/u 65;
    %addi 7, 0, 65;
    %ix/vec4 4;
    %store/vec4a v0000019cd1072e40, 4, 0;
T_1.4 ;
T_1.3 ;
T_1.0 ;
    %jmp T_1;
    .thread T_1;
    .scope S_0000019cd10a4590;
T_2 ;
    %wait E_0000019cd10a2950;
    %load/vec4 v0000019cd1124490_0;
    %flag_set/vec4 8;
    %jmp/0xz  T_2.0, 8;
    %load/vec4 v0000019cd11250c0_0;
    %cmpi/e 2, 0, 3;
    %jmp/0xz  T_2.2, 4;
    %pushi/vec4 0, 0, 32;
    %load/vec4 v0000019cd11245d0_0;
    %pad/u 65;
    %addi 3, 0, 65;
    %ix/vec4 4;
    %load/vec4a v0000019cd1072e40, 4;
    %concat/vec4; draw_concat_vec4
    %load/vec4 v0000019cd11245d0_0;
    %pad/u 65;
    %addi 2, 0, 65;
    %ix/vec4 4;
    %load/vec4a v0000019cd1072e40, 4;
    %concat/vec4; draw_concat_vec4
    %load/vec4 v0000019cd11245d0_0;
    %pad/u 65;
    %addi 1, 0, 65;
    %ix/vec4 4;
    %load/vec4a v0000019cd1072e40, 4;
    %concat/vec4; draw_concat_vec4
    %ix/getv 4, v0000019cd11245d0_0;
    %load/vec4a v0000019cd1072e40, 4;
    %concat/vec4; draw_concat_vec4
    %store/vec4 v0000019cd1125340_0, 0, 64;
    %jmp T_2.3;
T_2.2 ;
    %load/vec4 v0000019cd11250c0_0;
    %cmpi/e 3, 0, 3;
    %jmp/0xz  T_2.4, 4;
    %load/vec4 v0000019cd11245d0_0;
    %pad/u 65;
    %addi 7, 0, 65;
    %ix/vec4 4;
    %load/vec4a v0000019cd1072e40, 4;
    %load/vec4 v0000019cd11245d0_0;
    %pad/u 65;
    %addi 6, 0, 65;
    %ix/vec4 4;
    %load/vec4a v0000019cd1072e40, 4;
    %concat/vec4; draw_concat_vec4
    %load/vec4 v0000019cd11245d0_0;
    %pad/u 65;
    %addi 5, 0, 65;
    %ix/vec4 4;
    %load/vec4a v0000019cd1072e40, 4;
    %concat/vec4; draw_concat_vec4
    %load/vec4 v0000019cd11245d0_0;
    %pad/u 65;
    %addi 4, 0, 65;
    %ix/vec4 4;
    %load/vec4a v0000019cd1072e40, 4;
    %concat/vec4; draw_concat_vec4
    %load/vec4 v0000019cd11245d0_0;
    %pad/u 65;
    %addi 3, 0, 65;
    %ix/vec4 4;
    %load/vec4a v0000019cd1072e40, 4;
    %concat/vec4; draw_concat_vec4
    %load/vec4 v0000019cd11245d0_0;
    %pad/u 65;
    %addi 2, 0, 65;
    %ix/vec4 4;
    %load/vec4a v0000019cd1072e40, 4;
    %concat/vec4; draw_concat_vec4
    %load/vec4 v0000019cd11245d0_0;
    %pad/u 65;
    %addi 1, 0, 65;
    %ix/vec4 4;
    %load/vec4a v0000019cd1072e40, 4;
    %concat/vec4; draw_concat_vec4
    %ix/getv 4, v0000019cd11245d0_0;
    %load/vec4a v0000019cd1072e40, 4;
    %concat/vec4; draw_concat_vec4
    %store/vec4 v0000019cd1125340_0, 0, 64;
T_2.4 ;
T_2.3 ;
T_2.0 ;
    %pushi/vec4 0, 0, 32;
    %ix/load 4, 3, 0;
    %flag_set/imm 4, 0;
    %load/vec4a v0000019cd1072e40, 4;
    %concat/vec4; draw_concat_vec4
    %ix/load 4, 2, 0;
    %flag_set/imm 4, 0;
    %load/vec4a v0000019cd1072e40, 4;
    %concat/vec4; draw_concat_vec4
    %ix/load 4, 1, 0;
    %flag_set/imm 4, 0;
    %load/vec4a v0000019cd1072e40, 4;
    %concat/vec4; draw_concat_vec4
    %ix/load 4, 0, 0;
    %flag_set/imm 4, 0;
    %load/vec4a v0000019cd1072e40, 4;
    %concat/vec4; draw_concat_vec4
    %assign/vec4 v0000019cd1072ba0_0, 0;
    %pushi/vec4 0, 0, 32;
    %ix/load 4, 7, 0;
    %flag_set/imm 4, 0;
    %load/vec4a v0000019cd1072e40, 4;
    %concat/vec4; draw_concat_vec4
    %ix/load 4, 6, 0;
    %flag_set/imm 4, 0;
    %load/vec4a v0000019cd1072e40, 4;
    %concat/vec4; draw_concat_vec4
    %ix/load 4, 5, 0;
    %flag_set/imm 4, 0;
    %load/vec4a v0000019cd1072e40, 4;
    %concat/vec4; draw_concat_vec4
    %ix/load 4, 4, 0;
    %flag_set/imm 4, 0;
    %load/vec4a v0000019cd1072e40, 4;
    %concat/vec4; draw_concat_vec4
    %assign/vec4 v0000019cd10a4720_0, 0;
    %pushi/vec4 0, 0, 32;
    %ix/load 4, 11, 0;
    %flag_set/imm 4, 0;
    %load/vec4a v0000019cd1072e40, 4;
    %concat/vec4; draw_concat_vec4
    %ix/load 4, 10, 0;
    %flag_set/imm 4, 0;
    %load/vec4a v0000019cd1072e40, 4;
    %concat/vec4; draw_concat_vec4
    %ix/load 4, 9, 0;
    %flag_set/imm 4, 0;
    %load/vec4a v0000019cd1072e40, 4;
    %concat/vec4; draw_concat_vec4
    %ix/load 4, 8, 0;
    %flag_set/imm 4, 0;
    %load/vec4a v0000019cd1072e40, 4;
    %concat/vec4; draw_concat_vec4
    %assign/vec4 v0000019cd109fa20_0, 0;
    %pushi/vec4 0, 0, 32;
    %ix/load 4, 15, 0;
    %flag_set/imm 4, 0;
    %load/vec4a v0000019cd1072e40, 4;
    %concat/vec4; draw_concat_vec4
    %ix/load 4, 14, 0;
    %flag_set/imm 4, 0;
    %load/vec4a v0000019cd1072e40, 4;
    %concat/vec4; draw_concat_vec4
    %ix/load 4, 13, 0;
    %flag_set/imm 4, 0;
    %load/vec4a v0000019cd1072e40, 4;
    %concat/vec4; draw_concat_vec4
    %ix/load 4, 12, 0;
    %flag_set/imm 4, 0;
    %load/vec4a v0000019cd1072e40, 4;
    %concat/vec4; draw_concat_vec4
    %assign/vec4 v0000019cd1124030_0, 0;
    %pushi/vec4 0, 0, 32;
    %ix/load 4, 19, 0;
    %flag_set/imm 4, 0;
    %load/vec4a v0000019cd1072e40, 4;
    %concat/vec4; draw_concat_vec4
    %ix/load 4, 18, 0;
    %flag_set/imm 4, 0;
    %load/vec4a v0000019cd1072e40, 4;
    %concat/vec4; draw_concat_vec4
    %ix/load 4, 17, 0;
    %flag_set/imm 4, 0;
    %load/vec4a v0000019cd1072e40, 4;
    %concat/vec4; draw_concat_vec4
    %ix/load 4, 16, 0;
    %flag_set/imm 4, 0;
    %load/vec4a v0000019cd1072e40, 4;
    %concat/vec4; draw_concat_vec4
    %assign/vec4 v0000019cd11240d0_0, 0;
    %pushi/vec4 0, 0, 32;
    %ix/load 4, 23, 0;
    %flag_set/imm 4, 0;
    %load/vec4a v0000019cd1072e40, 4;
    %concat/vec4; draw_concat_vec4
    %ix/load 4, 22, 0;
    %flag_set/imm 4, 0;
    %load/vec4a v0000019cd1072e40, 4;
    %concat/vec4; draw_concat_vec4
    %ix/load 4, 21, 0;
    %flag_set/imm 4, 0;
    %load/vec4a v0000019cd1072e40, 4;
    %concat/vec4; draw_concat_vec4
    %ix/load 4, 20, 0;
    %flag_set/imm 4, 0;
    %load/vec4a v0000019cd1072e40, 4;
    %concat/vec4; draw_concat_vec4
    %assign/vec4 v0000019cd1124170_0, 0;
    %pushi/vec4 0, 0, 32;
    %ix/load 4, 27, 0;
    %flag_set/imm 4, 0;
    %load/vec4a v0000019cd1072e40, 4;
    %concat/vec4; draw_concat_vec4
    %ix/load 4, 26, 0;
    %flag_set/imm 4, 0;
    %load/vec4a v0000019cd1072e40, 4;
    %concat/vec4; draw_concat_vec4
    %ix/load 4, 25, 0;
    %flag_set/imm 4, 0;
    %load/vec4a v0000019cd1072e40, 4;
    %concat/vec4; draw_concat_vec4
    %ix/load 4, 24, 0;
    %flag_set/imm 4, 0;
    %load/vec4a v0000019cd1072e40, 4;
    %concat/vec4; draw_concat_vec4
    %assign/vec4 v0000019cd1124210_0, 0;
    %pushi/vec4 0, 0, 32;
    %ix/load 4, 31, 0;
    %flag_set/imm 4, 0;
    %load/vec4a v0000019cd1072e40, 4;
    %concat/vec4; draw_concat_vec4
    %ix/load 4, 30, 0;
    %flag_set/imm 4, 0;
    %load/vec4a v0000019cd1072e40, 4;
    %concat/vec4; draw_concat_vec4
    %ix/load 4, 29, 0;
    %flag_set/imm 4, 0;
    %load/vec4a v0000019cd1072e40, 4;
    %concat/vec4; draw_concat_vec4
    %ix/load 4, 28, 0;
    %flag_set/imm 4, 0;
    %load/vec4a v0000019cd1072e40, 4;
    %concat/vec4; draw_concat_vec4
    %assign/vec4 v0000019cd11242b0_0, 0;
    %pushi/vec4 0, 0, 32;
    %ix/load 4, 35, 0;
    %flag_set/imm 4, 0;
    %load/vec4a v0000019cd1072e40, 4;
    %concat/vec4; draw_concat_vec4
    %ix/load 4, 34, 0;
    %flag_set/imm 4, 0;
    %load/vec4a v0000019cd1072e40, 4;
    %concat/vec4; draw_concat_vec4
    %ix/load 4, 33, 0;
    %flag_set/imm 4, 0;
    %load/vec4a v0000019cd1072e40, 4;
    %concat/vec4; draw_concat_vec4
    %ix/load 4, 32, 0;
    %flag_set/imm 4, 0;
    %load/vec4a v0000019cd1072e40, 4;
    %concat/vec4; draw_concat_vec4
    %assign/vec4 v0000019cd1124350_0, 0;
    %pushi/vec4 0, 0, 32;
    %ix/load 4, 39, 0;
    %flag_set/imm 4, 0;
    %load/vec4a v0000019cd1072e40, 4;
    %concat/vec4; draw_concat_vec4
    %ix/load 4, 38, 0;
    %flag_set/imm 4, 0;
    %load/vec4a v0000019cd1072e40, 4;
    %concat/vec4; draw_concat_vec4
    %ix/load 4, 37, 0;
    %flag_set/imm 4, 0;
    %load/vec4a v0000019cd1072e40, 4;
    %concat/vec4; draw_concat_vec4
    %ix/load 4, 36, 0;
    %flag_set/imm 4, 0;
    %load/vec4a v0000019cd1072e40, 4;
    %concat/vec4; draw_concat_vec4
    %assign/vec4 v0000019cd11243f0_0, 0;
    %jmp T_2;
    .thread T_2, $push;
# The file index is used to find the file name in the following table.
:file_names 3;
    "N/A";
    "<interactive>";
    "Data_Memory.v";
