#! /c/Source/iverilog-install/bin/vvp
:ivl_version "12.0 (devel)" "(s20150603-1110-g18392a46)";
:ivl_delay_selection "TYPICAL";
:vpi_time_precision + 0;
:vpi_module "D:\Program_Files\iverilog\lib\ivl\system.vpi";
:vpi_module "D:\Program_Files\iverilog\lib\ivl\vhdl_sys.vpi";
:vpi_module "D:\Program_Files\iverilog\lib\ivl\vhdl_textio.vpi";
:vpi_module "D:\Program_Files\iverilog\lib\ivl\v2005_math.vpi";
:vpi_module "D:\Program_Files\iverilog\lib\ivl\va_math.vpi";
S_0000014dd7432720 .scope module, "Instruction_Memory" "Instruction_Memory" 2 1;
 .timescale 0 0;
    .port_info 0 /INPUT 64 "Inst_Address";
    .port_info 1 /OUTPUT 32 "Instruction";
v0000014dd74332f0 .array "IMem", 0 19, 7 0;
o0000014dd7467fd8 .functor BUFZ 64, C4<zzzzzzzzzzzzzzzzzzzzzzzzzzzzzzzzzzzzzzzzzzzzzzzzzzzzzzzzzzzzzzzz>; HiZ drive
v0000014dd74328b0_0 .net "Inst_Address", 63 0, o0000014dd7467fd8;  0 drivers
v0000014dd7432950_0 .net "Instruction", 31 0, L_0000014dd74b9240;  1 drivers
v0000014dd74329f0_0 .net *"_ivl_0", 7 0, L_0000014dd74b8e80;  1 drivers
v0000014dd7432a90_0 .net *"_ivl_10", 7 0, L_0000014dd74b99c0;  1 drivers
v0000014dd74b9ba0_0 .net *"_ivl_12", 64 0, L_0000014dd74b9060;  1 drivers
L_0000014dd74b9e08 .functor BUFT 1, C4<0>, C4<0>, C4<0>, C4<0>;
v0000014dd74b8ca0_0 .net *"_ivl_15", 0 0, L_0000014dd74b9e08;  1 drivers
L_0000014dd74b9e50 .functor BUFT 1, C4<00000000000000000000000000000000000000000000000000000000000000010>, C4<0>, C4<0>, C4<0>;
v0000014dd74b9600_0 .net/2u *"_ivl_16", 64 0, L_0000014dd74b9e50;  1 drivers
v0000014dd74b94c0_0 .net *"_ivl_18", 64 0, L_0000014dd74b9100;  1 drivers
v0000014dd74b97e0_0 .net *"_ivl_2", 64 0, L_0000014dd74b8f20;  1 drivers
v0000014dd74b92e0_0 .net *"_ivl_20", 7 0, L_0000014dd74b96a0;  1 drivers
v0000014dd74b9380_0 .net *"_ivl_22", 64 0, L_0000014dd74b91a0;  1 drivers
L_0000014dd74b9e98 .functor BUFT 1, C4<0>, C4<0>, C4<0>, C4<0>;
v0000014dd74b9420_0 .net *"_ivl_25", 0 0, L_0000014dd74b9e98;  1 drivers
L_0000014dd74b9ee0 .functor BUFT 1, C4<00000000000000000000000000000000000000000000000000000000000000001>, C4<0>, C4<0>, C4<0>;
v0000014dd74b9880_0 .net/2u *"_ivl_26", 64 0, L_0000014dd74b9ee0;  1 drivers
v0000014dd74b9920_0 .net *"_ivl_28", 64 0, L_0000014dd74b9a60;  1 drivers
v0000014dd74b9740_0 .net *"_ivl_30", 7 0, L_0000014dd74b9b00;  1 drivers
L_0000014dd74b9d78 .functor BUFT 1, C4<0>, C4<0>, C4<0>, C4<0>;
v0000014dd74b9560_0 .net *"_ivl_5", 0 0, L_0000014dd74b9d78;  1 drivers
L_0000014dd74b9dc0 .functor BUFT 1, C4<00000000000000000000000000000000000000000000000000000000000000011>, C4<0>, C4<0>, C4<0>;
v0000014dd74b8d40_0 .net/2u *"_ivl_6", 64 0, L_0000014dd74b9dc0;  1 drivers
v0000014dd74b8de0_0 .net *"_ivl_8", 64 0, L_0000014dd74b8fc0;  1 drivers
L_0000014dd74b8e80 .array/port v0000014dd74332f0, L_0000014dd74b8fc0;
L_0000014dd74b8f20 .concat [ 64 1 0 0], o0000014dd7467fd8, L_0000014dd74b9d78;
L_0000014dd74b8fc0 .arith/sum 65, L_0000014dd74b8f20, L_0000014dd74b9dc0;
L_0000014dd74b99c0 .array/port v0000014dd74332f0, L_0000014dd74b9100;
L_0000014dd74b9060 .concat [ 64 1 0 0], o0000014dd7467fd8, L_0000014dd74b9e08;
L_0000014dd74b9100 .arith/sum 65, L_0000014dd74b9060, L_0000014dd74b9e50;
L_0000014dd74b96a0 .array/port v0000014dd74332f0, L_0000014dd74b9a60;
L_0000014dd74b91a0 .concat [ 64 1 0 0], o0000014dd7467fd8, L_0000014dd74b9e98;
L_0000014dd74b9a60 .arith/sum 65, L_0000014dd74b91a0, L_0000014dd74b9ee0;
L_0000014dd74b9b00 .array/port v0000014dd74332f0, o0000014dd7467fd8;
L_0000014dd74b9240 .concat [ 8 8 8 8], L_0000014dd74b9b00, L_0000014dd74b96a0, L_0000014dd74b99c0, L_0000014dd74b8e80;
    .scope S_0000014dd7432720;
T_0 ;
    %pushi/vec4 2, 0, 8;
    %ix/load 4, 19, 0;
    %flag_set/imm 4, 0;
    %store/vec4a v0000014dd74332f0, 4, 0;
    %pushi/vec4 133, 0, 8;
    %ix/load 4, 18, 0;
    %flag_set/imm 4, 0;
    %store/vec4a v0000014dd74332f0, 4, 0;
    %pushi/vec4 52, 0, 8;
    %ix/load 4, 17, 0;
    %flag_set/imm 4, 0;
    %store/vec4a v0000014dd74332f0, 4, 0;
    %pushi/vec4 131, 0, 8;
    %ix/load 4, 16, 0;
    %flag_set/imm 4, 0;
    %store/vec4a v0000014dd74332f0, 4, 0;
    %pushi/vec4 2, 0, 8;
    %ix/load 4, 15, 0;
    %flag_set/imm 4, 0;
    %store/vec4a v0000014dd74332f0, 4, 0;
    %pushi/vec4 149, 0, 8;
    %ix/load 4, 14, 0;
    %flag_set/imm 4, 0;
    %store/vec4a v0000014dd74332f0, 4, 0;
    %pushi/vec4 52, 0, 8;
    %ix/load 4, 13, 0;
    %flag_set/imm 4, 0;
    %store/vec4a v0000014dd74332f0, 4, 0;
    %pushi/vec4 35, 0, 8;
    %ix/load 4, 12, 0;
    %flag_set/imm 4, 0;
    %store/vec4a v0000014dd74332f0, 4, 0;
    %pushi/vec4 0, 0, 8;
    %ix/load 4, 11, 0;
    %flag_set/imm 4, 0;
    %store/vec4a v0000014dd74332f0, 4, 0;
    %pushi/vec4 20, 0, 8;
    %ix/load 4, 10, 0;
    %flag_set/imm 4, 0;
    %store/vec4a v0000014dd74332f0, 4, 0;
    %pushi/vec4 132, 0, 8;
    %ix/load 4, 9, 0;
    %flag_set/imm 4, 0;
    %store/vec4a v0000014dd74332f0, 4, 0;
    %pushi/vec4 147, 0, 8;
    %ix/load 4, 8, 0;
    %flag_set/imm 4, 0;
    %store/vec4a v0000014dd74332f0, 4, 0;
    %pushi/vec4 0, 0, 8;
    %ix/load 4, 7, 0;
    %flag_set/imm 4, 0;
    %store/vec4a v0000014dd74332f0, 4, 0;
    %pushi/vec4 154, 0, 8;
    %ix/load 4, 6, 0;
    %flag_set/imm 4, 0;
    %store/vec4a v0000014dd74332f0, 4, 0;
    %pushi/vec4 132, 0, 8;
    %ix/load 4, 5, 0;
    %flag_set/imm 4, 0;
    %store/vec4a v0000014dd74332f0, 4, 0;
    %pushi/vec4 179, 0, 8;
    %ix/load 4, 4, 0;
    %flag_set/imm 4, 0;
    %store/vec4a v0000014dd74332f0, 4, 0;
    %pushi/vec4 2, 0, 8;
    %ix/load 4, 3, 0;
    %flag_set/imm 4, 0;
    %store/vec4a v0000014dd74332f0, 4, 0;
    %pushi/vec4 133, 0, 8;
    %ix/load 4, 2, 0;
    %flag_set/imm 4, 0;
    %store/vec4a v0000014dd74332f0, 4, 0;
    %pushi/vec4 52, 0, 8;
    %ix/load 4, 1, 0;
    %flag_set/imm 4, 0;
    %store/vec4a v0000014dd74332f0, 4, 0;
    %pushi/vec4 131, 0, 8;
    %ix/load 4, 0, 0;
    %flag_set/imm 4, 0;
    %store/vec4a v0000014dd74332f0, 4, 0;
    %end;
    .thread T_0;
# The file index is used to find the file name in the following table.
:file_names 3;
    "N/A";
    "<interactive>";
    "Instruction_Memory.v";
