#! /c/Source/iverilog-install/bin/vvp
:ivl_version "12.0 (devel)" "(s20150603-1110-g18392a46)";
:ivl_delay_selection "TYPICAL";
:vpi_time_precision + 0;
:vpi_module "D:\Program_Files\iverilog\lib\ivl\system.vpi";
:vpi_module "D:\Program_Files\iverilog\lib\ivl\vhdl_sys.vpi";
:vpi_module "D:\Program_Files\iverilog\lib\ivl\vhdl_textio.vpi";
:vpi_module "D:\Program_Files\iverilog\lib\ivl\v2005_math.vpi";
:vpi_module "D:\Program_Files\iverilog\lib\ivl\va_math.vpi";
S_000001d7a58b2770 .scope module, "instruction" "instruction" 2 1;
 .timescale 0 0;
    .port_info 0 /INPUT 32 "ins";
    .port_info 1 /OUTPUT 7 "op";
    .port_info 2 /OUTPUT 5 "rd";
    .port_info 3 /OUTPUT 3 "f3";
    .port_info 4 /OUTPUT 5 "rs1";
    .port_info 5 /OUTPUT 5 "rs2";
    .port_info 6 /OUTPUT 7 "f7";
v000001d7a58b3340_0 .net "f3", 2 0, L_000001d7a58e2b50;  1 drivers
v000001d7a5a78c00_0 .net "f7", 6 0, L_000001d7a58e26f0;  1 drivers
o000001d7a58e7038 .functor BUFZ 32, C4<zzzzzzzzzzzzzzzzzzzzzzzzzzzzzzzz>; HiZ drive
v000001d7a5a78a40_0 .net "ins", 31 0, o000001d7a58e7038;  0 drivers
v000001d7a5a78070_0 .net "op", 6 0, L_000001d7a58e2290;  1 drivers
v000001d7a58e21f0_0 .net "rd", 4 0, L_000001d7a58e2ab0;  1 drivers
v000001d7a58e2c90_0 .net "rs1", 4 0, L_000001d7a58e25b0;  1 drivers
v000001d7a58e2150_0 .net "rs2", 4 0, L_000001d7a58e2330;  1 drivers
L_000001d7a58e2290 .part o000001d7a58e7038, 0, 7;
L_000001d7a58e2ab0 .part o000001d7a58e7038, 7, 5;
L_000001d7a58e2b50 .part o000001d7a58e7038, 12, 3;
L_000001d7a58e25b0 .part o000001d7a58e7038, 15, 5;
L_000001d7a58e2330 .part o000001d7a58e7038, 20, 5;
L_000001d7a58e26f0 .part o000001d7a58e7038, 25, 7;
# The file index is used to find the file name in the following table.
:file_names 3;
    "N/A";
    "<interactive>";
    "instruction.v";
