#! /c/Source/iverilog-install/bin/vvp
:ivl_version "12.0 (devel)" "(s20150603-1110-g18392a46)";
:ivl_delay_selection "TYPICAL";
:vpi_time_precision + 0;
:vpi_module "D:\Program_Files\iverilog\lib\ivl\system.vpi";
:vpi_module "D:\Program_Files\iverilog\lib\ivl\vhdl_sys.vpi";
:vpi_module "D:\Program_Files\iverilog\lib\ivl\vhdl_textio.vpi";
:vpi_module "D:\Program_Files\iverilog\lib\ivl\v2005_math.vpi";
:vpi_module "D:\Program_Files\iverilog\lib\ivl\va_math.vpi";
S_000001adfe332770 .scope module, "registerFile" "registerFile" 2 1;
 .timescale 0 0;
    .port_info 0 /INPUT 1 "clk";
    .port_info 1 /INPUT 1 "reset";
    .port_info 2 /INPUT 5 "rs1";
    .port_info 3 /INPUT 5 "rs2";
    .port_info 4 /INPUT 5 "rd";
    .port_info 5 /INPUT 64 "write_data";
    .port_info 6 /INPUT 1 "reg_write";
    .port_info 7 /OUTPUT 64 "readdata1";
    .port_info 8 /OUTPUT 64 "readdata2";
v000001adfe332a20 .array "Registers", 0 31, 63 0;
o000001adfe3705b8 .functor BUFZ 1, C4<z>; HiZ drive
v000001adfe332ac0_0 .net "clk", 0 0, o000001adfe3705b8;  0 drivers
o000001adfe3705e8 .functor BUFZ 5, C4<zzzzz>; HiZ drive
v000001adfe332b60_0 .net "rd", 4 0, o000001adfe3705e8;  0 drivers
v000001adfe35c890_0 .var "readdata1", 63 0;
v000001adfe35c930_0 .var "readdata2", 63 0;
o000001adfe370678 .functor BUFZ 1, C4<z>; HiZ drive
v000001adfe35c9d0_0 .net "reg_write", 0 0, o000001adfe370678;  0 drivers
o000001adfe3706a8 .functor BUFZ 1, C4<z>; HiZ drive
v000001adfe35ca70_0 .net "reset", 0 0, o000001adfe3706a8;  0 drivers
o000001adfe3706d8 .functor BUFZ 5, C4<zzzzz>; HiZ drive
v000001adfe35cb10_0 .net "rs1", 4 0, o000001adfe3706d8;  0 drivers
o000001adfe370708 .functor BUFZ 5, C4<zzzzz>; HiZ drive
v000001adfe35cbb0_0 .net "rs2", 4 0, o000001adfe370708;  0 drivers
o000001adfe370738 .functor BUFZ 64, C4<zzzzzzzzzzzzzzzzzzzzzzzzzzzzzzzzzzzzzzzzzzzzzzzzzzzzzzzzzzzzzzzz>; HiZ drive
v000001adfe3c0c30_0 .net "write_data", 63 0, o000001adfe370738;  0 drivers
v000001adfe332a20_0 .array/port v000001adfe332a20, 0;
v000001adfe332a20_1 .array/port v000001adfe332a20, 1;
E_000001adfe356eb0/0 .event anyedge, v000001adfe35ca70_0, v000001adfe35cb10_0, v000001adfe332a20_0, v000001adfe332a20_1;
v000001adfe332a20_2 .array/port v000001adfe332a20, 2;
v000001adfe332a20_3 .array/port v000001adfe332a20, 3;
v000001adfe332a20_4 .array/port v000001adfe332a20, 4;
v000001adfe332a20_5 .array/port v000001adfe332a20, 5;
E_000001adfe356eb0/1 .event anyedge, v000001adfe332a20_2, v000001adfe332a20_3, v000001adfe332a20_4, v000001adfe332a20_5;
v000001adfe332a20_6 .array/port v000001adfe332a20, 6;
v000001adfe332a20_7 .array/port v000001adfe332a20, 7;
v000001adfe332a20_8 .array/port v000001adfe332a20, 8;
v000001adfe332a20_9 .array/port v000001adfe332a20, 9;
E_000001adfe356eb0/2 .event anyedge, v000001adfe332a20_6, v000001adfe332a20_7, v000001adfe332a20_8, v000001adfe332a20_9;
v000001adfe332a20_10 .array/port v000001adfe332a20, 10;
v000001adfe332a20_11 .array/port v000001adfe332a20, 11;
v000001adfe332a20_12 .array/port v000001adfe332a20, 12;
v000001adfe332a20_13 .array/port v000001adfe332a20, 13;
E_000001adfe356eb0/3 .event anyedge, v000001adfe332a20_10, v000001adfe332a20_11, v000001adfe332a20_12, v000001adfe332a20_13;
v000001adfe332a20_14 .array/port v000001adfe332a20, 14;
v000001adfe332a20_15 .array/port v000001adfe332a20, 15;
v000001adfe332a20_16 .array/port v000001adfe332a20, 16;
v000001adfe332a20_17 .array/port v000001adfe332a20, 17;
E_000001adfe356eb0/4 .event anyedge, v000001adfe332a20_14, v000001adfe332a20_15, v000001adfe332a20_16, v000001adfe332a20_17;
v000001adfe332a20_18 .array/port v000001adfe332a20, 18;
v000001adfe332a20_19 .array/port v000001adfe332a20, 19;
v000001adfe332a20_20 .array/port v000001adfe332a20, 20;
v000001adfe332a20_21 .array/port v000001adfe332a20, 21;
E_000001adfe356eb0/5 .event anyedge, v000001adfe332a20_18, v000001adfe332a20_19, v000001adfe332a20_20, v000001adfe332a20_21;
v000001adfe332a20_22 .array/port v000001adfe332a20, 22;
v000001adfe332a20_23 .array/port v000001adfe332a20, 23;
v000001adfe332a20_24 .array/port v000001adfe332a20, 24;
v000001adfe332a20_25 .array/port v000001adfe332a20, 25;
E_000001adfe356eb0/6 .event anyedge, v000001adfe332a20_22, v000001adfe332a20_23, v000001adfe332a20_24, v000001adfe332a20_25;
v000001adfe332a20_26 .array/port v000001adfe332a20, 26;
v000001adfe332a20_27 .array/port v000001adfe332a20, 27;
v000001adfe332a20_28 .array/port v000001adfe332a20, 28;
v000001adfe332a20_29 .array/port v000001adfe332a20, 29;
E_000001adfe356eb0/7 .event anyedge, v000001adfe332a20_26, v000001adfe332a20_27, v000001adfe332a20_28, v000001adfe332a20_29;
v000001adfe332a20_30 .array/port v000001adfe332a20, 30;
v000001adfe332a20_31 .array/port v000001adfe332a20, 31;
E_000001adfe356eb0/8 .event anyedge, v000001adfe332a20_30, v000001adfe332a20_31, v000001adfe35cbb0_0;
E_000001adfe356eb0 .event/or E_000001adfe356eb0/0, E_000001adfe356eb0/1, E_000001adfe356eb0/2, E_000001adfe356eb0/3, E_000001adfe356eb0/4, E_000001adfe356eb0/5, E_000001adfe356eb0/6, E_000001adfe356eb0/7, E_000001adfe356eb0/8;
E_000001adfe356ef0 .event posedge, v000001adfe332ac0_0;
    .scope S_000001adfe332770;
T_0 ;
    %pushi/vec4 0, 0, 64;
    %ix/load 4, 0, 0;
    %flag_set/imm 4, 0;
    %store/vec4a v000001adfe332a20, 4, 0;
    %pushi/vec4 1209, 0, 64;
    %ix/load 4, 1, 0;
    %flag_set/imm 4, 0;
    %store/vec4a v000001adfe332a20, 4, 0;
    %pushi/vec4 751, 0, 64;
    %ix/load 4, 2, 0;
    %flag_set/imm 4, 0;
    %store/vec4a v000001adfe332a20, 4, 0;
    %pushi/vec4 3522, 0, 64;
    %ix/load 4, 3, 0;
    %flag_set/imm 4, 0;
    %store/vec4a v000001adfe332a20, 4, 0;
    %pushi/vec4 2971, 0, 64;
    %ix/load 4, 4, 0;
    %flag_set/imm 4, 0;
    %store/vec4a v000001adfe332a20, 4, 0;
    %pushi/vec4 72, 0, 64;
    %ix/load 4, 5, 0;
    %flag_set/imm 4, 0;
    %store/vec4a v000001adfe332a20, 4, 0;
    %pushi/vec4 1135, 0, 64;
    %ix/load 4, 6, 0;
    %flag_set/imm 4, 0;
    %store/vec4a v000001adfe332a20, 4, 0;
    %pushi/vec4 1141, 0, 64;
    %ix/load 4, 7, 0;
    %flag_set/imm 4, 0;
    %store/vec4a v000001adfe332a20, 4, 0;
    %pushi/vec4 2919, 0, 64;
    %ix/load 4, 8, 0;
    %flag_set/imm 4, 0;
    %store/vec4a v000001adfe332a20, 4, 0;
    %pushi/vec4 2467, 0, 64;
    %ix/load 4, 9, 0;
    %flag_set/imm 4, 0;
    %store/vec4a v000001adfe332a20, 4, 0;
    %pushi/vec4 0, 0, 64;
    %ix/load 4, 10, 0;
    %flag_set/imm 4, 0;
    %store/vec4a v000001adfe332a20, 4, 0;
    %pushi/vec4 3033, 0, 64;
    %ix/load 4, 11, 0;
    %flag_set/imm 4, 0;
    %store/vec4a v000001adfe332a20, 4, 0;
    %pushi/vec4 3278, 0, 64;
    %ix/load 4, 12, 0;
    %flag_set/imm 4, 0;
    %store/vec4a v000001adfe332a20, 4, 0;
    %pushi/vec4 3214, 0, 64;
    %ix/load 4, 13, 0;
    %flag_set/imm 4, 0;
    %store/vec4a v000001adfe332a20, 4, 0;
    %pushi/vec4 3656, 0, 64;
    %ix/load 4, 14, 0;
    %flag_set/imm 4, 0;
    %store/vec4a v000001adfe332a20, 4, 0;
    %pushi/vec4 1765, 0, 64;
    %ix/load 4, 15, 0;
    %flag_set/imm 4, 0;
    %store/vec4a v000001adfe332a20, 4, 0;
    %pushi/vec4 736, 0, 64;
    %ix/load 4, 16, 0;
    %flag_set/imm 4, 0;
    %store/vec4a v000001adfe332a20, 4, 0;
    %pushi/vec4 2985, 0, 64;
    %ix/load 4, 17, 0;
    %flag_set/imm 4, 0;
    %store/vec4a v000001adfe332a20, 4, 0;
    %pushi/vec4 2717, 0, 64;
    %ix/load 4, 18, 0;
    %flag_set/imm 4, 0;
    %store/vec4a v000001adfe332a20, 4, 0;
    %pushi/vec4 863, 0, 64;
    %ix/load 4, 19, 0;
    %flag_set/imm 4, 0;
    %store/vec4a v000001adfe332a20, 4, 0;
    %pushi/vec4 1916, 0, 64;
    %ix/load 4, 20, 0;
    %flag_set/imm 4, 0;
    %store/vec4a v000001adfe332a20, 4, 0;
    %pushi/vec4 13, 0, 64;
    %ix/load 4, 21, 0;
    %flag_set/imm 4, 0;
    %store/vec4a v000001adfe332a20, 4, 0;
    %pushi/vec4 701, 0, 64;
    %ix/load 4, 22, 0;
    %flag_set/imm 4, 0;
    %store/vec4a v000001adfe332a20, 4, 0;
    %pushi/vec4 3479, 0, 64;
    %ix/load 4, 23, 0;
    %flag_set/imm 4, 0;
    %store/vec4a v000001adfe332a20, 4, 0;
    %pushi/vec4 2489, 0, 64;
    %ix/load 4, 24, 0;
    %flag_set/imm 4, 0;
    %store/vec4a v000001adfe332a20, 4, 0;
    %pushi/vec4 1937, 0, 64;
    %ix/load 4, 25, 0;
    %flag_set/imm 4, 0;
    %store/vec4a v000001adfe332a20, 4, 0;
    %pushi/vec4 523, 0, 64;
    %ix/load 4, 26, 0;
    %flag_set/imm 4, 0;
    %store/vec4a v000001adfe332a20, 4, 0;
    %pushi/vec4 210, 0, 64;
    %ix/load 4, 27, 0;
    %flag_set/imm 4, 0;
    %store/vec4a v000001adfe332a20, 4, 0;
    %pushi/vec4 1043, 0, 64;
    %ix/load 4, 28, 0;
    %flag_set/imm 4, 0;
    %store/vec4a v000001adfe332a20, 4, 0;
    %pushi/vec4 425, 0, 64;
    %ix/load 4, 29, 0;
    %flag_set/imm 4, 0;
    %store/vec4a v000001adfe332a20, 4, 0;
    %pushi/vec4 2434, 0, 64;
    %ix/load 4, 30, 0;
    %flag_set/imm 4, 0;
    %store/vec4a v000001adfe332a20, 4, 0;
    %pushi/vec4 988, 0, 64;
    %ix/load 4, 31, 0;
    %flag_set/imm 4, 0;
    %store/vec4a v000001adfe332a20, 4, 0;
    %end;
    .thread T_0;
    .scope S_000001adfe332770;
T_1 ;
    %wait E_000001adfe356ef0;
    %load/vec4 v000001adfe35c9d0_0;
    %load/vec4 v000001adfe332b60_0;
    %pushi/vec4 0, 0, 5;
    %cmp/ne;
    %flag_get/vec4 4;
    %and;
    %flag_set/vec4 8;
    %jmp/0xz  T_1.0, 8;
    %load/vec4 v000001adfe3c0c30_0;
    %load/vec4 v000001adfe332b60_0;
    %pad/u 7;
    %ix/vec4 3;
    %ix/load 4, 0, 0; Constant delay
    %assign/vec4/a/d v000001adfe332a20, 0, 4;
T_1.0 ;
    %jmp T_1;
    .thread T_1;
    .scope S_000001adfe332770;
T_2 ;
    %wait E_000001adfe356eb0;
    %load/vec4 v000001adfe35ca70_0;
    %flag_set/vec4 8;
    %jmp/0xz  T_2.0, 8;
    %pushi/vec4 0, 0, 64;
    %assign/vec4 v000001adfe35c890_0, 0;
    %pushi/vec4 0, 0, 64;
    %assign/vec4 v000001adfe35c930_0, 0;
    %jmp T_2.1;
T_2.0 ;
    %load/vec4 v000001adfe35cb10_0;
    %pad/u 7;
    %ix/vec4 4;
    %load/vec4a v000001adfe332a20, 4;
    %assign/vec4 v000001adfe35c890_0, 0;
    %load/vec4 v000001adfe35cbb0_0;
    %pad/u 7;
    %ix/vec4 4;
    %load/vec4a v000001adfe332a20, 4;
    %assign/vec4 v000001adfe35c930_0, 0;
T_2.1 ;
    %jmp T_2;
    .thread T_2, $push;
# The file index is used to find the file name in the following table.
:file_names 3;
    "N/A";
    "<interactive>";
    "registerFile.v";
