#! /c/Source/iverilog-install/bin/vvp
:ivl_version "12.0 (devel)" "(s20150603-1110-g18392a46)";
:ivl_delay_selection "TYPICAL";
:vpi_time_precision + 0;
:vpi_module "D:\Program_Files\iverilog\lib\ivl\system.vpi";
:vpi_module "D:\Program_Files\iverilog\lib\ivl\vhdl_sys.vpi";
:vpi_module "D:\Program_Files\iverilog\lib\ivl\vhdl_textio.vpi";
:vpi_module "D:\Program_Files\iverilog\lib\ivl\v2005_math.vpi";
:vpi_module "D:\Program_Files\iverilog\lib\ivl\va_math.vpi";
S_0000019868002240 .scope module, "RISC_V_Processor" "RISC_V_Processor" 2 14;
 .timescale 0 0;
    .port_info 0 /INPUT 1 "clk";
    .port_info 1 /INPUT 1 "reset";
L_000001986800aa30 .functor AND 1, v000001986803d540_0, v000001986803d040_0, C4<1>, C4<1>;
v000001986806d3c0_0 .net "ALUOp", 1 0, v000001986803cdc0_0;  1 drivers
v000001986806d460_0 .net "ALUSrc", 0 0, v000001986803c780_0;  1 drivers
v000001986806de60_0 .net "Branch", 0 0, v000001986803d540_0;  1 drivers
v000001986806db40_0 .net "DMem_Read", 63 0, v000001986803d720_0;  1 drivers
v000001986806d500_0 .net "IMem_out", 31 0, L_00000198681025f0;  1 drivers
v000001986806dbe0_0 .net "MemRead", 0 0, v000001986803be20_0;  1 drivers
v000001986806ddc0_0 .net "MemWrite", 0 0, v000001986803c820_0;  1 drivers
v0000019868102e10_0 .net "MemtoReg", 0 0, v000001986803cbe0_0;  1 drivers
v0000019868103450_0 .net "Operation", 3 0, v000001986803d4a0_0;  1 drivers
v0000019868103950_0 .net "PC_In", 63 0, L_000001986815c300;  1 drivers
v0000019868102af0_0 .net "PC_Out", 63 0, v000001986806c1a0_0;  1 drivers
v0000019868103f90_0 .net "PC_offset_4", 63 0, L_00000198681036d0;  1 drivers
v00000198681020f0_0 .net "PC_offset_branch", 63 0, L_000001986815d840;  1 drivers
v0000019868102eb0_0 .net "RegWrite", 0 0, v000001986803d2c0_0;  1 drivers
v00000198681022d0_0 .net "Result", 63 0, v000001986803c6e0_0;  1 drivers
v00000198681029b0_0 .net "Zero", 0 0, v000001986803d040_0;  1 drivers
v0000019868102ff0_0 .net *"_ivl_3", 0 0, L_000001986815c800;  1 drivers
v0000019868102c30_0 .net *"_ivl_5", 2 0, L_000001986815c760;  1 drivers
o00000198680d1498 .functor BUFZ 1, C4<z>; HiZ drive
v0000019868103b30_0 .net "clk", 0 0, o00000198680d1498;  0 drivers
v0000019868102190_0 .net "funct3", 2 0, L_0000019868102910;  1 drivers
v0000019868103630_0 .net "funct7", 6 0, L_000001986815c8a0;  1 drivers
v00000198681024b0_0 .net "imm_data", 63 0, v000001986806d960_0;  1 drivers
v0000019868103810_0 .net "mux_1_out", 63 0, L_000001986815c940;  1 drivers
v0000019868103090_0 .net "opcode", 6 0, L_0000019868102730;  1 drivers
v0000019868103130_0 .net "rd", 4 0, L_00000198681027d0;  1 drivers
v00000198681034f0_0 .net "readdata1", 63 0, v000001986806cb00_0;  1 drivers
v0000019868102f50_0 .net "readdata2", 63 0, v000001986806d640_0;  1 drivers
o00000198680d1f18 .functor BUFZ 1, C4<z>; HiZ drive
v0000019868102b90_0 .net "reset", 0 0, o00000198680d1f18;  0 drivers
v0000019868102d70_0 .net "rs1", 4 0, L_000001986815d700;  1 drivers
v00000198681039f0_0 .net "rs2", 4 0, L_000001986815cda0;  1 drivers
v0000019868103db0_0 .net "shifted_imm_data", 63 0, L_000001986815d520;  1 drivers
v0000019868102870_0 .net "write_data", 63 0, L_000001986815d7a0;  1 drivers
L_000001986815c800 .part L_00000198681025f0, 30, 1;
L_000001986815c760 .part L_00000198681025f0, 12, 3;
L_000001986815c620 .concat [ 3 1 0 0], L_000001986815c760, L_000001986815c800;
S_0000019867ff14f0 .scope module, "a1" "Adder" 2 49, 3 1 0, S_0000019868002240;
 .timescale 0 0;
    .port_info 0 /INPUT 64 "a";
    .port_info 1 /INPUT 64 "b";
    .port_info 2 /OUTPUT 64 "out";
v000001986803d680_0 .net "a", 63 0, v000001986806c1a0_0;  alias, 1 drivers
L_00000198681040b8 .functor BUFT 1, C4<0000000000000000000000000000000000000000000000000000000000000100>, C4<0>, C4<0>, C4<0>;
v000001986803cf00_0 .net "b", 63 0, L_00000198681040b8;  1 drivers
v000001986803d400_0 .net "out", 63 0, L_00000198681036d0;  alias, 1 drivers
L_00000198681036d0 .arith/sum 64, v000001986806c1a0_0, L_00000198681040b8;
S_0000019867ff1680 .scope module, "a2" "ALU_Control" 2 55, 4 1 0, S_0000019868002240;
 .timescale 0 0;
    .port_info 0 /INPUT 2 "ALUOp";
    .port_info 1 /INPUT 4 "Funct";
    .port_info 2 /OUTPUT 4 "Operation";
v000001986803c640_0 .net "ALUOp", 1 0, v000001986803cdc0_0;  alias, 1 drivers
v000001986803bce0_0 .net "Funct", 3 0, L_000001986815c620;  1 drivers
v000001986803d4a0_0 .var "Operation", 3 0;
E_000001986802b110 .event anyedge, v000001986803c640_0, v000001986803bce0_0;
S_0000019867ff1810 .scope module, "a3" "ALU_64_bit" 2 57, 5 1 0, S_0000019868002240;
 .timescale 0 0;
    .port_info 0 /INPUT 64 "a";
    .port_info 1 /INPUT 64 "b";
    .port_info 2 /INPUT 4 "ALUOp";
    .port_info 3 /OUTPUT 1 "Zero";
    .port_info 4 /OUTPUT 64 "Result";
v000001986803dae0_0 .net "ALUOp", 3 0, v000001986803d4a0_0;  alias, 1 drivers
v000001986803c6e0_0 .var "Result", 63 0;
v000001986803d040_0 .var "Zero", 0 0;
v000001986803d9a0_0 .net "a", 63 0, v000001986806cb00_0;  alias, 1 drivers
v000001986803cfa0_0 .net "b", 63 0, L_000001986815c940;  alias, 1 drivers
E_000001986802ac10 .event anyedge, v000001986803d4a0_0, v000001986803d9a0_0, v000001986803cfa0_0, v000001986803c6e0_0;
S_0000019867fe54c0 .scope module, "a4" "Adder" 2 61, 3 1 0, S_0000019868002240;
 .timescale 0 0;
    .port_info 0 /INPUT 64 "a";
    .port_info 1 /INPUT 64 "b";
    .port_info 2 /OUTPUT 64 "out";
v000001986803d360_0 .net "a", 63 0, v000001986806c1a0_0;  alias, 1 drivers
v000001986803d0e0_0 .net "b", 63 0, L_000001986815d520;  alias, 1 drivers
v000001986803cb40_0 .net "out", 63 0, L_000001986815d840;  alias, 1 drivers
L_000001986815d840 .arith/sum 64, v000001986806c1a0_0, L_000001986815d520;
S_0000019867fe5650 .scope module, "c1" "Control_Unit" 2 53, 6 1 0, S_0000019868002240;
 .timescale 0 0;
    .port_info 0 /INPUT 7 "opcode";
    .port_info 1 /OUTPUT 2 "ALUOp";
    .port_info 2 /OUTPUT 1 "Branch";
    .port_info 3 /OUTPUT 1 "MemRead";
    .port_info 4 /OUTPUT 1 "MemtoReg";
    .port_info 5 /OUTPUT 1 "MemWrite";
    .port_info 6 /OUTPUT 1 "ALUSrc";
    .port_info 7 /OUTPUT 1 "RegWrite";
v000001986803cdc0_0 .var "ALUOp", 1 0;
v000001986803c780_0 .var "ALUSrc", 0 0;
v000001986803d540_0 .var "Branch", 0 0;
v000001986803be20_0 .var "MemRead", 0 0;
v000001986803c820_0 .var "MemWrite", 0 0;
v000001986803cbe0_0 .var "MemtoReg", 0 0;
v000001986803d2c0_0 .var "RegWrite", 0 0;
v000001986803d900_0 .net "opcode", 6 0, L_0000019868102730;  alias, 1 drivers
E_000001986802a910 .event anyedge, v000001986803d900_0;
S_0000019867fe57e0 .scope module, "d1" "Data_Memory" 2 58, 7 1 0, S_0000019868002240;
 .timescale 0 0;
    .port_info 0 /INPUT 1 "clk";
    .port_info 1 /INPUT 64 "Mem_Addr";
    .port_info 2 /INPUT 64 "Write_Data";
    .port_info 3 /INPUT 1 "MemWrite";
    .port_info 4 /INPUT 1 "MemRead";
    .port_info 5 /OUTPUT 64 "Read_Data";
v000001986803d5e0 .array "DMem", 0 63, 7 0;
v000001986803cd20_0 .net "MemRead", 0 0, v000001986803be20_0;  alias, 1 drivers
v000001986803c3c0_0 .net "MemWrite", 0 0, v000001986803c820_0;  alias, 1 drivers
v000001986803bec0_0 .net "Mem_Addr", 63 0, v000001986803c6e0_0;  alias, 1 drivers
v000001986803d720_0 .var "Read_Data", 63 0;
v000001986803c320_0 .net "Write_Data", 63 0, v000001986806d640_0;  alias, 1 drivers
v000001986803c8c0_0 .net "clk", 0 0, o00000198680d1498;  alias, 0 drivers
v000001986803d5e0_0 .array/port v000001986803d5e0, 0;
v000001986803d5e0_1 .array/port v000001986803d5e0, 1;
E_000001986802aa10/0 .event anyedge, v000001986803be20_0, v000001986803c6e0_0, v000001986803d5e0_0, v000001986803d5e0_1;
v000001986803d5e0_2 .array/port v000001986803d5e0, 2;
v000001986803d5e0_3 .array/port v000001986803d5e0, 3;
v000001986803d5e0_4 .array/port v000001986803d5e0, 4;
v000001986803d5e0_5 .array/port v000001986803d5e0, 5;
E_000001986802aa10/1 .event anyedge, v000001986803d5e0_2, v000001986803d5e0_3, v000001986803d5e0_4, v000001986803d5e0_5;
v000001986803d5e0_6 .array/port v000001986803d5e0, 6;
v000001986803d5e0_7 .array/port v000001986803d5e0, 7;
v000001986803d5e0_8 .array/port v000001986803d5e0, 8;
v000001986803d5e0_9 .array/port v000001986803d5e0, 9;
E_000001986802aa10/2 .event anyedge, v000001986803d5e0_6, v000001986803d5e0_7, v000001986803d5e0_8, v000001986803d5e0_9;
v000001986803d5e0_10 .array/port v000001986803d5e0, 10;
v000001986803d5e0_11 .array/port v000001986803d5e0, 11;
v000001986803d5e0_12 .array/port v000001986803d5e0, 12;
v000001986803d5e0_13 .array/port v000001986803d5e0, 13;
E_000001986802aa10/3 .event anyedge, v000001986803d5e0_10, v000001986803d5e0_11, v000001986803d5e0_12, v000001986803d5e0_13;
v000001986803d5e0_14 .array/port v000001986803d5e0, 14;
v000001986803d5e0_15 .array/port v000001986803d5e0, 15;
v000001986803d5e0_16 .array/port v000001986803d5e0, 16;
v000001986803d5e0_17 .array/port v000001986803d5e0, 17;
E_000001986802aa10/4 .event anyedge, v000001986803d5e0_14, v000001986803d5e0_15, v000001986803d5e0_16, v000001986803d5e0_17;
v000001986803d5e0_18 .array/port v000001986803d5e0, 18;
v000001986803d5e0_19 .array/port v000001986803d5e0, 19;
v000001986803d5e0_20 .array/port v000001986803d5e0, 20;
v000001986803d5e0_21 .array/port v000001986803d5e0, 21;
E_000001986802aa10/5 .event anyedge, v000001986803d5e0_18, v000001986803d5e0_19, v000001986803d5e0_20, v000001986803d5e0_21;
v000001986803d5e0_22 .array/port v000001986803d5e0, 22;
v000001986803d5e0_23 .array/port v000001986803d5e0, 23;
v000001986803d5e0_24 .array/port v000001986803d5e0, 24;
v000001986803d5e0_25 .array/port v000001986803d5e0, 25;
E_000001986802aa10/6 .event anyedge, v000001986803d5e0_22, v000001986803d5e0_23, v000001986803d5e0_24, v000001986803d5e0_25;
v000001986803d5e0_26 .array/port v000001986803d5e0, 26;
v000001986803d5e0_27 .array/port v000001986803d5e0, 27;
v000001986803d5e0_28 .array/port v000001986803d5e0, 28;
v000001986803d5e0_29 .array/port v000001986803d5e0, 29;
E_000001986802aa10/7 .event anyedge, v000001986803d5e0_26, v000001986803d5e0_27, v000001986803d5e0_28, v000001986803d5e0_29;
v000001986803d5e0_30 .array/port v000001986803d5e0, 30;
v000001986803d5e0_31 .array/port v000001986803d5e0, 31;
v000001986803d5e0_32 .array/port v000001986803d5e0, 32;
v000001986803d5e0_33 .array/port v000001986803d5e0, 33;
E_000001986802aa10/8 .event anyedge, v000001986803d5e0_30, v000001986803d5e0_31, v000001986803d5e0_32, v000001986803d5e0_33;
v000001986803d5e0_34 .array/port v000001986803d5e0, 34;
v000001986803d5e0_35 .array/port v000001986803d5e0, 35;
v000001986803d5e0_36 .array/port v000001986803d5e0, 36;
v000001986803d5e0_37 .array/port v000001986803d5e0, 37;
E_000001986802aa10/9 .event anyedge, v000001986803d5e0_34, v000001986803d5e0_35, v000001986803d5e0_36, v000001986803d5e0_37;
v000001986803d5e0_38 .array/port v000001986803d5e0, 38;
v000001986803d5e0_39 .array/port v000001986803d5e0, 39;
v000001986803d5e0_40 .array/port v000001986803d5e0, 40;
v000001986803d5e0_41 .array/port v000001986803d5e0, 41;
E_000001986802aa10/10 .event anyedge, v000001986803d5e0_38, v000001986803d5e0_39, v000001986803d5e0_40, v000001986803d5e0_41;
v000001986803d5e0_42 .array/port v000001986803d5e0, 42;
v000001986803d5e0_43 .array/port v000001986803d5e0, 43;
v000001986803d5e0_44 .array/port v000001986803d5e0, 44;
v000001986803d5e0_45 .array/port v000001986803d5e0, 45;
E_000001986802aa10/11 .event anyedge, v000001986803d5e0_42, v000001986803d5e0_43, v000001986803d5e0_44, v000001986803d5e0_45;
v000001986803d5e0_46 .array/port v000001986803d5e0, 46;
v000001986803d5e0_47 .array/port v000001986803d5e0, 47;
v000001986803d5e0_48 .array/port v000001986803d5e0, 48;
v000001986803d5e0_49 .array/port v000001986803d5e0, 49;
E_000001986802aa10/12 .event anyedge, v000001986803d5e0_46, v000001986803d5e0_47, v000001986803d5e0_48, v000001986803d5e0_49;
v000001986803d5e0_50 .array/port v000001986803d5e0, 50;
v000001986803d5e0_51 .array/port v000001986803d5e0, 51;
v000001986803d5e0_52 .array/port v000001986803d5e0, 52;
v000001986803d5e0_53 .array/port v000001986803d5e0, 53;
E_000001986802aa10/13 .event anyedge, v000001986803d5e0_50, v000001986803d5e0_51, v000001986803d5e0_52, v000001986803d5e0_53;
v000001986803d5e0_54 .array/port v000001986803d5e0, 54;
v000001986803d5e0_55 .array/port v000001986803d5e0, 55;
v000001986803d5e0_56 .array/port v000001986803d5e0, 56;
v000001986803d5e0_57 .array/port v000001986803d5e0, 57;
E_000001986802aa10/14 .event anyedge, v000001986803d5e0_54, v000001986803d5e0_55, v000001986803d5e0_56, v000001986803d5e0_57;
v000001986803d5e0_58 .array/port v000001986803d5e0, 58;
v000001986803d5e0_59 .array/port v000001986803d5e0, 59;
v000001986803d5e0_60 .array/port v000001986803d5e0, 60;
v000001986803d5e0_61 .array/port v000001986803d5e0, 61;
E_000001986802aa10/15 .event anyedge, v000001986803d5e0_58, v000001986803d5e0_59, v000001986803d5e0_60, v000001986803d5e0_61;
v000001986803d5e0_62 .array/port v000001986803d5e0, 62;
v000001986803d5e0_63 .array/port v000001986803d5e0, 63;
E_000001986802aa10/16 .event anyedge, v000001986803d5e0_62, v000001986803d5e0_63;
E_000001986802aa10 .event/or E_000001986802aa10/0, E_000001986802aa10/1, E_000001986802aa10/2, E_000001986802aa10/3, E_000001986802aa10/4, E_000001986802aa10/5, E_000001986802aa10/6, E_000001986802aa10/7, E_000001986802aa10/8, E_000001986802aa10/9, E_000001986802aa10/10, E_000001986802aa10/11, E_000001986802aa10/12, E_000001986802aa10/13, E_000001986802aa10/14, E_000001986802aa10/15, E_000001986802aa10/16;
E_000001986802aa50 .event posedge, v000001986803c8c0_0;
S_0000019868006d10 .scope module, "i1" "Instruction_Memory" 2 50, 8 1 0, S_0000019868002240;
 .timescale 0 0;
    .port_info 0 /INPUT 64 "Inst_Address";
    .port_info 1 /OUTPUT 32 "Instruction";
v000001986803bf60 .array "IMem", 0 19, 7 0;
v000001986803d7c0_0 .net "Inst_Address", 63 0, v000001986806c1a0_0;  alias, 1 drivers
v000001986803c960_0 .net "Instruction", 31 0, L_00000198681025f0;  alias, 1 drivers
v000001986803cc80_0 .net *"_ivl_0", 7 0, L_0000019868103770;  1 drivers
v000001986803d180_0 .net *"_ivl_10", 7 0, L_0000019868102230;  1 drivers
v000001986803c000_0 .net *"_ivl_12", 64 0, L_0000019868103a90;  1 drivers
L_0000019868104190 .functor BUFT 1, C4<0>, C4<0>, C4<0>, C4<0>;
v000001986803c0a0_0 .net *"_ivl_15", 0 0, L_0000019868104190;  1 drivers
L_00000198681041d8 .functor BUFT 1, C4<00000000000000000000000000000000000000000000000000000000000000010>, C4<0>, C4<0>, C4<0>;
v000001986803d860_0 .net/2u *"_ivl_16", 64 0, L_00000198681041d8;  1 drivers
v000001986803db80_0 .net *"_ivl_18", 64 0, L_0000019868103bd0;  1 drivers
v000001986803c140_0 .net *"_ivl_2", 64 0, L_0000019868102370;  1 drivers
v000001986803da40_0 .net *"_ivl_20", 7 0, L_0000019868103d10;  1 drivers
v000001986803c1e0_0 .net *"_ivl_22", 64 0, L_0000019868102550;  1 drivers
L_0000019868104220 .functor BUFT 1, C4<0>, C4<0>, C4<0>, C4<0>;
v000001986803c460_0 .net *"_ivl_25", 0 0, L_0000019868104220;  1 drivers
L_0000019868104268 .functor BUFT 1, C4<00000000000000000000000000000000000000000000000000000000000000001>, C4<0>, C4<0>, C4<0>;
v000001986803c280_0 .net/2u *"_ivl_26", 64 0, L_0000019868104268;  1 drivers
v000001986803c500_0 .net *"_ivl_28", 64 0, L_0000019868103e50;  1 drivers
v0000019867fb3be0_0 .net *"_ivl_30", 7 0, L_0000019868103ef0;  1 drivers
L_0000019868104100 .functor BUFT 1, C4<0>, C4<0>, C4<0>, C4<0>;
v000001986806c060_0 .net *"_ivl_5", 0 0, L_0000019868104100;  1 drivers
L_0000019868104148 .functor BUFT 1, C4<00000000000000000000000000000000000000000000000000000000000000011>, C4<0>, C4<0>, C4<0>;
v000001986806d820_0 .net/2u *"_ivl_6", 64 0, L_0000019868104148;  1 drivers
v000001986806df00_0 .net *"_ivl_8", 64 0, L_00000198681038b0;  1 drivers
L_0000019868103770 .array/port v000001986803bf60, L_00000198681038b0;
L_0000019868102370 .concat [ 64 1 0 0], v000001986806c1a0_0, L_0000019868104100;
L_00000198681038b0 .arith/sum 65, L_0000019868102370, L_0000019868104148;
L_0000019868102230 .array/port v000001986803bf60, L_0000019868103bd0;
L_0000019868103a90 .concat [ 64 1 0 0], v000001986806c1a0_0, L_0000019868104190;
L_0000019868103bd0 .arith/sum 65, L_0000019868103a90, L_00000198681041d8;
L_0000019868103d10 .array/port v000001986803bf60, L_0000019868103e50;
L_0000019868102550 .concat [ 64 1 0 0], v000001986806c1a0_0, L_0000019868104220;
L_0000019868103e50 .arith/sum 65, L_0000019868102550, L_0000019868104268;
L_0000019868103ef0 .array/port v000001986803bf60, v000001986806c1a0_0;
L_00000198681025f0 .concat [ 8 8 8 8], L_0000019868103ef0, L_0000019868103d10, L_0000019868102230, L_0000019868103770;
S_0000019868006ea0 .scope module, "i2" "imm_data_gen" 2 52, 9 1 0, S_0000019868002240;
 .timescale 0 0;
    .port_info 0 /INPUT 32 "instruction";
    .port_info 1 /OUTPUT 64 "imm_data";
v000001986806d960_0 .var "imm_data", 63 0;
v000001986806c2e0_0 .net "instruction", 31 0, L_00000198681025f0;  alias, 1 drivers
E_000001986802a950 .event anyedge, v000001986803c960_0;
S_0000019868007030 .scope module, "i3" "instruction" 2 51, 10 1 0, S_0000019868002240;
 .timescale 0 0;
    .port_info 0 /INPUT 32 "ins";
    .port_info 1 /OUTPUT 7 "op";
    .port_info 2 /OUTPUT 5 "rd";
    .port_info 3 /OUTPUT 3 "f3";
    .port_info 4 /OUTPUT 5 "rs1";
    .port_info 5 /OUTPUT 5 "rs2";
    .port_info 6 /OUTPUT 7 "f7";
v000001986806c600_0 .net "f3", 2 0, L_0000019868102910;  alias, 1 drivers
v000001986806cd80_0 .net "f7", 6 0, L_000001986815c8a0;  alias, 1 drivers
v000001986806c7e0_0 .net "ins", 31 0, L_00000198681025f0;  alias, 1 drivers
v000001986806daa0_0 .net "op", 6 0, L_0000019868102730;  alias, 1 drivers
v000001986806cce0_0 .net "rd", 4 0, L_00000198681027d0;  alias, 1 drivers
v000001986806c6a0_0 .net "rs1", 4 0, L_000001986815d700;  alias, 1 drivers
v000001986806d000_0 .net "rs2", 4 0, L_000001986815cda0;  alias, 1 drivers
L_0000019868102730 .part L_00000198681025f0, 0, 7;
L_00000198681027d0 .part L_00000198681025f0, 7, 5;
L_0000019868102910 .part L_00000198681025f0, 12, 3;
L_000001986815d700 .part L_00000198681025f0, 15, 5;
L_000001986815cda0 .part L_00000198681025f0, 20, 5;
L_000001986815c8a0 .part L_00000198681025f0, 25, 7;
S_00000198680027b0 .scope module, "m1" "MUX" 2 56, 11 1 0, S_0000019868002240;
 .timescale 0 0;
    .port_info 0 /INPUT 64 "X";
    .port_info 1 /INPUT 64 "Y";
    .port_info 2 /INPUT 1 "S";
    .port_info 3 /OUTPUT 64 "O";
v000001986806da00_0 .net "O", 63 0, L_000001986815c940;  alias, 1 drivers
v000001986806c880_0 .net "S", 0 0, v000001986803c780_0;  alias, 1 drivers
v000001986806c740_0 .net "X", 63 0, v000001986806d640_0;  alias, 1 drivers
v000001986806c4c0_0 .net "Y", 63 0, v000001986806d960_0;  alias, 1 drivers
L_000001986815c940 .functor MUXZ 64, v000001986806d640_0, v000001986806d960_0, v000001986803c780_0, C4<>;
S_0000019868002940 .scope module, "m2" "MUX" 2 59, 11 1 0, S_0000019868002240;
 .timescale 0 0;
    .port_info 0 /INPUT 64 "X";
    .port_info 1 /INPUT 64 "Y";
    .port_info 2 /INPUT 1 "S";
    .port_info 3 /OUTPUT 64 "O";
v000001986806cba0_0 .net "O", 63 0, L_000001986815d7a0;  alias, 1 drivers
v000001986806c100_0 .net "S", 0 0, v000001986803cbe0_0;  alias, 1 drivers
v000001986806d5a0_0 .net "X", 63 0, v000001986803c6e0_0;  alias, 1 drivers
v000001986806dc80_0 .net "Y", 63 0, v000001986803d720_0;  alias, 1 drivers
L_000001986815d7a0 .functor MUXZ 64, v000001986803c6e0_0, v000001986803d720_0, v000001986803cbe0_0, C4<>;
S_0000019868002ad0 .scope module, "m3" "MUX" 2 62, 11 1 0, S_0000019868002240;
 .timescale 0 0;
    .port_info 0 /INPUT 64 "X";
    .port_info 1 /INPUT 64 "Y";
    .port_info 2 /INPUT 1 "S";
    .port_info 3 /OUTPUT 64 "O";
v000001986806d1e0_0 .net "O", 63 0, L_000001986815c300;  alias, 1 drivers
v000001986806ca60_0 .net "S", 0 0, L_000001986800aa30;  1 drivers
v000001986806c920_0 .net "X", 63 0, L_00000198681036d0;  alias, 1 drivers
v000001986806cc40_0 .net "Y", 63 0, L_000001986815d840;  alias, 1 drivers
L_000001986815c300 .functor MUXZ 64, L_00000198681036d0, L_000001986815d840, L_000001986800aa30, C4<>;
S_0000019867feef70 .scope module, "p1" "Program_Counter" 2 48, 12 1 0, S_0000019868002240;
 .timescale 0 0;
    .port_info 0 /INPUT 1 "clk";
    .port_info 1 /INPUT 1 "reset";
    .port_info 2 /INPUT 64 "PC_In";
    .port_info 3 /OUTPUT 64 "PC_Out";
v000001986806c9c0_0 .net "PC_In", 63 0, L_000001986815c300;  alias, 1 drivers
v000001986806c1a0_0 .var "PC_Out", 63 0;
v000001986806d8c0_0 .net "clk", 0 0, o00000198680d1498;  alias, 0 drivers
v000001986806dd20_0 .net "reset", 0 0, o00000198680d1f18;  alias, 0 drivers
E_000001986802b590 .event posedge, v000001986806dd20_0, v000001986803c8c0_0;
S_0000019867fef100 .scope module, "r1" "registerFile" 2 54, 13 1 0, S_0000019868002240;
 .timescale 0 0;
    .port_info 0 /INPUT 1 "clk";
    .port_info 1 /INPUT 1 "reset";
    .port_info 2 /INPUT 5 "rs1";
    .port_info 3 /INPUT 5 "rs2";
    .port_info 4 /INPUT 5 "rd";
    .port_info 5 /INPUT 64 "write_data";
    .port_info 6 /INPUT 1 "reg_write";
    .port_info 7 /OUTPUT 64 "readdata1";
    .port_info 8 /OUTPUT 64 "readdata2";
v000001986806cec0 .array "Registers", 0 31, 63 0;
v000001986806d280_0 .net "clk", 0 0, o00000198680d1498;  alias, 0 drivers
v000001986806c380_0 .net "rd", 4 0, L_00000198681027d0;  alias, 1 drivers
v000001986806cb00_0 .var "readdata1", 63 0;
v000001986806d640_0 .var "readdata2", 63 0;
v000001986806c420_0 .net "reg_write", 0 0, v000001986803d2c0_0;  alias, 1 drivers
v000001986806c240_0 .net "reset", 0 0, o00000198680d1f18;  alias, 0 drivers
v000001986806c560_0 .net "rs1", 4 0, L_000001986815d700;  alias, 1 drivers
v000001986806d780_0 .net "rs2", 4 0, L_000001986815cda0;  alias, 1 drivers
v000001986806d6e0_0 .net "write_data", 63 0, L_000001986815d7a0;  alias, 1 drivers
v000001986806cec0_0 .array/port v000001986806cec0, 0;
v000001986806cec0_1 .array/port v000001986806cec0, 1;
E_000001986802b290/0 .event anyedge, v000001986806dd20_0, v000001986806c6a0_0, v000001986806cec0_0, v000001986806cec0_1;
v000001986806cec0_2 .array/port v000001986806cec0, 2;
v000001986806cec0_3 .array/port v000001986806cec0, 3;
v000001986806cec0_4 .array/port v000001986806cec0, 4;
v000001986806cec0_5 .array/port v000001986806cec0, 5;
E_000001986802b290/1 .event anyedge, v000001986806cec0_2, v000001986806cec0_3, v000001986806cec0_4, v000001986806cec0_5;
v000001986806cec0_6 .array/port v000001986806cec0, 6;
v000001986806cec0_7 .array/port v000001986806cec0, 7;
v000001986806cec0_8 .array/port v000001986806cec0, 8;
v000001986806cec0_9 .array/port v000001986806cec0, 9;
E_000001986802b290/2 .event anyedge, v000001986806cec0_6, v000001986806cec0_7, v000001986806cec0_8, v000001986806cec0_9;
v000001986806cec0_10 .array/port v000001986806cec0, 10;
v000001986806cec0_11 .array/port v000001986806cec0, 11;
v000001986806cec0_12 .array/port v000001986806cec0, 12;
v000001986806cec0_13 .array/port v000001986806cec0, 13;
E_000001986802b290/3 .event anyedge, v000001986806cec0_10, v000001986806cec0_11, v000001986806cec0_12, v000001986806cec0_13;
v000001986806cec0_14 .array/port v000001986806cec0, 14;
v000001986806cec0_15 .array/port v000001986806cec0, 15;
v000001986806cec0_16 .array/port v000001986806cec0, 16;
v000001986806cec0_17 .array/port v000001986806cec0, 17;
E_000001986802b290/4 .event anyedge, v000001986806cec0_14, v000001986806cec0_15, v000001986806cec0_16, v000001986806cec0_17;
v000001986806cec0_18 .array/port v000001986806cec0, 18;
v000001986806cec0_19 .array/port v000001986806cec0, 19;
v000001986806cec0_20 .array/port v000001986806cec0, 20;
v000001986806cec0_21 .array/port v000001986806cec0, 21;
E_000001986802b290/5 .event anyedge, v000001986806cec0_18, v000001986806cec0_19, v000001986806cec0_20, v000001986806cec0_21;
v000001986806cec0_22 .array/port v000001986806cec0, 22;
v000001986806cec0_23 .array/port v000001986806cec0, 23;
v000001986806cec0_24 .array/port v000001986806cec0, 24;
v000001986806cec0_25 .array/port v000001986806cec0, 25;
E_000001986802b290/6 .event anyedge, v000001986806cec0_22, v000001986806cec0_23, v000001986806cec0_24, v000001986806cec0_25;
v000001986806cec0_26 .array/port v000001986806cec0, 26;
v000001986806cec0_27 .array/port v000001986806cec0, 27;
v000001986806cec0_28 .array/port v000001986806cec0, 28;
v000001986806cec0_29 .array/port v000001986806cec0, 29;
E_000001986802b290/7 .event anyedge, v000001986806cec0_26, v000001986806cec0_27, v000001986806cec0_28, v000001986806cec0_29;
v000001986806cec0_30 .array/port v000001986806cec0, 30;
v000001986806cec0_31 .array/port v000001986806cec0, 31;
E_000001986802b290/8 .event anyedge, v000001986806cec0_30, v000001986806cec0_31, v000001986806d000_0;
E_000001986802b290 .event/or E_000001986802b290/0, E_000001986802b290/1, E_000001986802b290/2, E_000001986802b290/3, E_000001986802b290/4, E_000001986802b290/5, E_000001986802b290/6, E_000001986802b290/7, E_000001986802b290/8;
S_0000019867fef290 .scope module, "s1" "shift_left" 2 60, 14 1 0, S_0000019868002240;
 .timescale 0 0;
    .port_info 0 /INPUT 64 "a";
    .port_info 1 /OUTPUT 64 "b";
v000001986806cf60_0 .net *"_ivl_1", 62 0, L_000001986815dac0;  1 drivers
L_00000198681042b0 .functor BUFT 1, C4<0>, C4<0>, C4<0>, C4<0>;
v000001986806d0a0_0 .net/2u *"_ivl_2", 0 0, L_00000198681042b0;  1 drivers
v000001986806d140_0 .net "a", 63 0, v000001986806d960_0;  alias, 1 drivers
v000001986806d320_0 .net "b", 63 0, L_000001986815d520;  alias, 1 drivers
L_000001986815dac0 .part v000001986806d960_0, 0, 63;
L_000001986815d520 .concat [ 1 63 0 0], L_00000198681042b0, L_000001986815dac0;
S_00000198680023d0 .scope module, "branch_module" "branch_module" 15 1;
 .timescale 0 0;
    .port_info 0 /INPUT 1 "zero";
    .port_info 1 /INPUT 1 "pos";
    .port_info 2 /INPUT 1 "branch";
    .port_info 3 /INPUT 3 "funct3";
    .port_info 4 /OUTPUT 1 "bne";
    .port_info 5 /OUTPUT 1 "beq";
    .port_info 6 /OUTPUT 1 "bge";
    .port_info 7 /OUTPUT 1 "blt";
    .port_info 8 /OUTPUT 1 "bgt";
    .port_info 9 /OUTPUT 1 "ble";
v0000019868102cd0_0 .var "beq", 0 0;
v0000019868102690_0 .var "bge", 0 0;
v00000198681031d0_0 .var "bgt", 0 0;
v0000019868103270_0 .var "ble", 0 0;
v0000019868103c70_0 .var "blt", 0 0;
v0000019868102a50_0 .var "bne", 0 0;
o00000198680d2a58 .functor BUFZ 1, C4<z>; HiZ drive
v0000019868102410_0 .net "branch", 0 0, o00000198680d2a58;  0 drivers
o00000198680d2a88 .functor BUFZ 3, C4<zzz>; HiZ drive
v00000198681033b0_0 .net "funct3", 2 0, o00000198680d2a88;  0 drivers
o00000198680d2ab8 .functor BUFZ 1, C4<z>; HiZ drive
v0000019868103590_0 .net "pos", 0 0, o00000198680d2ab8;  0 drivers
o00000198680d2ae8 .functor BUFZ 1, C4<z>; HiZ drive
v0000019868103310_0 .net "zero", 0 0, o00000198680d2ae8;  0 drivers
E_000001986802b310 .event anyedge, v0000019868102410_0, v0000019868103310_0, v00000198681033b0_0, v0000019868103590_0;
    .scope S_0000019867feef70;
T_0 ;
    %wait E_000001986802b590;
    %load/vec4 v000001986806dd20_0;
    %flag_set/vec4 8;
    %jmp/0xz  T_0.0, 8;
    %pushi/vec4 0, 0, 64;
    %assign/vec4 v000001986806c1a0_0, 0;
    %jmp T_0.1;
T_0.0 ;
    %load/vec4 v000001986806c9c0_0;
    %assign/vec4 v000001986806c1a0_0, 0;
T_0.1 ;
    %jmp T_0;
    .thread T_0;
    .scope S_0000019868006d10;
T_1 ;
    %pushi/vec4 2, 0, 8;
    %ix/load 4, 19, 0;
    %flag_set/imm 4, 0;
    %store/vec4a v000001986803bf60, 4, 0;
    %pushi/vec4 133, 0, 8;
    %ix/load 4, 18, 0;
    %flag_set/imm 4, 0;
    %store/vec4a v000001986803bf60, 4, 0;
    %pushi/vec4 52, 0, 8;
    %ix/load 4, 17, 0;
    %flag_set/imm 4, 0;
    %store/vec4a v000001986803bf60, 4, 0;
    %pushi/vec4 131, 0, 8;
    %ix/load 4, 16, 0;
    %flag_set/imm 4, 0;
    %store/vec4a v000001986803bf60, 4, 0;
    %pushi/vec4 2, 0, 8;
    %ix/load 4, 15, 0;
    %flag_set/imm 4, 0;
    %store/vec4a v000001986803bf60, 4, 0;
    %pushi/vec4 149, 0, 8;
    %ix/load 4, 14, 0;
    %flag_set/imm 4, 0;
    %store/vec4a v000001986803bf60, 4, 0;
    %pushi/vec4 52, 0, 8;
    %ix/load 4, 13, 0;
    %flag_set/imm 4, 0;
    %store/vec4a v000001986803bf60, 4, 0;
    %pushi/vec4 35, 0, 8;
    %ix/load 4, 12, 0;
    %flag_set/imm 4, 0;
    %store/vec4a v000001986803bf60, 4, 0;
    %pushi/vec4 0, 0, 8;
    %ix/load 4, 11, 0;
    %flag_set/imm 4, 0;
    %store/vec4a v000001986803bf60, 4, 0;
    %pushi/vec4 20, 0, 8;
    %ix/load 4, 10, 0;
    %flag_set/imm 4, 0;
    %store/vec4a v000001986803bf60, 4, 0;
    %pushi/vec4 132, 0, 8;
    %ix/load 4, 9, 0;
    %flag_set/imm 4, 0;
    %store/vec4a v000001986803bf60, 4, 0;
    %pushi/vec4 147, 0, 8;
    %ix/load 4, 8, 0;
    %flag_set/imm 4, 0;
    %store/vec4a v000001986803bf60, 4, 0;
    %pushi/vec4 0, 0, 8;
    %ix/load 4, 7, 0;
    %flag_set/imm 4, 0;
    %store/vec4a v000001986803bf60, 4, 0;
    %pushi/vec4 154, 0, 8;
    %ix/load 4, 6, 0;
    %flag_set/imm 4, 0;
    %store/vec4a v000001986803bf60, 4, 0;
    %pushi/vec4 132, 0, 8;
    %ix/load 4, 5, 0;
    %flag_set/imm 4, 0;
    %store/vec4a v000001986803bf60, 4, 0;
    %pushi/vec4 179, 0, 8;
    %ix/load 4, 4, 0;
    %flag_set/imm 4, 0;
    %store/vec4a v000001986803bf60, 4, 0;
    %pushi/vec4 2, 0, 8;
    %ix/load 4, 3, 0;
    %flag_set/imm 4, 0;
    %store/vec4a v000001986803bf60, 4, 0;
    %pushi/vec4 133, 0, 8;
    %ix/load 4, 2, 0;
    %flag_set/imm 4, 0;
    %store/vec4a v000001986803bf60, 4, 0;
    %pushi/vec4 52, 0, 8;
    %ix/load 4, 1, 0;
    %flag_set/imm 4, 0;
    %store/vec4a v000001986803bf60, 4, 0;
    %pushi/vec4 131, 0, 8;
    %ix/load 4, 0, 0;
    %flag_set/imm 4, 0;
    %store/vec4a v000001986803bf60, 4, 0;
    %end;
    .thread T_1;
    .scope S_0000019868006ea0;
T_2 ;
    %wait E_000001986802a950;
    %load/vec4 v000001986806c2e0_0;
    %parti/s 2, 5, 4;
    %cmpi/e 0, 0, 2;
    %jmp/0xz  T_2.0, 4;
    %load/vec4 v000001986806c2e0_0;
    %parti/s 12, 20, 6;
    %ix/load 4, 0, 0;
    %flag_set/imm 4, 0;
    %store/vec4 v000001986806d960_0, 4, 12;
    %jmp T_2.1;
T_2.0 ;
    %load/vec4 v000001986806c2e0_0;
    %parti/s 2, 5, 4;
    %cmpi/e 1, 0, 2;
    %jmp/0xz  T_2.2, 4;
    %load/vec4 v000001986806c2e0_0;
    %parti/s 7, 25, 6;
    %ix/load 4, 5, 0;
    %flag_set/imm 4, 0;
    %store/vec4 v000001986806d960_0, 4, 7;
    %load/vec4 v000001986806c2e0_0;
    %parti/s 5, 7, 4;
    %ix/load 4, 0, 0;
    %flag_set/imm 4, 0;
    %store/vec4 v000001986806d960_0, 4, 5;
    %jmp T_2.3;
T_2.2 ;
    %load/vec4 v000001986806c2e0_0;
    %parti/s 1, 31, 6;
    %ix/load 4, 11, 0;
    %flag_set/imm 4, 0;
    %store/vec4 v000001986806d960_0, 4, 1;
    %load/vec4 v000001986806c2e0_0;
    %parti/s 6, 25, 6;
    %ix/load 4, 4, 0;
    %flag_set/imm 4, 0;
    %store/vec4 v000001986806d960_0, 4, 6;
    %load/vec4 v000001986806c2e0_0;
    %parti/s 3, 8, 5;
    %pad/u 4;
    %ix/load 4, 0, 0;
    %flag_set/imm 4, 0;
    %store/vec4 v000001986806d960_0, 4, 4;
    %load/vec4 v000001986806c2e0_0;
    %parti/s 1, 7, 4;
    %ix/load 4, 10, 0;
    %flag_set/imm 4, 0;
    %store/vec4 v000001986806d960_0, 4, 1;
T_2.3 ;
T_2.1 ;
    %load/vec4 v000001986806d960_0;
    %parti/s 1, 11, 5;
    %replicate 52;
    %ix/load 4, 12, 0;
    %flag_set/imm 4, 0;
    %store/vec4 v000001986806d960_0, 4, 52;
    %jmp T_2;
    .thread T_2, $push;
    .scope S_0000019867fe5650;
T_3 ;
    %wait E_000001986802a910;
    %load/vec4 v000001986803d900_0;
    %dup/vec4;
    %pushi/vec4 51, 0, 7;
    %cmp/u;
    %jmp/1 T_3.0, 6;
    %dup/vec4;
    %pushi/vec4 3, 0, 7;
    %cmp/u;
    %jmp/1 T_3.1, 6;
    %dup/vec4;
    %pushi/vec4 35, 0, 7;
    %cmp/u;
    %jmp/1 T_3.2, 6;
    %dup/vec4;
    %pushi/vec4 99, 0, 7;
    %cmp/u;
    %jmp/1 T_3.3, 6;
    %dup/vec4;
    %pushi/vec4 19, 0, 7;
    %cmp/u;
    %jmp/1 T_3.4, 6;
    %pushi/vec4 0, 0, 2;
    %store/vec4 v000001986803cdc0_0, 0, 2;
    %pushi/vec4 0, 0, 1;
    %store/vec4 v000001986803d540_0, 0, 1;
    %pushi/vec4 0, 0, 1;
    %store/vec4 v000001986803c820_0, 0, 1;
    %pushi/vec4 0, 0, 1;
    %store/vec4 v000001986803be20_0, 0, 1;
    %pushi/vec4 0, 0, 1;
    %store/vec4 v000001986803d2c0_0, 0, 1;
    %pushi/vec4 0, 0, 1;
    %store/vec4 v000001986803cbe0_0, 0, 1;
    %pushi/vec4 0, 0, 1;
    %store/vec4 v000001986803c780_0, 0, 1;
    %jmp T_3.6;
T_3.0 ;
    %pushi/vec4 2, 0, 2;
    %store/vec4 v000001986803cdc0_0, 0, 2;
    %pushi/vec4 0, 0, 1;
    %store/vec4 v000001986803d540_0, 0, 1;
    %pushi/vec4 0, 0, 1;
    %store/vec4 v000001986803c820_0, 0, 1;
    %pushi/vec4 0, 0, 1;
    %store/vec4 v000001986803be20_0, 0, 1;
    %pushi/vec4 1, 0, 1;
    %store/vec4 v000001986803d2c0_0, 0, 1;
    %pushi/vec4 0, 0, 1;
    %store/vec4 v000001986803cbe0_0, 0, 1;
    %pushi/vec4 0, 0, 1;
    %store/vec4 v000001986803c780_0, 0, 1;
    %jmp T_3.6;
T_3.1 ;
    %pushi/vec4 0, 0, 2;
    %store/vec4 v000001986803cdc0_0, 0, 2;
    %pushi/vec4 0, 0, 1;
    %store/vec4 v000001986803d540_0, 0, 1;
    %pushi/vec4 0, 0, 1;
    %store/vec4 v000001986803c820_0, 0, 1;
    %pushi/vec4 1, 0, 1;
    %store/vec4 v000001986803be20_0, 0, 1;
    %pushi/vec4 1, 0, 1;
    %store/vec4 v000001986803d2c0_0, 0, 1;
    %pushi/vec4 1, 0, 1;
    %store/vec4 v000001986803cbe0_0, 0, 1;
    %pushi/vec4 1, 0, 1;
    %store/vec4 v000001986803c780_0, 0, 1;
    %jmp T_3.6;
T_3.2 ;
    %pushi/vec4 0, 0, 2;
    %store/vec4 v000001986803cdc0_0, 0, 2;
    %pushi/vec4 0, 0, 1;
    %store/vec4 v000001986803d540_0, 0, 1;
    %pushi/vec4 1, 0, 1;
    %store/vec4 v000001986803c820_0, 0, 1;
    %pushi/vec4 0, 0, 1;
    %store/vec4 v000001986803be20_0, 0, 1;
    %pushi/vec4 0, 0, 1;
    %store/vec4 v000001986803d2c0_0, 0, 1;
    %pushi/vec4 1, 1, 1;
    %store/vec4 v000001986803cbe0_0, 0, 1;
    %pushi/vec4 1, 0, 1;
    %store/vec4 v000001986803c780_0, 0, 1;
    %jmp T_3.6;
T_3.3 ;
    %pushi/vec4 1, 0, 2;
    %store/vec4 v000001986803cdc0_0, 0, 2;
    %pushi/vec4 1, 0, 1;
    %store/vec4 v000001986803d540_0, 0, 1;
    %pushi/vec4 0, 0, 1;
    %store/vec4 v000001986803c820_0, 0, 1;
    %pushi/vec4 0, 0, 1;
    %store/vec4 v000001986803be20_0, 0, 1;
    %pushi/vec4 0, 0, 1;
    %store/vec4 v000001986803d2c0_0, 0, 1;
    %pushi/vec4 1, 1, 1;
    %store/vec4 v000001986803cbe0_0, 0, 1;
    %pushi/vec4 0, 0, 1;
    %store/vec4 v000001986803c780_0, 0, 1;
    %jmp T_3.6;
T_3.4 ;
    %pushi/vec4 0, 0, 2;
    %store/vec4 v000001986803cdc0_0, 0, 2;
    %pushi/vec4 0, 0, 1;
    %store/vec4 v000001986803d540_0, 0, 1;
    %pushi/vec4 0, 0, 1;
    %store/vec4 v000001986803c820_0, 0, 1;
    %pushi/vec4 0, 0, 1;
    %store/vec4 v000001986803be20_0, 0, 1;
    %pushi/vec4 1, 0, 1;
    %store/vec4 v000001986803d2c0_0, 0, 1;
    %pushi/vec4 0, 0, 1;
    %store/vec4 v000001986803cbe0_0, 0, 1;
    %pushi/vec4 1, 0, 1;
    %store/vec4 v000001986803c780_0, 0, 1;
    %jmp T_3.6;
T_3.6 ;
    %pop/vec4 1;
    %jmp T_3;
    .thread T_3, $push;
    .scope S_0000019867fef100;
T_4 ;
    %pushi/vec4 0, 0, 64;
    %ix/load 4, 0, 0;
    %flag_set/imm 4, 0;
    %store/vec4a v000001986806cec0, 4, 0;
    %pushi/vec4 1209, 0, 64;
    %ix/load 4, 1, 0;
    %flag_set/imm 4, 0;
    %store/vec4a v000001986806cec0, 4, 0;
    %pushi/vec4 751, 0, 64;
    %ix/load 4, 2, 0;
    %flag_set/imm 4, 0;
    %store/vec4a v000001986806cec0, 4, 0;
    %pushi/vec4 3522, 0, 64;
    %ix/load 4, 3, 0;
    %flag_set/imm 4, 0;
    %store/vec4a v000001986806cec0, 4, 0;
    %pushi/vec4 2971, 0, 64;
    %ix/load 4, 4, 0;
    %flag_set/imm 4, 0;
    %store/vec4a v000001986806cec0, 4, 0;
    %pushi/vec4 72, 0, 64;
    %ix/load 4, 5, 0;
    %flag_set/imm 4, 0;
    %store/vec4a v000001986806cec0, 4, 0;
    %pushi/vec4 1135, 0, 64;
    %ix/load 4, 6, 0;
    %flag_set/imm 4, 0;
    %store/vec4a v000001986806cec0, 4, 0;
    %pushi/vec4 1141, 0, 64;
    %ix/load 4, 7, 0;
    %flag_set/imm 4, 0;
    %store/vec4a v000001986806cec0, 4, 0;
    %pushi/vec4 2919, 0, 64;
    %ix/load 4, 8, 0;
    %flag_set/imm 4, 0;
    %store/vec4a v000001986806cec0, 4, 0;
    %pushi/vec4 2467, 0, 64;
    %ix/load 4, 9, 0;
    %flag_set/imm 4, 0;
    %store/vec4a v000001986806cec0, 4, 0;
    %pushi/vec4 0, 0, 64;
    %ix/load 4, 10, 0;
    %flag_set/imm 4, 0;
    %store/vec4a v000001986806cec0, 4, 0;
    %pushi/vec4 3033, 0, 64;
    %ix/load 4, 11, 0;
    %flag_set/imm 4, 0;
    %store/vec4a v000001986806cec0, 4, 0;
    %pushi/vec4 3278, 0, 64;
    %ix/load 4, 12, 0;
    %flag_set/imm 4, 0;
    %store/vec4a v000001986806cec0, 4, 0;
    %pushi/vec4 3214, 0, 64;
    %ix/load 4, 13, 0;
    %flag_set/imm 4, 0;
    %store/vec4a v000001986806cec0, 4, 0;
    %pushi/vec4 3656, 0, 64;
    %ix/load 4, 14, 0;
    %flag_set/imm 4, 0;
    %store/vec4a v000001986806cec0, 4, 0;
    %pushi/vec4 1765, 0, 64;
    %ix/load 4, 15, 0;
    %flag_set/imm 4, 0;
    %store/vec4a v000001986806cec0, 4, 0;
    %pushi/vec4 736, 0, 64;
    %ix/load 4, 16, 0;
    %flag_set/imm 4, 0;
    %store/vec4a v000001986806cec0, 4, 0;
    %pushi/vec4 2985, 0, 64;
    %ix/load 4, 17, 0;
    %flag_set/imm 4, 0;
    %store/vec4a v000001986806cec0, 4, 0;
    %pushi/vec4 2717, 0, 64;
    %ix/load 4, 18, 0;
    %flag_set/imm 4, 0;
    %store/vec4a v000001986806cec0, 4, 0;
    %pushi/vec4 863, 0, 64;
    %ix/load 4, 19, 0;
    %flag_set/imm 4, 0;
    %store/vec4a v000001986806cec0, 4, 0;
    %pushi/vec4 1916, 0, 64;
    %ix/load 4, 20, 0;
    %flag_set/imm 4, 0;
    %store/vec4a v000001986806cec0, 4, 0;
    %pushi/vec4 13, 0, 64;
    %ix/load 4, 21, 0;
    %flag_set/imm 4, 0;
    %store/vec4a v000001986806cec0, 4, 0;
    %pushi/vec4 701, 0, 64;
    %ix/load 4, 22, 0;
    %flag_set/imm 4, 0;
    %store/vec4a v000001986806cec0, 4, 0;
    %pushi/vec4 3479, 0, 64;
    %ix/load 4, 23, 0;
    %flag_set/imm 4, 0;
    %store/vec4a v000001986806cec0, 4, 0;
    %pushi/vec4 2489, 0, 64;
    %ix/load 4, 24, 0;
    %flag_set/imm 4, 0;
    %store/vec4a v000001986806cec0, 4, 0;
    %pushi/vec4 1937, 0, 64;
    %ix/load 4, 25, 0;
    %flag_set/imm 4, 0;
    %store/vec4a v000001986806cec0, 4, 0;
    %pushi/vec4 523, 0, 64;
    %ix/load 4, 26, 0;
    %flag_set/imm 4, 0;
    %store/vec4a v000001986806cec0, 4, 0;
    %pushi/vec4 210, 0, 64;
    %ix/load 4, 27, 0;
    %flag_set/imm 4, 0;
    %store/vec4a v000001986806cec0, 4, 0;
    %pushi/vec4 1043, 0, 64;
    %ix/load 4, 28, 0;
    %flag_set/imm 4, 0;
    %store/vec4a v000001986806cec0, 4, 0;
    %pushi/vec4 425, 0, 64;
    %ix/load 4, 29, 0;
    %flag_set/imm 4, 0;
    %store/vec4a v000001986806cec0, 4, 0;
    %pushi/vec4 2434, 0, 64;
    %ix/load 4, 30, 0;
    %flag_set/imm 4, 0;
    %store/vec4a v000001986806cec0, 4, 0;
    %pushi/vec4 988, 0, 64;
    %ix/load 4, 31, 0;
    %flag_set/imm 4, 0;
    %store/vec4a v000001986806cec0, 4, 0;
    %end;
    .thread T_4;
    .scope S_0000019867fef100;
T_5 ;
    %wait E_000001986802aa50;
    %load/vec4 v000001986806c420_0;
    %load/vec4 v000001986806c380_0;
    %pushi/vec4 0, 0, 5;
    %cmp/ne;
    %flag_get/vec4 4;
    %and;
    %flag_set/vec4 8;
    %jmp/0xz  T_5.0, 8;
    %load/vec4 v000001986806d6e0_0;
    %load/vec4 v000001986806c380_0;
    %pad/u 7;
    %ix/vec4 3;
    %ix/load 4, 0, 0; Constant delay
    %assign/vec4/a/d v000001986806cec0, 0, 4;
T_5.0 ;
    %jmp T_5;
    .thread T_5;
    .scope S_0000019867fef100;
T_6 ;
    %wait E_000001986802b290;
    %load/vec4 v000001986806c240_0;
    %flag_set/vec4 8;
    %jmp/0xz  T_6.0, 8;
    %pushi/vec4 0, 0, 64;
    %assign/vec4 v000001986806cb00_0, 0;
    %pushi/vec4 0, 0, 64;
    %assign/vec4 v000001986806d640_0, 0;
    %jmp T_6.1;
T_6.0 ;
    %load/vec4 v000001986806c560_0;
    %pad/u 7;
    %ix/vec4 4;
    %load/vec4a v000001986806cec0, 4;
    %assign/vec4 v000001986806cb00_0, 0;
    %load/vec4 v000001986806d780_0;
    %pad/u 7;
    %ix/vec4 4;
    %load/vec4a v000001986806cec0, 4;
    %assign/vec4 v000001986806d640_0, 0;
T_6.1 ;
    %jmp T_6;
    .thread T_6, $push;
    .scope S_0000019867ff1680;
T_7 ;
    %wait E_000001986802b110;
    %load/vec4 v000001986803c640_0;
    %cmpi/e 0, 0, 2;
    %jmp/0xz  T_7.0, 4;
    %pushi/vec4 2, 0, 4;
    %assign/vec4 v000001986803d4a0_0, 0;
    %jmp T_7.1;
T_7.0 ;
    %load/vec4 v000001986803c640_0;
    %cmpi/e 1, 0, 2;
    %jmp/0xz  T_7.2, 4;
    %pushi/vec4 6, 0, 4;
    %assign/vec4 v000001986803d4a0_0, 0;
    %jmp T_7.3;
T_7.2 ;
    %load/vec4 v000001986803c640_0;
    %cmpi/e 2, 0, 2;
    %jmp/0xz  T_7.4, 4;
    %load/vec4 v000001986803bce0_0;
    %dup/vec4;
    %pushi/vec4 0, 0, 4;
    %cmp/u;
    %jmp/1 T_7.6, 6;
    %dup/vec4;
    %pushi/vec4 8, 0, 4;
    %cmp/u;
    %jmp/1 T_7.7, 6;
    %dup/vec4;
    %pushi/vec4 7, 0, 4;
    %cmp/u;
    %jmp/1 T_7.8, 6;
    %dup/vec4;
    %pushi/vec4 6, 0, 4;
    %cmp/u;
    %jmp/1 T_7.9, 6;
    %pushi/vec4 0, 0, 4;
    %assign/vec4 v000001986803d4a0_0, 0;
    %jmp T_7.11;
T_7.6 ;
    %pushi/vec4 2, 0, 4;
    %assign/vec4 v000001986803d4a0_0, 0;
    %jmp T_7.11;
T_7.7 ;
    %pushi/vec4 6, 0, 4;
    %assign/vec4 v000001986803d4a0_0, 0;
    %jmp T_7.11;
T_7.8 ;
    %pushi/vec4 0, 0, 4;
    %assign/vec4 v000001986803d4a0_0, 0;
    %jmp T_7.11;
T_7.9 ;
    %pushi/vec4 1, 0, 4;
    %assign/vec4 v000001986803d4a0_0, 0;
    %jmp T_7.11;
T_7.11 ;
    %pop/vec4 1;
T_7.4 ;
T_7.3 ;
T_7.1 ;
    %jmp T_7;
    .thread T_7, $push;
    .scope S_0000019867ff1810;
T_8 ;
    %wait E_000001986802ac10;
    %load/vec4 v000001986803dae0_0;
    %cmpi/e 0, 0, 4;
    %jmp/0xz  T_8.0, 4;
    %load/vec4 v000001986803d9a0_0;
    %load/vec4 v000001986803cfa0_0;
    %and;
    %store/vec4 v000001986803c6e0_0, 0, 64;
    %jmp T_8.1;
T_8.0 ;
    %load/vec4 v000001986803dae0_0;
    %cmpi/e 1, 0, 4;
    %jmp/0xz  T_8.2, 4;
    %load/vec4 v000001986803d9a0_0;
    %load/vec4 v000001986803cfa0_0;
    %or;
    %store/vec4 v000001986803c6e0_0, 0, 64;
    %jmp T_8.3;
T_8.2 ;
    %load/vec4 v000001986803dae0_0;
    %cmpi/e 2, 0, 4;
    %jmp/0xz  T_8.4, 4;
    %load/vec4 v000001986803d9a0_0;
    %load/vec4 v000001986803cfa0_0;
    %add;
    %store/vec4 v000001986803c6e0_0, 0, 64;
    %jmp T_8.5;
T_8.4 ;
    %load/vec4 v000001986803dae0_0;
    %cmpi/e 6, 0, 4;
    %jmp/0xz  T_8.6, 4;
    %load/vec4 v000001986803d9a0_0;
    %load/vec4 v000001986803cfa0_0;
    %sub;
    %store/vec4 v000001986803c6e0_0, 0, 64;
    %jmp T_8.7;
T_8.6 ;
    %load/vec4 v000001986803dae0_0;
    %cmpi/e 12, 0, 4;
    %jmp/0xz  T_8.8, 4;
    %load/vec4 v000001986803d9a0_0;
    %load/vec4 v000001986803cfa0_0;
    %or;
    %inv;
    %store/vec4 v000001986803c6e0_0, 0, 64;
T_8.8 ;
T_8.7 ;
T_8.5 ;
T_8.3 ;
T_8.1 ;
    %load/vec4 v000001986803c6e0_0;
    %cmpi/e 0, 0, 64;
    %jmp/0xz  T_8.10, 4;
    %pushi/vec4 1, 0, 1;
    %store/vec4 v000001986803d040_0, 0, 1;
    %jmp T_8.11;
T_8.10 ;
    %pushi/vec4 0, 0, 1;
    %store/vec4 v000001986803d040_0, 0, 1;
T_8.11 ;
    %jmp T_8;
    .thread T_8, $push;
    .scope S_0000019867fe57e0;
T_9 ;
    %pushi/vec4 235, 0, 8;
    %ix/load 4, 0, 0;
    %flag_set/imm 4, 0;
    %store/vec4a v000001986803d5e0, 4, 0;
    %pushi/vec4 18, 0, 8;
    %ix/load 4, 1, 0;
    %flag_set/imm 4, 0;
    %store/vec4a v000001986803d5e0, 4, 0;
    %pushi/vec4 120, 0, 8;
    %ix/load 4, 2, 0;
    %flag_set/imm 4, 0;
    %store/vec4a v000001986803d5e0, 4, 0;
    %pushi/vec4 79, 0, 8;
    %ix/load 4, 3, 0;
    %flag_set/imm 4, 0;
    %store/vec4a v000001986803d5e0, 4, 0;
    %pushi/vec4 72, 0, 8;
    %ix/load 4, 4, 0;
    %flag_set/imm 4, 0;
    %store/vec4a v000001986803d5e0, 4, 0;
    %pushi/vec4 182, 0, 8;
    %ix/load 4, 5, 0;
    %flag_set/imm 4, 0;
    %store/vec4a v000001986803d5e0, 4, 0;
    %pushi/vec4 69, 0, 8;
    %ix/load 4, 6, 0;
    %flag_set/imm 4, 0;
    %store/vec4a v000001986803d5e0, 4, 0;
    %pushi/vec4 254, 0, 8;
    %ix/load 4, 7, 0;
    %flag_set/imm 4, 0;
    %store/vec4a v000001986803d5e0, 4, 0;
    %pushi/vec4 48, 0, 8;
    %ix/load 4, 8, 0;
    %flag_set/imm 4, 0;
    %store/vec4a v000001986803d5e0, 4, 0;
    %pushi/vec4 16, 0, 8;
    %ix/load 4, 9, 0;
    %flag_set/imm 4, 0;
    %store/vec4a v000001986803d5e0, 4, 0;
    %pushi/vec4 17, 0, 8;
    %ix/load 4, 10, 0;
    %flag_set/imm 4, 0;
    %store/vec4a v000001986803d5e0, 4, 0;
    %pushi/vec4 5, 0, 8;
    %ix/load 4, 11, 0;
    %flag_set/imm 4, 0;
    %store/vec4a v000001986803d5e0, 4, 0;
    %pushi/vec4 194, 0, 8;
    %ix/load 4, 12, 0;
    %flag_set/imm 4, 0;
    %store/vec4a v000001986803d5e0, 4, 0;
    %pushi/vec4 223, 0, 8;
    %ix/load 4, 13, 0;
    %flag_set/imm 4, 0;
    %store/vec4a v000001986803d5e0, 4, 0;
    %pushi/vec4 98, 0, 8;
    %ix/load 4, 14, 0;
    %flag_set/imm 4, 0;
    %store/vec4a v000001986803d5e0, 4, 0;
    %pushi/vec4 135, 0, 8;
    %ix/load 4, 15, 0;
    %flag_set/imm 4, 0;
    %store/vec4a v000001986803d5e0, 4, 0;
    %pushi/vec4 53, 0, 8;
    %ix/load 4, 16, 0;
    %flag_set/imm 4, 0;
    %store/vec4a v000001986803d5e0, 4, 0;
    %pushi/vec4 59, 0, 8;
    %ix/load 4, 17, 0;
    %flag_set/imm 4, 0;
    %store/vec4a v000001986803d5e0, 4, 0;
    %pushi/vec4 81, 0, 8;
    %ix/load 4, 18, 0;
    %flag_set/imm 4, 0;
    %store/vec4a v000001986803d5e0, 4, 0;
    %pushi/vec4 95, 0, 8;
    %ix/load 4, 19, 0;
    %flag_set/imm 4, 0;
    %store/vec4a v000001986803d5e0, 4, 0;
    %pushi/vec4 57, 0, 8;
    %ix/load 4, 20, 0;
    %flag_set/imm 4, 0;
    %store/vec4a v000001986803d5e0, 4, 0;
    %pushi/vec4 125, 0, 8;
    %ix/load 4, 21, 0;
    %flag_set/imm 4, 0;
    %store/vec4a v000001986803d5e0, 4, 0;
    %pushi/vec4 166, 0, 8;
    %ix/load 4, 22, 0;
    %flag_set/imm 4, 0;
    %store/vec4a v000001986803d5e0, 4, 0;
    %pushi/vec4 5, 0, 8;
    %ix/load 4, 23, 0;
    %flag_set/imm 4, 0;
    %store/vec4a v000001986803d5e0, 4, 0;
    %pushi/vec4 35, 0, 8;
    %ix/load 4, 24, 0;
    %flag_set/imm 4, 0;
    %store/vec4a v000001986803d5e0, 4, 0;
    %pushi/vec4 16, 0, 8;
    %ix/load 4, 25, 0;
    %flag_set/imm 4, 0;
    %store/vec4a v000001986803d5e0, 4, 0;
    %pushi/vec4 119, 0, 8;
    %ix/load 4, 26, 0;
    %flag_set/imm 4, 0;
    %store/vec4a v000001986803d5e0, 4, 0;
    %pushi/vec4 185, 0, 8;
    %ix/load 4, 27, 0;
    %flag_set/imm 4, 0;
    %store/vec4a v000001986803d5e0, 4, 0;
    %pushi/vec4 31, 0, 8;
    %ix/load 4, 28, 0;
    %flag_set/imm 4, 0;
    %store/vec4a v000001986803d5e0, 4, 0;
    %pushi/vec4 32, 0, 8;
    %ix/load 4, 29, 0;
    %flag_set/imm 4, 0;
    %store/vec4a v000001986803d5e0, 4, 0;
    %pushi/vec4 194, 0, 8;
    %ix/load 4, 30, 0;
    %flag_set/imm 4, 0;
    %store/vec4a v000001986803d5e0, 4, 0;
    %pushi/vec4 43, 0, 8;
    %ix/load 4, 31, 0;
    %flag_set/imm 4, 0;
    %store/vec4a v000001986803d5e0, 4, 0;
    %pushi/vec4 36, 0, 8;
    %ix/load 4, 32, 0;
    %flag_set/imm 4, 0;
    %store/vec4a v000001986803d5e0, 4, 0;
    %pushi/vec4 10, 0, 8;
    %ix/load 4, 33, 0;
    %flag_set/imm 4, 0;
    %store/vec4a v000001986803d5e0, 4, 0;
    %pushi/vec4 107, 0, 8;
    %ix/load 4, 34, 0;
    %flag_set/imm 4, 0;
    %store/vec4a v000001986803d5e0, 4, 0;
    %pushi/vec4 195, 0, 8;
    %ix/load 4, 35, 0;
    %flag_set/imm 4, 0;
    %store/vec4a v000001986803d5e0, 4, 0;
    %pushi/vec4 194, 0, 8;
    %ix/load 4, 36, 0;
    %flag_set/imm 4, 0;
    %store/vec4a v000001986803d5e0, 4, 0;
    %pushi/vec4 76, 0, 8;
    %ix/load 4, 37, 0;
    %flag_set/imm 4, 0;
    %store/vec4a v000001986803d5e0, 4, 0;
    %pushi/vec4 106, 0, 8;
    %ix/load 4, 38, 0;
    %flag_set/imm 4, 0;
    %store/vec4a v000001986803d5e0, 4, 0;
    %pushi/vec4 69, 0, 8;
    %ix/load 4, 39, 0;
    %flag_set/imm 4, 0;
    %store/vec4a v000001986803d5e0, 4, 0;
    %pushi/vec4 9, 0, 8;
    %ix/load 4, 40, 0;
    %flag_set/imm 4, 0;
    %store/vec4a v000001986803d5e0, 4, 0;
    %pushi/vec4 0, 0, 8;
    %ix/load 4, 41, 0;
    %flag_set/imm 4, 0;
    %store/vec4a v000001986803d5e0, 4, 0;
    %pushi/vec4 0, 0, 8;
    %ix/load 4, 42, 0;
    %flag_set/imm 4, 0;
    %store/vec4a v000001986803d5e0, 4, 0;
    %pushi/vec4 0, 0, 8;
    %ix/load 4, 43, 0;
    %flag_set/imm 4, 0;
    %store/vec4a v000001986803d5e0, 4, 0;
    %pushi/vec4 0, 0, 8;
    %ix/load 4, 44, 0;
    %flag_set/imm 4, 0;
    %store/vec4a v000001986803d5e0, 4, 0;
    %pushi/vec4 0, 0, 8;
    %ix/load 4, 45, 0;
    %flag_set/imm 4, 0;
    %store/vec4a v000001986803d5e0, 4, 0;
    %pushi/vec4 0, 0, 8;
    %ix/load 4, 46, 0;
    %flag_set/imm 4, 0;
    %store/vec4a v000001986803d5e0, 4, 0;
    %pushi/vec4 0, 0, 8;
    %ix/load 4, 47, 0;
    %flag_set/imm 4, 0;
    %store/vec4a v000001986803d5e0, 4, 0;
    %pushi/vec4 248, 0, 8;
    %ix/load 4, 48, 0;
    %flag_set/imm 4, 0;
    %store/vec4a v000001986803d5e0, 4, 0;
    %pushi/vec4 170, 0, 8;
    %ix/load 4, 49, 0;
    %flag_set/imm 4, 0;
    %store/vec4a v000001986803d5e0, 4, 0;
    %pushi/vec4 233, 0, 8;
    %ix/load 4, 50, 0;
    %flag_set/imm 4, 0;
    %store/vec4a v000001986803d5e0, 4, 0;
    %pushi/vec4 147, 0, 8;
    %ix/load 4, 51, 0;
    %flag_set/imm 4, 0;
    %store/vec4a v000001986803d5e0, 4, 0;
    %pushi/vec4 150, 0, 8;
    %ix/load 4, 52, 0;
    %flag_set/imm 4, 0;
    %store/vec4a v000001986803d5e0, 4, 0;
    %pushi/vec4 214, 0, 8;
    %ix/load 4, 53, 0;
    %flag_set/imm 4, 0;
    %store/vec4a v000001986803d5e0, 4, 0;
    %pushi/vec4 249, 0, 8;
    %ix/load 4, 54, 0;
    %flag_set/imm 4, 0;
    %store/vec4a v000001986803d5e0, 4, 0;
    %pushi/vec4 128, 0, 8;
    %ix/load 4, 55, 0;
    %flag_set/imm 4, 0;
    %store/vec4a v000001986803d5e0, 4, 0;
    %pushi/vec4 107, 0, 8;
    %ix/load 4, 56, 0;
    %flag_set/imm 4, 0;
    %store/vec4a v000001986803d5e0, 4, 0;
    %pushi/vec4 13, 0, 8;
    %ix/load 4, 57, 0;
    %flag_set/imm 4, 0;
    %store/vec4a v000001986803d5e0, 4, 0;
    %pushi/vec4 104, 0, 8;
    %ix/load 4, 58, 0;
    %flag_set/imm 4, 0;
    %store/vec4a v000001986803d5e0, 4, 0;
    %pushi/vec4 31, 0, 8;
    %ix/load 4, 59, 0;
    %flag_set/imm 4, 0;
    %store/vec4a v000001986803d5e0, 4, 0;
    %pushi/vec4 252, 0, 8;
    %ix/load 4, 60, 0;
    %flag_set/imm 4, 0;
    %store/vec4a v000001986803d5e0, 4, 0;
    %pushi/vec4 67, 0, 8;
    %ix/load 4, 61, 0;
    %flag_set/imm 4, 0;
    %store/vec4a v000001986803d5e0, 4, 0;
    %pushi/vec4 45, 0, 8;
    %ix/load 4, 62, 0;
    %flag_set/imm 4, 0;
    %store/vec4a v000001986803d5e0, 4, 0;
    %pushi/vec4 28, 0, 8;
    %ix/load 4, 63, 0;
    %flag_set/imm 4, 0;
    %store/vec4a v000001986803d5e0, 4, 0;
    %end;
    .thread T_9;
    .scope S_0000019867fe57e0;
T_10 ;
    %wait E_000001986802aa50;
    %load/vec4 v000001986803c3c0_0;
    %flag_set/vec4 8;
    %jmp/0xz  T_10.0, 8;
    %load/vec4 v000001986803c320_0;
    %parti/s 8, 0, 2;
    %ix/getv 4, v000001986803bec0_0;
    %store/vec4a v000001986803d5e0, 4, 0;
    %load/vec4 v000001986803c320_0;
    %parti/s 8, 8, 5;
    %load/vec4 v000001986803bec0_0;
    %pad/u 65;
    %addi 1, 0, 65;
    %ix/vec4 4;
    %store/vec4a v000001986803d5e0, 4, 0;
    %load/vec4 v000001986803c320_0;
    %parti/s 8, 16, 6;
    %load/vec4 v000001986803bec0_0;
    %pad/u 65;
    %addi 2, 0, 65;
    %ix/vec4 4;
    %store/vec4a v000001986803d5e0, 4, 0;
    %load/vec4 v000001986803c320_0;
    %parti/s 8, 24, 6;
    %load/vec4 v000001986803bec0_0;
    %pad/u 65;
    %addi 3, 0, 65;
    %ix/vec4 4;
    %store/vec4a v000001986803d5e0, 4, 0;
    %load/vec4 v000001986803c320_0;
    %parti/s 8, 32, 7;
    %load/vec4 v000001986803bec0_0;
    %pad/u 65;
    %addi 4, 0, 65;
    %ix/vec4 4;
    %store/vec4a v000001986803d5e0, 4, 0;
    %load/vec4 v000001986803c320_0;
    %parti/s 8, 40, 7;
    %load/vec4 v000001986803bec0_0;
    %pad/u 65;
    %addi 5, 0, 65;
    %ix/vec4 4;
    %store/vec4a v000001986803d5e0, 4, 0;
    %load/vec4 v000001986803c320_0;
    %parti/s 8, 48, 7;
    %load/vec4 v000001986803bec0_0;
    %pad/u 65;
    %addi 6, 0, 65;
    %ix/vec4 4;
    %store/vec4a v000001986803d5e0, 4, 0;
    %load/vec4 v000001986803c320_0;
    %parti/s 8, 56, 7;
    %load/vec4 v000001986803bec0_0;
    %pad/u 65;
    %addi 7, 0, 65;
    %ix/vec4 4;
    %store/vec4a v000001986803d5e0, 4, 0;
T_10.0 ;
    %jmp T_10;
    .thread T_10;
    .scope S_0000019867fe57e0;
T_11 ;
    %wait E_000001986802aa10;
    %load/vec4 v000001986803cd20_0;
    %flag_set/vec4 8;
    %jmp/0xz  T_11.0, 8;
    %load/vec4 v000001986803bec0_0;
    %pad/u 65;
    %addi 7, 0, 65;
    %ix/vec4 4;
    %load/vec4a v000001986803d5e0, 4;
    %load/vec4 v000001986803bec0_0;
    %pad/u 65;
    %addi 6, 0, 65;
    %ix/vec4 4;
    %load/vec4a v000001986803d5e0, 4;
    %concat/vec4; draw_concat_vec4
    %load/vec4 v000001986803bec0_0;
    %pad/u 65;
    %addi 5, 0, 65;
    %ix/vec4 4;
    %load/vec4a v000001986803d5e0, 4;
    %concat/vec4; draw_concat_vec4
    %load/vec4 v000001986803bec0_0;
    %pad/u 65;
    %addi 4, 0, 65;
    %ix/vec4 4;
    %load/vec4a v000001986803d5e0, 4;
    %concat/vec4; draw_concat_vec4
    %load/vec4 v000001986803bec0_0;
    %pad/u 65;
    %addi 3, 0, 65;
    %ix/vec4 4;
    %load/vec4a v000001986803d5e0, 4;
    %concat/vec4; draw_concat_vec4
    %load/vec4 v000001986803bec0_0;
    %pad/u 65;
    %addi 2, 0, 65;
    %ix/vec4 4;
    %load/vec4a v000001986803d5e0, 4;
    %concat/vec4; draw_concat_vec4
    %load/vec4 v000001986803bec0_0;
    %pad/u 65;
    %addi 1, 0, 65;
    %ix/vec4 4;
    %load/vec4a v000001986803d5e0, 4;
    %concat/vec4; draw_concat_vec4
    %ix/getv 4, v000001986803bec0_0;
    %load/vec4a v000001986803d5e0, 4;
    %concat/vec4; draw_concat_vec4
    %store/vec4 v000001986803d720_0, 0, 64;
T_11.0 ;
    %jmp T_11;
    .thread T_11, $push;
    .scope S_00000198680023d0;
T_12 ;
    %wait E_000001986802b310;
    %load/vec4 v0000019868102410_0;
    %flag_set/vec4 8;
    %jmp/0xz  T_12.0, 8;
    %load/vec4 v0000019868103310_0;
    %load/vec4 v00000198681033b0_0;
    %pushi/vec4 0, 0, 3;
    %cmp/e;
    %flag_get/vec4 4;
    %and;
    %flag_set/vec4 8;
    %jmp/0xz  T_12.2, 8;
    %pushi/vec4 1, 0, 1;
    %assign/vec4 v0000019868102cd0_0, 0;
    %pushi/vec4 0, 0, 1;
    %assign/vec4 v0000019868102a50_0, 0;
    %pushi/vec4 0, 0, 1;
    %assign/vec4 v0000019868102690_0, 0;
    %pushi/vec4 0, 0, 1;
    %assign/vec4 v0000019868103c70_0, 0;
    %jmp T_12.3;
T_12.2 ;
    %load/vec4 v0000019868103310_0;
    %inv;
    %load/vec4 v00000198681033b0_0;
    %pushi/vec4 1, 0, 3;
    %cmp/e;
    %flag_get/vec4 4;
    %and;
    %flag_set/vec4 8;
    %jmp/0xz  T_12.4, 8;
    %pushi/vec4 1, 0, 1;
    %assign/vec4 v0000019868102a50_0, 0;
    %pushi/vec4 0, 0, 1;
    %assign/vec4 v0000019868102cd0_0, 0;
    %pushi/vec4 0, 0, 1;
    %assign/vec4 v0000019868102690_0, 0;
    %pushi/vec4 0, 0, 1;
    %assign/vec4 v0000019868103c70_0, 0;
T_12.4 ;
T_12.3 ;
    %load/vec4 v0000019868103590_0;
    %load/vec4 v0000019868103310_0;
    %or;
    %load/vec4 v00000198681033b0_0;
    %pushi/vec4 5, 0, 3;
    %cmp/e;
    %flag_get/vec4 4;
    %and;
    %flag_set/vec4 8;
    %jmp/0xz  T_12.6, 8;
    %pushi/vec4 0, 0, 1;
    %assign/vec4 v0000019868102a50_0, 0;
    %pushi/vec4 0, 0, 1;
    %assign/vec4 v0000019868102cd0_0, 0;
    %pushi/vec4 1, 0, 1;
    %assign/vec4 v0000019868102690_0, 0;
    %pushi/vec4 0, 0, 1;
    %assign/vec4 v0000019868103c70_0, 0;
    %jmp T_12.7;
T_12.6 ;
    %load/vec4 v0000019868103590_0;
    %inv;
    %load/vec4 v0000019868103310_0;
    %inv;
    %and;
    %load/vec4 v00000198681033b0_0;
    %pushi/vec4 4, 0, 3;
    %cmp/e;
    %flag_get/vec4 4;
    %and;
    %flag_set/vec4 8;
    %jmp/0xz  T_12.8, 8;
    %pushi/vec4 0, 0, 1;
    %assign/vec4 v0000019868102a50_0, 0;
    %pushi/vec4 0, 0, 1;
    %assign/vec4 v0000019868102cd0_0, 0;
    %pushi/vec4 1, 0, 1;
    %assign/vec4 v0000019868103c70_0, 0;
    %pushi/vec4 0, 0, 1;
    %assign/vec4 v0000019868102690_0, 0;
    %jmp T_12.9;
T_12.8 ;
    %pushi/vec4 0, 0, 1;
    %assign/vec4 v0000019868102a50_0, 0;
    %pushi/vec4 0, 0, 1;
    %assign/vec4 v0000019868102cd0_0, 0;
    %pushi/vec4 0, 0, 1;
    %assign/vec4 v0000019868103c70_0, 0;
    %pushi/vec4 0, 0, 1;
    %assign/vec4 v0000019868102690_0, 0;
T_12.9 ;
T_12.7 ;
    %jmp T_12.1;
T_12.0 ;
    %pushi/vec4 0, 0, 1;
    %assign/vec4 v0000019868102a50_0, 0;
    %pushi/vec4 0, 0, 1;
    %assign/vec4 v0000019868102cd0_0, 0;
T_12.1 ;
    %jmp T_12;
    .thread T_12, $push;
# The file index is used to find the file name in the following table.
:file_names 16;
    "N/A";
    "<interactive>";
    "RISC_V_Processor.v";
    "./Adder.v";
    "./ALU_Control.v";
    "./ALU_64_bit.v";
    "./Control_Unit.v";
    "./Data_Memory.v";
    "./Instruction_Memory.v";
    "./imm_data_gen.v";
    "./instruction.v";
    "./MUX.v";
    "./Program_Counter.v";
    "./registerFile.v";
    "./shift_left.v";
    "./branch_module.v";
