#! /c/Source/iverilog-install/bin/vvp
:ivl_version "12.0 (devel)" "(s20150603-1110-g18392a46)";
:ivl_delay_selection "TYPICAL";
:vpi_time_precision + 0;
:vpi_module "D:\Program_Files\iverilog\lib\ivl\system.vpi";
:vpi_module "D:\Program_Files\iverilog\lib\ivl\vhdl_sys.vpi";
:vpi_module "D:\Program_Files\iverilog\lib\ivl\vhdl_textio.vpi";
:vpi_module "D:\Program_Files\iverilog\lib\ivl\v2005_math.vpi";
:vpi_module "D:\Program_Files\iverilog\lib\ivl\va_math.vpi";
S_00000200d6616b60 .scope module, "shift_left" "shift_left" 2 1;
 .timescale 0 0;
    .port_info 0 /INPUT 64 "a";
    .port_info 1 /OUTPUT 64 "b";
v00000200d65e2f90_0 .net *"_ivl_1", 62 0, L_00000200d6612d90;  1 drivers
L_00000200d665bd68 .functor BUFT 1, C4<0>, C4<0>, C4<0>, C4<0>;
v00000200d65e2b70_0 .net/2u *"_ivl_2", 0 0, L_00000200d665bd68;  1 drivers
o00000200d6616d58 .functor BUFZ 64, C4<zzzzzzzzzzzzzzzzzzzzzzzzzzzzzzzzzzzzzzzzzzzzzzzzzzzzzzzzzzzzzzzz>; HiZ drive
v00000200d6612840_0 .net "a", 63 0, o00000200d6616d58;  0 drivers
v00000200d66128e0_0 .net "b", 63 0, L_00000200d6612e30;  1 drivers
L_00000200d6612d90 .part o00000200d6616d58, 0, 63;
L_00000200d6612e30 .concat [ 1 63 0 0], L_00000200d665bd68, L_00000200d6612d90;
# The file index is used to find the file name in the following table.
:file_names 3;
    "N/A";
    "<interactive>";
    "shift_left.v";
