#! /c/Source/iverilog-install/bin/vvp
:ivl_version "12.0 (devel)" "(s20150603-1110-g18392a46)";
:ivl_delay_selection "TYPICAL";
:vpi_time_precision + 0;
:vpi_module "D:\Program_Files\iverilog\lib\ivl\system.vpi";
:vpi_module "D:\Program_Files\iverilog\lib\ivl\vhdl_sys.vpi";
:vpi_module "D:\Program_Files\iverilog\lib\ivl\vhdl_textio.vpi";
:vpi_module "D:\Program_Files\iverilog\lib\ivl\v2005_math.vpi";
:vpi_module "D:\Program_Files\iverilog\lib\ivl\va_math.vpi";
S_000002d8751ddc40 .scope module, "branch_module" "branch_module" 2 1;
 .timescale 0 0;
    .port_info 0 /INPUT 1 "zero";
    .port_info 1 /INPUT 1 "pos";
    .port_info 2 /INPUT 1 "branch";
    .port_info 3 /INPUT 3 "funct3";
    .port_info 4 /OUTPUT 1 "bne";
    .port_info 5 /OUTPUT 1 "beq";
    .port_info 6 /OUTPUT 1 "bge";
    .port_info 7 /OUTPUT 1 "blt";
    .port_info 8 /OUTPUT 1 "bgt";
    .port_info 9 /OUTPUT 1 "ble";
v000002d8751da1d0_0 .var "beq", 0 0;
v000002d8751db0d0_0 .var "bge", 0 0;
v000002d8751db210_0 .var "bgt", 0 0;
v000002d8751da310_0 .var "ble", 0 0;
v000002d8751d9f50_0 .var "blt", 0 0;
v000002d8751da3b0_0 .var "bne", 0 0;
o000002d8752001a8 .functor BUFZ 1, C4<z>; HiZ drive
v000002d8751db3f0_0 .net "branch", 0 0, o000002d8752001a8;  0 drivers
o000002d8752001d8 .functor BUFZ 3, C4<zzz>; HiZ drive
v000002d8751db490_0 .net "funct3", 2 0, o000002d8752001d8;  0 drivers
o000002d875200208 .functor BUFZ 1, C4<z>; HiZ drive
v000002d8751da770_0 .net "pos", 0 0, o000002d875200208;  0 drivers
o000002d875200238 .functor BUFZ 1, C4<z>; HiZ drive
v000002d8751db030_0 .net "zero", 0 0, o000002d875200238;  0 drivers
E_000002d8751cd090 .event anyedge, v000002d8751db3f0_0, v000002d8751db030_0, v000002d8751db490_0, v000002d8751da770_0;
S_000002d8751dddd0 .scope module, "tb" "tb" 3 2;
 .timescale 0 0;
v000002d8751f9b80_0 .var "dclk", 0 0;
v000002d8751f9ea0_0 .var "dreset", 0 0;
S_000002d8751921d0 .scope module, "r1" "RISC_V_Processor" 3 6, 4 14 0, S_000002d8751dddd0;
 .timescale 0 0;
    .port_info 0 /INPUT 1 "clk";
    .port_info 1 /INPUT 1 "reset";
L_000002d8751dca90 .functor AND 1, v000002d8751d9ff0_0, v000002d8751db850_0, C4<1>, C4<1>;
v000002d8751f99a0_0 .net "ALUOp", 1 0, v000002d8751db350_0;  1 drivers
v000002d8751fa1c0_0 .net "ALUSrc", 0 0, v000002d8751db530_0;  1 drivers
v000002d8751f95e0_0 .net "Branch", 0 0, v000002d8751d9ff0_0;  1 drivers
v000002d8751f9720_0 .net "DMem_Read", 63 0, v000002d8751d9d70_0;  1 drivers
v000002d8751fa760_0 .net "IMem_out", 31 0, L_000002d8751fa6c0;  1 drivers
v000002d8751f94a0_0 .net "MemRead", 0 0, v000002d8751da9f0_0;  1 drivers
v000002d8751f9860_0 .net "MemWrite", 0 0, v000002d8751dac70_0;  1 drivers
v000002d8751f9e00_0 .net "MemtoReg", 0 0, v000002d8751db5d0_0;  1 drivers
v000002d8751f92c0_0 .net "Operation", 3 0, v000002d8751db170_0;  1 drivers
v000002d8751fae40_0 .net "PC_In", 63 0, L_000002d87529d530;  1 drivers
v000002d8751fa9e0_0 .net "PC_Out", 63 0, v000002d8752426a0_0;  1 drivers
v000002d8751fa800_0 .net "PC_offset_4", 63 0, L_000002d8751f9540;  1 drivers
v000002d8751f9d60_0 .net "PC_offset_branch", 63 0, L_000002d87529c270;  1 drivers
v000002d8751f9900_0 .net "RegWrite", 0 0, v000002d8751da090_0;  1 drivers
v000002d8751faee0_0 .net "Result", 63 0, v000002d8751da590_0;  1 drivers
v000002d8751fa440_0 .net "Zero", 0 0, v000002d8751db850_0;  1 drivers
v000002d8751f9cc0_0 .net *"_ivl_3", 0 0, L_000002d87529cbd0;  1 drivers
v000002d8751f9040_0 .net *"_ivl_5", 2 0, L_000002d87529dad0;  1 drivers
v000002d8751fa120_0 .net "clk", 0 0, v000002d8751f9b80_0;  1 drivers
v000002d8751f9360_0 .net "funct3", 2 0, L_000002d87529d990;  1 drivers
v000002d8751fa8a0_0 .net "funct7", 6 0, L_000002d87529df30;  1 drivers
v000002d8751fad00_0 .net "imm_data", 63 0, v000002d875243a00_0;  1 drivers
v000002d8751f9a40_0 .net "mux_1_out", 63 0, L_000002d87529d0d0;  1 drivers
v000002d8751fab20_0 .net "opcode", 6 0, L_000002d8751fac60;  1 drivers
v000002d8751f9ae0_0 .net "rd", 4 0, L_000002d87529d030;  1 drivers
v000002d8751fabc0_0 .net "readdata1", 63 0, v000002d875242600_0;  1 drivers
v000002d8751f9400_0 .net "readdata2", 63 0, v000002d8752433c0_0;  1 drivers
v000002d8751f9fe0_0 .net "reset", 0 0, v000002d8751f9ea0_0;  1 drivers
v000002d8751fada0_0 .net "rs1", 4 0, L_000002d87529d170;  1 drivers
v000002d8751f90e0_0 .net "rs2", 4 0, L_000002d87529cdb0;  1 drivers
v000002d8751fa4e0_0 .net "shifted_imm_data", 63 0, L_000002d87529c4f0;  1 drivers
v000002d8751fa940_0 .net "write_data", 63 0, L_000002d87529c630;  1 drivers
L_000002d87529cbd0 .part L_000002d8751fa6c0, 30, 1;
L_000002d87529dad0 .part L_000002d8751fa6c0, 12, 3;
L_000002d87529c1d0 .concat [ 3 1 0 0], L_000002d87529dad0, L_000002d87529cbd0;
S_000002d875192360 .scope module, "a1" "Adder" 4 49, 5 1 0, S_000002d8751921d0;
 .timescale 0 0;
    .port_info 0 /INPUT 64 "a";
    .port_info 1 /INPUT 64 "b";
    .port_info 2 /OUTPUT 64 "out";
v000002d8751da4f0_0 .net "a", 63 0, v000002d8752426a0_0;  alias, 1 drivers
L_000002d875244028 .functor BUFT 1, C4<0000000000000000000000000000000000000000000000000000000000000100>, C4<0>, C4<0>, C4<0>;
v000002d8751dadb0_0 .net "b", 63 0, L_000002d875244028;  1 drivers
v000002d8751db710_0 .net "out", 63 0, L_000002d8751f9540;  alias, 1 drivers
L_000002d8751f9540 .arith/sum 64, v000002d8752426a0_0, L_000002d875244028;
S_000002d8751924f0 .scope module, "a2" "ALU_Control" 4 55, 6 1 0, S_000002d8751921d0;
 .timescale 0 0;
    .port_info 0 /INPUT 2 "ALUOp";
    .port_info 1 /INPUT 4 "Funct";
    .port_info 2 /OUTPUT 4 "Operation";
v000002d8751da810_0 .net "ALUOp", 1 0, v000002d8751db350_0;  alias, 1 drivers
v000002d8751db7b0_0 .net "Funct", 3 0, L_000002d87529c1d0;  1 drivers
v000002d8751db170_0 .var "Operation", 3 0;
E_000002d8751cd1d0 .event anyedge, v000002d8751da810_0, v000002d8751db7b0_0;
S_000002d875181480 .scope module, "a3" "ALU_64_bit" 4 57, 7 1 0, S_000002d8751921d0;
 .timescale 0 0;
    .port_info 0 /INPUT 64 "a";
    .port_info 1 /INPUT 64 "b";
    .port_info 2 /INPUT 4 "ALUOp";
    .port_info 3 /OUTPUT 1 "Zero";
    .port_info 4 /OUTPUT 64 "Result";
v000002d8751da8b0_0 .net "ALUOp", 3 0, v000002d8751db170_0;  alias, 1 drivers
v000002d8751da590_0 .var "Result", 63 0;
v000002d8751db850_0 .var "Zero", 0 0;
v000002d8751d99b0_0 .net "a", 63 0, v000002d875242600_0;  alias, 1 drivers
v000002d8751d9a50_0 .net "b", 63 0, L_000002d87529d0d0;  alias, 1 drivers
E_000002d8751cd190 .event anyedge, v000002d8751db170_0, v000002d8751d99b0_0, v000002d8751d9a50_0, v000002d8751da590_0;
S_000002d875181610 .scope module, "a4" "Adder" 4 61, 5 1 0, S_000002d8751921d0;
 .timescale 0 0;
    .port_info 0 /INPUT 64 "a";
    .port_info 1 /INPUT 64 "b";
    .port_info 2 /OUTPUT 64 "out";
v000002d8751db2b0_0 .net "a", 63 0, v000002d8752426a0_0;  alias, 1 drivers
v000002d8751da630_0 .net "b", 63 0, L_000002d87529c4f0;  alias, 1 drivers
v000002d8751d9c30_0 .net "out", 63 0, L_000002d87529c270;  alias, 1 drivers
L_000002d87529c270 .arith/sum 64, v000002d8752426a0_0, L_000002d87529c4f0;
S_000002d8751817a0 .scope module, "c1" "Control_Unit" 4 53, 8 1 0, S_000002d8751921d0;
 .timescale 0 0;
    .port_info 0 /INPUT 7 "opcode";
    .port_info 1 /OUTPUT 2 "ALUOp";
    .port_info 2 /OUTPUT 1 "Branch";
    .port_info 3 /OUTPUT 1 "MemRead";
    .port_info 4 /OUTPUT 1 "MemtoReg";
    .port_info 5 /OUTPUT 1 "MemWrite";
    .port_info 6 /OUTPUT 1 "ALUSrc";
    .port_info 7 /OUTPUT 1 "RegWrite";
v000002d8751db350_0 .var "ALUOp", 1 0;
v000002d8751db530_0 .var "ALUSrc", 0 0;
v000002d8751d9ff0_0 .var "Branch", 0 0;
v000002d8751da9f0_0 .var "MemRead", 0 0;
v000002d8751dac70_0 .var "MemWrite", 0 0;
v000002d8751db5d0_0 .var "MemtoReg", 0 0;
v000002d8751da090_0 .var "RegWrite", 0 0;
v000002d8751db670_0 .net "opcode", 6 0, L_000002d8751fac60;  alias, 1 drivers
E_000002d8751ccd90 .event anyedge, v000002d8751db670_0;
S_000002d87517d700 .scope module, "d1" "Data_Memory" 4 58, 9 1 0, S_000002d8751921d0;
 .timescale 0 0;
    .port_info 0 /INPUT 1 "clk";
    .port_info 1 /INPUT 64 "Mem_Addr";
    .port_info 2 /INPUT 64 "Write_Data";
    .port_info 3 /INPUT 1 "MemWrite";
    .port_info 4 /INPUT 1 "MemRead";
    .port_info 5 /OUTPUT 64 "Read_Data";
v000002d8751dae50 .array "DMem", 0 63, 7 0;
v000002d8751daa90_0 .net "MemRead", 0 0, v000002d8751da9f0_0;  alias, 1 drivers
v000002d8751dad10_0 .net "MemWrite", 0 0, v000002d8751dac70_0;  alias, 1 drivers
v000002d8751daef0_0 .net "Mem_Addr", 63 0, v000002d8751da590_0;  alias, 1 drivers
v000002d8751d9d70_0 .var "Read_Data", 63 0;
v000002d8751daf90_0 .net "Write_Data", 63 0, v000002d8752433c0_0;  alias, 1 drivers
v000002d8751d9af0_0 .net "clk", 0 0, v000002d8751f9b80_0;  alias, 1 drivers
v000002d8751dae50_0 .array/port v000002d8751dae50, 0;
v000002d8751dae50_1 .array/port v000002d8751dae50, 1;
E_000002d8751cd2d0/0 .event anyedge, v000002d8751da9f0_0, v000002d8751da590_0, v000002d8751dae50_0, v000002d8751dae50_1;
v000002d8751dae50_2 .array/port v000002d8751dae50, 2;
v000002d8751dae50_3 .array/port v000002d8751dae50, 3;
v000002d8751dae50_4 .array/port v000002d8751dae50, 4;
v000002d8751dae50_5 .array/port v000002d8751dae50, 5;
E_000002d8751cd2d0/1 .event anyedge, v000002d8751dae50_2, v000002d8751dae50_3, v000002d8751dae50_4, v000002d8751dae50_5;
v000002d8751dae50_6 .array/port v000002d8751dae50, 6;
v000002d8751dae50_7 .array/port v000002d8751dae50, 7;
v000002d8751dae50_8 .array/port v000002d8751dae50, 8;
v000002d8751dae50_9 .array/port v000002d8751dae50, 9;
E_000002d8751cd2d0/2 .event anyedge, v000002d8751dae50_6, v000002d8751dae50_7, v000002d8751dae50_8, v000002d8751dae50_9;
v000002d8751dae50_10 .array/port v000002d8751dae50, 10;
v000002d8751dae50_11 .array/port v000002d8751dae50, 11;
v000002d8751dae50_12 .array/port v000002d8751dae50, 12;
v000002d8751dae50_13 .array/port v000002d8751dae50, 13;
E_000002d8751cd2d0/3 .event anyedge, v000002d8751dae50_10, v000002d8751dae50_11, v000002d8751dae50_12, v000002d8751dae50_13;
v000002d8751dae50_14 .array/port v000002d8751dae50, 14;
v000002d8751dae50_15 .array/port v000002d8751dae50, 15;
v000002d8751dae50_16 .array/port v000002d8751dae50, 16;
v000002d8751dae50_17 .array/port v000002d8751dae50, 17;
E_000002d8751cd2d0/4 .event anyedge, v000002d8751dae50_14, v000002d8751dae50_15, v000002d8751dae50_16, v000002d8751dae50_17;
v000002d8751dae50_18 .array/port v000002d8751dae50, 18;
v000002d8751dae50_19 .array/port v000002d8751dae50, 19;
v000002d8751dae50_20 .array/port v000002d8751dae50, 20;
v000002d8751dae50_21 .array/port v000002d8751dae50, 21;
E_000002d8751cd2d0/5 .event anyedge, v000002d8751dae50_18, v000002d8751dae50_19, v000002d8751dae50_20, v000002d8751dae50_21;
v000002d8751dae50_22 .array/port v000002d8751dae50, 22;
v000002d8751dae50_23 .array/port v000002d8751dae50, 23;
v000002d8751dae50_24 .array/port v000002d8751dae50, 24;
v000002d8751dae50_25 .array/port v000002d8751dae50, 25;
E_000002d8751cd2d0/6 .event anyedge, v000002d8751dae50_22, v000002d8751dae50_23, v000002d8751dae50_24, v000002d8751dae50_25;
v000002d8751dae50_26 .array/port v000002d8751dae50, 26;
v000002d8751dae50_27 .array/port v000002d8751dae50, 27;
v000002d8751dae50_28 .array/port v000002d8751dae50, 28;
v000002d8751dae50_29 .array/port v000002d8751dae50, 29;
E_000002d8751cd2d0/7 .event anyedge, v000002d8751dae50_26, v000002d8751dae50_27, v000002d8751dae50_28, v000002d8751dae50_29;
v000002d8751dae50_30 .array/port v000002d8751dae50, 30;
v000002d8751dae50_31 .array/port v000002d8751dae50, 31;
v000002d8751dae50_32 .array/port v000002d8751dae50, 32;
v000002d8751dae50_33 .array/port v000002d8751dae50, 33;
E_000002d8751cd2d0/8 .event anyedge, v000002d8751dae50_30, v000002d8751dae50_31, v000002d8751dae50_32, v000002d8751dae50_33;
v000002d8751dae50_34 .array/port v000002d8751dae50, 34;
v000002d8751dae50_35 .array/port v000002d8751dae50, 35;
v000002d8751dae50_36 .array/port v000002d8751dae50, 36;
v000002d8751dae50_37 .array/port v000002d8751dae50, 37;
E_000002d8751cd2d0/9 .event anyedge, v000002d8751dae50_34, v000002d8751dae50_35, v000002d8751dae50_36, v000002d8751dae50_37;
v000002d8751dae50_38 .array/port v000002d8751dae50, 38;
v000002d8751dae50_39 .array/port v000002d8751dae50, 39;
v000002d8751dae50_40 .array/port v000002d8751dae50, 40;
v000002d8751dae50_41 .array/port v000002d8751dae50, 41;
E_000002d8751cd2d0/10 .event anyedge, v000002d8751dae50_38, v000002d8751dae50_39, v000002d8751dae50_40, v000002d8751dae50_41;
v000002d8751dae50_42 .array/port v000002d8751dae50, 42;
v000002d8751dae50_43 .array/port v000002d8751dae50, 43;
v000002d8751dae50_44 .array/port v000002d8751dae50, 44;
v000002d8751dae50_45 .array/port v000002d8751dae50, 45;
E_000002d8751cd2d0/11 .event anyedge, v000002d8751dae50_42, v000002d8751dae50_43, v000002d8751dae50_44, v000002d8751dae50_45;
v000002d8751dae50_46 .array/port v000002d8751dae50, 46;
v000002d8751dae50_47 .array/port v000002d8751dae50, 47;
v000002d8751dae50_48 .array/port v000002d8751dae50, 48;
v000002d8751dae50_49 .array/port v000002d8751dae50, 49;
E_000002d8751cd2d0/12 .event anyedge, v000002d8751dae50_46, v000002d8751dae50_47, v000002d8751dae50_48, v000002d8751dae50_49;
v000002d8751dae50_50 .array/port v000002d8751dae50, 50;
v000002d8751dae50_51 .array/port v000002d8751dae50, 51;
v000002d8751dae50_52 .array/port v000002d8751dae50, 52;
v000002d8751dae50_53 .array/port v000002d8751dae50, 53;
E_000002d8751cd2d0/13 .event anyedge, v000002d8751dae50_50, v000002d8751dae50_51, v000002d8751dae50_52, v000002d8751dae50_53;
v000002d8751dae50_54 .array/port v000002d8751dae50, 54;
v000002d8751dae50_55 .array/port v000002d8751dae50, 55;
v000002d8751dae50_56 .array/port v000002d8751dae50, 56;
v000002d8751dae50_57 .array/port v000002d8751dae50, 57;
E_000002d8751cd2d0/14 .event anyedge, v000002d8751dae50_54, v000002d8751dae50_55, v000002d8751dae50_56, v000002d8751dae50_57;
v000002d8751dae50_58 .array/port v000002d8751dae50, 58;
v000002d8751dae50_59 .array/port v000002d8751dae50, 59;
v000002d8751dae50_60 .array/port v000002d8751dae50, 60;
v000002d8751dae50_61 .array/port v000002d8751dae50, 61;
E_000002d8751cd2d0/15 .event anyedge, v000002d8751dae50_58, v000002d8751dae50_59, v000002d8751dae50_60, v000002d8751dae50_61;
v000002d8751dae50_62 .array/port v000002d8751dae50, 62;
v000002d8751dae50_63 .array/port v000002d8751dae50, 63;
E_000002d8751cd2d0/16 .event anyedge, v000002d8751dae50_62, v000002d8751dae50_63;
E_000002d8751cd2d0 .event/or E_000002d8751cd2d0/0, E_000002d8751cd2d0/1, E_000002d8751cd2d0/2, E_000002d8751cd2d0/3, E_000002d8751cd2d0/4, E_000002d8751cd2d0/5, E_000002d8751cd2d0/6, E_000002d8751cd2d0/7, E_000002d8751cd2d0/8, E_000002d8751cd2d0/9, E_000002d8751cd2d0/10, E_000002d8751cd2d0/11, E_000002d8751cd2d0/12, E_000002d8751cd2d0/13, E_000002d8751cd2d0/14, E_000002d8751cd2d0/15, E_000002d8751cd2d0/16;
E_000002d8751cd310 .event posedge, v000002d8751d9af0_0;
S_000002d875175660 .scope module, "i1" "Instruction_Memory" 4 50, 10 1 0, S_000002d8751921d0;
 .timescale 0 0;
    .port_info 0 /INPUT 64 "Inst_Address";
    .port_info 1 /OUTPUT 32 "Instruction";
v000002d8751d9b90 .array "IMem", 0 19, 7 0;
v000002d8751dabd0_0 .net "Inst_Address", 63 0, v000002d8752426a0_0;  alias, 1 drivers
v000002d8751d9cd0_0 .net "Instruction", 31 0, L_000002d8751fa6c0;  alias, 1 drivers
v000002d8751d9e10_0 .net *"_ivl_0", 7 0, L_000002d8751fa260;  1 drivers
v000002d8751d9eb0_0 .net *"_ivl_10", 7 0, L_000002d8751faa80;  1 drivers
v000002d8751a6cf0_0 .net *"_ivl_12", 64 0, L_000002d8751f9f40;  1 drivers
L_000002d875244100 .functor BUFT 1, C4<0>, C4<0>, C4<0>, C4<0>;
v000002d875243f00_0 .net *"_ivl_15", 0 0, L_000002d875244100;  1 drivers
L_000002d875244148 .functor BUFT 1, C4<00000000000000000000000000000000000000000000000000000000000000010>, C4<0>, C4<0>, C4<0>;
v000002d8752436e0_0 .net/2u *"_ivl_16", 64 0, L_000002d875244148;  1 drivers
v000002d875243500_0 .net *"_ivl_18", 64 0, L_000002d8751f9680;  1 drivers
v000002d875242b00_0 .net *"_ivl_2", 64 0, L_000002d8751fa300;  1 drivers
v000002d875243460_0 .net *"_ivl_20", 7 0, L_000002d8751fa080;  1 drivers
v000002d875243aa0_0 .net *"_ivl_22", 64 0, L_000002d8751fa3a0;  1 drivers
L_000002d875244190 .functor BUFT 1, C4<0>, C4<0>, C4<0>, C4<0>;
v000002d875243280_0 .net *"_ivl_25", 0 0, L_000002d875244190;  1 drivers
L_000002d8752441d8 .functor BUFT 1, C4<00000000000000000000000000000000000000000000000000000000000000001>, C4<0>, C4<0>, C4<0>;
v000002d8752424c0_0 .net/2u *"_ivl_26", 64 0, L_000002d8752441d8;  1 drivers
v000002d875242ba0_0 .net *"_ivl_28", 64 0, L_000002d8751fa580;  1 drivers
v000002d875242c40_0 .net *"_ivl_30", 7 0, L_000002d8751fa620;  1 drivers
L_000002d875244070 .functor BUFT 1, C4<0>, C4<0>, C4<0>, C4<0>;
v000002d875242060_0 .net *"_ivl_5", 0 0, L_000002d875244070;  1 drivers
L_000002d8752440b8 .functor BUFT 1, C4<00000000000000000000000000000000000000000000000000000000000000011>, C4<0>, C4<0>, C4<0>;
v000002d8752422e0_0 .net/2u *"_ivl_6", 64 0, L_000002d8752440b8;  1 drivers
v000002d875243960_0 .net *"_ivl_8", 64 0, L_000002d8751f9c20;  1 drivers
L_000002d8751fa260 .array/port v000002d8751d9b90, L_000002d8751f9c20;
L_000002d8751fa300 .concat [ 64 1 0 0], v000002d8752426a0_0, L_000002d875244070;
L_000002d8751f9c20 .arith/sum 65, L_000002d8751fa300, L_000002d8752440b8;
L_000002d8751faa80 .array/port v000002d8751d9b90, L_000002d8751f9680;
L_000002d8751f9f40 .concat [ 64 1 0 0], v000002d8752426a0_0, L_000002d875244100;
L_000002d8751f9680 .arith/sum 65, L_000002d8751f9f40, L_000002d875244148;
L_000002d8751fa080 .array/port v000002d8751d9b90, L_000002d8751fa580;
L_000002d8751fa3a0 .concat [ 64 1 0 0], v000002d8752426a0_0, L_000002d875244190;
L_000002d8751fa580 .arith/sum 65, L_000002d8751fa3a0, L_000002d8752441d8;
L_000002d8751fa620 .array/port v000002d8751d9b90, v000002d8752426a0_0;
L_000002d8751fa6c0 .concat [ 8 8 8 8], L_000002d8751fa620, L_000002d8751fa080, L_000002d8751faa80, L_000002d8751fa260;
S_000002d87514d800 .scope module, "i2" "imm_data_gen" 4 52, 11 1 0, S_000002d8751921d0;
 .timescale 0 0;
    .port_info 0 /INPUT 32 "instruction";
    .port_info 1 /OUTPUT 64 "imm_data";
v000002d875243a00_0 .var "imm_data", 63 0;
v000002d875242ce0_0 .net "instruction", 31 0, L_000002d8751fa6c0;  alias, 1 drivers
E_000002d8751ccd50 .event anyedge, v000002d8751d9cd0_0;
S_000002d87514d990 .scope module, "i3" "instruction" 4 51, 12 1 0, S_000002d8751921d0;
 .timescale 0 0;
    .port_info 0 /INPUT 32 "ins";
    .port_info 1 /OUTPUT 7 "op";
    .port_info 2 /OUTPUT 5 "rd";
    .port_info 3 /OUTPUT 3 "f3";
    .port_info 4 /OUTPUT 5 "rs1";
    .port_info 5 /OUTPUT 5 "rs2";
    .port_info 6 /OUTPUT 7 "f7";
v000002d875242a60_0 .net "f3", 2 0, L_000002d87529d990;  alias, 1 drivers
v000002d875243320_0 .net "f7", 6 0, L_000002d87529df30;  alias, 1 drivers
v000002d875242d80_0 .net "ins", 31 0, L_000002d8751fa6c0;  alias, 1 drivers
v000002d875243820_0 .net "op", 6 0, L_000002d8751fac60;  alias, 1 drivers
v000002d875242e20_0 .net "rd", 4 0, L_000002d87529d030;  alias, 1 drivers
v000002d875242100_0 .net "rs1", 4 0, L_000002d87529d170;  alias, 1 drivers
v000002d875242f60_0 .net "rs2", 4 0, L_000002d87529cdb0;  alias, 1 drivers
L_000002d8751fac60 .part L_000002d8751fa6c0, 0, 7;
L_000002d87529d030 .part L_000002d8751fa6c0, 7, 5;
L_000002d87529d990 .part L_000002d8751fa6c0, 12, 3;
L_000002d87529d170 .part L_000002d8751fa6c0, 15, 5;
L_000002d87529cdb0 .part L_000002d8751fa6c0, 20, 5;
L_000002d87529df30 .part L_000002d8751fa6c0, 25, 7;
S_000002d87514db20 .scope module, "m1" "MUX" 4 56, 13 1 0, S_000002d8751921d0;
 .timescale 0 0;
    .port_info 0 /INPUT 64 "X";
    .port_info 1 /INPUT 64 "Y";
    .port_info 2 /INPUT 1 "S";
    .port_info 3 /OUTPUT 64 "O";
v000002d875243b40_0 .net "O", 63 0, L_000002d87529d0d0;  alias, 1 drivers
v000002d875243be0_0 .net "S", 0 0, v000002d8751db530_0;  alias, 1 drivers
v000002d8752421a0_0 .net "X", 63 0, v000002d8752433c0_0;  alias, 1 drivers
v000002d875242ec0_0 .net "Y", 63 0, v000002d875243a00_0;  alias, 1 drivers
L_000002d87529d0d0 .functor MUXZ 64, v000002d8752433c0_0, v000002d875243a00_0, v000002d8751db530_0, C4<>;
S_000002d875196ca0 .scope module, "m2" "MUX" 4 59, 13 1 0, S_000002d8751921d0;
 .timescale 0 0;
    .port_info 0 /INPUT 64 "X";
    .port_info 1 /INPUT 64 "Y";
    .port_info 2 /INPUT 1 "S";
    .port_info 3 /OUTPUT 64 "O";
v000002d875243c80_0 .net "O", 63 0, L_000002d87529c630;  alias, 1 drivers
v000002d875243d20_0 .net "S", 0 0, v000002d8751db5d0_0;  alias, 1 drivers
v000002d875243dc0_0 .net "X", 63 0, v000002d8751da590_0;  alias, 1 drivers
v000002d875243000_0 .net "Y", 63 0, v000002d8751d9d70_0;  alias, 1 drivers
L_000002d87529c630 .functor MUXZ 64, v000002d8751da590_0, v000002d8751d9d70_0, v000002d8751db5d0_0, C4<>;
S_000002d875196e30 .scope module, "m3" "MUX" 4 62, 13 1 0, S_000002d8751921d0;
 .timescale 0 0;
    .port_info 0 /INPUT 64 "X";
    .port_info 1 /INPUT 64 "Y";
    .port_info 2 /INPUT 1 "S";
    .port_info 3 /OUTPUT 64 "O";
v000002d875243e60_0 .net "O", 63 0, L_000002d87529d530;  alias, 1 drivers
v000002d8752430a0_0 .net "S", 0 0, L_000002d8751dca90;  1 drivers
v000002d875243140_0 .net "X", 63 0, L_000002d8751f9540;  alias, 1 drivers
v000002d8752435a0_0 .net "Y", 63 0, L_000002d87529c270;  alias, 1 drivers
L_000002d87529d530 .functor MUXZ 64, L_000002d8751f9540, L_000002d87529c270, L_000002d8751dca90, C4<>;
S_000002d875196fc0 .scope module, "p1" "Program_Counter" 4 48, 14 1 0, S_000002d8751921d0;
 .timescale 0 0;
    .port_info 0 /INPUT 1 "clk";
    .port_info 1 /INPUT 1 "reset";
    .port_info 2 /INPUT 64 "PC_In";
    .port_info 3 /OUTPUT 64 "PC_Out";
v000002d875242560_0 .net "PC_In", 63 0, L_000002d87529d530;  alias, 1 drivers
v000002d8752426a0_0 .var "PC_Out", 63 0;
v000002d875242240_0 .net "clk", 0 0, v000002d8751f9b80_0;  alias, 1 drivers
v000002d875242380_0 .net "reset", 0 0, v000002d8751f9ea0_0;  alias, 1 drivers
E_000002d8751cd850 .event posedge, v000002d875242380_0, v000002d8751d9af0_0;
S_000002d875192740 .scope module, "r1" "registerFile" 4 54, 15 1 0, S_000002d8751921d0;
 .timescale 0 0;
    .port_info 0 /INPUT 1 "clk";
    .port_info 1 /INPUT 1 "reset";
    .port_info 2 /INPUT 5 "rs1";
    .port_info 3 /INPUT 5 "rs2";
    .port_info 4 /INPUT 5 "rd";
    .port_info 5 /INPUT 64 "write_data";
    .port_info 6 /INPUT 1 "reg_write";
    .port_info 7 /OUTPUT 64 "readdata1";
    .port_info 8 /OUTPUT 64 "readdata2";
v000002d8752431e0 .array "Registers", 0 31, 63 0;
v000002d875242420_0 .net "clk", 0 0, v000002d8751f9b80_0;  alias, 1 drivers
v000002d8752429c0_0 .net "rd", 4 0, L_000002d87529d030;  alias, 1 drivers
v000002d875242600_0 .var "readdata1", 63 0;
v000002d8752433c0_0 .var "readdata2", 63 0;
v000002d875242740_0 .net "reg_write", 0 0, v000002d8751da090_0;  alias, 1 drivers
v000002d875243640_0 .net "reset", 0 0, v000002d8751f9ea0_0;  alias, 1 drivers
v000002d875243780_0 .net "rs1", 4 0, L_000002d87529d170;  alias, 1 drivers
v000002d875242880_0 .net "rs2", 4 0, L_000002d87529cdb0;  alias, 1 drivers
v000002d8752438c0_0 .net "write_data", 63 0, L_000002d87529c630;  alias, 1 drivers
v000002d8752431e0_0 .array/port v000002d8752431e0, 0;
v000002d8752431e0_1 .array/port v000002d8752431e0, 1;
E_000002d8751cd550/0 .event anyedge, v000002d875242380_0, v000002d875242100_0, v000002d8752431e0_0, v000002d8752431e0_1;
v000002d8752431e0_2 .array/port v000002d8752431e0, 2;
v000002d8752431e0_3 .array/port v000002d8752431e0, 3;
v000002d8752431e0_4 .array/port v000002d8752431e0, 4;
v000002d8752431e0_5 .array/port v000002d8752431e0, 5;
E_000002d8751cd550/1 .event anyedge, v000002d8752431e0_2, v000002d8752431e0_3, v000002d8752431e0_4, v000002d8752431e0_5;
v000002d8752431e0_6 .array/port v000002d8752431e0, 6;
v000002d8752431e0_7 .array/port v000002d8752431e0, 7;
v000002d8752431e0_8 .array/port v000002d8752431e0, 8;
v000002d8752431e0_9 .array/port v000002d8752431e0, 9;
E_000002d8751cd550/2 .event anyedge, v000002d8752431e0_6, v000002d8752431e0_7, v000002d8752431e0_8, v000002d8752431e0_9;
v000002d8752431e0_10 .array/port v000002d8752431e0, 10;
v000002d8752431e0_11 .array/port v000002d8752431e0, 11;
v000002d8752431e0_12 .array/port v000002d8752431e0, 12;
v000002d8752431e0_13 .array/port v000002d8752431e0, 13;
E_000002d8751cd550/3 .event anyedge, v000002d8752431e0_10, v000002d8752431e0_11, v000002d8752431e0_12, v000002d8752431e0_13;
v000002d8752431e0_14 .array/port v000002d8752431e0, 14;
v000002d8752431e0_15 .array/port v000002d8752431e0, 15;
v000002d8752431e0_16 .array/port v000002d8752431e0, 16;
v000002d8752431e0_17 .array/port v000002d8752431e0, 17;
E_000002d8751cd550/4 .event anyedge, v000002d8752431e0_14, v000002d8752431e0_15, v000002d8752431e0_16, v000002d8752431e0_17;
v000002d8752431e0_18 .array/port v000002d8752431e0, 18;
v000002d8752431e0_19 .array/port v000002d8752431e0, 19;
v000002d8752431e0_20 .array/port v000002d8752431e0, 20;
v000002d8752431e0_21 .array/port v000002d8752431e0, 21;
E_000002d8751cd550/5 .event anyedge, v000002d8752431e0_18, v000002d8752431e0_19, v000002d8752431e0_20, v000002d8752431e0_21;
v000002d8752431e0_22 .array/port v000002d8752431e0, 22;
v000002d8752431e0_23 .array/port v000002d8752431e0, 23;
v000002d8752431e0_24 .array/port v000002d8752431e0, 24;
v000002d8752431e0_25 .array/port v000002d8752431e0, 25;
E_000002d8751cd550/6 .event anyedge, v000002d8752431e0_22, v000002d8752431e0_23, v000002d8752431e0_24, v000002d8752431e0_25;
v000002d8752431e0_26 .array/port v000002d8752431e0, 26;
v000002d8752431e0_27 .array/port v000002d8752431e0, 27;
v000002d8752431e0_28 .array/port v000002d8752431e0, 28;
v000002d8752431e0_29 .array/port v000002d8752431e0, 29;
E_000002d8751cd550/7 .event anyedge, v000002d8752431e0_26, v000002d8752431e0_27, v000002d8752431e0_28, v000002d8752431e0_29;
v000002d8752431e0_30 .array/port v000002d8752431e0, 30;
v000002d8752431e0_31 .array/port v000002d8752431e0, 31;
E_000002d8751cd550/8 .event anyedge, v000002d8752431e0_30, v000002d8752431e0_31, v000002d875242f60_0;
E_000002d8751cd550 .event/or E_000002d8751cd550/0, E_000002d8751cd550/1, E_000002d8751cd550/2, E_000002d8751cd550/3, E_000002d8751cd550/4, E_000002d8751cd550/5, E_000002d8751cd550/6, E_000002d8751cd550/7, E_000002d8751cd550/8;
S_000002d8751f8350 .scope module, "s1" "shift_left" 4 60, 16 1 0, S_000002d8751921d0;
 .timescale 0 0;
    .port_info 0 /INPUT 64 "a";
    .port_info 1 /OUTPUT 64 "b";
v000002d875242920_0 .net *"_ivl_1", 62 0, L_000002d87529c090;  1 drivers
L_000002d875244220 .functor BUFT 1, C4<0>, C4<0>, C4<0>, C4<0>;
v000002d8751f9220_0 .net/2u *"_ivl_2", 0 0, L_000002d875244220;  1 drivers
v000002d8751f97c0_0 .net "a", 63 0, v000002d875243a00_0;  alias, 1 drivers
v000002d8751f9180_0 .net "b", 63 0, L_000002d87529c4f0;  alias, 1 drivers
L_000002d87529c090 .part v000002d875243a00_0, 0, 63;
L_000002d87529c4f0 .concat [ 1 63 0 0], L_000002d875244220, L_000002d87529c090;
    .scope S_000002d8751ddc40;
T_0 ;
    %wait E_000002d8751cd090;
    %load/vec4 v000002d8751db3f0_0;
    %flag_set/vec4 8;
    %jmp/0xz  T_0.0, 8;
    %load/vec4 v000002d8751db030_0;
    %load/vec4 v000002d8751db490_0;
    %pushi/vec4 0, 0, 3;
    %cmp/e;
    %flag_get/vec4 4;
    %and;
    %flag_set/vec4 8;
    %jmp/0xz  T_0.2, 8;
    %pushi/vec4 1, 0, 1;
    %assign/vec4 v000002d8751da1d0_0, 0;
    %pushi/vec4 0, 0, 1;
    %assign/vec4 v000002d8751da3b0_0, 0;
    %pushi/vec4 0, 0, 1;
    %assign/vec4 v000002d8751db0d0_0, 0;
    %pushi/vec4 0, 0, 1;
    %assign/vec4 v000002d8751d9f50_0, 0;
    %jmp T_0.3;
T_0.2 ;
    %load/vec4 v000002d8751db030_0;
    %inv;
    %load/vec4 v000002d8751db490_0;
    %pushi/vec4 1, 0, 3;
    %cmp/e;
    %flag_get/vec4 4;
    %and;
    %flag_set/vec4 8;
    %jmp/0xz  T_0.4, 8;
    %pushi/vec4 1, 0, 1;
    %assign/vec4 v000002d8751da3b0_0, 0;
    %pushi/vec4 0, 0, 1;
    %assign/vec4 v000002d8751da1d0_0, 0;
    %pushi/vec4 0, 0, 1;
    %assign/vec4 v000002d8751db0d0_0, 0;
    %pushi/vec4 0, 0, 1;
    %assign/vec4 v000002d8751d9f50_0, 0;
T_0.4 ;
T_0.3 ;
    %load/vec4 v000002d8751da770_0;
    %load/vec4 v000002d8751db030_0;
    %or;
    %load/vec4 v000002d8751db490_0;
    %pushi/vec4 5, 0, 3;
    %cmp/e;
    %flag_get/vec4 4;
    %and;
    %flag_set/vec4 8;
    %jmp/0xz  T_0.6, 8;
    %pushi/vec4 0, 0, 1;
    %assign/vec4 v000002d8751da3b0_0, 0;
    %pushi/vec4 0, 0, 1;
    %assign/vec4 v000002d8751da1d0_0, 0;
    %pushi/vec4 1, 0, 1;
    %assign/vec4 v000002d8751db0d0_0, 0;
    %pushi/vec4 0, 0, 1;
    %assign/vec4 v000002d8751d9f50_0, 0;
    %jmp T_0.7;
T_0.6 ;
    %load/vec4 v000002d8751da770_0;
    %inv;
    %load/vec4 v000002d8751db030_0;
    %inv;
    %and;
    %load/vec4 v000002d8751db490_0;
    %pushi/vec4 4, 0, 3;
    %cmp/e;
    %flag_get/vec4 4;
    %and;
    %flag_set/vec4 8;
    %jmp/0xz  T_0.8, 8;
    %pushi/vec4 0, 0, 1;
    %assign/vec4 v000002d8751da3b0_0, 0;
    %pushi/vec4 0, 0, 1;
    %assign/vec4 v000002d8751da1d0_0, 0;
    %pushi/vec4 1, 0, 1;
    %assign/vec4 v000002d8751d9f50_0, 0;
    %pushi/vec4 0, 0, 1;
    %assign/vec4 v000002d8751db0d0_0, 0;
    %jmp T_0.9;
T_0.8 ;
    %pushi/vec4 0, 0, 1;
    %assign/vec4 v000002d8751da3b0_0, 0;
    %pushi/vec4 0, 0, 1;
    %assign/vec4 v000002d8751da1d0_0, 0;
    %pushi/vec4 0, 0, 1;
    %assign/vec4 v000002d8751d9f50_0, 0;
    %pushi/vec4 0, 0, 1;
    %assign/vec4 v000002d8751db0d0_0, 0;
T_0.9 ;
T_0.7 ;
    %jmp T_0.1;
T_0.0 ;
    %pushi/vec4 0, 0, 1;
    %assign/vec4 v000002d8751da3b0_0, 0;
    %pushi/vec4 0, 0, 1;
    %assign/vec4 v000002d8751da1d0_0, 0;
T_0.1 ;
    %jmp T_0;
    .thread T_0, $push;
    .scope S_000002d875196fc0;
T_1 ;
    %wait E_000002d8751cd850;
    %load/vec4 v000002d875242380_0;
    %flag_set/vec4 8;
    %jmp/0xz  T_1.0, 8;
    %pushi/vec4 0, 0, 64;
    %assign/vec4 v000002d8752426a0_0, 0;
    %jmp T_1.1;
T_1.0 ;
    %load/vec4 v000002d875242560_0;
    %assign/vec4 v000002d8752426a0_0, 0;
T_1.1 ;
    %jmp T_1;
    .thread T_1;
    .scope S_000002d875175660;
T_2 ;
    %pushi/vec4 2, 0, 8;
    %ix/load 4, 19, 0;
    %flag_set/imm 4, 0;
    %store/vec4a v000002d8751d9b90, 4, 0;
    %pushi/vec4 133, 0, 8;
    %ix/load 4, 18, 0;
    %flag_set/imm 4, 0;
    %store/vec4a v000002d8751d9b90, 4, 0;
    %pushi/vec4 52, 0, 8;
    %ix/load 4, 17, 0;
    %flag_set/imm 4, 0;
    %store/vec4a v000002d8751d9b90, 4, 0;
    %pushi/vec4 131, 0, 8;
    %ix/load 4, 16, 0;
    %flag_set/imm 4, 0;
    %store/vec4a v000002d8751d9b90, 4, 0;
    %pushi/vec4 2, 0, 8;
    %ix/load 4, 15, 0;
    %flag_set/imm 4, 0;
    %store/vec4a v000002d8751d9b90, 4, 0;
    %pushi/vec4 149, 0, 8;
    %ix/load 4, 14, 0;
    %flag_set/imm 4, 0;
    %store/vec4a v000002d8751d9b90, 4, 0;
    %pushi/vec4 52, 0, 8;
    %ix/load 4, 13, 0;
    %flag_set/imm 4, 0;
    %store/vec4a v000002d8751d9b90, 4, 0;
    %pushi/vec4 35, 0, 8;
    %ix/load 4, 12, 0;
    %flag_set/imm 4, 0;
    %store/vec4a v000002d8751d9b90, 4, 0;
    %pushi/vec4 0, 0, 8;
    %ix/load 4, 11, 0;
    %flag_set/imm 4, 0;
    %store/vec4a v000002d8751d9b90, 4, 0;
    %pushi/vec4 20, 0, 8;
    %ix/load 4, 10, 0;
    %flag_set/imm 4, 0;
    %store/vec4a v000002d8751d9b90, 4, 0;
    %pushi/vec4 132, 0, 8;
    %ix/load 4, 9, 0;
    %flag_set/imm 4, 0;
    %store/vec4a v000002d8751d9b90, 4, 0;
    %pushi/vec4 147, 0, 8;
    %ix/load 4, 8, 0;
    %flag_set/imm 4, 0;
    %store/vec4a v000002d8751d9b90, 4, 0;
    %pushi/vec4 0, 0, 8;
    %ix/load 4, 7, 0;
    %flag_set/imm 4, 0;
    %store/vec4a v000002d8751d9b90, 4, 0;
    %pushi/vec4 154, 0, 8;
    %ix/load 4, 6, 0;
    %flag_set/imm 4, 0;
    %store/vec4a v000002d8751d9b90, 4, 0;
    %pushi/vec4 132, 0, 8;
    %ix/load 4, 5, 0;
    %flag_set/imm 4, 0;
    %store/vec4a v000002d8751d9b90, 4, 0;
    %pushi/vec4 179, 0, 8;
    %ix/load 4, 4, 0;
    %flag_set/imm 4, 0;
    %store/vec4a v000002d8751d9b90, 4, 0;
    %pushi/vec4 2, 0, 8;
    %ix/load 4, 3, 0;
    %flag_set/imm 4, 0;
    %store/vec4a v000002d8751d9b90, 4, 0;
    %pushi/vec4 133, 0, 8;
    %ix/load 4, 2, 0;
    %flag_set/imm 4, 0;
    %store/vec4a v000002d8751d9b90, 4, 0;
    %pushi/vec4 52, 0, 8;
    %ix/load 4, 1, 0;
    %flag_set/imm 4, 0;
    %store/vec4a v000002d8751d9b90, 4, 0;
    %pushi/vec4 131, 0, 8;
    %ix/load 4, 0, 0;
    %flag_set/imm 4, 0;
    %store/vec4a v000002d8751d9b90, 4, 0;
    %end;
    .thread T_2;
    .scope S_000002d87514d800;
T_3 ;
    %wait E_000002d8751ccd50;
    %load/vec4 v000002d875242ce0_0;
    %parti/s 2, 5, 4;
    %cmpi/e 0, 0, 2;
    %jmp/0xz  T_3.0, 4;
    %load/vec4 v000002d875242ce0_0;
    %parti/s 12, 20, 6;
    %ix/load 4, 0, 0;
    %flag_set/imm 4, 0;
    %store/vec4 v000002d875243a00_0, 4, 12;
    %jmp T_3.1;
T_3.0 ;
    %load/vec4 v000002d875242ce0_0;
    %parti/s 2, 5, 4;
    %cmpi/e 1, 0, 2;
    %jmp/0xz  T_3.2, 4;
    %load/vec4 v000002d875242ce0_0;
    %parti/s 7, 25, 6;
    %ix/load 4, 5, 0;
    %flag_set/imm 4, 0;
    %store/vec4 v000002d875243a00_0, 4, 7;
    %load/vec4 v000002d875242ce0_0;
    %parti/s 5, 7, 4;
    %ix/load 4, 0, 0;
    %flag_set/imm 4, 0;
    %store/vec4 v000002d875243a00_0, 4, 5;
    %jmp T_3.3;
T_3.2 ;
    %load/vec4 v000002d875242ce0_0;
    %parti/s 1, 31, 6;
    %ix/load 4, 11, 0;
    %flag_set/imm 4, 0;
    %store/vec4 v000002d875243a00_0, 4, 1;
    %load/vec4 v000002d875242ce0_0;
    %parti/s 6, 25, 6;
    %ix/load 4, 4, 0;
    %flag_set/imm 4, 0;
    %store/vec4 v000002d875243a00_0, 4, 6;
    %load/vec4 v000002d875242ce0_0;
    %parti/s 3, 8, 5;
    %pad/u 4;
    %ix/load 4, 0, 0;
    %flag_set/imm 4, 0;
    %store/vec4 v000002d875243a00_0, 4, 4;
    %load/vec4 v000002d875242ce0_0;
    %parti/s 1, 7, 4;
    %ix/load 4, 10, 0;
    %flag_set/imm 4, 0;
    %store/vec4 v000002d875243a00_0, 4, 1;
T_3.3 ;
T_3.1 ;
    %load/vec4 v000002d875243a00_0;
    %parti/s 1, 11, 5;
    %replicate 52;
    %ix/load 4, 12, 0;
    %flag_set/imm 4, 0;
    %store/vec4 v000002d875243a00_0, 4, 52;
    %jmp T_3;
    .thread T_3, $push;
    .scope S_000002d8751817a0;
T_4 ;
    %wait E_000002d8751ccd90;
    %load/vec4 v000002d8751db670_0;
    %dup/vec4;
    %pushi/vec4 51, 0, 7;
    %cmp/u;
    %jmp/1 T_4.0, 6;
    %dup/vec4;
    %pushi/vec4 3, 0, 7;
    %cmp/u;
    %jmp/1 T_4.1, 6;
    %dup/vec4;
    %pushi/vec4 35, 0, 7;
    %cmp/u;
    %jmp/1 T_4.2, 6;
    %dup/vec4;
    %pushi/vec4 99, 0, 7;
    %cmp/u;
    %jmp/1 T_4.3, 6;
    %dup/vec4;
    %pushi/vec4 19, 0, 7;
    %cmp/u;
    %jmp/1 T_4.4, 6;
    %pushi/vec4 0, 0, 2;
    %store/vec4 v000002d8751db350_0, 0, 2;
    %pushi/vec4 0, 0, 1;
    %store/vec4 v000002d8751d9ff0_0, 0, 1;
    %pushi/vec4 0, 0, 1;
    %store/vec4 v000002d8751dac70_0, 0, 1;
    %pushi/vec4 0, 0, 1;
    %store/vec4 v000002d8751da9f0_0, 0, 1;
    %pushi/vec4 0, 0, 1;
    %store/vec4 v000002d8751da090_0, 0, 1;
    %pushi/vec4 0, 0, 1;
    %store/vec4 v000002d8751db5d0_0, 0, 1;
    %pushi/vec4 0, 0, 1;
    %store/vec4 v000002d8751db530_0, 0, 1;
    %jmp T_4.6;
T_4.0 ;
    %pushi/vec4 2, 0, 2;
    %store/vec4 v000002d8751db350_0, 0, 2;
    %pushi/vec4 0, 0, 1;
    %store/vec4 v000002d8751d9ff0_0, 0, 1;
    %pushi/vec4 0, 0, 1;
    %store/vec4 v000002d8751dac70_0, 0, 1;
    %pushi/vec4 0, 0, 1;
    %store/vec4 v000002d8751da9f0_0, 0, 1;
    %pushi/vec4 1, 0, 1;
    %store/vec4 v000002d8751da090_0, 0, 1;
    %pushi/vec4 0, 0, 1;
    %store/vec4 v000002d8751db5d0_0, 0, 1;
    %pushi/vec4 0, 0, 1;
    %store/vec4 v000002d8751db530_0, 0, 1;
    %jmp T_4.6;
T_4.1 ;
    %pushi/vec4 0, 0, 2;
    %store/vec4 v000002d8751db350_0, 0, 2;
    %pushi/vec4 0, 0, 1;
    %store/vec4 v000002d8751d9ff0_0, 0, 1;
    %pushi/vec4 0, 0, 1;
    %store/vec4 v000002d8751dac70_0, 0, 1;
    %pushi/vec4 1, 0, 1;
    %store/vec4 v000002d8751da9f0_0, 0, 1;
    %pushi/vec4 1, 0, 1;
    %store/vec4 v000002d8751da090_0, 0, 1;
    %pushi/vec4 1, 0, 1;
    %store/vec4 v000002d8751db5d0_0, 0, 1;
    %pushi/vec4 1, 0, 1;
    %store/vec4 v000002d8751db530_0, 0, 1;
    %jmp T_4.6;
T_4.2 ;
    %pushi/vec4 0, 0, 2;
    %store/vec4 v000002d8751db350_0, 0, 2;
    %pushi/vec4 0, 0, 1;
    %store/vec4 v000002d8751d9ff0_0, 0, 1;
    %pushi/vec4 1, 0, 1;
    %store/vec4 v000002d8751dac70_0, 0, 1;
    %pushi/vec4 0, 0, 1;
    %store/vec4 v000002d8751da9f0_0, 0, 1;
    %pushi/vec4 0, 0, 1;
    %store/vec4 v000002d8751da090_0, 0, 1;
    %pushi/vec4 1, 1, 1;
    %store/vec4 v000002d8751db5d0_0, 0, 1;
    %pushi/vec4 1, 0, 1;
    %store/vec4 v000002d8751db530_0, 0, 1;
    %jmp T_4.6;
T_4.3 ;
    %pushi/vec4 1, 0, 2;
    %store/vec4 v000002d8751db350_0, 0, 2;
    %pushi/vec4 1, 0, 1;
    %store/vec4 v000002d8751d9ff0_0, 0, 1;
    %pushi/vec4 0, 0, 1;
    %store/vec4 v000002d8751dac70_0, 0, 1;
    %pushi/vec4 0, 0, 1;
    %store/vec4 v000002d8751da9f0_0, 0, 1;
    %pushi/vec4 0, 0, 1;
    %store/vec4 v000002d8751da090_0, 0, 1;
    %pushi/vec4 1, 1, 1;
    %store/vec4 v000002d8751db5d0_0, 0, 1;
    %pushi/vec4 0, 0, 1;
    %store/vec4 v000002d8751db530_0, 0, 1;
    %jmp T_4.6;
T_4.4 ;
    %pushi/vec4 0, 0, 2;
    %store/vec4 v000002d8751db350_0, 0, 2;
    %pushi/vec4 0, 0, 1;
    %store/vec4 v000002d8751d9ff0_0, 0, 1;
    %pushi/vec4 0, 0, 1;
    %store/vec4 v000002d8751dac70_0, 0, 1;
    %pushi/vec4 0, 0, 1;
    %store/vec4 v000002d8751da9f0_0, 0, 1;
    %pushi/vec4 1, 0, 1;
    %store/vec4 v000002d8751da090_0, 0, 1;
    %pushi/vec4 0, 0, 1;
    %store/vec4 v000002d8751db5d0_0, 0, 1;
    %pushi/vec4 1, 0, 1;
    %store/vec4 v000002d8751db530_0, 0, 1;
    %jmp T_4.6;
T_4.6 ;
    %pop/vec4 1;
    %jmp T_4;
    .thread T_4, $push;
    .scope S_000002d875192740;
T_5 ;
    %pushi/vec4 0, 0, 64;
    %ix/load 4, 0, 0;
    %flag_set/imm 4, 0;
    %store/vec4a v000002d8752431e0, 4, 0;
    %pushi/vec4 1209, 0, 64;
    %ix/load 4, 1, 0;
    %flag_set/imm 4, 0;
    %store/vec4a v000002d8752431e0, 4, 0;
    %pushi/vec4 751, 0, 64;
    %ix/load 4, 2, 0;
    %flag_set/imm 4, 0;
    %store/vec4a v000002d8752431e0, 4, 0;
    %pushi/vec4 3522, 0, 64;
    %ix/load 4, 3, 0;
    %flag_set/imm 4, 0;
    %store/vec4a v000002d8752431e0, 4, 0;
    %pushi/vec4 2971, 0, 64;
    %ix/load 4, 4, 0;
    %flag_set/imm 4, 0;
    %store/vec4a v000002d8752431e0, 4, 0;
    %pushi/vec4 72, 0, 64;
    %ix/load 4, 5, 0;
    %flag_set/imm 4, 0;
    %store/vec4a v000002d8752431e0, 4, 0;
    %pushi/vec4 1135, 0, 64;
    %ix/load 4, 6, 0;
    %flag_set/imm 4, 0;
    %store/vec4a v000002d8752431e0, 4, 0;
    %pushi/vec4 1141, 0, 64;
    %ix/load 4, 7, 0;
    %flag_set/imm 4, 0;
    %store/vec4a v000002d8752431e0, 4, 0;
    %pushi/vec4 2919, 0, 64;
    %ix/load 4, 8, 0;
    %flag_set/imm 4, 0;
    %store/vec4a v000002d8752431e0, 4, 0;
    %pushi/vec4 2467, 0, 64;
    %ix/load 4, 9, 0;
    %flag_set/imm 4, 0;
    %store/vec4a v000002d8752431e0, 4, 0;
    %pushi/vec4 0, 0, 64;
    %ix/load 4, 10, 0;
    %flag_set/imm 4, 0;
    %store/vec4a v000002d8752431e0, 4, 0;
    %pushi/vec4 3033, 0, 64;
    %ix/load 4, 11, 0;
    %flag_set/imm 4, 0;
    %store/vec4a v000002d8752431e0, 4, 0;
    %pushi/vec4 3278, 0, 64;
    %ix/load 4, 12, 0;
    %flag_set/imm 4, 0;
    %store/vec4a v000002d8752431e0, 4, 0;
    %pushi/vec4 3214, 0, 64;
    %ix/load 4, 13, 0;
    %flag_set/imm 4, 0;
    %store/vec4a v000002d8752431e0, 4, 0;
    %pushi/vec4 3656, 0, 64;
    %ix/load 4, 14, 0;
    %flag_set/imm 4, 0;
    %store/vec4a v000002d8752431e0, 4, 0;
    %pushi/vec4 1765, 0, 64;
    %ix/load 4, 15, 0;
    %flag_set/imm 4, 0;
    %store/vec4a v000002d8752431e0, 4, 0;
    %pushi/vec4 736, 0, 64;
    %ix/load 4, 16, 0;
    %flag_set/imm 4, 0;
    %store/vec4a v000002d8752431e0, 4, 0;
    %pushi/vec4 2985, 0, 64;
    %ix/load 4, 17, 0;
    %flag_set/imm 4, 0;
    %store/vec4a v000002d8752431e0, 4, 0;
    %pushi/vec4 2717, 0, 64;
    %ix/load 4, 18, 0;
    %flag_set/imm 4, 0;
    %store/vec4a v000002d8752431e0, 4, 0;
    %pushi/vec4 863, 0, 64;
    %ix/load 4, 19, 0;
    %flag_set/imm 4, 0;
    %store/vec4a v000002d8752431e0, 4, 0;
    %pushi/vec4 1916, 0, 64;
    %ix/load 4, 20, 0;
    %flag_set/imm 4, 0;
    %store/vec4a v000002d8752431e0, 4, 0;
    %pushi/vec4 13, 0, 64;
    %ix/load 4, 21, 0;
    %flag_set/imm 4, 0;
    %store/vec4a v000002d8752431e0, 4, 0;
    %pushi/vec4 701, 0, 64;
    %ix/load 4, 22, 0;
    %flag_set/imm 4, 0;
    %store/vec4a v000002d8752431e0, 4, 0;
    %pushi/vec4 3479, 0, 64;
    %ix/load 4, 23, 0;
    %flag_set/imm 4, 0;
    %store/vec4a v000002d8752431e0, 4, 0;
    %pushi/vec4 2489, 0, 64;
    %ix/load 4, 24, 0;
    %flag_set/imm 4, 0;
    %store/vec4a v000002d8752431e0, 4, 0;
    %pushi/vec4 1937, 0, 64;
    %ix/load 4, 25, 0;
    %flag_set/imm 4, 0;
    %store/vec4a v000002d8752431e0, 4, 0;
    %pushi/vec4 523, 0, 64;
    %ix/load 4, 26, 0;
    %flag_set/imm 4, 0;
    %store/vec4a v000002d8752431e0, 4, 0;
    %pushi/vec4 210, 0, 64;
    %ix/load 4, 27, 0;
    %flag_set/imm 4, 0;
    %store/vec4a v000002d8752431e0, 4, 0;
    %pushi/vec4 1043, 0, 64;
    %ix/load 4, 28, 0;
    %flag_set/imm 4, 0;
    %store/vec4a v000002d8752431e0, 4, 0;
    %pushi/vec4 425, 0, 64;
    %ix/load 4, 29, 0;
    %flag_set/imm 4, 0;
    %store/vec4a v000002d8752431e0, 4, 0;
    %pushi/vec4 2434, 0, 64;
    %ix/load 4, 30, 0;
    %flag_set/imm 4, 0;
    %store/vec4a v000002d8752431e0, 4, 0;
    %pushi/vec4 988, 0, 64;
    %ix/load 4, 31, 0;
    %flag_set/imm 4, 0;
    %store/vec4a v000002d8752431e0, 4, 0;
    %end;
    .thread T_5;
    .scope S_000002d875192740;
T_6 ;
    %wait E_000002d8751cd310;
    %load/vec4 v000002d875242740_0;
    %load/vec4 v000002d8752429c0_0;
    %pushi/vec4 0, 0, 5;
    %cmp/ne;
    %flag_get/vec4 4;
    %and;
    %flag_set/vec4 8;
    %jmp/0xz  T_6.0, 8;
    %load/vec4 v000002d8752438c0_0;
    %load/vec4 v000002d8752429c0_0;
    %pad/u 7;
    %ix/vec4 3;
    %ix/load 4, 0, 0; Constant delay
    %assign/vec4/a/d v000002d8752431e0, 0, 4;
T_6.0 ;
    %jmp T_6;
    .thread T_6;
    .scope S_000002d875192740;
T_7 ;
    %wait E_000002d8751cd550;
    %load/vec4 v000002d875243640_0;
    %flag_set/vec4 8;
    %jmp/0xz  T_7.0, 8;
    %pushi/vec4 0, 0, 64;
    %assign/vec4 v000002d875242600_0, 0;
    %pushi/vec4 0, 0, 64;
    %assign/vec4 v000002d8752433c0_0, 0;
    %jmp T_7.1;
T_7.0 ;
    %load/vec4 v000002d875243780_0;
    %pad/u 7;
    %ix/vec4 4;
    %load/vec4a v000002d8752431e0, 4;
    %assign/vec4 v000002d875242600_0, 0;
    %load/vec4 v000002d875242880_0;
    %pad/u 7;
    %ix/vec4 4;
    %load/vec4a v000002d8752431e0, 4;
    %assign/vec4 v000002d8752433c0_0, 0;
T_7.1 ;
    %jmp T_7;
    .thread T_7, $push;
    .scope S_000002d8751924f0;
T_8 ;
    %wait E_000002d8751cd1d0;
    %load/vec4 v000002d8751da810_0;
    %cmpi/e 0, 0, 2;
    %jmp/0xz  T_8.0, 4;
    %pushi/vec4 2, 0, 4;
    %assign/vec4 v000002d8751db170_0, 0;
    %jmp T_8.1;
T_8.0 ;
    %load/vec4 v000002d8751da810_0;
    %cmpi/e 1, 0, 2;
    %jmp/0xz  T_8.2, 4;
    %pushi/vec4 6, 0, 4;
    %assign/vec4 v000002d8751db170_0, 0;
    %jmp T_8.3;
T_8.2 ;
    %load/vec4 v000002d8751da810_0;
    %cmpi/e 2, 0, 2;
    %jmp/0xz  T_8.4, 4;
    %load/vec4 v000002d8751db7b0_0;
    %dup/vec4;
    %pushi/vec4 0, 0, 4;
    %cmp/u;
    %jmp/1 T_8.6, 6;
    %dup/vec4;
    %pushi/vec4 8, 0, 4;
    %cmp/u;
    %jmp/1 T_8.7, 6;
    %dup/vec4;
    %pushi/vec4 7, 0, 4;
    %cmp/u;
    %jmp/1 T_8.8, 6;
    %dup/vec4;
    %pushi/vec4 6, 0, 4;
    %cmp/u;
    %jmp/1 T_8.9, 6;
    %pushi/vec4 0, 0, 4;
    %assign/vec4 v000002d8751db170_0, 0;
    %jmp T_8.11;
T_8.6 ;
    %pushi/vec4 2, 0, 4;
    %assign/vec4 v000002d8751db170_0, 0;
    %jmp T_8.11;
T_8.7 ;
    %pushi/vec4 6, 0, 4;
    %assign/vec4 v000002d8751db170_0, 0;
    %jmp T_8.11;
T_8.8 ;
    %pushi/vec4 0, 0, 4;
    %assign/vec4 v000002d8751db170_0, 0;
    %jmp T_8.11;
T_8.9 ;
    %pushi/vec4 1, 0, 4;
    %assign/vec4 v000002d8751db170_0, 0;
    %jmp T_8.11;
T_8.11 ;
    %pop/vec4 1;
T_8.4 ;
T_8.3 ;
T_8.1 ;
    %jmp T_8;
    .thread T_8, $push;
    .scope S_000002d875181480;
T_9 ;
    %wait E_000002d8751cd190;
    %load/vec4 v000002d8751da8b0_0;
    %cmpi/e 0, 0, 4;
    %jmp/0xz  T_9.0, 4;
    %load/vec4 v000002d8751d99b0_0;
    %load/vec4 v000002d8751d9a50_0;
    %and;
    %store/vec4 v000002d8751da590_0, 0, 64;
    %jmp T_9.1;
T_9.0 ;
    %load/vec4 v000002d8751da8b0_0;
    %cmpi/e 1, 0, 4;
    %jmp/0xz  T_9.2, 4;
    %load/vec4 v000002d8751d99b0_0;
    %load/vec4 v000002d8751d9a50_0;
    %or;
    %store/vec4 v000002d8751da590_0, 0, 64;
    %jmp T_9.3;
T_9.2 ;
    %load/vec4 v000002d8751da8b0_0;
    %cmpi/e 2, 0, 4;
    %jmp/0xz  T_9.4, 4;
    %load/vec4 v000002d8751d99b0_0;
    %load/vec4 v000002d8751d9a50_0;
    %add;
    %store/vec4 v000002d8751da590_0, 0, 64;
    %jmp T_9.5;
T_9.4 ;
    %load/vec4 v000002d8751da8b0_0;
    %cmpi/e 6, 0, 4;
    %jmp/0xz  T_9.6, 4;
    %load/vec4 v000002d8751d99b0_0;
    %load/vec4 v000002d8751d9a50_0;
    %sub;
    %store/vec4 v000002d8751da590_0, 0, 64;
    %jmp T_9.7;
T_9.6 ;
    %load/vec4 v000002d8751da8b0_0;
    %cmpi/e 12, 0, 4;
    %jmp/0xz  T_9.8, 4;
    %load/vec4 v000002d8751d99b0_0;
    %load/vec4 v000002d8751d9a50_0;
    %or;
    %inv;
    %store/vec4 v000002d8751da590_0, 0, 64;
T_9.8 ;
T_9.7 ;
T_9.5 ;
T_9.3 ;
T_9.1 ;
    %load/vec4 v000002d8751da590_0;
    %cmpi/e 0, 0, 64;
    %jmp/0xz  T_9.10, 4;
    %pushi/vec4 1, 0, 1;
    %store/vec4 v000002d8751db850_0, 0, 1;
    %jmp T_9.11;
T_9.10 ;
    %pushi/vec4 0, 0, 1;
    %store/vec4 v000002d8751db850_0, 0, 1;
T_9.11 ;
    %jmp T_9;
    .thread T_9, $push;
    .scope S_000002d87517d700;
T_10 ;
    %pushi/vec4 235, 0, 8;
    %ix/load 4, 0, 0;
    %flag_set/imm 4, 0;
    %store/vec4a v000002d8751dae50, 4, 0;
    %pushi/vec4 18, 0, 8;
    %ix/load 4, 1, 0;
    %flag_set/imm 4, 0;
    %store/vec4a v000002d8751dae50, 4, 0;
    %pushi/vec4 120, 0, 8;
    %ix/load 4, 2, 0;
    %flag_set/imm 4, 0;
    %store/vec4a v000002d8751dae50, 4, 0;
    %pushi/vec4 79, 0, 8;
    %ix/load 4, 3, 0;
    %flag_set/imm 4, 0;
    %store/vec4a v000002d8751dae50, 4, 0;
    %pushi/vec4 72, 0, 8;
    %ix/load 4, 4, 0;
    %flag_set/imm 4, 0;
    %store/vec4a v000002d8751dae50, 4, 0;
    %pushi/vec4 182, 0, 8;
    %ix/load 4, 5, 0;
    %flag_set/imm 4, 0;
    %store/vec4a v000002d8751dae50, 4, 0;
    %pushi/vec4 69, 0, 8;
    %ix/load 4, 6, 0;
    %flag_set/imm 4, 0;
    %store/vec4a v000002d8751dae50, 4, 0;
    %pushi/vec4 254, 0, 8;
    %ix/load 4, 7, 0;
    %flag_set/imm 4, 0;
    %store/vec4a v000002d8751dae50, 4, 0;
    %pushi/vec4 48, 0, 8;
    %ix/load 4, 8, 0;
    %flag_set/imm 4, 0;
    %store/vec4a v000002d8751dae50, 4, 0;
    %pushi/vec4 16, 0, 8;
    %ix/load 4, 9, 0;
    %flag_set/imm 4, 0;
    %store/vec4a v000002d8751dae50, 4, 0;
    %pushi/vec4 17, 0, 8;
    %ix/load 4, 10, 0;
    %flag_set/imm 4, 0;
    %store/vec4a v000002d8751dae50, 4, 0;
    %pushi/vec4 5, 0, 8;
    %ix/load 4, 11, 0;
    %flag_set/imm 4, 0;
    %store/vec4a v000002d8751dae50, 4, 0;
    %pushi/vec4 194, 0, 8;
    %ix/load 4, 12, 0;
    %flag_set/imm 4, 0;
    %store/vec4a v000002d8751dae50, 4, 0;
    %pushi/vec4 223, 0, 8;
    %ix/load 4, 13, 0;
    %flag_set/imm 4, 0;
    %store/vec4a v000002d8751dae50, 4, 0;
    %pushi/vec4 98, 0, 8;
    %ix/load 4, 14, 0;
    %flag_set/imm 4, 0;
    %store/vec4a v000002d8751dae50, 4, 0;
    %pushi/vec4 135, 0, 8;
    %ix/load 4, 15, 0;
    %flag_set/imm 4, 0;
    %store/vec4a v000002d8751dae50, 4, 0;
    %pushi/vec4 53, 0, 8;
    %ix/load 4, 16, 0;
    %flag_set/imm 4, 0;
    %store/vec4a v000002d8751dae50, 4, 0;
    %pushi/vec4 59, 0, 8;
    %ix/load 4, 17, 0;
    %flag_set/imm 4, 0;
    %store/vec4a v000002d8751dae50, 4, 0;
    %pushi/vec4 81, 0, 8;
    %ix/load 4, 18, 0;
    %flag_set/imm 4, 0;
    %store/vec4a v000002d8751dae50, 4, 0;
    %pushi/vec4 95, 0, 8;
    %ix/load 4, 19, 0;
    %flag_set/imm 4, 0;
    %store/vec4a v000002d8751dae50, 4, 0;
    %pushi/vec4 57, 0, 8;
    %ix/load 4, 20, 0;
    %flag_set/imm 4, 0;
    %store/vec4a v000002d8751dae50, 4, 0;
    %pushi/vec4 125, 0, 8;
    %ix/load 4, 21, 0;
    %flag_set/imm 4, 0;
    %store/vec4a v000002d8751dae50, 4, 0;
    %pushi/vec4 166, 0, 8;
    %ix/load 4, 22, 0;
    %flag_set/imm 4, 0;
    %store/vec4a v000002d8751dae50, 4, 0;
    %pushi/vec4 5, 0, 8;
    %ix/load 4, 23, 0;
    %flag_set/imm 4, 0;
    %store/vec4a v000002d8751dae50, 4, 0;
    %pushi/vec4 35, 0, 8;
    %ix/load 4, 24, 0;
    %flag_set/imm 4, 0;
    %store/vec4a v000002d8751dae50, 4, 0;
    %pushi/vec4 16, 0, 8;
    %ix/load 4, 25, 0;
    %flag_set/imm 4, 0;
    %store/vec4a v000002d8751dae50, 4, 0;
    %pushi/vec4 119, 0, 8;
    %ix/load 4, 26, 0;
    %flag_set/imm 4, 0;
    %store/vec4a v000002d8751dae50, 4, 0;
    %pushi/vec4 185, 0, 8;
    %ix/load 4, 27, 0;
    %flag_set/imm 4, 0;
    %store/vec4a v000002d8751dae50, 4, 0;
    %pushi/vec4 31, 0, 8;
    %ix/load 4, 28, 0;
    %flag_set/imm 4, 0;
    %store/vec4a v000002d8751dae50, 4, 0;
    %pushi/vec4 32, 0, 8;
    %ix/load 4, 29, 0;
    %flag_set/imm 4, 0;
    %store/vec4a v000002d8751dae50, 4, 0;
    %pushi/vec4 194, 0, 8;
    %ix/load 4, 30, 0;
    %flag_set/imm 4, 0;
    %store/vec4a v000002d8751dae50, 4, 0;
    %pushi/vec4 43, 0, 8;
    %ix/load 4, 31, 0;
    %flag_set/imm 4, 0;
    %store/vec4a v000002d8751dae50, 4, 0;
    %pushi/vec4 36, 0, 8;
    %ix/load 4, 32, 0;
    %flag_set/imm 4, 0;
    %store/vec4a v000002d8751dae50, 4, 0;
    %pushi/vec4 10, 0, 8;
    %ix/load 4, 33, 0;
    %flag_set/imm 4, 0;
    %store/vec4a v000002d8751dae50, 4, 0;
    %pushi/vec4 107, 0, 8;
    %ix/load 4, 34, 0;
    %flag_set/imm 4, 0;
    %store/vec4a v000002d8751dae50, 4, 0;
    %pushi/vec4 195, 0, 8;
    %ix/load 4, 35, 0;
    %flag_set/imm 4, 0;
    %store/vec4a v000002d8751dae50, 4, 0;
    %pushi/vec4 194, 0, 8;
    %ix/load 4, 36, 0;
    %flag_set/imm 4, 0;
    %store/vec4a v000002d8751dae50, 4, 0;
    %pushi/vec4 76, 0, 8;
    %ix/load 4, 37, 0;
    %flag_set/imm 4, 0;
    %store/vec4a v000002d8751dae50, 4, 0;
    %pushi/vec4 106, 0, 8;
    %ix/load 4, 38, 0;
    %flag_set/imm 4, 0;
    %store/vec4a v000002d8751dae50, 4, 0;
    %pushi/vec4 69, 0, 8;
    %ix/load 4, 39, 0;
    %flag_set/imm 4, 0;
    %store/vec4a v000002d8751dae50, 4, 0;
    %pushi/vec4 9, 0, 8;
    %ix/load 4, 40, 0;
    %flag_set/imm 4, 0;
    %store/vec4a v000002d8751dae50, 4, 0;
    %pushi/vec4 0, 0, 8;
    %ix/load 4, 41, 0;
    %flag_set/imm 4, 0;
    %store/vec4a v000002d8751dae50, 4, 0;
    %pushi/vec4 0, 0, 8;
    %ix/load 4, 42, 0;
    %flag_set/imm 4, 0;
    %store/vec4a v000002d8751dae50, 4, 0;
    %pushi/vec4 0, 0, 8;
    %ix/load 4, 43, 0;
    %flag_set/imm 4, 0;
    %store/vec4a v000002d8751dae50, 4, 0;
    %pushi/vec4 0, 0, 8;
    %ix/load 4, 44, 0;
    %flag_set/imm 4, 0;
    %store/vec4a v000002d8751dae50, 4, 0;
    %pushi/vec4 0, 0, 8;
    %ix/load 4, 45, 0;
    %flag_set/imm 4, 0;
    %store/vec4a v000002d8751dae50, 4, 0;
    %pushi/vec4 0, 0, 8;
    %ix/load 4, 46, 0;
    %flag_set/imm 4, 0;
    %store/vec4a v000002d8751dae50, 4, 0;
    %pushi/vec4 0, 0, 8;
    %ix/load 4, 47, 0;
    %flag_set/imm 4, 0;
    %store/vec4a v000002d8751dae50, 4, 0;
    %pushi/vec4 248, 0, 8;
    %ix/load 4, 48, 0;
    %flag_set/imm 4, 0;
    %store/vec4a v000002d8751dae50, 4, 0;
    %pushi/vec4 170, 0, 8;
    %ix/load 4, 49, 0;
    %flag_set/imm 4, 0;
    %store/vec4a v000002d8751dae50, 4, 0;
    %pushi/vec4 233, 0, 8;
    %ix/load 4, 50, 0;
    %flag_set/imm 4, 0;
    %store/vec4a v000002d8751dae50, 4, 0;
    %pushi/vec4 147, 0, 8;
    %ix/load 4, 51, 0;
    %flag_set/imm 4, 0;
    %store/vec4a v000002d8751dae50, 4, 0;
    %pushi/vec4 150, 0, 8;
    %ix/load 4, 52, 0;
    %flag_set/imm 4, 0;
    %store/vec4a v000002d8751dae50, 4, 0;
    %pushi/vec4 214, 0, 8;
    %ix/load 4, 53, 0;
    %flag_set/imm 4, 0;
    %store/vec4a v000002d8751dae50, 4, 0;
    %pushi/vec4 249, 0, 8;
    %ix/load 4, 54, 0;
    %flag_set/imm 4, 0;
    %store/vec4a v000002d8751dae50, 4, 0;
    %pushi/vec4 128, 0, 8;
    %ix/load 4, 55, 0;
    %flag_set/imm 4, 0;
    %store/vec4a v000002d8751dae50, 4, 0;
    %pushi/vec4 107, 0, 8;
    %ix/load 4, 56, 0;
    %flag_set/imm 4, 0;
    %store/vec4a v000002d8751dae50, 4, 0;
    %pushi/vec4 13, 0, 8;
    %ix/load 4, 57, 0;
    %flag_set/imm 4, 0;
    %store/vec4a v000002d8751dae50, 4, 0;
    %pushi/vec4 104, 0, 8;
    %ix/load 4, 58, 0;
    %flag_set/imm 4, 0;
    %store/vec4a v000002d8751dae50, 4, 0;
    %pushi/vec4 31, 0, 8;
    %ix/load 4, 59, 0;
    %flag_set/imm 4, 0;
    %store/vec4a v000002d8751dae50, 4, 0;
    %pushi/vec4 252, 0, 8;
    %ix/load 4, 60, 0;
    %flag_set/imm 4, 0;
    %store/vec4a v000002d8751dae50, 4, 0;
    %pushi/vec4 67, 0, 8;
    %ix/load 4, 61, 0;
    %flag_set/imm 4, 0;
    %store/vec4a v000002d8751dae50, 4, 0;
    %pushi/vec4 45, 0, 8;
    %ix/load 4, 62, 0;
    %flag_set/imm 4, 0;
    %store/vec4a v000002d8751dae50, 4, 0;
    %pushi/vec4 28, 0, 8;
    %ix/load 4, 63, 0;
    %flag_set/imm 4, 0;
    %store/vec4a v000002d8751dae50, 4, 0;
    %end;
    .thread T_10;
    .scope S_000002d87517d700;
T_11 ;
    %wait E_000002d8751cd310;
    %load/vec4 v000002d8751dad10_0;
    %flag_set/vec4 8;
    %jmp/0xz  T_11.0, 8;
    %load/vec4 v000002d8751daf90_0;
    %parti/s 8, 0, 2;
    %ix/getv 4, v000002d8751daef0_0;
    %store/vec4a v000002d8751dae50, 4, 0;
    %load/vec4 v000002d8751daf90_0;
    %parti/s 8, 8, 5;
    %load/vec4 v000002d8751daef0_0;
    %pad/u 65;
    %addi 1, 0, 65;
    %ix/vec4 4;
    %store/vec4a v000002d8751dae50, 4, 0;
    %load/vec4 v000002d8751daf90_0;
    %parti/s 8, 16, 6;
    %load/vec4 v000002d8751daef0_0;
    %pad/u 65;
    %addi 2, 0, 65;
    %ix/vec4 4;
    %store/vec4a v000002d8751dae50, 4, 0;
    %load/vec4 v000002d8751daf90_0;
    %parti/s 8, 24, 6;
    %load/vec4 v000002d8751daef0_0;
    %pad/u 65;
    %addi 3, 0, 65;
    %ix/vec4 4;
    %store/vec4a v000002d8751dae50, 4, 0;
    %load/vec4 v000002d8751daf90_0;
    %parti/s 8, 32, 7;
    %load/vec4 v000002d8751daef0_0;
    %pad/u 65;
    %addi 4, 0, 65;
    %ix/vec4 4;
    %store/vec4a v000002d8751dae50, 4, 0;
    %load/vec4 v000002d8751daf90_0;
    %parti/s 8, 40, 7;
    %load/vec4 v000002d8751daef0_0;
    %pad/u 65;
    %addi 5, 0, 65;
    %ix/vec4 4;
    %store/vec4a v000002d8751dae50, 4, 0;
    %load/vec4 v000002d8751daf90_0;
    %parti/s 8, 48, 7;
    %load/vec4 v000002d8751daef0_0;
    %pad/u 65;
    %addi 6, 0, 65;
    %ix/vec4 4;
    %store/vec4a v000002d8751dae50, 4, 0;
    %load/vec4 v000002d8751daf90_0;
    %parti/s 8, 56, 7;
    %load/vec4 v000002d8751daef0_0;
    %pad/u 65;
    %addi 7, 0, 65;
    %ix/vec4 4;
    %store/vec4a v000002d8751dae50, 4, 0;
T_11.0 ;
    %jmp T_11;
    .thread T_11;
    .scope S_000002d87517d700;
T_12 ;
    %wait E_000002d8751cd2d0;
    %load/vec4 v000002d8751daa90_0;
    %flag_set/vec4 8;
    %jmp/0xz  T_12.0, 8;
    %load/vec4 v000002d8751daef0_0;
    %pad/u 65;
    %addi 7, 0, 65;
    %ix/vec4 4;
    %load/vec4a v000002d8751dae50, 4;
    %load/vec4 v000002d8751daef0_0;
    %pad/u 65;
    %addi 6, 0, 65;
    %ix/vec4 4;
    %load/vec4a v000002d8751dae50, 4;
    %concat/vec4; draw_concat_vec4
    %load/vec4 v000002d8751daef0_0;
    %pad/u 65;
    %addi 5, 0, 65;
    %ix/vec4 4;
    %load/vec4a v000002d8751dae50, 4;
    %concat/vec4; draw_concat_vec4
    %load/vec4 v000002d8751daef0_0;
    %pad/u 65;
    %addi 4, 0, 65;
    %ix/vec4 4;
    %load/vec4a v000002d8751dae50, 4;
    %concat/vec4; draw_concat_vec4
    %load/vec4 v000002d8751daef0_0;
    %pad/u 65;
    %addi 3, 0, 65;
    %ix/vec4 4;
    %load/vec4a v000002d8751dae50, 4;
    %concat/vec4; draw_concat_vec4
    %load/vec4 v000002d8751daef0_0;
    %pad/u 65;
    %addi 2, 0, 65;
    %ix/vec4 4;
    %load/vec4a v000002d8751dae50, 4;
    %concat/vec4; draw_concat_vec4
    %load/vec4 v000002d8751daef0_0;
    %pad/u 65;
    %addi 1, 0, 65;
    %ix/vec4 4;
    %load/vec4a v000002d8751dae50, 4;
    %concat/vec4; draw_concat_vec4
    %ix/getv 4, v000002d8751daef0_0;
    %load/vec4a v000002d8751dae50, 4;
    %concat/vec4; draw_concat_vec4
    %store/vec4 v000002d8751d9d70_0, 0, 64;
T_12.0 ;
    %jmp T_12;
    .thread T_12, $push;
    .scope S_000002d8751dddd0;
T_13 ;
    %pushi/vec4 0, 0, 1;
    %store/vec4 v000002d8751f9b80_0, 0, 1;
    %end;
    .thread T_13;
    .scope S_000002d8751dddd0;
T_14 ;
    %delay 5, 0;
    %load/vec4 v000002d8751f9b80_0;
    %inv;
    %store/vec4 v000002d8751f9b80_0, 0, 1;
    %jmp T_14;
    .thread T_14;
    .scope S_000002d8751dddd0;
T_15 ;
    %pushi/vec4 1, 0, 1;
    %store/vec4 v000002d8751f9ea0_0, 0, 1;
    %delay 10, 0;
    %pushi/vec4 0, 0, 1;
    %store/vec4 v000002d8751f9ea0_0, 0, 1;
    %delay 50, 0;
    %pushi/vec4 1, 0, 1;
    %store/vec4 v000002d8751f9ea0_0, 0, 1;
    %vpi_call 3 20 "$finish" {0 0 0};
    %end;
    .thread T_15;
    .scope S_000002d8751dddd0;
T_16 ;
    %vpi_call 3 24 "$dumpfile", "tests.vcd" {0 0 0};
    %vpi_call 3 25 "$dumpvars", 32'sb00000000000000000000000000000010, S_000002d8751dddd0 {0 0 0};
    %end;
    .thread T_16;
# The file index is used to find the file name in the following table.
:file_names 17;
    "N/A";
    "<interactive>";
    "./branch_module.v";
    "tb.v";
    "./RISC_V_Processor.v";
    "./Adder.v";
    "./ALU_Control.v";
    "./ALU_64_bit.v";
    "./Control_Unit.v";
    "./Data_Memory.v";
    "./Instruction_Memory.v";
    "./imm_data_gen.v";
    "./instruction.v";
    "./MUX.v";
    "./Program_Counter.v";
    "./registerFile.v";
    "./shift_left.v";
